:::MLLOG {"namespace": "", "time_ms": 1691804465674, "event_type": "POINT_IN_TIME", "key": "cache_clear", "value": null, "metadata": {"file": "./main.py", "lineno": 61, "instance": 0}}
:::MLLOG {"namespace": "", "time_ms": 1691804465675, "event_type": "INTERVAL_START", "key": "init_start", "value": null, "metadata": {"file": "./main.py", "lineno": 62, "instance": 0}}
:::MLLOG {"namespace": "", "time_ms": 1691804465675, "event_type": "POINT_IN_TIME", "key": "submission_benchmark", "value": "cosmoflow", "metadata": {"file": "./main.py", "lineno": 66, "instance": 0}}
:::MLLOG {"namespace": "", "time_ms": 1691804465675, "event_type": "POINT_IN_TIME", "key": "submission_org", "value": "NVIDIA", "metadata": {"file": "./main.py", "lineno": 68, "instance": 0}}
:::MLLOG {"namespace": "", "time_ms": 1691804465675, "event_type": "POINT_IN_TIME", "key": "submission_division", "value": "closed", "metadata": {"file": "./main.py", "lineno": 70, "instance": 0}}
:::MLLOG {"namespace": "", "time_ms": 1691804465676, "event_type": "POINT_IN_TIME", "key": "submission_status", "value": "onprem", "metadata": {"file": "./main.py", "lineno": 72, "instance": 0}}
:::MLLOG {"namespace": "", "time_ms": 1691804465676, "event_type": "POINT_IN_TIME", "key": "submission_platform", "value": "2.0xNVIDIA DGX A100", "metadata": {"file": "./main.py", "lineno": 74, "instance": 0}}
:::MLLOG {"namespace": "", "time_ms": 1691804465676, "event_type": "POINT_IN_TIME", "key": "number_of_nodes", "value": 2, "metadata": {"file": "./main.py", "lineno": 77, "instance": 0}}
:::MLLOG {"namespace": "", "time_ms": 1691804465676, "event_type": "POINT_IN_TIME", "key": "accelerators_per_node", "value": 4, "metadata": {"file": "./main.py", "lineno": 79, "instance": 0}}
:::MLLOG {"namespace": "", "time_ms": 1691804469606, "event_type": "POINT_IN_TIME", "key": "dropout", "value": 0.5, "metadata": {"file": "./main.py", "lineno": 125, "instance": 0}}
:::MLLOG {"namespace": "", "time_ms": 1691804470496, "event_type": "POINT_IN_TIME", "key": "opt_weight_decay", "value": 0, "metadata": {"file": "/lus/grand/projects/datascience/kaushikv/dlio/dlio_ml_workloads/cosmoflow/cosmoflow-updated-alcf/pytorch/optimizer.py", "lineno": 63, "instance": 0}}
:::MLLOG {"namespace": "", "time_ms": 1691804470505, "event_type": "POINT_IN_TIME", "key": "opt_name", "value": "sgd", "metadata": {"file": "/lus/grand/projects/datascience/kaushikv/dlio/dlio_ml_workloads/cosmoflow/cosmoflow-updated-alcf/pytorch/optimizer.py", "lineno": 65, "instance": 0}}
:::MLLOG {"namespace": "", "time_ms": 1691804470505, "event_type": "POINT_IN_TIME", "key": "opt_base_learning_rate", "value": 0.008, "metadata": {"file": "/lus/grand/projects/datascience/kaushikv/dlio/dlio_ml_workloads/cosmoflow/cosmoflow-updated-alcf/pytorch/optimizer.py", "lineno": 96, "instance": 0}}
:::MLLOG {"namespace": "", "time_ms": 1691804470505, "event_type": "POINT_IN_TIME", "key": "opt_learning_rate_warmup_epochs", "value": 4, "metadata": {"file": "/lus/grand/projects/datascience/kaushikv/dlio/dlio_ml_workloads/cosmoflow/cosmoflow-updated-alcf/pytorch/optimizer.py", "lineno": 98, "instance": 0}}
:::MLLOG {"namespace": "", "time_ms": 1691804470505, "event_type": "POINT_IN_TIME", "key": "opt_learning_rate_warmup_factor", "value": 8, "metadata": {"file": "/lus/grand/projects/datascience/kaushikv/dlio/dlio_ml_workloads/cosmoflow/cosmoflow-updated-alcf/pytorch/optimizer.py", "lineno": 100, "instance": 0}}
:::MLLOG {"namespace": "", "time_ms": 1691804470506, "event_type": "POINT_IN_TIME", "key": "opt_learning_rate_decay_boundary_epochs", "value": [32, 64], "metadata": {"file": "/lus/grand/projects/datascience/kaushikv/dlio/dlio_ml_workloads/cosmoflow/cosmoflow-updated-alcf/pytorch/optimizer.py", "lineno": 102, "instance": 0}}
:::MLLOG {"namespace": "", "time_ms": 1691804470506, "event_type": "POINT_IN_TIME", "key": "opt_learning_rate_decay_factor", "value": [0.25, 0.125], "metadata": {"file": "/lus/grand/projects/datascience/kaushikv/dlio/dlio_ml_workloads/cosmoflow/cosmoflow-updated-alcf/pytorch/optimizer.py", "lineno": 104, "instance": 0}}
:::MLLOG {"namespace": "", "time_ms": 1691804470506, "event_type": "POINT_IN_TIME", "key": "global_batch_size", "value": 8, "metadata": {"file": "./main.py", "lineno": 138, "instance": 0}}
:::MLLOG {"namespace": "", "time_ms": 1691804470506, "event_type": "POINT_IN_TIME", "key": "train_samples", "value": 524288, "metadata": {"file": "./main.py", "lineno": 140, "instance": 0}}
:::MLLOG {"namespace": "", "time_ms": 1691804470506, "event_type": "POINT_IN_TIME", "key": "eval_samples", "value": 65536, "metadata": {"file": "./main.py", "lineno": 142, "instance": 0}}
:::MLLOG {"namespace": "", "time_ms": 1691804476373, "event_type": "INTERVAL_END", "key": "init_stop", "value": null, "metadata": {"file": "/lus/grand/projects/datascience/kaushikv/dlio/dlio_ml_workloads/cosmoflow/cosmoflow-updated-alcf/pytorch/utils/utils.py", "lineno": 214, "instance": 0}}
:::MLLOG {"namespace": "", "time_ms": 1691804476374, "event_type": "INTERVAL_START", "key": "run_start", "value": null, "metadata": {"file": "./main.py", "lineno": 162, "instance": 0}}
:::MLLOG {"namespace": "", "time_ms": 1691804476374, "event_type": "INTERVAL_START", "key": "staging_start", "value": null, "metadata": {"file": "./main.py", "lineno": 164, "instance": 0}}
