:::MLLOG {"namespace": "", "time_ms": 1663071783137, "event_type": "POINT_IN_TIME", "key": "cache_clear", "value": null, "metadata": {"file": "./main.py", "lineno": 42, "instance": 0}}
:::MLLOG {"namespace": "", "time_ms": 1663071783256, "event_type": "INTERVAL_START", "key": "init_start", "value": null, "metadata": {"file": "./main.py", "lineno": 43, "instance": 0}}
:::MLLOG {"namespace": "", "time_ms": 1663071783256, "event_type": "POINT_IN_TIME", "key": "submission_benchmark", "value": "cosmoflow", "metadata": {"file": "./main.py", "lineno": 47, "instance": 0}}
:::MLLOG {"namespace": "", "time_ms": 1663071783256, "event_type": "POINT_IN_TIME", "key": "submission_org", "value": "NVIDIA", "metadata": {"file": "./main.py", "lineno": 49, "instance": 0}}
:::MLLOG {"namespace": "", "time_ms": 1663071783256, "event_type": "POINT_IN_TIME", "key": "submission_division", "value": "closed", "metadata": {"file": "./main.py", "lineno": 51, "instance": 0}}
:::MLLOG {"namespace": "", "time_ms": 1663071783256, "event_type": "POINT_IN_TIME", "key": "submission_status", "value": "onprem", "metadata": {"file": "./main.py", "lineno": 53, "instance": 0}}
:::MLLOG {"namespace": "", "time_ms": 1663071783256, "event_type": "POINT_IN_TIME", "key": "submission_platform", "value": "128.0xNVIDIA DGX A100", "metadata": {"file": "./main.py", "lineno": 55, "instance": 0}}
:::MLLOG {"namespace": "", "time_ms": 1663071783257, "event_type": "POINT_IN_TIME", "key": "number_of_nodes", "value": 128, "metadata": {"file": "./main.py", "lineno": 58, "instance": 0}}
:::MLLOG {"namespace": "", "time_ms": 1663071783257, "event_type": "POINT_IN_TIME", "key": "accelerators_per_node", "value": 4, "metadata": {"file": "./main.py", "lineno": 60, "instance": 0}}
:::MLLOG {"namespace": "", "time_ms": 1663071787552, "event_type": "POINT_IN_TIME", "key": "dropout", "value": 0.5, "metadata": {"file": "./main.py", "lineno": 106, "instance": 0}}
:::MLLOG {"namespace": "", "time_ms": 1663071789559, "event_type": "POINT_IN_TIME", "key": "opt_weight_decay", "value": 0, "metadata": {"file": "/lus/grand/projects/datascience/hzheng/mlperf-2022/optimized-hpc/cosmoflow/pytorch/optimizer.py", "lineno": 63, "instance": 0}}
:::MLLOG {"namespace": "", "time_ms": 1663071789559, "event_type": "POINT_IN_TIME", "key": "opt_name", "value": "sgd", "metadata": {"file": "/lus/grand/projects/datascience/hzheng/mlperf-2022/optimized-hpc/cosmoflow/pytorch/optimizer.py", "lineno": 65, "instance": 0}}
:::MLLOG {"namespace": "", "time_ms": 1663071789559, "event_type": "POINT_IN_TIME", "key": "opt_base_learning_rate", "value": 0.008, "metadata": {"file": "/lus/grand/projects/datascience/hzheng/mlperf-2022/optimized-hpc/cosmoflow/pytorch/optimizer.py", "lineno": 96, "instance": 0}}
:::MLLOG {"namespace": "", "time_ms": 1663071789559, "event_type": "POINT_IN_TIME", "key": "opt_learning_rate_warmup_epochs", "value": 4, "metadata": {"file": "/lus/grand/projects/datascience/hzheng/mlperf-2022/optimized-hpc/cosmoflow/pytorch/optimizer.py", "lineno": 98, "instance": 0}}
:::MLLOG {"namespace": "", "time_ms": 1663071789559, "event_type": "POINT_IN_TIME", "key": "opt_learning_rate_warmup_factor", "value": 8, "metadata": {"file": "/lus/grand/projects/datascience/hzheng/mlperf-2022/optimized-hpc/cosmoflow/pytorch/optimizer.py", "lineno": 100, "instance": 0}}
:::MLLOG {"namespace": "", "time_ms": 1663071789560, "event_type": "POINT_IN_TIME", "key": "opt_learning_rate_decay_boundary_epochs", "value": [32, 64], "metadata": {"file": "/lus/grand/projects/datascience/hzheng/mlperf-2022/optimized-hpc/cosmoflow/pytorch/optimizer.py", "lineno": 102, "instance": 0}}
:::MLLOG {"namespace": "", "time_ms": 1663071789561, "event_type": "POINT_IN_TIME", "key": "opt_learning_rate_decay_factor", "value": [0.25, 0.125], "metadata": {"file": "/lus/grand/projects/datascience/hzheng/mlperf-2022/optimized-hpc/cosmoflow/pytorch/optimizer.py", "lineno": 104, "instance": 0}}
:::MLLOG {"namespace": "", "time_ms": 1663071789561, "event_type": "POINT_IN_TIME", "key": "global_batch_size", "value": 512, "metadata": {"file": "./main.py", "lineno": 119, "instance": 0}}
:::MLLOG {"namespace": "", "time_ms": 1663071789561, "event_type": "POINT_IN_TIME", "key": "train_samples", "value": 524288, "metadata": {"file": "./main.py", "lineno": 121, "instance": 0}}
:::MLLOG {"namespace": "", "time_ms": 1663071789561, "event_type": "POINT_IN_TIME", "key": "eval_samples", "value": 65536, "metadata": {"file": "./main.py", "lineno": 123, "instance": 0}}
:::MLLOG {"namespace": "", "time_ms": 1663071803867, "event_type": "INTERVAL_END", "key": "init_stop", "value": null, "metadata": {"file": "/lus/grand/projects/datascience/hzheng/mlperf-2022/optimized-hpc/cosmoflow/pytorch/utils/utils.py", "lineno": 214, "instance": 0}}
:::MLLOG {"namespace": "", "time_ms": 1663071803868, "event_type": "INTERVAL_START", "key": "run_start", "value": null, "metadata": {"file": "./main.py", "lineno": 143, "instance": 0}}
:::MLLOG {"namespace": "", "time_ms": 1663071803868, "event_type": "INTERVAL_START", "key": "staging_start", "value": null, "metadata": {"file": "./main.py", "lineno": 145, "instance": 0}}
:::MLLOG {"namespace": "", "time_ms": 1663071871482, "event_type": "INTERVAL_END", "key": "staging_stop", "value": null, "metadata": {"file": "/lus/grand/projects/datascience/hzheng/mlperf-2022/optimized-hpc/cosmoflow/pytorch/utils/utils.py", "lineno": 214, "staging_duration": 67.61346745491028, "instance": 0}}
:::MLLOG {"namespace": "", "time_ms": 1663071872273, "event_type": "INTERVAL_START", "key": "epoch_start", "value": null, "metadata": {"file": "/lus/grand/projects/datascience/hzheng/mlperf-2022/optimized-hpc/cosmoflow/pytorch/trainer.py", "lineno": 172, "epoch_num": 1, "lr": [0.001], "instance": 0}}
:::MLLOG {"namespace": "", "time_ms": 1663072273850, "event_type": "INTERVAL_START", "key": "eval_start", "value": null, "metadata": {"file": "/lus/grand/projects/datascience/hzheng/mlperf-2022/optimized-hpc/cosmoflow/pytorch/trainer.py", "lineno": 179, "epoch_num": 1, "instance": 0}}
:::MLLOG {"namespace": "", "time_ms": 1663072275391, "event_type": "INTERVAL_START", "key": "eval_stop", "value": null, "metadata": {"file": "/lus/grand/projects/datascience/hzheng/mlperf-2022/optimized-hpc/cosmoflow/pytorch/trainer.py", "lineno": 183, "epoch_num": 1, "instance": 0}}
:::MLLOG {"namespace": "", "time_ms": 1663072275391, "event_type": "INTERVAL_END", "key": "epoch_stop", "value": null, "metadata": {"file": "/lus/grand/projects/datascience/hzheng/mlperf-2022/optimized-hpc/cosmoflow/pytorch/utils/utils.py", "lineno": 214, "epoch_num": 1, "training_epoch_latency": 401544.53125, "eval_epoch_latency": 1540.7056884765625, "instance": 0}}
:::MLLOG {"namespace": "", "time_ms": 1663072275392, "event_type": "POINT_IN_TIME", "key": "tracked_stats", "value": {"throughput": 1305.6783474746926}, "metadata": {"file": "/lus/grand/projects/datascience/hzheng/mlperf-2022/optimized-hpc/cosmoflow/pytorch/trainer.py", "lineno": 192, "epoch_num": 1, "step": 0, "instance": 0}}
:::MLLOG {"namespace": "", "time_ms": 1663072275392, "event_type": "POINT_IN_TIME", "key": "eval_error", "value": 0.3302250802516937, "metadata": {"file": "/lus/grand/projects/datascience/hzheng/mlperf-2022/optimized-hpc/cosmoflow/pytorch/trainer.py", "lineno": 197, "epoch_num": 1, "instance": 0}}
:::MLLOG {"namespace": "", "time_ms": 1663072275392, "event_type": "INTERVAL_START", "key": "epoch_start", "value": null, "metadata": {"file": "/lus/grand/projects/datascience/hzheng/mlperf-2022/optimized-hpc/cosmoflow/pytorch/trainer.py", "lineno": 172, "epoch_num": 2, "lr": [0.00275], "instance": 0}}
:::MLLOG {"namespace": "", "time_ms": 1663072676685, "event_type": "INTERVAL_START", "key": "eval_start", "value": null, "metadata": {"file": "/lus/grand/projects/datascience/hzheng/mlperf-2022/optimized-hpc/cosmoflow/pytorch/trainer.py", "lineno": 179, "epoch_num": 2, "instance": 0}}
:::MLLOG {"namespace": "", "time_ms": 1663072678227, "event_type": "INTERVAL_START", "key": "eval_stop", "value": null, "metadata": {"file": "/lus/grand/projects/datascience/hzheng/mlperf-2022/optimized-hpc/cosmoflow/pytorch/trainer.py", "lineno": 183, "epoch_num": 2, "instance": 0}}
:::MLLOG {"namespace": "", "time_ms": 1663072678227, "event_type": "INTERVAL_END", "key": "epoch_stop", "value": null, "metadata": {"file": "/lus/grand/projects/datascience/hzheng/mlperf-2022/optimized-hpc/cosmoflow/pytorch/utils/utils.py", "lineno": 214, "epoch_num": 2, "training_epoch_latency": 401294.03125, "eval_epoch_latency": 1541.1529541015625, "instance": 0}}
:::MLLOG {"namespace": "", "time_ms": 1663072678227, "event_type": "POINT_IN_TIME", "key": "tracked_stats", "value": {"throughput": 1306.4933918077058}, "metadata": {"file": "/lus/grand/projects/datascience/hzheng/mlperf-2022/optimized-hpc/cosmoflow/pytorch/trainer.py", "lineno": 192, "epoch_num": 2, "step": 1, "instance": 0}}
:::MLLOG {"namespace": "", "time_ms": 1663072678227, "event_type": "POINT_IN_TIME", "key": "eval_error", "value": 0.30198153853416443, "metadata": {"file": "/lus/grand/projects/datascience/hzheng/mlperf-2022/optimized-hpc/cosmoflow/pytorch/trainer.py", "lineno": 197, "epoch_num": 2, "instance": 0}}
:::MLLOG {"namespace": "", "time_ms": 1663072678228, "event_type": "INTERVAL_START", "key": "epoch_start", "value": null, "metadata": {"file": "/lus/grand/projects/datascience/hzheng/mlperf-2022/optimized-hpc/cosmoflow/pytorch/trainer.py", "lineno": 172, "epoch_num": 3, "lr": [0.0045000000000000005], "instance": 0}}
:::MLLOG {"namespace": "", "time_ms": 1663073079614, "event_type": "INTERVAL_START", "key": "eval_start", "value": null, "metadata": {"file": "/lus/grand/projects/datascience/hzheng/mlperf-2022/optimized-hpc/cosmoflow/pytorch/trainer.py", "lineno": 179, "epoch_num": 3, "instance": 0}}
:::MLLOG {"namespace": "", "time_ms": 1663073081212, "event_type": "INTERVAL_START", "key": "eval_stop", "value": null, "metadata": {"file": "/lus/grand/projects/datascience/hzheng/mlperf-2022/optimized-hpc/cosmoflow/pytorch/trainer.py", "lineno": 183, "epoch_num": 3, "instance": 0}}
:::MLLOG {"namespace": "", "time_ms": 1663073081213, "event_type": "INTERVAL_END", "key": "epoch_stop", "value": null, "metadata": {"file": "/lus/grand/projects/datascience/hzheng/mlperf-2022/optimized-hpc/cosmoflow/pytorch/utils/utils.py", "lineno": 214, "epoch_num": 3, "training_epoch_latency": 401387.21875, "eval_epoch_latency": 1598.0355224609375, "instance": 0}}
:::MLLOG {"namespace": "", "time_ms": 1663073081213, "event_type": "POINT_IN_TIME", "key": "tracked_stats", "value": {"throughput": 1306.1900716040177}, "metadata": {"file": "/lus/grand/projects/datascience/hzheng/mlperf-2022/optimized-hpc/cosmoflow/pytorch/trainer.py", "lineno": 192, "epoch_num": 3, "step": 2, "instance": 0}}
:::MLLOG {"namespace": "", "time_ms": 1663073081213, "event_type": "POINT_IN_TIME", "key": "eval_error", "value": 0.3579117953777313, "metadata": {"file": "/lus/grand/projects/datascience/hzheng/mlperf-2022/optimized-hpc/cosmoflow/pytorch/trainer.py", "lineno": 197, "epoch_num": 3, "instance": 0}}
:::MLLOG {"namespace": "", "time_ms": 1663073081213, "event_type": "INTERVAL_START", "key": "epoch_start", "value": null, "metadata": {"file": "/lus/grand/projects/datascience/hzheng/mlperf-2022/optimized-hpc/cosmoflow/pytorch/trainer.py", "lineno": 172, "epoch_num": 4, "lr": [0.00625], "instance": 0}}
:::MLLOG {"namespace": "", "time_ms": 1663073483137, "event_type": "INTERVAL_START", "key": "eval_start", "value": null, "metadata": {"file": "/lus/grand/projects/datascience/hzheng/mlperf-2022/optimized-hpc/cosmoflow/pytorch/trainer.py", "lineno": 179, "epoch_num": 4, "instance": 0}}
:::MLLOG {"namespace": "", "time_ms": 1663073484745, "event_type": "INTERVAL_START", "key": "eval_stop", "value": null, "metadata": {"file": "/lus/grand/projects/datascience/hzheng/mlperf-2022/optimized-hpc/cosmoflow/pytorch/trainer.py", "lineno": 183, "epoch_num": 4, "instance": 0}}
:::MLLOG {"namespace": "", "time_ms": 1663073484745, "event_type": "INTERVAL_END", "key": "epoch_stop", "value": null, "metadata": {"file": "/lus/grand/projects/datascience/hzheng/mlperf-2022/optimized-hpc/cosmoflow/pytorch/utils/utils.py", "lineno": 214, "epoch_num": 4, "training_epoch_latency": 401924.71875, "eval_epoch_latency": 1606.9423828125, "instance": 0}}
:::MLLOG {"namespace": "", "time_ms": 1663073484745, "event_type": "POINT_IN_TIME", "key": "tracked_stats", "value": {"throughput": 1304.443283882997}, "metadata": {"file": "/lus/grand/projects/datascience/hzheng/mlperf-2022/optimized-hpc/cosmoflow/pytorch/trainer.py", "lineno": 192, "epoch_num": 4, "step": 3, "instance": 0}}
:::MLLOG {"namespace": "", "time_ms": 1663073484745, "event_type": "POINT_IN_TIME", "key": "eval_error", "value": 0.3123488128185272, "metadata": {"file": "/lus/grand/projects/datascience/hzheng/mlperf-2022/optimized-hpc/cosmoflow/pytorch/trainer.py", "lineno": 197, "epoch_num": 4, "instance": 0}}
:::MLLOG {"namespace": "", "time_ms": 1663073484746, "event_type": "INTERVAL_START", "key": "epoch_start", "value": null, "metadata": {"file": "/lus/grand/projects/datascience/hzheng/mlperf-2022/optimized-hpc/cosmoflow/pytorch/trainer.py", "lineno": 172, "epoch_num": 5, "lr": [0.008], "instance": 0}}
:::MLLOG {"namespace": "", "time_ms": 1663073886079, "event_type": "INTERVAL_START", "key": "eval_start", "value": null, "metadata": {"file": "/lus/grand/projects/datascience/hzheng/mlperf-2022/optimized-hpc/cosmoflow/pytorch/trainer.py", "lineno": 179, "epoch_num": 5, "instance": 0}}
:::MLLOG {"namespace": "", "time_ms": 1663073887691, "event_type": "INTERVAL_START", "key": "eval_stop", "value": null, "metadata": {"file": "/lus/grand/projects/datascience/hzheng/mlperf-2022/optimized-hpc/cosmoflow/pytorch/trainer.py", "lineno": 183, "epoch_num": 5, "instance": 0}}
:::MLLOG {"namespace": "", "time_ms": 1663073887692, "event_type": "INTERVAL_END", "key": "epoch_stop", "value": null, "metadata": {"file": "/lus/grand/projects/datascience/hzheng/mlperf-2022/optimized-hpc/cosmoflow/pytorch/utils/utils.py", "lineno": 214, "epoch_num": 5, "training_epoch_latency": 401334.65625, "eval_epoch_latency": 1611.580078125, "instance": 0}}
:::MLLOG {"namespace": "", "time_ms": 1663073887693, "event_type": "POINT_IN_TIME", "key": "tracked_stats", "value": {"throughput": 1306.3611423415418}, "metadata": {"file": "/lus/grand/projects/datascience/hzheng/mlperf-2022/optimized-hpc/cosmoflow/pytorch/trainer.py", "lineno": 192, "epoch_num": 5, "step": 4, "instance": 0}}
:::MLLOG {"namespace": "", "time_ms": 1663073887693, "event_type": "POINT_IN_TIME", "key": "eval_error", "value": 0.29596471786499023, "metadata": {"file": "/lus/grand/projects/datascience/hzheng/mlperf-2022/optimized-hpc/cosmoflow/pytorch/trainer.py", "lineno": 197, "epoch_num": 5, "instance": 0}}
:::MLLOG {"namespace": "", "time_ms": 1663073887693, "event_type": "INTERVAL_START", "key": "epoch_start", "value": null, "metadata": {"file": "/lus/grand/projects/datascience/hzheng/mlperf-2022/optimized-hpc/cosmoflow/pytorch/trainer.py", "lineno": 172, "epoch_num": 6, "lr": [0.008], "instance": 0}}
:::MLLOG {"namespace": "", "time_ms": 1663074290442, "event_type": "INTERVAL_START", "key": "eval_start", "value": null, "metadata": {"file": "/lus/grand/projects/datascience/hzheng/mlperf-2022/optimized-hpc/cosmoflow/pytorch/trainer.py", "lineno": 179, "epoch_num": 6, "instance": 0}}
:::MLLOG {"namespace": "", "time_ms": 1663074292086, "event_type": "INTERVAL_START", "key": "eval_stop", "value": null, "metadata": {"file": "/lus/grand/projects/datascience/hzheng/mlperf-2022/optimized-hpc/cosmoflow/pytorch/trainer.py", "lineno": 183, "epoch_num": 6, "instance": 0}}
:::MLLOG {"namespace": "", "time_ms": 1663074292087, "event_type": "INTERVAL_END", "key": "epoch_stop", "value": null, "metadata": {"file": "/lus/grand/projects/datascience/hzheng/mlperf-2022/optimized-hpc/cosmoflow/pytorch/utils/utils.py", "lineno": 214, "epoch_num": 6, "training_epoch_latency": 402749.78125, "eval_epoch_latency": 1643.9610595703125, "instance": 0}}
:::MLLOG {"namespace": "", "time_ms": 1663074292087, "event_type": "POINT_IN_TIME", "key": "tracked_stats", "value": {"throughput": 1301.7710360333062}, "metadata": {"file": "/lus/grand/projects/datascience/hzheng/mlperf-2022/optimized-hpc/cosmoflow/pytorch/trainer.py", "lineno": 192, "epoch_num": 6, "step": 5, "instance": 0}}
:::MLLOG {"namespace": "", "time_ms": 1663074292087, "event_type": "POINT_IN_TIME", "key": "eval_error", "value": 0.34862929582595825, "metadata": {"file": "/lus/grand/projects/datascience/hzheng/mlperf-2022/optimized-hpc/cosmoflow/pytorch/trainer.py", "lineno": 197, "epoch_num": 6, "instance": 0}}
:::MLLOG {"namespace": "", "time_ms": 1663074292087, "event_type": "INTERVAL_START", "key": "epoch_start", "value": null, "metadata": {"file": "/lus/grand/projects/datascience/hzheng/mlperf-2022/optimized-hpc/cosmoflow/pytorch/trainer.py", "lineno": 172, "epoch_num": 7, "lr": [0.008], "instance": 0}}
:::MLLOG {"namespace": "", "time_ms": 1663074693899, "event_type": "INTERVAL_START", "key": "eval_start", "value": null, "metadata": {"file": "/lus/grand/projects/datascience/hzheng/mlperf-2022/optimized-hpc/cosmoflow/pytorch/trainer.py", "lineno": 179, "epoch_num": 7, "instance": 0}}
:::MLLOG {"namespace": "", "time_ms": 1663074695479, "event_type": "INTERVAL_START", "key": "eval_stop", "value": null, "metadata": {"file": "/lus/grand/projects/datascience/hzheng/mlperf-2022/optimized-hpc/cosmoflow/pytorch/trainer.py", "lineno": 183, "epoch_num": 7, "instance": 0}}
:::MLLOG {"namespace": "", "time_ms": 1663074695479, "event_type": "INTERVAL_END", "key": "epoch_stop", "value": null, "metadata": {"file": "/lus/grand/projects/datascience/hzheng/mlperf-2022/optimized-hpc/cosmoflow/pytorch/utils/utils.py", "lineno": 214, "epoch_num": 7, "training_epoch_latency": 401812.25, "eval_epoch_latency": 1579.7708740234375, "instance": 0}}
:::MLLOG {"namespace": "", "time_ms": 1663074695480, "event_type": "POINT_IN_TIME", "key": "tracked_stats", "value": {"throughput": 1304.8084024317327}, "metadata": {"file": "/lus/grand/projects/datascience/hzheng/mlperf-2022/optimized-hpc/cosmoflow/pytorch/trainer.py", "lineno": 192, "epoch_num": 7, "step": 6, "instance": 0}}
:::MLLOG {"namespace": "", "time_ms": 1663074695480, "event_type": "POINT_IN_TIME", "key": "eval_error", "value": 0.22694090008735657, "metadata": {"file": "/lus/grand/projects/datascience/hzheng/mlperf-2022/optimized-hpc/cosmoflow/pytorch/trainer.py", "lineno": 197, "epoch_num": 7, "instance": 0}}
:::MLLOG {"namespace": "", "time_ms": 1663074695480, "event_type": "INTERVAL_START", "key": "epoch_start", "value": null, "metadata": {"file": "/lus/grand/projects/datascience/hzheng/mlperf-2022/optimized-hpc/cosmoflow/pytorch/trainer.py", "lineno": 172, "epoch_num": 8, "lr": [0.008], "instance": 0}}
:::MLLOG {"namespace": "", "time_ms": 1663075097729, "event_type": "INTERVAL_START", "key": "eval_start", "value": null, "metadata": {"file": "/lus/grand/projects/datascience/hzheng/mlperf-2022/optimized-hpc/cosmoflow/pytorch/trainer.py", "lineno": 179, "epoch_num": 8, "instance": 0}}
:::MLLOG {"namespace": "", "time_ms": 1663075099430, "event_type": "INTERVAL_START", "key": "eval_stop", "value": null, "metadata": {"file": "/lus/grand/projects/datascience/hzheng/mlperf-2022/optimized-hpc/cosmoflow/pytorch/trainer.py", "lineno": 183, "epoch_num": 8, "instance": 0}}
:::MLLOG {"namespace": "", "time_ms": 1663075099430, "event_type": "INTERVAL_END", "key": "epoch_stop", "value": null, "metadata": {"file": "/lus/grand/projects/datascience/hzheng/mlperf-2022/optimized-hpc/cosmoflow/pytorch/utils/utils.py", "lineno": 214, "epoch_num": 8, "training_epoch_latency": 402250.25, "eval_epoch_latency": 1699.7841796875, "instance": 0}}
:::MLLOG {"namespace": "", "time_ms": 1663075099431, "event_type": "POINT_IN_TIME", "key": "tracked_stats", "value": {"throughput": 1303.3876299641827}, "metadata": {"file": "/lus/grand/projects/datascience/hzheng/mlperf-2022/optimized-hpc/cosmoflow/pytorch/trainer.py", "lineno": 192, "epoch_num": 8, "step": 7, "instance": 0}}
:::MLLOG {"namespace": "", "time_ms": 1663075099431, "event_type": "POINT_IN_TIME", "key": "eval_error", "value": 0.18816688656806946, "metadata": {"file": "/lus/grand/projects/datascience/hzheng/mlperf-2022/optimized-hpc/cosmoflow/pytorch/trainer.py", "lineno": 197, "epoch_num": 8, "instance": 0}}
:::MLLOG {"namespace": "", "time_ms": 1663075099431, "event_type": "INTERVAL_START", "key": "epoch_start", "value": null, "metadata": {"file": "/lus/grand/projects/datascience/hzheng/mlperf-2022/optimized-hpc/cosmoflow/pytorch/trainer.py", "lineno": 172, "epoch_num": 9, "lr": [0.008], "instance": 0}}
:::MLLOG {"namespace": "", "time_ms": 1663075501027, "event_type": "INTERVAL_START", "key": "eval_start", "value": null, "metadata": {"file": "/lus/grand/projects/datascience/hzheng/mlperf-2022/optimized-hpc/cosmoflow/pytorch/trainer.py", "lineno": 179, "epoch_num": 9, "instance": 0}}
:::MLLOG {"namespace": "", "time_ms": 1663075502718, "event_type": "INTERVAL_START", "key": "eval_stop", "value": null, "metadata": {"file": "/lus/grand/projects/datascience/hzheng/mlperf-2022/optimized-hpc/cosmoflow/pytorch/trainer.py", "lineno": 183, "epoch_num": 9, "instance": 0}}
:::MLLOG {"namespace": "", "time_ms": 1663075502718, "event_type": "INTERVAL_END", "key": "epoch_stop", "value": null, "metadata": {"file": "/lus/grand/projects/datascience/hzheng/mlperf-2022/optimized-hpc/cosmoflow/pytorch/utils/utils.py", "lineno": 214, "epoch_num": 9, "training_epoch_latency": 401596.4375, "eval_epoch_latency": 1690.8756103515625, "instance": 0}}
:::MLLOG {"namespace": "", "time_ms": 1663075502719, "event_type": "POINT_IN_TIME", "key": "tracked_stats", "value": {"throughput": 1305.509588839418}, "metadata": {"file": "/lus/grand/projects/datascience/hzheng/mlperf-2022/optimized-hpc/cosmoflow/pytorch/trainer.py", "lineno": 192, "epoch_num": 9, "step": 8, "instance": 0}}
:::MLLOG {"namespace": "", "time_ms": 1663075502719, "event_type": "POINT_IN_TIME", "key": "eval_error", "value": 0.17864267528057098, "metadata": {"file": "/lus/grand/projects/datascience/hzheng/mlperf-2022/optimized-hpc/cosmoflow/pytorch/trainer.py", "lineno": 197, "epoch_num": 9, "instance": 0}}
:::MLLOG {"namespace": "", "time_ms": 1663075502719, "event_type": "INTERVAL_START", "key": "epoch_start", "value": null, "metadata": {"file": "/lus/grand/projects/datascience/hzheng/mlperf-2022/optimized-hpc/cosmoflow/pytorch/trainer.py", "lineno": 172, "epoch_num": 10, "lr": [0.008], "instance": 0}}
:::MLLOG {"namespace": "", "time_ms": 1663075909041, "event_type": "INTERVAL_START", "key": "eval_start", "value": null, "metadata": {"file": "/lus/grand/projects/datascience/hzheng/mlperf-2022/optimized-hpc/cosmoflow/pytorch/trainer.py", "lineno": 179, "epoch_num": 10, "instance": 0}}
:::MLLOG {"namespace": "", "time_ms": 1663075911518, "event_type": "INTERVAL_START", "key": "eval_stop", "value": null, "metadata": {"file": "/lus/grand/projects/datascience/hzheng/mlperf-2022/optimized-hpc/cosmoflow/pytorch/trainer.py", "lineno": 183, "epoch_num": 10, "instance": 0}}
:::MLLOG {"namespace": "", "time_ms": 1663075911519, "event_type": "INTERVAL_END", "key": "epoch_stop", "value": null, "metadata": {"file": "/lus/grand/projects/datascience/hzheng/mlperf-2022/optimized-hpc/cosmoflow/pytorch/utils/utils.py", "lineno": 214, "epoch_num": 10, "training_epoch_latency": 406323.21875, "eval_epoch_latency": 2470.1318359375, "instance": 0}}
:::MLLOG {"namespace": "", "time_ms": 1663075911520, "event_type": "POINT_IN_TIME", "key": "tracked_stats", "value": {"throughput": 1290.3225211025429}, "metadata": {"file": "/lus/grand/projects/datascience/hzheng/mlperf-2022/optimized-hpc/cosmoflow/pytorch/trainer.py", "lineno": 192, "epoch_num": 10, "step": 9, "instance": 0}}
:::MLLOG {"namespace": "", "time_ms": 1663075911520, "event_type": "POINT_IN_TIME", "key": "eval_error", "value": 0.17826855182647705, "metadata": {"file": "/lus/grand/projects/datascience/hzheng/mlperf-2022/optimized-hpc/cosmoflow/pytorch/trainer.py", "lineno": 197, "epoch_num": 10, "instance": 0}}
:::MLLOG {"namespace": "", "time_ms": 1663075911520, "event_type": "INTERVAL_START", "key": "epoch_start", "value": null, "metadata": {"file": "/lus/grand/projects/datascience/hzheng/mlperf-2022/optimized-hpc/cosmoflow/pytorch/trainer.py", "lineno": 172, "epoch_num": 11, "lr": [0.008], "instance": 0}}
:::MLLOG {"namespace": "", "time_ms": 1663076314393, "event_type": "INTERVAL_START", "key": "eval_start", "value": null, "metadata": {"file": "/lus/grand/projects/datascience/hzheng/mlperf-2022/optimized-hpc/cosmoflow/pytorch/trainer.py", "lineno": 179, "epoch_num": 11, "instance": 0}}
:::MLLOG {"namespace": "", "time_ms": 1663076315996, "event_type": "INTERVAL_START", "key": "eval_stop", "value": null, "metadata": {"file": "/lus/grand/projects/datascience/hzheng/mlperf-2022/optimized-hpc/cosmoflow/pytorch/trainer.py", "lineno": 183, "epoch_num": 11, "instance": 0}}
:::MLLOG {"namespace": "", "time_ms": 1663076315997, "event_type": "INTERVAL_END", "key": "epoch_stop", "value": null, "metadata": {"file": "/lus/grand/projects/datascience/hzheng/mlperf-2022/optimized-hpc/cosmoflow/pytorch/utils/utils.py", "lineno": 214, "epoch_num": 11, "training_epoch_latency": 402873.5, "eval_epoch_latency": 1602.2471923828125, "instance": 0}}
:::MLLOG {"namespace": "", "time_ms": 1663076315997, "event_type": "POINT_IN_TIME", "key": "tracked_stats", "value": {"throughput": 1301.3712741096151}, "metadata": {"file": "/lus/grand/projects/datascience/hzheng/mlperf-2022/optimized-hpc/cosmoflow/pytorch/trainer.py", "lineno": 192, "epoch_num": 11, "step": 10, "instance": 0}}
:::MLLOG {"namespace": "", "time_ms": 1663076315997, "event_type": "POINT_IN_TIME", "key": "eval_error", "value": 0.1846955269575119, "metadata": {"file": "/lus/grand/projects/datascience/hzheng/mlperf-2022/optimized-hpc/cosmoflow/pytorch/trainer.py", "lineno": 197, "epoch_num": 11, "instance": 0}}
:::MLLOG {"namespace": "", "time_ms": 1663076315998, "event_type": "INTERVAL_START", "key": "epoch_start", "value": null, "metadata": {"file": "/lus/grand/projects/datascience/hzheng/mlperf-2022/optimized-hpc/cosmoflow/pytorch/trainer.py", "lineno": 172, "epoch_num": 12, "lr": [0.008], "instance": 0}}
:::MLLOG {"namespace": "", "time_ms": 1663076717989, "event_type": "INTERVAL_START", "key": "eval_start", "value": null, "metadata": {"file": "/lus/grand/projects/datascience/hzheng/mlperf-2022/optimized-hpc/cosmoflow/pytorch/trainer.py", "lineno": 179, "epoch_num": 12, "instance": 0}}
:::MLLOG {"namespace": "", "time_ms": 1663076719575, "event_type": "INTERVAL_START", "key": "eval_stop", "value": null, "metadata": {"file": "/lus/grand/projects/datascience/hzheng/mlperf-2022/optimized-hpc/cosmoflow/pytorch/trainer.py", "lineno": 183, "epoch_num": 12, "instance": 0}}
:::MLLOG {"namespace": "", "time_ms": 1663076719576, "event_type": "INTERVAL_END", "key": "epoch_stop", "value": null, "metadata": {"file": "/lus/grand/projects/datascience/hzheng/mlperf-2022/optimized-hpc/cosmoflow/pytorch/utils/utils.py", "lineno": 214, "epoch_num": 12, "training_epoch_latency": 401992.65625, "eval_epoch_latency": 1585.0972900390625, "instance": 0}}
:::MLLOG {"namespace": "", "time_ms": 1663076719576, "event_type": "POINT_IN_TIME", "key": "tracked_stats", "value": {"throughput": 1304.2228305632138}, "metadata": {"file": "/lus/grand/projects/datascience/hzheng/mlperf-2022/optimized-hpc/cosmoflow/pytorch/trainer.py", "lineno": 192, "epoch_num": 12, "step": 11, "instance": 0}}
:::MLLOG {"namespace": "", "time_ms": 1663076719576, "event_type": "POINT_IN_TIME", "key": "eval_error", "value": 0.15597303211688995, "metadata": {"file": "/lus/grand/projects/datascience/hzheng/mlperf-2022/optimized-hpc/cosmoflow/pytorch/trainer.py", "lineno": 197, "epoch_num": 12, "instance": 0}}
:::MLLOG {"namespace": "", "time_ms": 1663076719576, "event_type": "INTERVAL_START", "key": "epoch_start", "value": null, "metadata": {"file": "/lus/grand/projects/datascience/hzheng/mlperf-2022/optimized-hpc/cosmoflow/pytorch/trainer.py", "lineno": 172, "epoch_num": 13, "lr": [0.008], "instance": 0}}
:::MLLOG {"namespace": "", "time_ms": 1663077122544, "event_type": "INTERVAL_START", "key": "eval_start", "value": null, "metadata": {"file": "/lus/grand/projects/datascience/hzheng/mlperf-2022/optimized-hpc/cosmoflow/pytorch/trainer.py", "lineno": 179, "epoch_num": 13, "instance": 0}}
:::MLLOG {"namespace": "", "time_ms": 1663077124161, "event_type": "INTERVAL_START", "key": "eval_stop", "value": null, "metadata": {"file": "/lus/grand/projects/datascience/hzheng/mlperf-2022/optimized-hpc/cosmoflow/pytorch/trainer.py", "lineno": 183, "epoch_num": 13, "instance": 0}}
:::MLLOG {"namespace": "", "time_ms": 1663077124162, "event_type": "INTERVAL_END", "key": "epoch_stop", "value": null, "metadata": {"file": "/lus/grand/projects/datascience/hzheng/mlperf-2022/optimized-hpc/cosmoflow/pytorch/utils/utils.py", "lineno": 214, "epoch_num": 13, "training_epoch_latency": 402969.1875, "eval_epoch_latency": 1616.25927734375, "instance": 0}}
:::MLLOG {"namespace": "", "time_ms": 1663077124162, "event_type": "POINT_IN_TIME", "key": "tracked_stats", "value": {"throughput": 1301.0622555353566}, "metadata": {"file": "/lus/grand/projects/datascience/hzheng/mlperf-2022/optimized-hpc/cosmoflow/pytorch/trainer.py", "lineno": 192, "epoch_num": 13, "step": 12, "instance": 0}}
:::MLLOG {"namespace": "", "time_ms": 1663077124162, "event_type": "POINT_IN_TIME", "key": "eval_error", "value": 0.18912366032600403, "metadata": {"file": "/lus/grand/projects/datascience/hzheng/mlperf-2022/optimized-hpc/cosmoflow/pytorch/trainer.py", "lineno": 197, "epoch_num": 13, "instance": 0}}
:::MLLOG {"namespace": "", "time_ms": 1663077124162, "event_type": "INTERVAL_START", "key": "epoch_start", "value": null, "metadata": {"file": "/lus/grand/projects/datascience/hzheng/mlperf-2022/optimized-hpc/cosmoflow/pytorch/trainer.py", "lineno": 172, "epoch_num": 14, "lr": [0.008], "instance": 0}}
:::MLLOG {"namespace": "", "time_ms": 1663077527277, "event_type": "INTERVAL_START", "key": "eval_start", "value": null, "metadata": {"file": "/lus/grand/projects/datascience/hzheng/mlperf-2022/optimized-hpc/cosmoflow/pytorch/trainer.py", "lineno": 179, "epoch_num": 14, "instance": 0}}
:::MLLOG {"namespace": "", "time_ms": 1663077528862, "event_type": "INTERVAL_START", "key": "eval_stop", "value": null, "metadata": {"file": "/lus/grand/projects/datascience/hzheng/mlperf-2022/optimized-hpc/cosmoflow/pytorch/trainer.py", "lineno": 183, "epoch_num": 14, "instance": 0}}
:::MLLOG {"namespace": "", "time_ms": 1663077528862, "event_type": "INTERVAL_END", "key": "epoch_stop", "value": null, "metadata": {"file": "/lus/grand/projects/datascience/hzheng/mlperf-2022/optimized-hpc/cosmoflow/pytorch/utils/utils.py", "lineno": 214, "epoch_num": 14, "training_epoch_latency": 403115.34375, "eval_epoch_latency": 1585.042236328125, "instance": 0}}
:::MLLOG {"namespace": "", "time_ms": 1663077528863, "event_type": "POINT_IN_TIME", "key": "tracked_stats", "value": {"throughput": 1300.5905335251828}, "metadata": {"file": "/lus/grand/projects/datascience/hzheng/mlperf-2022/optimized-hpc/cosmoflow/pytorch/trainer.py", "lineno": 192, "epoch_num": 14, "step": 13, "instance": 0}}
:::MLLOG {"namespace": "", "time_ms": 1663077528863, "event_type": "POINT_IN_TIME", "key": "eval_error", "value": 0.18552790582180023, "metadata": {"file": "/lus/grand/projects/datascience/hzheng/mlperf-2022/optimized-hpc/cosmoflow/pytorch/trainer.py", "lineno": 197, "epoch_num": 14, "instance": 0}}
:::MLLOG {"namespace": "", "time_ms": 1663077528863, "event_type": "INTERVAL_START", "key": "epoch_start", "value": null, "metadata": {"file": "/lus/grand/projects/datascience/hzheng/mlperf-2022/optimized-hpc/cosmoflow/pytorch/trainer.py", "lineno": 172, "epoch_num": 15, "lr": [0.008], "instance": 0}}
:::MLLOG {"namespace": "", "time_ms": 1663077931622, "event_type": "INTERVAL_START", "key": "eval_start", "value": null, "metadata": {"file": "/lus/grand/projects/datascience/hzheng/mlperf-2022/optimized-hpc/cosmoflow/pytorch/trainer.py", "lineno": 179, "epoch_num": 15, "instance": 0}}
:::MLLOG {"namespace": "", "time_ms": 1663077933178, "event_type": "INTERVAL_START", "key": "eval_stop", "value": null, "metadata": {"file": "/lus/grand/projects/datascience/hzheng/mlperf-2022/optimized-hpc/cosmoflow/pytorch/trainer.py", "lineno": 183, "epoch_num": 15, "instance": 0}}
:::MLLOG {"namespace": "", "time_ms": 1663077933178, "event_type": "INTERVAL_END", "key": "epoch_stop", "value": null, "metadata": {"file": "/lus/grand/projects/datascience/hzheng/mlperf-2022/optimized-hpc/cosmoflow/pytorch/utils/utils.py", "lineno": 214, "epoch_num": 15, "training_epoch_latency": 402759.96875, "eval_epoch_latency": 1537.4486083984375, "instance": 0}}
:::MLLOG {"namespace": "", "time_ms": 1663077933179, "event_type": "POINT_IN_TIME", "key": "tracked_stats", "value": {"throughput": 1301.7381087479291}, "metadata": {"file": "/lus/grand/projects/datascience/hzheng/mlperf-2022/optimized-hpc/cosmoflow/pytorch/trainer.py", "lineno": 192, "epoch_num": 15, "step": 14, "instance": 0}}
:::MLLOG {"namespace": "", "time_ms": 1663077933179, "event_type": "POINT_IN_TIME", "key": "eval_error", "value": 0.19858214259147644, "metadata": {"file": "/lus/grand/projects/datascience/hzheng/mlperf-2022/optimized-hpc/cosmoflow/pytorch/trainer.py", "lineno": 197, "epoch_num": 15, "instance": 0}}
:::MLLOG {"namespace": "", "time_ms": 1663077933179, "event_type": "INTERVAL_START", "key": "epoch_start", "value": null, "metadata": {"file": "/lus/grand/projects/datascience/hzheng/mlperf-2022/optimized-hpc/cosmoflow/pytorch/trainer.py", "lineno": 172, "epoch_num": 16, "lr": [0.008], "instance": 0}}
:::MLLOG {"namespace": "", "time_ms": 1663078335782, "event_type": "INTERVAL_START", "key": "eval_start", "value": null, "metadata": {"file": "/lus/grand/projects/datascience/hzheng/mlperf-2022/optimized-hpc/cosmoflow/pytorch/trainer.py", "lineno": 179, "epoch_num": 16, "instance": 0}}
:::MLLOG {"namespace": "", "time_ms": 1663078337385, "event_type": "INTERVAL_START", "key": "eval_stop", "value": null, "metadata": {"file": "/lus/grand/projects/datascience/hzheng/mlperf-2022/optimized-hpc/cosmoflow/pytorch/trainer.py", "lineno": 183, "epoch_num": 16, "instance": 0}}
:::MLLOG {"namespace": "", "time_ms": 1663078337386, "event_type": "INTERVAL_END", "key": "epoch_stop", "value": null, "metadata": {"file": "/lus/grand/projects/datascience/hzheng/mlperf-2022/optimized-hpc/cosmoflow/pytorch/utils/utils.py", "lineno": 214, "epoch_num": 16, "training_epoch_latency": 402603.40625, "eval_epoch_latency": 1603.07373046875, "instance": 0}}
:::MLLOG {"namespace": "", "time_ms": 1663078337387, "event_type": "POINT_IN_TIME", "key": "tracked_stats", "value": {"throughput": 1302.2443224795743}, "metadata": {"file": "/lus/grand/projects/datascience/hzheng/mlperf-2022/optimized-hpc/cosmoflow/pytorch/trainer.py", "lineno": 192, "epoch_num": 16, "step": 15, "instance": 0}}
:::MLLOG {"namespace": "", "time_ms": 1663078337387, "event_type": "POINT_IN_TIME", "key": "eval_error", "value": 0.15582996606826782, "metadata": {"file": "/lus/grand/projects/datascience/hzheng/mlperf-2022/optimized-hpc/cosmoflow/pytorch/trainer.py", "lineno": 197, "epoch_num": 16, "instance": 0}}
:::MLLOG {"namespace": "", "time_ms": 1663078337387, "event_type": "INTERVAL_START", "key": "epoch_start", "value": null, "metadata": {"file": "/lus/grand/projects/datascience/hzheng/mlperf-2022/optimized-hpc/cosmoflow/pytorch/trainer.py", "lineno": 172, "epoch_num": 17, "lr": [0.008], "instance": 0}}
:::MLLOG {"namespace": "", "time_ms": 1663078739309, "event_type": "INTERVAL_START", "key": "eval_start", "value": null, "metadata": {"file": "/lus/grand/projects/datascience/hzheng/mlperf-2022/optimized-hpc/cosmoflow/pytorch/trainer.py", "lineno": 179, "epoch_num": 17, "instance": 0}}
:::MLLOG {"namespace": "", "time_ms": 1663078740933, "event_type": "INTERVAL_START", "key": "eval_stop", "value": null, "metadata": {"file": "/lus/grand/projects/datascience/hzheng/mlperf-2022/optimized-hpc/cosmoflow/pytorch/trainer.py", "lineno": 183, "epoch_num": 17, "instance": 0}}
:::MLLOG {"namespace": "", "time_ms": 1663078740934, "event_type": "INTERVAL_END", "key": "epoch_stop", "value": null, "metadata": {"file": "/lus/grand/projects/datascience/hzheng/mlperf-2022/optimized-hpc/cosmoflow/pytorch/utils/utils.py", "lineno": 214, "epoch_num": 17, "training_epoch_latency": 401922.28125, "eval_epoch_latency": 1623.693359375, "instance": 0}}
:::MLLOG {"namespace": "", "time_ms": 1663078740934, "event_type": "POINT_IN_TIME", "key": "tracked_stats", "value": {"throughput": 1304.4511948166596}, "metadata": {"file": "/lus/grand/projects/datascience/hzheng/mlperf-2022/optimized-hpc/cosmoflow/pytorch/trainer.py", "lineno": 192, "epoch_num": 17, "step": 16, "instance": 0}}
:::MLLOG {"namespace": "", "time_ms": 1663078740934, "event_type": "POINT_IN_TIME", "key": "eval_error", "value": 0.1472626030445099, "metadata": {"file": "/lus/grand/projects/datascience/hzheng/mlperf-2022/optimized-hpc/cosmoflow/pytorch/trainer.py", "lineno": 197, "epoch_num": 17, "instance": 0}}
:::MLLOG {"namespace": "", "time_ms": 1663078740934, "event_type": "INTERVAL_START", "key": "epoch_start", "value": null, "metadata": {"file": "/lus/grand/projects/datascience/hzheng/mlperf-2022/optimized-hpc/cosmoflow/pytorch/trainer.py", "lineno": 172, "epoch_num": 18, "lr": [0.008], "instance": 0}}
:::MLLOG {"namespace": "", "time_ms": 1663079143369, "event_type": "INTERVAL_START", "key": "eval_start", "value": null, "metadata": {"file": "/lus/grand/projects/datascience/hzheng/mlperf-2022/optimized-hpc/cosmoflow/pytorch/trainer.py", "lineno": 179, "epoch_num": 18, "instance": 0}}
:::MLLOG {"namespace": "", "time_ms": 1663079144992, "event_type": "INTERVAL_START", "key": "eval_stop", "value": null, "metadata": {"file": "/lus/grand/projects/datascience/hzheng/mlperf-2022/optimized-hpc/cosmoflow/pytorch/trainer.py", "lineno": 183, "epoch_num": 18, "instance": 0}}
:::MLLOG {"namespace": "", "time_ms": 1663079144993, "event_type": "INTERVAL_END", "key": "epoch_stop", "value": null, "metadata": {"file": "/lus/grand/projects/datascience/hzheng/mlperf-2022/optimized-hpc/cosmoflow/pytorch/utils/utils.py", "lineno": 214, "epoch_num": 18, "training_epoch_latency": 402435.46875, "eval_epoch_latency": 1622.765625, "instance": 0}}
:::MLLOG {"namespace": "", "time_ms": 1663079144993, "event_type": "POINT_IN_TIME", "key": "tracked_stats", "value": {"throughput": 1302.787752850127}, "metadata": {"file": "/lus/grand/projects/datascience/hzheng/mlperf-2022/optimized-hpc/cosmoflow/pytorch/trainer.py", "lineno": 192, "epoch_num": 18, "step": 17, "instance": 0}}
:::MLLOG {"namespace": "", "time_ms": 1663079144993, "event_type": "POINT_IN_TIME", "key": "eval_error", "value": 0.13610504567623138, "metadata": {"file": "/lus/grand/projects/datascience/hzheng/mlperf-2022/optimized-hpc/cosmoflow/pytorch/trainer.py", "lineno": 197, "epoch_num": 18, "instance": 0}}
:::MLLOG {"namespace": "", "time_ms": 1663079144994, "event_type": "INTERVAL_START", "key": "epoch_start", "value": null, "metadata": {"file": "/lus/grand/projects/datascience/hzheng/mlperf-2022/optimized-hpc/cosmoflow/pytorch/trainer.py", "lineno": 172, "epoch_num": 19, "lr": [0.008], "instance": 0}}
:::MLLOG {"namespace": "", "time_ms": 1663079547362, "event_type": "INTERVAL_START", "key": "eval_start", "value": null, "metadata": {"file": "/lus/grand/projects/datascience/hzheng/mlperf-2022/optimized-hpc/cosmoflow/pytorch/trainer.py", "lineno": 179, "epoch_num": 19, "instance": 0}}
:::MLLOG {"namespace": "", "time_ms": 1663079549031, "event_type": "INTERVAL_START", "key": "eval_stop", "value": null, "metadata": {"file": "/lus/grand/projects/datascience/hzheng/mlperf-2022/optimized-hpc/cosmoflow/pytorch/trainer.py", "lineno": 183, "epoch_num": 19, "instance": 0}}
:::MLLOG {"namespace": "", "time_ms": 1663079549031, "event_type": "INTERVAL_END", "key": "epoch_stop", "value": null, "metadata": {"file": "/lus/grand/projects/datascience/hzheng/mlperf-2022/optimized-hpc/cosmoflow/pytorch/utils/utils.py", "lineno": 214, "epoch_num": 19, "training_epoch_latency": 402369.53125, "eval_epoch_latency": 1668.1341552734375, "instance": 0}}
:::MLLOG {"namespace": "", "time_ms": 1663079549032, "event_type": "POINT_IN_TIME", "key": "tracked_stats", "value": {"throughput": 1303.0012445804443}, "metadata": {"file": "/lus/grand/projects/datascience/hzheng/mlperf-2022/optimized-hpc/cosmoflow/pytorch/trainer.py", "lineno": 192, "epoch_num": 19, "step": 18, "instance": 0}}
:::MLLOG {"namespace": "", "time_ms": 1663079549032, "event_type": "POINT_IN_TIME", "key": "eval_error", "value": 0.14535242319107056, "metadata": {"file": "/lus/grand/projects/datascience/hzheng/mlperf-2022/optimized-hpc/cosmoflow/pytorch/trainer.py", "lineno": 197, "epoch_num": 19, "instance": 0}}
:::MLLOG {"namespace": "", "time_ms": 1663079549032, "event_type": "INTERVAL_START", "key": "epoch_start", "value": null, "metadata": {"file": "/lus/grand/projects/datascience/hzheng/mlperf-2022/optimized-hpc/cosmoflow/pytorch/trainer.py", "lineno": 172, "epoch_num": 20, "lr": [0.008], "instance": 0}}
:::MLLOG {"namespace": "", "time_ms": 1663079956954, "event_type": "INTERVAL_START", "key": "eval_start", "value": null, "metadata": {"file": "/lus/grand/projects/datascience/hzheng/mlperf-2022/optimized-hpc/cosmoflow/pytorch/trainer.py", "lineno": 179, "epoch_num": 20, "instance": 0}}
:::MLLOG {"namespace": "", "time_ms": 1663079959336, "event_type": "INTERVAL_START", "key": "eval_stop", "value": null, "metadata": {"file": "/lus/grand/projects/datascience/hzheng/mlperf-2022/optimized-hpc/cosmoflow/pytorch/trainer.py", "lineno": 183, "epoch_num": 20, "instance": 0}}
:::MLLOG {"namespace": "", "time_ms": 1663079959336, "event_type": "INTERVAL_END", "key": "epoch_stop", "value": null, "metadata": {"file": "/lus/grand/projects/datascience/hzheng/mlperf-2022/optimized-hpc/cosmoflow/pytorch/utils/utils.py", "lineno": 214, "epoch_num": 20, "training_epoch_latency": 407923.375, "eval_epoch_latency": 2379.10400390625, "instance": 0}}
:::MLLOG {"namespace": "", "time_ms": 1663079959336, "event_type": "POINT_IN_TIME", "key": "tracked_stats", "value": {"throughput": 1285.2609880470811}, "metadata": {"file": "/lus/grand/projects/datascience/hzheng/mlperf-2022/optimized-hpc/cosmoflow/pytorch/trainer.py", "lineno": 192, "epoch_num": 20, "step": 19, "instance": 0}}
:::MLLOG {"namespace": "", "time_ms": 1663079959337, "event_type": "POINT_IN_TIME", "key": "eval_error", "value": 0.1432427167892456, "metadata": {"file": "/lus/grand/projects/datascience/hzheng/mlperf-2022/optimized-hpc/cosmoflow/pytorch/trainer.py", "lineno": 197, "epoch_num": 20, "instance": 0}}
:::MLLOG {"namespace": "", "time_ms": 1663079959337, "event_type": "INTERVAL_START", "key": "epoch_start", "value": null, "metadata": {"file": "/lus/grand/projects/datascience/hzheng/mlperf-2022/optimized-hpc/cosmoflow/pytorch/trainer.py", "lineno": 172, "epoch_num": 21, "lr": [0.008], "instance": 0}}
:::MLLOG {"namespace": "", "time_ms": 1663080362238, "event_type": "INTERVAL_START", "key": "eval_start", "value": null, "metadata": {"file": "/lus/grand/projects/datascience/hzheng/mlperf-2022/optimized-hpc/cosmoflow/pytorch/trainer.py", "lineno": 179, "epoch_num": 21, "instance": 0}}
:::MLLOG {"namespace": "", "time_ms": 1663080363849, "event_type": "INTERVAL_START", "key": "eval_stop", "value": null, "metadata": {"file": "/lus/grand/projects/datascience/hzheng/mlperf-2022/optimized-hpc/cosmoflow/pytorch/trainer.py", "lineno": 183, "epoch_num": 21, "instance": 0}}
:::MLLOG {"namespace": "", "time_ms": 1663080363850, "event_type": "INTERVAL_END", "key": "epoch_stop", "value": null, "metadata": {"file": "/lus/grand/projects/datascience/hzheng/mlperf-2022/optimized-hpc/cosmoflow/pytorch/utils/utils.py", "lineno": 214, "epoch_num": 21, "training_epoch_latency": 402902.40625, "eval_epoch_latency": 1610.2652587890625, "instance": 0}}
:::MLLOG {"namespace": "", "time_ms": 1663080363850, "event_type": "POINT_IN_TIME", "key": "tracked_stats", "value": {"throughput": 1301.2779071730847}, "metadata": {"file": "/lus/grand/projects/datascience/hzheng/mlperf-2022/optimized-hpc/cosmoflow/pytorch/trainer.py", "lineno": 192, "epoch_num": 21, "step": 20, "instance": 0}}
:::MLLOG {"namespace": "", "time_ms": 1663080363850, "event_type": "POINT_IN_TIME", "key": "eval_error", "value": 0.15209941565990448, "metadata": {"file": "/lus/grand/projects/datascience/hzheng/mlperf-2022/optimized-hpc/cosmoflow/pytorch/trainer.py", "lineno": 197, "epoch_num": 21, "instance": 0}}
:::MLLOG {"namespace": "", "time_ms": 1663080363850, "event_type": "INTERVAL_START", "key": "epoch_start", "value": null, "metadata": {"file": "/lus/grand/projects/datascience/hzheng/mlperf-2022/optimized-hpc/cosmoflow/pytorch/trainer.py", "lineno": 172, "epoch_num": 22, "lr": [0.008], "instance": 0}}
