:::MLLOG {"namespace": "", "time_ms": 1663280341282, "event_type": "POINT_IN_TIME", "key": "cache_clear", "value": null, "metadata": {"file": "./main.py", "lineno": 42, "instance": 0}}
:::MLLOG {"namespace": "", "time_ms": 1663280341410, "event_type": "INTERVAL_START", "key": "init_start", "value": null, "metadata": {"file": "./main.py", "lineno": 43, "instance": 0}}
:::MLLOG {"namespace": "", "time_ms": 1663280341410, "event_type": "POINT_IN_TIME", "key": "submission_benchmark", "value": "cosmoflow", "metadata": {"file": "./main.py", "lineno": 47, "instance": 0}}
:::MLLOG {"namespace": "", "time_ms": 1663280341410, "event_type": "POINT_IN_TIME", "key": "submission_org", "value": "NVIDIA", "metadata": {"file": "./main.py", "lineno": 49, "instance": 0}}
:::MLLOG {"namespace": "", "time_ms": 1663280341410, "event_type": "POINT_IN_TIME", "key": "submission_division", "value": "closed", "metadata": {"file": "./main.py", "lineno": 51, "instance": 0}}
:::MLLOG {"namespace": "", "time_ms": 1663280341410, "event_type": "POINT_IN_TIME", "key": "submission_status", "value": "onprem", "metadata": {"file": "./main.py", "lineno": 53, "instance": 0}}
:::MLLOG {"namespace": "", "time_ms": 1663280341411, "event_type": "POINT_IN_TIME", "key": "submission_platform", "value": "256.0xNVIDIA DGX A100", "metadata": {"file": "./main.py", "lineno": 55, "instance": 0}}
:::MLLOG {"namespace": "", "time_ms": 1663280341411, "event_type": "POINT_IN_TIME", "key": "number_of_nodes", "value": 256, "metadata": {"file": "./main.py", "lineno": 58, "instance": 0}}
:::MLLOG {"namespace": "", "time_ms": 1663280341411, "event_type": "POINT_IN_TIME", "key": "accelerators_per_node", "value": 4, "metadata": {"file": "./main.py", "lineno": 60, "instance": 0}}
:::MLLOG {"namespace": "", "time_ms": 1663280346017, "event_type": "POINT_IN_TIME", "key": "dropout", "value": 0.5, "metadata": {"file": "./main.py", "lineno": 106, "instance": 0}}
:::MLLOG {"namespace": "", "time_ms": 1663280348937, "event_type": "POINT_IN_TIME", "key": "opt_weight_decay", "value": 0, "metadata": {"file": "/lus/grand/projects/datascience/hzheng/mlperf-2022/optimized-hpc/cosmoflow/pytorch/optimizer.py", "lineno": 63, "instance": 0}}
:::MLLOG {"namespace": "", "time_ms": 1663280348937, "event_type": "POINT_IN_TIME", "key": "opt_name", "value": "sgd", "metadata": {"file": "/lus/grand/projects/datascience/hzheng/mlperf-2022/optimized-hpc/cosmoflow/pytorch/optimizer.py", "lineno": 65, "instance": 0}}
:::MLLOG {"namespace": "", "time_ms": 1663280348938, "event_type": "POINT_IN_TIME", "key": "opt_base_learning_rate", "value": 0.012, "metadata": {"file": "/lus/grand/projects/datascience/hzheng/mlperf-2022/optimized-hpc/cosmoflow/pytorch/optimizer.py", "lineno": 96, "instance": 0}}
:::MLLOG {"namespace": "", "time_ms": 1663280348938, "event_type": "POINT_IN_TIME", "key": "opt_learning_rate_warmup_epochs", "value": 0, "metadata": {"file": "/lus/grand/projects/datascience/hzheng/mlperf-2022/optimized-hpc/cosmoflow/pytorch/optimizer.py", "lineno": 98, "instance": 0}}
:::MLLOG {"namespace": "", "time_ms": 1663280348938, "event_type": "POINT_IN_TIME", "key": "opt_learning_rate_warmup_factor", "value": 1, "metadata": {"file": "/lus/grand/projects/datascience/hzheng/mlperf-2022/optimized-hpc/cosmoflow/pytorch/optimizer.py", "lineno": 100, "instance": 0}}
:::MLLOG {"namespace": "", "time_ms": 1663280348938, "event_type": "POINT_IN_TIME", "key": "opt_learning_rate_decay_boundary_epochs", "value": [32, 64], "metadata": {"file": "/lus/grand/projects/datascience/hzheng/mlperf-2022/optimized-hpc/cosmoflow/pytorch/optimizer.py", "lineno": 102, "instance": 0}}
:::MLLOG {"namespace": "", "time_ms": 1663280348939, "event_type": "POINT_IN_TIME", "key": "opt_learning_rate_decay_factor", "value": [0.25, 0.125], "metadata": {"file": "/lus/grand/projects/datascience/hzheng/mlperf-2022/optimized-hpc/cosmoflow/pytorch/optimizer.py", "lineno": 104, "instance": 0}}
:::MLLOG {"namespace": "", "time_ms": 1663280348939, "event_type": "POINT_IN_TIME", "key": "global_batch_size", "value": 1024, "metadata": {"file": "./main.py", "lineno": 119, "instance": 0}}
:::MLLOG {"namespace": "", "time_ms": 1663280348939, "event_type": "POINT_IN_TIME", "key": "train_samples", "value": 524288, "metadata": {"file": "./main.py", "lineno": 121, "instance": 0}}
:::MLLOG {"namespace": "", "time_ms": 1663280348939, "event_type": "POINT_IN_TIME", "key": "eval_samples", "value": 65536, "metadata": {"file": "./main.py", "lineno": 123, "instance": 0}}
:::MLLOG {"namespace": "", "time_ms": 1663280378454, "event_type": "INTERVAL_END", "key": "init_stop", "value": null, "metadata": {"file": "/lus/grand/projects/datascience/hzheng/mlperf-2022/optimized-hpc/cosmoflow/pytorch/utils/utils.py", "lineno": 214, "instance": 0}}
:::MLLOG {"namespace": "", "time_ms": 1663280378455, "event_type": "INTERVAL_START", "key": "run_start", "value": null, "metadata": {"file": "./main.py", "lineno": 143, "instance": 0}}
:::MLLOG {"namespace": "", "time_ms": 1663280378455, "event_type": "INTERVAL_START", "key": "staging_start", "value": null, "metadata": {"file": "./main.py", "lineno": 145, "instance": 0}}
:::MLLOG {"namespace": "", "time_ms": 1663280446111, "event_type": "INTERVAL_END", "key": "staging_stop", "value": null, "metadata": {"file": "/lus/grand/projects/datascience/hzheng/mlperf-2022/optimized-hpc/cosmoflow/pytorch/utils/utils.py", "lineno": 214, "staging_duration": 67.65562534332275, "instance": 0}}
:::MLLOG {"namespace": "", "time_ms": 1663280446896, "event_type": "INTERVAL_START", "key": "epoch_start", "value": null, "metadata": {"file": "/lus/grand/projects/datascience/hzheng/mlperf-2022/optimized-hpc/cosmoflow/pytorch/trainer.py", "lineno": 172, "epoch_num": 1, "lr": [0.012], "instance": 0}}
:::MLLOG {"namespace": "", "time_ms": 1663280665438, "event_type": "INTERVAL_START", "key": "eval_start", "value": null, "metadata": {"file": "/lus/grand/projects/datascience/hzheng/mlperf-2022/optimized-hpc/cosmoflow/pytorch/trainer.py", "lineno": 179, "epoch_num": 1, "instance": 0}}
:::MLLOG {"namespace": "", "time_ms": 1663280666269, "event_type": "INTERVAL_START", "key": "eval_stop", "value": null, "metadata": {"file": "/lus/grand/projects/datascience/hzheng/mlperf-2022/optimized-hpc/cosmoflow/pytorch/trainer.py", "lineno": 183, "epoch_num": 1, "instance": 0}}
:::MLLOG {"namespace": "", "time_ms": 1663280666270, "event_type": "INTERVAL_END", "key": "epoch_stop", "value": null, "metadata": {"file": "/lus/grand/projects/datascience/hzheng/mlperf-2022/optimized-hpc/cosmoflow/pytorch/utils/utils.py", "lineno": 214, "epoch_num": 1, "training_epoch_latency": 218499.109375, "eval_epoch_latency": 830.8079223632812, "instance": 0}}
:::MLLOG {"namespace": "", "time_ms": 1663280666270, "event_type": "POINT_IN_TIME", "key": "tracked_stats", "value": {"throughput": 2399.4971947468607}, "metadata": {"file": "/lus/grand/projects/datascience/hzheng/mlperf-2022/optimized-hpc/cosmoflow/pytorch/trainer.py", "lineno": 192, "epoch_num": 1, "step": 0, "instance": 0}}
:::MLLOG {"namespace": "", "time_ms": 1663280666271, "event_type": "POINT_IN_TIME", "key": "eval_error", "value": 0.32051846385002136, "metadata": {"file": "/lus/grand/projects/datascience/hzheng/mlperf-2022/optimized-hpc/cosmoflow/pytorch/trainer.py", "lineno": 197, "epoch_num": 1, "instance": 0}}
:::MLLOG {"namespace": "", "time_ms": 1663280666271, "event_type": "INTERVAL_START", "key": "epoch_start", "value": null, "metadata": {"file": "/lus/grand/projects/datascience/hzheng/mlperf-2022/optimized-hpc/cosmoflow/pytorch/trainer.py", "lineno": 172, "epoch_num": 2, "lr": [0.012], "instance": 0}}
:::MLLOG {"namespace": "", "time_ms": 1663280887789, "event_type": "INTERVAL_START", "key": "eval_start", "value": null, "metadata": {"file": "/lus/grand/projects/datascience/hzheng/mlperf-2022/optimized-hpc/cosmoflow/pytorch/trainer.py", "lineno": 179, "epoch_num": 2, "instance": 0}}
:::MLLOG {"namespace": "", "time_ms": 1663280888660, "event_type": "INTERVAL_START", "key": "eval_stop", "value": null, "metadata": {"file": "/lus/grand/projects/datascience/hzheng/mlperf-2022/optimized-hpc/cosmoflow/pytorch/trainer.py", "lineno": 183, "epoch_num": 2, "instance": 0}}
:::MLLOG {"namespace": "", "time_ms": 1663280888661, "event_type": "INTERVAL_END", "key": "epoch_stop", "value": null, "metadata": {"file": "/lus/grand/projects/datascience/hzheng/mlperf-2022/optimized-hpc/cosmoflow/pytorch/utils/utils.py", "lineno": 214, "epoch_num": 2, "training_epoch_latency": 221518.859375, "eval_epoch_latency": 870.0755004882812, "instance": 0}}
:::MLLOG {"namespace": "", "time_ms": 1663280888661, "event_type": "POINT_IN_TIME", "key": "tracked_stats", "value": {"throughput": 2366.7871958136748}, "metadata": {"file": "/lus/grand/projects/datascience/hzheng/mlperf-2022/optimized-hpc/cosmoflow/pytorch/trainer.py", "lineno": 192, "epoch_num": 2, "step": 1, "instance": 0}}
:::MLLOG {"namespace": "", "time_ms": 1663280888661, "event_type": "POINT_IN_TIME", "key": "eval_error", "value": 0.31470027565956116, "metadata": {"file": "/lus/grand/projects/datascience/hzheng/mlperf-2022/optimized-hpc/cosmoflow/pytorch/trainer.py", "lineno": 197, "epoch_num": 2, "instance": 0}}
:::MLLOG {"namespace": "", "time_ms": 1663280888662, "event_type": "INTERVAL_START", "key": "epoch_start", "value": null, "metadata": {"file": "/lus/grand/projects/datascience/hzheng/mlperf-2022/optimized-hpc/cosmoflow/pytorch/trainer.py", "lineno": 172, "epoch_num": 3, "lr": [0.012], "instance": 0}}
:::MLLOG {"namespace": "", "time_ms": 1663281110261, "event_type": "INTERVAL_START", "key": "eval_start", "value": null, "metadata": {"file": "/lus/grand/projects/datascience/hzheng/mlperf-2022/optimized-hpc/cosmoflow/pytorch/trainer.py", "lineno": 179, "epoch_num": 3, "instance": 0}}
:::MLLOG {"namespace": "", "time_ms": 1663281111159, "event_type": "INTERVAL_START", "key": "eval_stop", "value": null, "metadata": {"file": "/lus/grand/projects/datascience/hzheng/mlperf-2022/optimized-hpc/cosmoflow/pytorch/trainer.py", "lineno": 183, "epoch_num": 3, "instance": 0}}
:::MLLOG {"namespace": "", "time_ms": 1663281111160, "event_type": "INTERVAL_END", "key": "epoch_stop", "value": null, "metadata": {"file": "/lus/grand/projects/datascience/hzheng/mlperf-2022/optimized-hpc/cosmoflow/pytorch/utils/utils.py", "lineno": 214, "epoch_num": 3, "training_epoch_latency": 221600.03125, "eval_epoch_latency": 897.0955810546875, "instance": 0}}
:::MLLOG {"namespace": "", "time_ms": 1663281111160, "event_type": "POINT_IN_TIME", "key": "tracked_stats", "value": {"throughput": 2365.9202439755973}, "metadata": {"file": "/lus/grand/projects/datascience/hzheng/mlperf-2022/optimized-hpc/cosmoflow/pytorch/trainer.py", "lineno": 192, "epoch_num": 3, "step": 2, "instance": 0}}
:::MLLOG {"namespace": "", "time_ms": 1663281111160, "event_type": "POINT_IN_TIME", "key": "eval_error", "value": 0.274667352437973, "metadata": {"file": "/lus/grand/projects/datascience/hzheng/mlperf-2022/optimized-hpc/cosmoflow/pytorch/trainer.py", "lineno": 197, "epoch_num": 3, "instance": 0}}
:::MLLOG {"namespace": "", "time_ms": 1663281111161, "event_type": "INTERVAL_START", "key": "epoch_start", "value": null, "metadata": {"file": "/lus/grand/projects/datascience/hzheng/mlperf-2022/optimized-hpc/cosmoflow/pytorch/trainer.py", "lineno": 172, "epoch_num": 4, "lr": [0.012], "instance": 0}}
:::MLLOG {"namespace": "", "time_ms": 1663281331637, "event_type": "INTERVAL_START", "key": "eval_start", "value": null, "metadata": {"file": "/lus/grand/projects/datascience/hzheng/mlperf-2022/optimized-hpc/cosmoflow/pytorch/trainer.py", "lineno": 179, "epoch_num": 4, "instance": 0}}
:::MLLOG {"namespace": "", "time_ms": 1663281332540, "event_type": "INTERVAL_START", "key": "eval_stop", "value": null, "metadata": {"file": "/lus/grand/projects/datascience/hzheng/mlperf-2022/optimized-hpc/cosmoflow/pytorch/trainer.py", "lineno": 183, "epoch_num": 4, "instance": 0}}
:::MLLOG {"namespace": "", "time_ms": 1663281332540, "event_type": "INTERVAL_END", "key": "epoch_stop", "value": null, "metadata": {"file": "/lus/grand/projects/datascience/hzheng/mlperf-2022/optimized-hpc/cosmoflow/pytorch/utils/utils.py", "lineno": 214, "epoch_num": 4, "training_epoch_latency": 220477.296875, "eval_epoch_latency": 901.7203369140625, "instance": 0}}
:::MLLOG {"namespace": "", "time_ms": 1663281332540, "event_type": "POINT_IN_TIME", "key": "tracked_stats", "value": {"throughput": 2377.968196413647}, "metadata": {"file": "/lus/grand/projects/datascience/hzheng/mlperf-2022/optimized-hpc/cosmoflow/pytorch/trainer.py", "lineno": 192, "epoch_num": 4, "step": 3, "instance": 0}}
:::MLLOG {"namespace": "", "time_ms": 1663281332540, "event_type": "POINT_IN_TIME", "key": "eval_error", "value": 0.3748999536037445, "metadata": {"file": "/lus/grand/projects/datascience/hzheng/mlperf-2022/optimized-hpc/cosmoflow/pytorch/trainer.py", "lineno": 197, "epoch_num": 4, "instance": 0}}
:::MLLOG {"namespace": "", "time_ms": 1663281332541, "event_type": "INTERVAL_START", "key": "epoch_start", "value": null, "metadata": {"file": "/lus/grand/projects/datascience/hzheng/mlperf-2022/optimized-hpc/cosmoflow/pytorch/trainer.py", "lineno": 172, "epoch_num": 5, "lr": [0.012], "instance": 0}}
:::MLLOG {"namespace": "", "time_ms": 1663281553362, "event_type": "INTERVAL_START", "key": "eval_start", "value": null, "metadata": {"file": "/lus/grand/projects/datascience/hzheng/mlperf-2022/optimized-hpc/cosmoflow/pytorch/trainer.py", "lineno": 179, "epoch_num": 5, "instance": 0}}
:::MLLOG {"namespace": "", "time_ms": 1663281554211, "event_type": "INTERVAL_START", "key": "eval_stop", "value": null, "metadata": {"file": "/lus/grand/projects/datascience/hzheng/mlperf-2022/optimized-hpc/cosmoflow/pytorch/trainer.py", "lineno": 183, "epoch_num": 5, "instance": 0}}
:::MLLOG {"namespace": "", "time_ms": 1663281554211, "event_type": "INTERVAL_END", "key": "epoch_stop", "value": null, "metadata": {"file": "/lus/grand/projects/datascience/hzheng/mlperf-2022/optimized-hpc/cosmoflow/pytorch/utils/utils.py", "lineno": 214, "epoch_num": 5, "training_epoch_latency": 220822.15625, "eval_epoch_latency": 848.2445678710938, "instance": 0}}
:::MLLOG {"namespace": "", "time_ms": 1663281554212, "event_type": "POINT_IN_TIME", "key": "tracked_stats", "value": {"throughput": 2374.2545082588376}, "metadata": {"file": "/lus/grand/projects/datascience/hzheng/mlperf-2022/optimized-hpc/cosmoflow/pytorch/trainer.py", "lineno": 192, "epoch_num": 5, "step": 4, "instance": 0}}
:::MLLOG {"namespace": "", "time_ms": 1663281554212, "event_type": "POINT_IN_TIME", "key": "eval_error", "value": 0.3358736038208008, "metadata": {"file": "/lus/grand/projects/datascience/hzheng/mlperf-2022/optimized-hpc/cosmoflow/pytorch/trainer.py", "lineno": 197, "epoch_num": 5, "instance": 0}}
:::MLLOG {"namespace": "", "time_ms": 1663281554212, "event_type": "INTERVAL_START", "key": "epoch_start", "value": null, "metadata": {"file": "/lus/grand/projects/datascience/hzheng/mlperf-2022/optimized-hpc/cosmoflow/pytorch/trainer.py", "lineno": 172, "epoch_num": 6, "lr": [0.012], "instance": 0}}
:::MLLOG {"namespace": "", "time_ms": 1663281775073, "event_type": "INTERVAL_START", "key": "eval_start", "value": null, "metadata": {"file": "/lus/grand/projects/datascience/hzheng/mlperf-2022/optimized-hpc/cosmoflow/pytorch/trainer.py", "lineno": 179, "epoch_num": 6, "instance": 0}}
:::MLLOG {"namespace": "", "time_ms": 1663281775954, "event_type": "INTERVAL_START", "key": "eval_stop", "value": null, "metadata": {"file": "/lus/grand/projects/datascience/hzheng/mlperf-2022/optimized-hpc/cosmoflow/pytorch/trainer.py", "lineno": 183, "epoch_num": 6, "instance": 0}}
:::MLLOG {"namespace": "", "time_ms": 1663281775955, "event_type": "INTERVAL_END", "key": "epoch_stop", "value": null, "metadata": {"file": "/lus/grand/projects/datascience/hzheng/mlperf-2022/optimized-hpc/cosmoflow/pytorch/utils/utils.py", "lineno": 214, "epoch_num": 6, "training_epoch_latency": 220862.03125, "eval_epoch_latency": 880.07568359375, "instance": 0}}
:::MLLOG {"namespace": "", "time_ms": 1663281775955, "event_type": "POINT_IN_TIME", "key": "tracked_stats", "value": {"throughput": 2373.825854234509}, "metadata": {"file": "/lus/grand/projects/datascience/hzheng/mlperf-2022/optimized-hpc/cosmoflow/pytorch/trainer.py", "lineno": 192, "epoch_num": 6, "step": 5, "instance": 0}}
:::MLLOG {"namespace": "", "time_ms": 1663281775955, "event_type": "POINT_IN_TIME", "key": "eval_error", "value": 0.23362886905670166, "metadata": {"file": "/lus/grand/projects/datascience/hzheng/mlperf-2022/optimized-hpc/cosmoflow/pytorch/trainer.py", "lineno": 197, "epoch_num": 6, "instance": 0}}
:::MLLOG {"namespace": "", "time_ms": 1663281775956, "event_type": "INTERVAL_START", "key": "epoch_start", "value": null, "metadata": {"file": "/lus/grand/projects/datascience/hzheng/mlperf-2022/optimized-hpc/cosmoflow/pytorch/trainer.py", "lineno": 172, "epoch_num": 7, "lr": [0.012], "instance": 0}}
:::MLLOG {"namespace": "", "time_ms": 1663281997270, "event_type": "INTERVAL_START", "key": "eval_start", "value": null, "metadata": {"file": "/lus/grand/projects/datascience/hzheng/mlperf-2022/optimized-hpc/cosmoflow/pytorch/trainer.py", "lineno": 179, "epoch_num": 7, "instance": 0}}
:::MLLOG {"namespace": "", "time_ms": 1663281998100, "event_type": "INTERVAL_START", "key": "eval_stop", "value": null, "metadata": {"file": "/lus/grand/projects/datascience/hzheng/mlperf-2022/optimized-hpc/cosmoflow/pytorch/trainer.py", "lineno": 183, "epoch_num": 7, "instance": 0}}
:::MLLOG {"namespace": "", "time_ms": 1663281998101, "event_type": "INTERVAL_END", "key": "epoch_stop", "value": null, "metadata": {"file": "/lus/grand/projects/datascience/hzheng/mlperf-2022/optimized-hpc/cosmoflow/pytorch/utils/utils.py", "lineno": 214, "epoch_num": 7, "training_epoch_latency": 221314.8125, "eval_epoch_latency": 829.9606323242188, "instance": 0}}
:::MLLOG {"namespace": "", "time_ms": 1663281998101, "event_type": "POINT_IN_TIME", "key": "tracked_stats", "value": {"throughput": 2368.969316050637}, "metadata": {"file": "/lus/grand/projects/datascience/hzheng/mlperf-2022/optimized-hpc/cosmoflow/pytorch/trainer.py", "lineno": 192, "epoch_num": 7, "step": 6, "instance": 0}}
:::MLLOG {"namespace": "", "time_ms": 1663281998101, "event_type": "POINT_IN_TIME", "key": "eval_error", "value": 0.18685585260391235, "metadata": {"file": "/lus/grand/projects/datascience/hzheng/mlperf-2022/optimized-hpc/cosmoflow/pytorch/trainer.py", "lineno": 197, "epoch_num": 7, "instance": 0}}
:::MLLOG {"namespace": "", "time_ms": 1663281998101, "event_type": "INTERVAL_START", "key": "epoch_start", "value": null, "metadata": {"file": "/lus/grand/projects/datascience/hzheng/mlperf-2022/optimized-hpc/cosmoflow/pytorch/trainer.py", "lineno": 172, "epoch_num": 8, "lr": [0.012], "instance": 0}}
:::MLLOG {"namespace": "", "time_ms": 1663282221106, "event_type": "INTERVAL_START", "key": "eval_start", "value": null, "metadata": {"file": "/lus/grand/projects/datascience/hzheng/mlperf-2022/optimized-hpc/cosmoflow/pytorch/trainer.py", "lineno": 179, "epoch_num": 8, "instance": 0}}
:::MLLOG {"namespace": "", "time_ms": 1663282221986, "event_type": "INTERVAL_START", "key": "eval_stop", "value": null, "metadata": {"file": "/lus/grand/projects/datascience/hzheng/mlperf-2022/optimized-hpc/cosmoflow/pytorch/trainer.py", "lineno": 183, "epoch_num": 8, "instance": 0}}
:::MLLOG {"namespace": "", "time_ms": 1663282221987, "event_type": "INTERVAL_END", "key": "epoch_stop", "value": null, "metadata": {"file": "/lus/grand/projects/datascience/hzheng/mlperf-2022/optimized-hpc/cosmoflow/pytorch/utils/utils.py", "lineno": 214, "epoch_num": 8, "training_epoch_latency": 223005.625, "eval_epoch_latency": 879.6685180664062, "instance": 0}}
:::MLLOG {"namespace": "", "time_ms": 1663282221987, "event_type": "POINT_IN_TIME", "key": "tracked_stats", "value": {"throughput": 2351.007962243105}, "metadata": {"file": "/lus/grand/projects/datascience/hzheng/mlperf-2022/optimized-hpc/cosmoflow/pytorch/trainer.py", "lineno": 192, "epoch_num": 8, "step": 7, "instance": 0}}
:::MLLOG {"namespace": "", "time_ms": 1663282221988, "event_type": "POINT_IN_TIME", "key": "eval_error", "value": 0.19802559912204742, "metadata": {"file": "/lus/grand/projects/datascience/hzheng/mlperf-2022/optimized-hpc/cosmoflow/pytorch/trainer.py", "lineno": 197, "epoch_num": 8, "instance": 0}}
:::MLLOG {"namespace": "", "time_ms": 1663282221988, "event_type": "INTERVAL_START", "key": "epoch_start", "value": null, "metadata": {"file": "/lus/grand/projects/datascience/hzheng/mlperf-2022/optimized-hpc/cosmoflow/pytorch/trainer.py", "lineno": 172, "epoch_num": 9, "lr": [0.012], "instance": 0}}
:::MLLOG {"namespace": "", "time_ms": 1663282443505, "event_type": "INTERVAL_START", "key": "eval_start", "value": null, "metadata": {"file": "/lus/grand/projects/datascience/hzheng/mlperf-2022/optimized-hpc/cosmoflow/pytorch/trainer.py", "lineno": 179, "epoch_num": 9, "instance": 0}}
:::MLLOG {"namespace": "", "time_ms": 1663282444337, "event_type": "INTERVAL_START", "key": "eval_stop", "value": null, "metadata": {"file": "/lus/grand/projects/datascience/hzheng/mlperf-2022/optimized-hpc/cosmoflow/pytorch/trainer.py", "lineno": 183, "epoch_num": 9, "instance": 0}}
:::MLLOG {"namespace": "", "time_ms": 1663282444338, "event_type": "INTERVAL_END", "key": "epoch_stop", "value": null, "metadata": {"file": "/lus/grand/projects/datascience/hzheng/mlperf-2022/optimized-hpc/cosmoflow/pytorch/utils/utils.py", "lineno": 214, "epoch_num": 9, "training_epoch_latency": 221517.96875, "eval_epoch_latency": 831.760009765625, "instance": 0}}
:::MLLOG {"namespace": "", "time_ms": 1663282444338, "event_type": "POINT_IN_TIME", "key": "tracked_stats", "value": {"throughput": 2366.7967116098794}, "metadata": {"file": "/lus/grand/projects/datascience/hzheng/mlperf-2022/optimized-hpc/cosmoflow/pytorch/trainer.py", "lineno": 192, "epoch_num": 9, "step": 8, "instance": 0}}
:::MLLOG {"namespace": "", "time_ms": 1663282444338, "event_type": "POINT_IN_TIME", "key": "eval_error", "value": 0.16582544147968292, "metadata": {"file": "/lus/grand/projects/datascience/hzheng/mlperf-2022/optimized-hpc/cosmoflow/pytorch/trainer.py", "lineno": 197, "epoch_num": 9, "instance": 0}}
:::MLLOG {"namespace": "", "time_ms": 1663282444338, "event_type": "INTERVAL_START", "key": "epoch_start", "value": null, "metadata": {"file": "/lus/grand/projects/datascience/hzheng/mlperf-2022/optimized-hpc/cosmoflow/pytorch/trainer.py", "lineno": 172, "epoch_num": 10, "lr": [0.012], "instance": 0}}
:::MLLOG {"namespace": "", "time_ms": 1663282665922, "event_type": "INTERVAL_START", "key": "eval_start", "value": null, "metadata": {"file": "/lus/grand/projects/datascience/hzheng/mlperf-2022/optimized-hpc/cosmoflow/pytorch/trainer.py", "lineno": 179, "epoch_num": 10, "instance": 0}}
:::MLLOG {"namespace": "", "time_ms": 1663282666794, "event_type": "INTERVAL_START", "key": "eval_stop", "value": null, "metadata": {"file": "/lus/grand/projects/datascience/hzheng/mlperf-2022/optimized-hpc/cosmoflow/pytorch/trainer.py", "lineno": 183, "epoch_num": 10, "instance": 0}}
:::MLLOG {"namespace": "", "time_ms": 1663282666794, "event_type": "INTERVAL_END", "key": "epoch_stop", "value": null, "metadata": {"file": "/lus/grand/projects/datascience/hzheng/mlperf-2022/optimized-hpc/cosmoflow/pytorch/utils/utils.py", "lineno": 214, "epoch_num": 10, "training_epoch_latency": 221584.265625, "eval_epoch_latency": 871.3314208984375, "instance": 0}}
:::MLLOG {"namespace": "", "time_ms": 1663282666794, "event_type": "POINT_IN_TIME", "key": "tracked_stats", "value": {"throughput": 2366.088578181283}, "metadata": {"file": "/lus/grand/projects/datascience/hzheng/mlperf-2022/optimized-hpc/cosmoflow/pytorch/trainer.py", "lineno": 192, "epoch_num": 10, "step": 9, "instance": 0}}
:::MLLOG {"namespace": "", "time_ms": 1663282666795, "event_type": "POINT_IN_TIME", "key": "eval_error", "value": 0.21611393988132477, "metadata": {"file": "/lus/grand/projects/datascience/hzheng/mlperf-2022/optimized-hpc/cosmoflow/pytorch/trainer.py", "lineno": 197, "epoch_num": 10, "instance": 0}}
:::MLLOG {"namespace": "", "time_ms": 1663282666795, "event_type": "INTERVAL_START", "key": "epoch_start", "value": null, "metadata": {"file": "/lus/grand/projects/datascience/hzheng/mlperf-2022/optimized-hpc/cosmoflow/pytorch/trainer.py", "lineno": 172, "epoch_num": 11, "lr": [0.012], "instance": 0}}
:::MLLOG {"namespace": "", "time_ms": 1663282888297, "event_type": "INTERVAL_START", "key": "eval_start", "value": null, "metadata": {"file": "/lus/grand/projects/datascience/hzheng/mlperf-2022/optimized-hpc/cosmoflow/pytorch/trainer.py", "lineno": 179, "epoch_num": 11, "instance": 0}}
:::MLLOG {"namespace": "", "time_ms": 1663282889181, "event_type": "INTERVAL_START", "key": "eval_stop", "value": null, "metadata": {"file": "/lus/grand/projects/datascience/hzheng/mlperf-2022/optimized-hpc/cosmoflow/pytorch/trainer.py", "lineno": 183, "epoch_num": 11, "instance": 0}}
:::MLLOG {"namespace": "", "time_ms": 1663282889181, "event_type": "INTERVAL_END", "key": "epoch_stop", "value": null, "metadata": {"file": "/lus/grand/projects/datascience/hzheng/mlperf-2022/optimized-hpc/cosmoflow/pytorch/utils/utils.py", "lineno": 214, "epoch_num": 11, "training_epoch_latency": 221502.4375, "eval_epoch_latency": 883.5157470703125, "instance": 0}}
:::MLLOG {"namespace": "", "time_ms": 1663282889181, "event_type": "POINT_IN_TIME", "key": "tracked_stats", "value": {"throughput": 2366.962666042896}, "metadata": {"file": "/lus/grand/projects/datascience/hzheng/mlperf-2022/optimized-hpc/cosmoflow/pytorch/trainer.py", "lineno": 192, "epoch_num": 11, "step": 10, "instance": 0}}
:::MLLOG {"namespace": "", "time_ms": 1663282889181, "event_type": "POINT_IN_TIME", "key": "eval_error", "value": 0.16351568698883057, "metadata": {"file": "/lus/grand/projects/datascience/hzheng/mlperf-2022/optimized-hpc/cosmoflow/pytorch/trainer.py", "lineno": 197, "epoch_num": 11, "instance": 0}}
:::MLLOG {"namespace": "", "time_ms": 1663282889181, "event_type": "INTERVAL_START", "key": "epoch_start", "value": null, "metadata": {"file": "/lus/grand/projects/datascience/hzheng/mlperf-2022/optimized-hpc/cosmoflow/pytorch/trainer.py", "lineno": 172, "epoch_num": 12, "lr": [0.012], "instance": 0}}
:::MLLOG {"namespace": "", "time_ms": 1663283110998, "event_type": "INTERVAL_START", "key": "eval_start", "value": null, "metadata": {"file": "/lus/grand/projects/datascience/hzheng/mlperf-2022/optimized-hpc/cosmoflow/pytorch/trainer.py", "lineno": 179, "epoch_num": 12, "instance": 0}}
:::MLLOG {"namespace": "", "time_ms": 1663283111846, "event_type": "INTERVAL_START", "key": "eval_stop", "value": null, "metadata": {"file": "/lus/grand/projects/datascience/hzheng/mlperf-2022/optimized-hpc/cosmoflow/pytorch/trainer.py", "lineno": 183, "epoch_num": 12, "instance": 0}}
:::MLLOG {"namespace": "", "time_ms": 1663283111847, "event_type": "INTERVAL_END", "key": "epoch_stop", "value": null, "metadata": {"file": "/lus/grand/projects/datascience/hzheng/mlperf-2022/optimized-hpc/cosmoflow/pytorch/utils/utils.py", "lineno": 214, "epoch_num": 12, "training_epoch_latency": 221817.265625, "eval_epoch_latency": 847.5449829101562, "instance": 0}}
:::MLLOG {"namespace": "", "time_ms": 1663283111847, "event_type": "POINT_IN_TIME", "key": "tracked_stats", "value": {"throughput": 2363.6032052002265}, "metadata": {"file": "/lus/grand/projects/datascience/hzheng/mlperf-2022/optimized-hpc/cosmoflow/pytorch/trainer.py", "lineno": 192, "epoch_num": 12, "step": 11, "instance": 0}}
:::MLLOG {"namespace": "", "time_ms": 1663283111847, "event_type": "POINT_IN_TIME", "key": "eval_error", "value": 0.16955983638763428, "metadata": {"file": "/lus/grand/projects/datascience/hzheng/mlperf-2022/optimized-hpc/cosmoflow/pytorch/trainer.py", "lineno": 197, "epoch_num": 12, "instance": 0}}
:::MLLOG {"namespace": "", "time_ms": 1663283111847, "event_type": "INTERVAL_START", "key": "epoch_start", "value": null, "metadata": {"file": "/lus/grand/projects/datascience/hzheng/mlperf-2022/optimized-hpc/cosmoflow/pytorch/trainer.py", "lineno": 172, "epoch_num": 13, "lr": [0.012], "instance": 0}}
:::MLLOG {"namespace": "", "time_ms": 1663283333414, "event_type": "INTERVAL_START", "key": "eval_start", "value": null, "metadata": {"file": "/lus/grand/projects/datascience/hzheng/mlperf-2022/optimized-hpc/cosmoflow/pytorch/trainer.py", "lineno": 179, "epoch_num": 13, "instance": 0}}
:::MLLOG {"namespace": "", "time_ms": 1663283334303, "event_type": "INTERVAL_START", "key": "eval_stop", "value": null, "metadata": {"file": "/lus/grand/projects/datascience/hzheng/mlperf-2022/optimized-hpc/cosmoflow/pytorch/trainer.py", "lineno": 183, "epoch_num": 13, "instance": 0}}
:::MLLOG {"namespace": "", "time_ms": 1663283334303, "event_type": "INTERVAL_END", "key": "epoch_stop", "value": null, "metadata": {"file": "/lus/grand/projects/datascience/hzheng/mlperf-2022/optimized-hpc/cosmoflow/pytorch/utils/utils.py", "lineno": 214, "epoch_num": 13, "training_epoch_latency": 221567.296875, "eval_epoch_latency": 888.5504760742188, "instance": 0}}
:::MLLOG {"namespace": "", "time_ms": 1663283334304, "event_type": "POINT_IN_TIME", "key": "tracked_stats", "value": {"throughput": 2366.269785273337}, "metadata": {"file": "/lus/grand/projects/datascience/hzheng/mlperf-2022/optimized-hpc/cosmoflow/pytorch/trainer.py", "lineno": 192, "epoch_num": 13, "step": 12, "instance": 0}}
:::MLLOG {"namespace": "", "time_ms": 1663283334304, "event_type": "POINT_IN_TIME", "key": "eval_error", "value": 0.18954825401306152, "metadata": {"file": "/lus/grand/projects/datascience/hzheng/mlperf-2022/optimized-hpc/cosmoflow/pytorch/trainer.py", "lineno": 197, "epoch_num": 13, "instance": 0}}
:::MLLOG {"namespace": "", "time_ms": 1663283334304, "event_type": "INTERVAL_START", "key": "epoch_start", "value": null, "metadata": {"file": "/lus/grand/projects/datascience/hzheng/mlperf-2022/optimized-hpc/cosmoflow/pytorch/trainer.py", "lineno": 172, "epoch_num": 14, "lr": [0.012], "instance": 0}}
:::MLLOG {"namespace": "", "time_ms": 1663283555630, "event_type": "INTERVAL_START", "key": "eval_start", "value": null, "metadata": {"file": "/lus/grand/projects/datascience/hzheng/mlperf-2022/optimized-hpc/cosmoflow/pytorch/trainer.py", "lineno": 179, "epoch_num": 14, "instance": 0}}
:::MLLOG {"namespace": "", "time_ms": 1663283556492, "event_type": "INTERVAL_START", "key": "eval_stop", "value": null, "metadata": {"file": "/lus/grand/projects/datascience/hzheng/mlperf-2022/optimized-hpc/cosmoflow/pytorch/trainer.py", "lineno": 183, "epoch_num": 14, "instance": 0}}
:::MLLOG {"namespace": "", "time_ms": 1663283556493, "event_type": "INTERVAL_END", "key": "epoch_stop", "value": null, "metadata": {"file": "/lus/grand/projects/datascience/hzheng/mlperf-2022/optimized-hpc/cosmoflow/pytorch/utils/utils.py", "lineno": 214, "epoch_num": 14, "training_epoch_latency": 221327.046875, "eval_epoch_latency": 861.4205322265625, "instance": 0}}
:::MLLOG {"namespace": "", "time_ms": 1663283556493, "event_type": "POINT_IN_TIME", "key": "tracked_stats", "value": {"throughput": 2368.838365679296}, "metadata": {"file": "/lus/grand/projects/datascience/hzheng/mlperf-2022/optimized-hpc/cosmoflow/pytorch/trainer.py", "lineno": 192, "epoch_num": 14, "step": 13, "instance": 0}}
:::MLLOG {"namespace": "", "time_ms": 1663283556493, "event_type": "POINT_IN_TIME", "key": "eval_error", "value": 0.15177668631076813, "metadata": {"file": "/lus/grand/projects/datascience/hzheng/mlperf-2022/optimized-hpc/cosmoflow/pytorch/trainer.py", "lineno": 197, "epoch_num": 14, "instance": 0}}
:::MLLOG {"namespace": "", "time_ms": 1663283556493, "event_type": "INTERVAL_START", "key": "epoch_start", "value": null, "metadata": {"file": "/lus/grand/projects/datascience/hzheng/mlperf-2022/optimized-hpc/cosmoflow/pytorch/trainer.py", "lineno": 172, "epoch_num": 15, "lr": [0.012], "instance": 0}}
:::MLLOG {"namespace": "", "time_ms": 1663283777133, "event_type": "INTERVAL_START", "key": "eval_start", "value": null, "metadata": {"file": "/lus/grand/projects/datascience/hzheng/mlperf-2022/optimized-hpc/cosmoflow/pytorch/trainer.py", "lineno": 179, "epoch_num": 15, "instance": 0}}
:::MLLOG {"namespace": "", "time_ms": 1663283777995, "event_type": "INTERVAL_START", "key": "eval_stop", "value": null, "metadata": {"file": "/lus/grand/projects/datascience/hzheng/mlperf-2022/optimized-hpc/cosmoflow/pytorch/trainer.py", "lineno": 183, "epoch_num": 15, "instance": 0}}
:::MLLOG {"namespace": "", "time_ms": 1663283777996, "event_type": "INTERVAL_END", "key": "epoch_stop", "value": null, "metadata": {"file": "/lus/grand/projects/datascience/hzheng/mlperf-2022/optimized-hpc/cosmoflow/pytorch/utils/utils.py", "lineno": 214, "epoch_num": 15, "training_epoch_latency": 220640.546875, "eval_epoch_latency": 861.4840698242188, "instance": 0}}
:::MLLOG {"namespace": "", "time_ms": 1663283777996, "event_type": "POINT_IN_TIME", "key": "tracked_stats", "value": {"throughput": 2376.2087586604202}, "metadata": {"file": "/lus/grand/projects/datascience/hzheng/mlperf-2022/optimized-hpc/cosmoflow/pytorch/trainer.py", "lineno": 192, "epoch_num": 15, "step": 14, "instance": 0}}
:::MLLOG {"namespace": "", "time_ms": 1663283777996, "event_type": "POINT_IN_TIME", "key": "eval_error", "value": 0.1691068559885025, "metadata": {"file": "/lus/grand/projects/datascience/hzheng/mlperf-2022/optimized-hpc/cosmoflow/pytorch/trainer.py", "lineno": 197, "epoch_num": 15, "instance": 0}}
:::MLLOG {"namespace": "", "time_ms": 1663283777996, "event_type": "INTERVAL_START", "key": "epoch_start", "value": null, "metadata": {"file": "/lus/grand/projects/datascience/hzheng/mlperf-2022/optimized-hpc/cosmoflow/pytorch/trainer.py", "lineno": 172, "epoch_num": 16, "lr": [0.012], "instance": 0}}
:::MLLOG {"namespace": "", "time_ms": 1663283999330, "event_type": "INTERVAL_START", "key": "eval_start", "value": null, "metadata": {"file": "/lus/grand/projects/datascience/hzheng/mlperf-2022/optimized-hpc/cosmoflow/pytorch/trainer.py", "lineno": 179, "epoch_num": 16, "instance": 0}}
:::MLLOG {"namespace": "", "time_ms": 1663284000211, "event_type": "INTERVAL_START", "key": "eval_stop", "value": null, "metadata": {"file": "/lus/grand/projects/datascience/hzheng/mlperf-2022/optimized-hpc/cosmoflow/pytorch/trainer.py", "lineno": 183, "epoch_num": 16, "instance": 0}}
:::MLLOG {"namespace": "", "time_ms": 1663284000212, "event_type": "INTERVAL_END", "key": "epoch_stop", "value": null, "metadata": {"file": "/lus/grand/projects/datascience/hzheng/mlperf-2022/optimized-hpc/cosmoflow/pytorch/utils/utils.py", "lineno": 214, "epoch_num": 16, "training_epoch_latency": 221333.828125, "eval_epoch_latency": 880.8731079101562, "instance": 0}}
:::MLLOG {"namespace": "", "time_ms": 1663284000212, "event_type": "POINT_IN_TIME", "key": "tracked_stats", "value": {"throughput": 2368.765788950726}, "metadata": {"file": "/lus/grand/projects/datascience/hzheng/mlperf-2022/optimized-hpc/cosmoflow/pytorch/trainer.py", "lineno": 192, "epoch_num": 16, "step": 15, "instance": 0}}
:::MLLOG {"namespace": "", "time_ms": 1663284000212, "event_type": "POINT_IN_TIME", "key": "eval_error", "value": 0.16444508731365204, "metadata": {"file": "/lus/grand/projects/datascience/hzheng/mlperf-2022/optimized-hpc/cosmoflow/pytorch/trainer.py", "lineno": 197, "epoch_num": 16, "instance": 0}}
:::MLLOG {"namespace": "", "time_ms": 1663284000213, "event_type": "INTERVAL_START", "key": "epoch_start", "value": null, "metadata": {"file": "/lus/grand/projects/datascience/hzheng/mlperf-2022/optimized-hpc/cosmoflow/pytorch/trainer.py", "lineno": 172, "epoch_num": 17, "lr": [0.012], "instance": 0}}
:::MLLOG {"namespace": "", "time_ms": 1663284223272, "event_type": "INTERVAL_START", "key": "eval_start", "value": null, "metadata": {"file": "/lus/grand/projects/datascience/hzheng/mlperf-2022/optimized-hpc/cosmoflow/pytorch/trainer.py", "lineno": 179, "epoch_num": 17, "instance": 0}}
:::MLLOG {"namespace": "", "time_ms": 1663284225305, "event_type": "INTERVAL_START", "key": "eval_stop", "value": null, "metadata": {"file": "/lus/grand/projects/datascience/hzheng/mlperf-2022/optimized-hpc/cosmoflow/pytorch/trainer.py", "lineno": 183, "epoch_num": 17, "instance": 0}}
:::MLLOG {"namespace": "", "time_ms": 1663284225306, "event_type": "INTERVAL_END", "key": "epoch_stop", "value": null, "metadata": {"file": "/lus/grand/projects/datascience/hzheng/mlperf-2022/optimized-hpc/cosmoflow/pytorch/utils/utils.py", "lineno": 214, "epoch_num": 17, "training_epoch_latency": 223060.109375, "eval_epoch_latency": 2032.3299560546875, "instance": 0}}
:::MLLOG {"namespace": "", "time_ms": 1663284225306, "event_type": "POINT_IN_TIME", "key": "tracked_stats", "value": {"throughput": 2350.4337080664986}, "metadata": {"file": "/lus/grand/projects/datascience/hzheng/mlperf-2022/optimized-hpc/cosmoflow/pytorch/trainer.py", "lineno": 192, "epoch_num": 17, "step": 16, "instance": 0}}
:::MLLOG {"namespace": "", "time_ms": 1663284225306, "event_type": "POINT_IN_TIME", "key": "eval_error", "value": 0.1457885354757309, "metadata": {"file": "/lus/grand/projects/datascience/hzheng/mlperf-2022/optimized-hpc/cosmoflow/pytorch/trainer.py", "lineno": 197, "epoch_num": 17, "instance": 0}}
:::MLLOG {"namespace": "", "time_ms": 1663284225306, "event_type": "INTERVAL_START", "key": "epoch_start", "value": null, "metadata": {"file": "/lus/grand/projects/datascience/hzheng/mlperf-2022/optimized-hpc/cosmoflow/pytorch/trainer.py", "lineno": 172, "epoch_num": 18, "lr": [0.012], "instance": 0}}
:::MLLOG {"namespace": "", "time_ms": 1663284449702, "event_type": "INTERVAL_START", "key": "eval_start", "value": null, "metadata": {"file": "/lus/grand/projects/datascience/hzheng/mlperf-2022/optimized-hpc/cosmoflow/pytorch/trainer.py", "lineno": 179, "epoch_num": 18, "instance": 0}}
:::MLLOG {"namespace": "", "time_ms": 1663284451186, "event_type": "INTERVAL_START", "key": "eval_stop", "value": null, "metadata": {"file": "/lus/grand/projects/datascience/hzheng/mlperf-2022/optimized-hpc/cosmoflow/pytorch/trainer.py", "lineno": 183, "epoch_num": 18, "instance": 0}}
:::MLLOG {"namespace": "", "time_ms": 1663284451186, "event_type": "INTERVAL_END", "key": "epoch_stop", "value": null, "metadata": {"file": "/lus/grand/projects/datascience/hzheng/mlperf-2022/optimized-hpc/cosmoflow/pytorch/utils/utils.py", "lineno": 214, "epoch_num": 18, "training_epoch_latency": 224396.3125, "eval_epoch_latency": 1434.591064453125, "instance": 0}}
:::MLLOG {"namespace": "", "time_ms": 1663284451187, "event_type": "POINT_IN_TIME", "key": "tracked_stats", "value": {"throughput": 2336.437680989076}, "metadata": {"file": "/lus/grand/projects/datascience/hzheng/mlperf-2022/optimized-hpc/cosmoflow/pytorch/trainer.py", "lineno": 192, "epoch_num": 18, "step": 17, "instance": 0}}
:::MLLOG {"namespace": "", "time_ms": 1663284451187, "event_type": "POINT_IN_TIME", "key": "eval_error", "value": 0.15285511314868927, "metadata": {"file": "/lus/grand/projects/datascience/hzheng/mlperf-2022/optimized-hpc/cosmoflow/pytorch/trainer.py", "lineno": 197, "epoch_num": 18, "instance": 0}}
:::MLLOG {"namespace": "", "time_ms": 1663284451187, "event_type": "INTERVAL_START", "key": "epoch_start", "value": null, "metadata": {"file": "/lus/grand/projects/datascience/hzheng/mlperf-2022/optimized-hpc/cosmoflow/pytorch/trainer.py", "lineno": 172, "epoch_num": 19, "lr": [0.012], "instance": 0}}
:::MLLOG {"namespace": "", "time_ms": 1663284672169, "event_type": "INTERVAL_START", "key": "eval_start", "value": null, "metadata": {"file": "/lus/grand/projects/datascience/hzheng/mlperf-2022/optimized-hpc/cosmoflow/pytorch/trainer.py", "lineno": 179, "epoch_num": 19, "instance": 0}}
:::MLLOG {"namespace": "", "time_ms": 1663284673157, "event_type": "INTERVAL_START", "key": "eval_stop", "value": null, "metadata": {"file": "/lus/grand/projects/datascience/hzheng/mlperf-2022/optimized-hpc/cosmoflow/pytorch/trainer.py", "lineno": 183, "epoch_num": 19, "instance": 0}}
:::MLLOG {"namespace": "", "time_ms": 1663284673158, "event_type": "INTERVAL_END", "key": "epoch_stop", "value": null, "metadata": {"file": "/lus/grand/projects/datascience/hzheng/mlperf-2022/optimized-hpc/cosmoflow/pytorch/utils/utils.py", "lineno": 214, "epoch_num": 19, "training_epoch_latency": 220982.421875, "eval_epoch_latency": 987.2579345703125, "instance": 0}}
:::MLLOG {"namespace": "", "time_ms": 1663284673158, "event_type": "POINT_IN_TIME", "key": "tracked_stats", "value": {"throughput": 2372.532600337626}, "metadata": {"file": "/lus/grand/projects/datascience/hzheng/mlperf-2022/optimized-hpc/cosmoflow/pytorch/trainer.py", "lineno": 192, "epoch_num": 19, "step": 18, "instance": 0}}
:::MLLOG {"namespace": "", "time_ms": 1663284673158, "event_type": "POINT_IN_TIME", "key": "eval_error", "value": 0.13823342323303223, "metadata": {"file": "/lus/grand/projects/datascience/hzheng/mlperf-2022/optimized-hpc/cosmoflow/pytorch/trainer.py", "lineno": 197, "epoch_num": 19, "instance": 0}}
:::MLLOG {"namespace": "", "time_ms": 1663284673158, "event_type": "INTERVAL_START", "key": "epoch_start", "value": null, "metadata": {"file": "/lus/grand/projects/datascience/hzheng/mlperf-2022/optimized-hpc/cosmoflow/pytorch/trainer.py", "lineno": 172, "epoch_num": 20, "lr": [0.012], "instance": 0}}
:::MLLOG {"namespace": "", "time_ms": 1663284894461, "event_type": "INTERVAL_START", "key": "eval_start", "value": null, "metadata": {"file": "/lus/grand/projects/datascience/hzheng/mlperf-2022/optimized-hpc/cosmoflow/pytorch/trainer.py", "lineno": 179, "epoch_num": 20, "instance": 0}}
:::MLLOG {"namespace": "", "time_ms": 1663284895468, "event_type": "INTERVAL_START", "key": "eval_stop", "value": null, "metadata": {"file": "/lus/grand/projects/datascience/hzheng/mlperf-2022/optimized-hpc/cosmoflow/pytorch/trainer.py", "lineno": 183, "epoch_num": 20, "instance": 0}}
:::MLLOG {"namespace": "", "time_ms": 1663284895469, "event_type": "INTERVAL_END", "key": "epoch_stop", "value": null, "metadata": {"file": "/lus/grand/projects/datascience/hzheng/mlperf-2022/optimized-hpc/cosmoflow/pytorch/utils/utils.py", "lineno": 214, "epoch_num": 20, "training_epoch_latency": 221303.5, "eval_epoch_latency": 1006.6426391601562, "instance": 0}}
:::MLLOG {"namespace": "", "time_ms": 1663284895469, "event_type": "POINT_IN_TIME", "key": "tracked_stats", "value": {"throughput": 2369.0904120359596}, "metadata": {"file": "/lus/grand/projects/datascience/hzheng/mlperf-2022/optimized-hpc/cosmoflow/pytorch/trainer.py", "lineno": 192, "epoch_num": 20, "step": 19, "instance": 0}}
:::MLLOG {"namespace": "", "time_ms": 1663284895469, "event_type": "POINT_IN_TIME", "key": "eval_error", "value": 0.1368390917778015, "metadata": {"file": "/lus/grand/projects/datascience/hzheng/mlperf-2022/optimized-hpc/cosmoflow/pytorch/trainer.py", "lineno": 197, "epoch_num": 20, "instance": 0}}
:::MLLOG {"namespace": "", "time_ms": 1663284895469, "event_type": "INTERVAL_START", "key": "epoch_start", "value": null, "metadata": {"file": "/lus/grand/projects/datascience/hzheng/mlperf-2022/optimized-hpc/cosmoflow/pytorch/trainer.py", "lineno": 172, "epoch_num": 21, "lr": [0.012], "instance": 0}}
:::MLLOG {"namespace": "", "time_ms": 1663285117041, "event_type": "INTERVAL_START", "key": "eval_start", "value": null, "metadata": {"file": "/lus/grand/projects/datascience/hzheng/mlperf-2022/optimized-hpc/cosmoflow/pytorch/trainer.py", "lineno": 179, "epoch_num": 21, "instance": 0}}
:::MLLOG {"namespace": "", "time_ms": 1663285117993, "event_type": "INTERVAL_START", "key": "eval_stop", "value": null, "metadata": {"file": "/lus/grand/projects/datascience/hzheng/mlperf-2022/optimized-hpc/cosmoflow/pytorch/trainer.py", "lineno": 183, "epoch_num": 21, "instance": 0}}
:::MLLOG {"namespace": "", "time_ms": 1663285117994, "event_type": "INTERVAL_END", "key": "epoch_stop", "value": null, "metadata": {"file": "/lus/grand/projects/datascience/hzheng/mlperf-2022/optimized-hpc/cosmoflow/pytorch/utils/utils.py", "lineno": 214, "epoch_num": 21, "training_epoch_latency": 221572.5, "eval_epoch_latency": 951.253662109375, "instance": 0}}
:::MLLOG {"namespace": "", "time_ms": 1663285117994, "event_type": "POINT_IN_TIME", "key": "tracked_stats", "value": {"throughput": 2366.214218822282}, "metadata": {"file": "/lus/grand/projects/datascience/hzheng/mlperf-2022/optimized-hpc/cosmoflow/pytorch/trainer.py", "lineno": 192, "epoch_num": 21, "step": 20, "instance": 0}}
:::MLLOG {"namespace": "", "time_ms": 1663285117994, "event_type": "POINT_IN_TIME", "key": "eval_error", "value": 0.1643097996711731, "metadata": {"file": "/lus/grand/projects/datascience/hzheng/mlperf-2022/optimized-hpc/cosmoflow/pytorch/trainer.py", "lineno": 197, "epoch_num": 21, "instance": 0}}
:::MLLOG {"namespace": "", "time_ms": 1663285117994, "event_type": "INTERVAL_START", "key": "epoch_start", "value": null, "metadata": {"file": "/lus/grand/projects/datascience/hzheng/mlperf-2022/optimized-hpc/cosmoflow/pytorch/trainer.py", "lineno": 172, "epoch_num": 22, "lr": [0.012], "instance": 0}}
:::MLLOG {"namespace": "", "time_ms": 1663285339070, "event_type": "INTERVAL_START", "key": "eval_start", "value": null, "metadata": {"file": "/lus/grand/projects/datascience/hzheng/mlperf-2022/optimized-hpc/cosmoflow/pytorch/trainer.py", "lineno": 179, "epoch_num": 22, "instance": 0}}
:::MLLOG {"namespace": "", "time_ms": 1663285340066, "event_type": "INTERVAL_START", "key": "eval_stop", "value": null, "metadata": {"file": "/lus/grand/projects/datascience/hzheng/mlperf-2022/optimized-hpc/cosmoflow/pytorch/trainer.py", "lineno": 183, "epoch_num": 22, "instance": 0}}
:::MLLOG {"namespace": "", "time_ms": 1663285340067, "event_type": "INTERVAL_END", "key": "epoch_stop", "value": null, "metadata": {"file": "/lus/grand/projects/datascience/hzheng/mlperf-2022/optimized-hpc/cosmoflow/pytorch/utils/utils.py", "lineno": 214, "epoch_num": 22, "training_epoch_latency": 221076.3125, "eval_epoch_latency": 995.851806640625, "instance": 0}}
:::MLLOG {"namespace": "", "time_ms": 1663285340067, "event_type": "POINT_IN_TIME", "key": "tracked_stats", "value": {"throughput": 2371.5249909462823}, "metadata": {"file": "/lus/grand/projects/datascience/hzheng/mlperf-2022/optimized-hpc/cosmoflow/pytorch/trainer.py", "lineno": 192, "epoch_num": 22, "step": 21, "instance": 0}}
:::MLLOG {"namespace": "", "time_ms": 1663285340067, "event_type": "POINT_IN_TIME", "key": "eval_error", "value": 0.1472557783126831, "metadata": {"file": "/lus/grand/projects/datascience/hzheng/mlperf-2022/optimized-hpc/cosmoflow/pytorch/trainer.py", "lineno": 197, "epoch_num": 22, "instance": 0}}
:::MLLOG {"namespace": "", "time_ms": 1663285340067, "event_type": "INTERVAL_START", "key": "epoch_start", "value": null, "metadata": {"file": "/lus/grand/projects/datascience/hzheng/mlperf-2022/optimized-hpc/cosmoflow/pytorch/trainer.py", "lineno": 172, "epoch_num": 23, "lr": [0.012], "instance": 0}}
:::MLLOG {"namespace": "", "time_ms": 1663285560289, "event_type": "INTERVAL_START", "key": "eval_start", "value": null, "metadata": {"file": "/lus/grand/projects/datascience/hzheng/mlperf-2022/optimized-hpc/cosmoflow/pytorch/trainer.py", "lineno": 179, "epoch_num": 23, "instance": 0}}
:::MLLOG {"namespace": "", "time_ms": 1663285561253, "event_type": "INTERVAL_START", "key": "eval_stop", "value": null, "metadata": {"file": "/lus/grand/projects/datascience/hzheng/mlperf-2022/optimized-hpc/cosmoflow/pytorch/trainer.py", "lineno": 183, "epoch_num": 23, "instance": 0}}
:::MLLOG {"namespace": "", "time_ms": 1663285561253, "event_type": "INTERVAL_END", "key": "epoch_stop", "value": null, "metadata": {"file": "/lus/grand/projects/datascience/hzheng/mlperf-2022/optimized-hpc/cosmoflow/pytorch/utils/utils.py", "lineno": 214, "epoch_num": 23, "training_epoch_latency": 220222.359375, "eval_epoch_latency": 963.4025268554688, "instance": 0}}
:::MLLOG {"namespace": "", "time_ms": 1663285561254, "event_type": "POINT_IN_TIME", "key": "tracked_stats", "value": {"throughput": 2380.7210198271905}, "metadata": {"file": "/lus/grand/projects/datascience/hzheng/mlperf-2022/optimized-hpc/cosmoflow/pytorch/trainer.py", "lineno": 192, "epoch_num": 23, "step": 22, "instance": 0}}
:::MLLOG {"namespace": "", "time_ms": 1663285561254, "event_type": "POINT_IN_TIME", "key": "eval_error", "value": 0.14624668657779694, "metadata": {"file": "/lus/grand/projects/datascience/hzheng/mlperf-2022/optimized-hpc/cosmoflow/pytorch/trainer.py", "lineno": 197, "epoch_num": 23, "instance": 0}}
:::MLLOG {"namespace": "", "time_ms": 1663285561254, "event_type": "INTERVAL_START", "key": "epoch_start", "value": null, "metadata": {"file": "/lus/grand/projects/datascience/hzheng/mlperf-2022/optimized-hpc/cosmoflow/pytorch/trainer.py", "lineno": 172, "epoch_num": 24, "lr": [0.012], "instance": 0}}
:::MLLOG {"namespace": "", "time_ms": 1663285783061, "event_type": "INTERVAL_START", "key": "eval_start", "value": null, "metadata": {"file": "/lus/grand/projects/datascience/hzheng/mlperf-2022/optimized-hpc/cosmoflow/pytorch/trainer.py", "lineno": 179, "epoch_num": 24, "instance": 0}}
:::MLLOG {"namespace": "", "time_ms": 1663285784110, "event_type": "INTERVAL_START", "key": "eval_stop", "value": null, "metadata": {"file": "/lus/grand/projects/datascience/hzheng/mlperf-2022/optimized-hpc/cosmoflow/pytorch/trainer.py", "lineno": 183, "epoch_num": 24, "instance": 0}}
:::MLLOG {"namespace": "", "time_ms": 1663285784111, "event_type": "INTERVAL_END", "key": "epoch_stop", "value": null, "metadata": {"file": "/lus/grand/projects/datascience/hzheng/mlperf-2022/optimized-hpc/cosmoflow/pytorch/utils/utils.py", "lineno": 214, "epoch_num": 24, "training_epoch_latency": 221807.9375, "eval_epoch_latency": 1048.631103515625, "instance": 0}}
:::MLLOG {"namespace": "", "time_ms": 1663285784111, "event_type": "POINT_IN_TIME", "key": "tracked_stats", "value": {"throughput": 2363.7026064497804}, "metadata": {"file": "/lus/grand/projects/datascience/hzheng/mlperf-2022/optimized-hpc/cosmoflow/pytorch/trainer.py", "lineno": 192, "epoch_num": 24, "step": 23, "instance": 0}}
:::MLLOG {"namespace": "", "time_ms": 1663285784111, "event_type": "POINT_IN_TIME", "key": "eval_error", "value": 0.1419963538646698, "metadata": {"file": "/lus/grand/projects/datascience/hzheng/mlperf-2022/optimized-hpc/cosmoflow/pytorch/trainer.py", "lineno": 197, "epoch_num": 24, "instance": 0}}
:::MLLOG {"namespace": "", "time_ms": 1663285784111, "event_type": "INTERVAL_START", "key": "epoch_start", "value": null, "metadata": {"file": "/lus/grand/projects/datascience/hzheng/mlperf-2022/optimized-hpc/cosmoflow/pytorch/trainer.py", "lineno": 172, "epoch_num": 25, "lr": [0.012], "instance": 0}}
:::MLLOG {"namespace": "", "time_ms": 1663286005613, "event_type": "INTERVAL_START", "key": "eval_start", "value": null, "metadata": {"file": "/lus/grand/projects/datascience/hzheng/mlperf-2022/optimized-hpc/cosmoflow/pytorch/trainer.py", "lineno": 179, "epoch_num": 25, "instance": 0}}
:::MLLOG {"namespace": "", "time_ms": 1663286006601, "event_type": "INTERVAL_START", "key": "eval_stop", "value": null, "metadata": {"file": "/lus/grand/projects/datascience/hzheng/mlperf-2022/optimized-hpc/cosmoflow/pytorch/trainer.py", "lineno": 183, "epoch_num": 25, "instance": 0}}
:::MLLOG {"namespace": "", "time_ms": 1663286006602, "event_type": "INTERVAL_END", "key": "epoch_stop", "value": null, "metadata": {"file": "/lus/grand/projects/datascience/hzheng/mlperf-2022/optimized-hpc/cosmoflow/pytorch/utils/utils.py", "lineno": 214, "epoch_num": 25, "training_epoch_latency": 221502.5, "eval_epoch_latency": 987.4558715820312, "instance": 0}}
:::MLLOG {"namespace": "", "time_ms": 1663286006602, "event_type": "POINT_IN_TIME", "key": "tracked_stats", "value": {"throughput": 2366.961998171578}, "metadata": {"file": "/lus/grand/projects/datascience/hzheng/mlperf-2022/optimized-hpc/cosmoflow/pytorch/trainer.py", "lineno": 192, "epoch_num": 25, "step": 24, "instance": 0}}
:::MLLOG {"namespace": "", "time_ms": 1663286006602, "event_type": "POINT_IN_TIME", "key": "eval_error", "value": 0.15705761313438416, "metadata": {"file": "/lus/grand/projects/datascience/hzheng/mlperf-2022/optimized-hpc/cosmoflow/pytorch/trainer.py", "lineno": 197, "epoch_num": 25, "instance": 0}}
:::MLLOG {"namespace": "", "time_ms": 1663286006602, "event_type": "INTERVAL_START", "key": "epoch_start", "value": null, "metadata": {"file": "/lus/grand/projects/datascience/hzheng/mlperf-2022/optimized-hpc/cosmoflow/pytorch/trainer.py", "lineno": 172, "epoch_num": 26, "lr": [0.012], "instance": 0}}
:::MLLOG {"namespace": "", "time_ms": 1663286228741, "event_type": "INTERVAL_START", "key": "eval_start", "value": null, "metadata": {"file": "/lus/grand/projects/datascience/hzheng/mlperf-2022/optimized-hpc/cosmoflow/pytorch/trainer.py", "lineno": 179, "epoch_num": 26, "instance": 0}}
:::MLLOG {"namespace": "", "time_ms": 1663286229605, "event_type": "INTERVAL_START", "key": "eval_stop", "value": null, "metadata": {"file": "/lus/grand/projects/datascience/hzheng/mlperf-2022/optimized-hpc/cosmoflow/pytorch/trainer.py", "lineno": 183, "epoch_num": 26, "instance": 0}}
:::MLLOG {"namespace": "", "time_ms": 1663286229605, "event_type": "INTERVAL_END", "key": "epoch_stop", "value": null, "metadata": {"file": "/lus/grand/projects/datascience/hzheng/mlperf-2022/optimized-hpc/cosmoflow/pytorch/utils/utils.py", "lineno": 214, "epoch_num": 26, "training_epoch_latency": 222139.609375, "eval_epoch_latency": 863.4146728515625, "instance": 0}}
:::MLLOG {"namespace": "", "time_ms": 1663286229606, "event_type": "POINT_IN_TIME", "key": "tracked_stats", "value": {"throughput": 2360.1734129051024}, "metadata": {"file": "/lus/grand/projects/datascience/hzheng/mlperf-2022/optimized-hpc/cosmoflow/pytorch/trainer.py", "lineno": 192, "epoch_num": 26, "step": 25, "instance": 0}}
:::MLLOG {"namespace": "", "time_ms": 1663286229606, "event_type": "POINT_IN_TIME", "key": "eval_error", "value": 0.13420359790325165, "metadata": {"file": "/lus/grand/projects/datascience/hzheng/mlperf-2022/optimized-hpc/cosmoflow/pytorch/trainer.py", "lineno": 197, "epoch_num": 26, "instance": 0}}
:::MLLOG {"namespace": "", "time_ms": 1663286229606, "event_type": "INTERVAL_START", "key": "epoch_start", "value": null, "metadata": {"file": "/lus/grand/projects/datascience/hzheng/mlperf-2022/optimized-hpc/cosmoflow/pytorch/trainer.py", "lineno": 172, "epoch_num": 27, "lr": [0.012], "instance": 0}}
:::MLLOG {"namespace": "", "time_ms": 1663286451322, "event_type": "INTERVAL_START", "key": "eval_start", "value": null, "metadata": {"file": "/lus/grand/projects/datascience/hzheng/mlperf-2022/optimized-hpc/cosmoflow/pytorch/trainer.py", "lineno": 179, "epoch_num": 27, "instance": 0}}
:::MLLOG {"namespace": "", "time_ms": 1663286452197, "event_type": "INTERVAL_START", "key": "eval_stop", "value": null, "metadata": {"file": "/lus/grand/projects/datascience/hzheng/mlperf-2022/optimized-hpc/cosmoflow/pytorch/trainer.py", "lineno": 183, "epoch_num": 27, "instance": 0}}
:::MLLOG {"namespace": "", "time_ms": 1663286452198, "event_type": "INTERVAL_END", "key": "epoch_stop", "value": null, "metadata": {"file": "/lus/grand/projects/datascience/hzheng/mlperf-2022/optimized-hpc/cosmoflow/pytorch/utils/utils.py", "lineno": 214, "epoch_num": 27, "training_epoch_latency": 221716.25, "eval_epoch_latency": 874.935791015625, "instance": 0}}
:::MLLOG {"namespace": "", "time_ms": 1663286452198, "event_type": "POINT_IN_TIME", "key": "tracked_stats", "value": {"throughput": 2364.680080959334}, "metadata": {"file": "/lus/grand/projects/datascience/hzheng/mlperf-2022/optimized-hpc/cosmoflow/pytorch/trainer.py", "lineno": 192, "epoch_num": 27, "step": 26, "instance": 0}}
:::MLLOG {"namespace": "", "time_ms": 1663286452198, "event_type": "POINT_IN_TIME", "key": "eval_error", "value": 0.16981685161590576, "metadata": {"file": "/lus/grand/projects/datascience/hzheng/mlperf-2022/optimized-hpc/cosmoflow/pytorch/trainer.py", "lineno": 197, "epoch_num": 27, "instance": 0}}
:::MLLOG {"namespace": "", "time_ms": 1663286452198, "event_type": "INTERVAL_START", "key": "epoch_start", "value": null, "metadata": {"file": "/lus/grand/projects/datascience/hzheng/mlperf-2022/optimized-hpc/cosmoflow/pytorch/trainer.py", "lineno": 172, "epoch_num": 28, "lr": [0.012], "instance": 0}}
:::MLLOG {"namespace": "", "time_ms": 1663286677202, "event_type": "INTERVAL_START", "key": "eval_start", "value": null, "metadata": {"file": "/lus/grand/projects/datascience/hzheng/mlperf-2022/optimized-hpc/cosmoflow/pytorch/trainer.py", "lineno": 179, "epoch_num": 28, "instance": 0}}
:::MLLOG {"namespace": "", "time_ms": 1663286678484, "event_type": "INTERVAL_START", "key": "eval_stop", "value": null, "metadata": {"file": "/lus/grand/projects/datascience/hzheng/mlperf-2022/optimized-hpc/cosmoflow/pytorch/trainer.py", "lineno": 183, "epoch_num": 28, "instance": 0}}
:::MLLOG {"namespace": "", "time_ms": 1663286678484, "event_type": "INTERVAL_END", "key": "epoch_stop", "value": null, "metadata": {"file": "/lus/grand/projects/datascience/hzheng/mlperf-2022/optimized-hpc/cosmoflow/pytorch/utils/utils.py", "lineno": 214, "epoch_num": 28, "training_epoch_latency": 225004.71875, "eval_epoch_latency": 1280.77978515625, "instance": 0}}
:::MLLOG {"namespace": "", "time_ms": 1663286678484, "event_type": "POINT_IN_TIME", "key": "tracked_stats", "value": {"throughput": 2330.120021094002}, "metadata": {"file": "/lus/grand/projects/datascience/hzheng/mlperf-2022/optimized-hpc/cosmoflow/pytorch/trainer.py", "lineno": 192, "epoch_num": 28, "step": 27, "instance": 0}}
:::MLLOG {"namespace": "", "time_ms": 1663286678484, "event_type": "POINT_IN_TIME", "key": "eval_error", "value": 0.15066175162792206, "metadata": {"file": "/lus/grand/projects/datascience/hzheng/mlperf-2022/optimized-hpc/cosmoflow/pytorch/trainer.py", "lineno": 197, "epoch_num": 28, "instance": 0}}
:::MLLOG {"namespace": "", "time_ms": 1663286678485, "event_type": "INTERVAL_START", "key": "epoch_start", "value": null, "metadata": {"file": "/lus/grand/projects/datascience/hzheng/mlperf-2022/optimized-hpc/cosmoflow/pytorch/trainer.py", "lineno": 172, "epoch_num": 29, "lr": [0.012], "instance": 0}}
:::MLLOG {"namespace": "", "time_ms": 1663286900623, "event_type": "INTERVAL_START", "key": "eval_start", "value": null, "metadata": {"file": "/lus/grand/projects/datascience/hzheng/mlperf-2022/optimized-hpc/cosmoflow/pytorch/trainer.py", "lineno": 179, "epoch_num": 29, "instance": 0}}
:::MLLOG {"namespace": "", "time_ms": 1663286901669, "event_type": "INTERVAL_START", "key": "eval_stop", "value": null, "metadata": {"file": "/lus/grand/projects/datascience/hzheng/mlperf-2022/optimized-hpc/cosmoflow/pytorch/trainer.py", "lineno": 183, "epoch_num": 29, "instance": 0}}
:::MLLOG {"namespace": "", "time_ms": 1663286901669, "event_type": "INTERVAL_END", "key": "epoch_stop", "value": null, "metadata": {"file": "/lus/grand/projects/datascience/hzheng/mlperf-2022/optimized-hpc/cosmoflow/pytorch/utils/utils.py", "lineno": 214, "epoch_num": 29, "training_epoch_latency": 222138.71875, "eval_epoch_latency": 1045.903564453125, "instance": 0}}
:::MLLOG {"namespace": "", "time_ms": 1663286901670, "event_type": "POINT_IN_TIME", "key": "tracked_stats", "value": {"throughput": 2360.1828755933616}, "metadata": {"file": "/lus/grand/projects/datascience/hzheng/mlperf-2022/optimized-hpc/cosmoflow/pytorch/trainer.py", "lineno": 192, "epoch_num": 29, "step": 28, "instance": 0}}
:::MLLOG {"namespace": "", "time_ms": 1663286901670, "event_type": "POINT_IN_TIME", "key": "eval_error", "value": 0.13584482669830322, "metadata": {"file": "/lus/grand/projects/datascience/hzheng/mlperf-2022/optimized-hpc/cosmoflow/pytorch/trainer.py", "lineno": 197, "epoch_num": 29, "instance": 0}}
:::MLLOG {"namespace": "", "time_ms": 1663286901670, "event_type": "INTERVAL_START", "key": "epoch_start", "value": null, "metadata": {"file": "/lus/grand/projects/datascience/hzheng/mlperf-2022/optimized-hpc/cosmoflow/pytorch/trainer.py", "lineno": 172, "epoch_num": 30, "lr": [0.012], "instance": 0}}
:::MLLOG {"namespace": "", "time_ms": 1663287124783, "event_type": "INTERVAL_START", "key": "eval_start", "value": null, "metadata": {"file": "/lus/grand/projects/datascience/hzheng/mlperf-2022/optimized-hpc/cosmoflow/pytorch/trainer.py", "lineno": 179, "epoch_num": 30, "instance": 0}}
:::MLLOG {"namespace": "", "time_ms": 1663287125811, "event_type": "INTERVAL_START", "key": "eval_stop", "value": null, "metadata": {"file": "/lus/grand/projects/datascience/hzheng/mlperf-2022/optimized-hpc/cosmoflow/pytorch/trainer.py", "lineno": 183, "epoch_num": 30, "instance": 0}}
:::MLLOG {"namespace": "", "time_ms": 1663287125811, "event_type": "INTERVAL_END", "key": "epoch_stop", "value": null, "metadata": {"file": "/lus/grand/projects/datascience/hzheng/mlperf-2022/optimized-hpc/cosmoflow/pytorch/utils/utils.py", "lineno": 214, "epoch_num": 30, "training_epoch_latency": 223113.3125, "eval_epoch_latency": 1027.3671875, "instance": 0}}
:::MLLOG {"namespace": "", "time_ms": 1663287125811, "event_type": "POINT_IN_TIME", "key": "tracked_stats", "value": {"throughput": 2349.873228653714}, "metadata": {"file": "/lus/grand/projects/datascience/hzheng/mlperf-2022/optimized-hpc/cosmoflow/pytorch/trainer.py", "lineno": 192, "epoch_num": 30, "step": 29, "instance": 0}}
:::MLLOG {"namespace": "", "time_ms": 1663287125811, "event_type": "POINT_IN_TIME", "key": "eval_error", "value": 0.14662779867649078, "metadata": {"file": "/lus/grand/projects/datascience/hzheng/mlperf-2022/optimized-hpc/cosmoflow/pytorch/trainer.py", "lineno": 197, "epoch_num": 30, "instance": 0}}
:::MLLOG {"namespace": "", "time_ms": 1663287125811, "event_type": "INTERVAL_START", "key": "epoch_start", "value": null, "metadata": {"file": "/lus/grand/projects/datascience/hzheng/mlperf-2022/optimized-hpc/cosmoflow/pytorch/trainer.py", "lineno": 172, "epoch_num": 31, "lr": [0.012], "instance": 0}}
:::MLLOG {"namespace": "", "time_ms": 1663287347515, "event_type": "INTERVAL_START", "key": "eval_start", "value": null, "metadata": {"file": "/lus/grand/projects/datascience/hzheng/mlperf-2022/optimized-hpc/cosmoflow/pytorch/trainer.py", "lineno": 179, "epoch_num": 31, "instance": 0}}
:::MLLOG {"namespace": "", "time_ms": 1663287348580, "event_type": "INTERVAL_START", "key": "eval_stop", "value": null, "metadata": {"file": "/lus/grand/projects/datascience/hzheng/mlperf-2022/optimized-hpc/cosmoflow/pytorch/trainer.py", "lineno": 183, "epoch_num": 31, "instance": 0}}
:::MLLOG {"namespace": "", "time_ms": 1663287348580, "event_type": "INTERVAL_END", "key": "epoch_stop", "value": null, "metadata": {"file": "/lus/grand/projects/datascience/hzheng/mlperf-2022/optimized-hpc/cosmoflow/pytorch/utils/utils.py", "lineno": 214, "epoch_num": 31, "training_epoch_latency": 221703.765625, "eval_epoch_latency": 1064.8148193359375, "instance": 0}}
:::MLLOG {"namespace": "", "time_ms": 1663287348580, "event_type": "POINT_IN_TIME", "key": "tracked_stats", "value": {"throughput": 2364.8132386114044}, "metadata": {"file": "/lus/grand/projects/datascience/hzheng/mlperf-2022/optimized-hpc/cosmoflow/pytorch/trainer.py", "lineno": 192, "epoch_num": 31, "step": 30, "instance": 0}}
:::MLLOG {"namespace": "", "time_ms": 1663287348581, "event_type": "POINT_IN_TIME", "key": "eval_error", "value": 0.1528702974319458, "metadata": {"file": "/lus/grand/projects/datascience/hzheng/mlperf-2022/optimized-hpc/cosmoflow/pytorch/trainer.py", "lineno": 197, "epoch_num": 31, "instance": 0}}
:::MLLOG {"namespace": "", "time_ms": 1663287348581, "event_type": "INTERVAL_START", "key": "epoch_start", "value": null, "metadata": {"file": "/lus/grand/projects/datascience/hzheng/mlperf-2022/optimized-hpc/cosmoflow/pytorch/trainer.py", "lineno": 172, "epoch_num": 32, "lr": [0.012], "instance": 0}}
:::MLLOG {"namespace": "", "time_ms": 1663287569782, "event_type": "INTERVAL_START", "key": "eval_start", "value": null, "metadata": {"file": "/lus/grand/projects/datascience/hzheng/mlperf-2022/optimized-hpc/cosmoflow/pytorch/trainer.py", "lineno": 179, "epoch_num": 32, "instance": 0}}
:::MLLOG {"namespace": "", "time_ms": 1663287570664, "event_type": "INTERVAL_START", "key": "eval_stop", "value": null, "metadata": {"file": "/lus/grand/projects/datascience/hzheng/mlperf-2022/optimized-hpc/cosmoflow/pytorch/trainer.py", "lineno": 183, "epoch_num": 32, "instance": 0}}
:::MLLOG {"namespace": "", "time_ms": 1663287570664, "event_type": "INTERVAL_END", "key": "epoch_stop", "value": null, "metadata": {"file": "/lus/grand/projects/datascience/hzheng/mlperf-2022/optimized-hpc/cosmoflow/pytorch/utils/utils.py", "lineno": 214, "epoch_num": 32, "training_epoch_latency": 221201.90625, "eval_epoch_latency": 881.2083129882812, "instance": 0}}
:::MLLOG {"namespace": "", "time_ms": 1663287570664, "event_type": "POINT_IN_TIME", "key": "tracked_stats", "value": {"throughput": 2370.178489363719}, "metadata": {"file": "/lus/grand/projects/datascience/hzheng/mlperf-2022/optimized-hpc/cosmoflow/pytorch/trainer.py", "lineno": 192, "epoch_num": 32, "step": 31, "instance": 0}}
:::MLLOG {"namespace": "", "time_ms": 1663287570665, "event_type": "POINT_IN_TIME", "key": "eval_error", "value": 0.13464252650737762, "metadata": {"file": "/lus/grand/projects/datascience/hzheng/mlperf-2022/optimized-hpc/cosmoflow/pytorch/trainer.py", "lineno": 197, "epoch_num": 32, "instance": 0}}
:::MLLOG {"namespace": "", "time_ms": 1663287570665, "event_type": "INTERVAL_START", "key": "epoch_start", "value": null, "metadata": {"file": "/lus/grand/projects/datascience/hzheng/mlperf-2022/optimized-hpc/cosmoflow/pytorch/trainer.py", "lineno": 172, "epoch_num": 33, "lr": [0.003], "instance": 0}}
:::MLLOG {"namespace": "", "time_ms": 1663287792062, "event_type": "INTERVAL_START", "key": "eval_start", "value": null, "metadata": {"file": "/lus/grand/projects/datascience/hzheng/mlperf-2022/optimized-hpc/cosmoflow/pytorch/trainer.py", "lineno": 179, "epoch_num": 33, "instance": 0}}
:::MLLOG {"namespace": "", "time_ms": 1663287792986, "event_type": "INTERVAL_START", "key": "eval_stop", "value": null, "metadata": {"file": "/lus/grand/projects/datascience/hzheng/mlperf-2022/optimized-hpc/cosmoflow/pytorch/trainer.py", "lineno": 183, "epoch_num": 33, "instance": 0}}
:::MLLOG {"namespace": "", "time_ms": 1663287792987, "event_type": "INTERVAL_END", "key": "epoch_stop", "value": null, "metadata": {"file": "/lus/grand/projects/datascience/hzheng/mlperf-2022/optimized-hpc/cosmoflow/pytorch/utils/utils.py", "lineno": 214, "epoch_num": 33, "training_epoch_latency": 221397.6875, "eval_epoch_latency": 923.9064331054688, "instance": 0}}
:::MLLOG {"namespace": "", "time_ms": 1663287792987, "event_type": "POINT_IN_TIME", "key": "tracked_stats", "value": {"throughput": 2368.0825482876826}, "metadata": {"file": "/lus/grand/projects/datascience/hzheng/mlperf-2022/optimized-hpc/cosmoflow/pytorch/trainer.py", "lineno": 192, "epoch_num": 33, "step": 32, "instance": 0}}
:::MLLOG {"namespace": "", "time_ms": 1663287792987, "event_type": "POINT_IN_TIME", "key": "eval_error", "value": 0.12512050569057465, "metadata": {"file": "/lus/grand/projects/datascience/hzheng/mlperf-2022/optimized-hpc/cosmoflow/pytorch/trainer.py", "lineno": 197, "epoch_num": 33, "instance": 0}}
:::MLLOG {"namespace": "", "time_ms": 1663287792987, "event_type": "INTERVAL_START", "key": "epoch_start", "value": null, "metadata": {"file": "/lus/grand/projects/datascience/hzheng/mlperf-2022/optimized-hpc/cosmoflow/pytorch/trainer.py", "lineno": 172, "epoch_num": 34, "lr": [0.003], "instance": 0}}
:::MLLOG {"namespace": "", "time_ms": 1663288014839, "event_type": "INTERVAL_START", "key": "eval_start", "value": null, "metadata": {"file": "/lus/grand/projects/datascience/hzheng/mlperf-2022/optimized-hpc/cosmoflow/pytorch/trainer.py", "lineno": 179, "epoch_num": 34, "instance": 0}}
:::MLLOG {"namespace": "", "time_ms": 1663288015861, "event_type": "INTERVAL_START", "key": "eval_stop", "value": null, "metadata": {"file": "/lus/grand/projects/datascience/hzheng/mlperf-2022/optimized-hpc/cosmoflow/pytorch/trainer.py", "lineno": 183, "epoch_num": 34, "instance": 0}}
:::MLLOG {"namespace": "", "time_ms": 1663288015862, "event_type": "INTERVAL_END", "key": "epoch_stop", "value": null, "metadata": {"file": "/lus/grand/projects/datascience/hzheng/mlperf-2022/optimized-hpc/cosmoflow/pytorch/utils/utils.py", "lineno": 214, "epoch_num": 34, "training_epoch_latency": 221851.8125, "eval_epoch_latency": 1022.4281616210938, "instance": 0}}
:::MLLOG {"namespace": "", "time_ms": 1663288015863, "event_type": "POINT_IN_TIME", "key": "tracked_stats", "value": {"throughput": 2363.2351437291054}, "metadata": {"file": "/lus/grand/projects/datascience/hzheng/mlperf-2022/optimized-hpc/cosmoflow/pytorch/trainer.py", "lineno": 192, "epoch_num": 34, "step": 33, "instance": 0}}
:::MLLOG {"namespace": "", "time_ms": 1663288015863, "event_type": "POINT_IN_TIME", "key": "eval_error", "value": 0.12552855908870697, "metadata": {"file": "/lus/grand/projects/datascience/hzheng/mlperf-2022/optimized-hpc/cosmoflow/pytorch/trainer.py", "lineno": 197, "epoch_num": 34, "instance": 0}}
:::MLLOG {"namespace": "", "time_ms": 1663288015863, "event_type": "INTERVAL_START", "key": "epoch_start", "value": null, "metadata": {"file": "/lus/grand/projects/datascience/hzheng/mlperf-2022/optimized-hpc/cosmoflow/pytorch/trainer.py", "lineno": 172, "epoch_num": 35, "lr": [0.003], "instance": 0}}
:::MLLOG {"namespace": "", "time_ms": 1663288245257, "event_type": "INTERVAL_START", "key": "eval_start", "value": null, "metadata": {"file": "/lus/grand/projects/datascience/hzheng/mlperf-2022/optimized-hpc/cosmoflow/pytorch/trainer.py", "lineno": 179, "epoch_num": 35, "instance": 0}}
:::MLLOG {"namespace": "", "time_ms": 1663288246909, "event_type": "INTERVAL_START", "key": "eval_stop", "value": null, "metadata": {"file": "/lus/grand/projects/datascience/hzheng/mlperf-2022/optimized-hpc/cosmoflow/pytorch/trainer.py", "lineno": 183, "epoch_num": 35, "instance": 0}}
:::MLLOG {"namespace": "", "time_ms": 1663288246910, "event_type": "INTERVAL_END", "key": "epoch_stop", "value": null, "metadata": {"file": "/lus/grand/projects/datascience/hzheng/mlperf-2022/optimized-hpc/cosmoflow/pytorch/utils/utils.py", "lineno": 214, "epoch_num": 35, "training_epoch_latency": 229394.390625, "eval_epoch_latency": 1651.517333984375, "instance": 0}}
:::MLLOG {"namespace": "", "time_ms": 1663288246910, "event_type": "POINT_IN_TIME", "key": "tracked_stats", "value": {"throughput": 2285.531039235716}, "metadata": {"file": "/lus/grand/projects/datascience/hzheng/mlperf-2022/optimized-hpc/cosmoflow/pytorch/trainer.py", "lineno": 192, "epoch_num": 35, "step": 34, "instance": 0}}
:::MLLOG {"namespace": "", "time_ms": 1663288246910, "event_type": "POINT_IN_TIME", "key": "eval_error", "value": 0.12344896048307419, "metadata": {"file": "/lus/grand/projects/datascience/hzheng/mlperf-2022/optimized-hpc/cosmoflow/pytorch/trainer.py", "lineno": 197, "epoch_num": 35, "instance": 0}}
:::MLLOG {"namespace": "", "time_ms": 1663288246931, "event_type": "INTERVAL_END", "key": "run_stop", "value": null, "metadata": {"file": "/lus/grand/projects/datascience/hzheng/mlperf-2022/optimized-hpc/cosmoflow/pytorch/utils/utils.py", "lineno": 214, "status": "success", "time": 7868.454938173294, "epoch_num": 35, "instance": 0}}
