:::MLLOG {"namespace": "", "time_ms": 1663378086111, "event_type": "POINT_IN_TIME", "key": "cache_clear", "value": null, "metadata": {"file": "./main.py", "lineno": 42, "instance": 0}}
:::MLLOG {"namespace": "", "time_ms": 1663378086239, "event_type": "INTERVAL_START", "key": "init_start", "value": null, "metadata": {"file": "./main.py", "lineno": 43, "instance": 0}}
:::MLLOG {"namespace": "", "time_ms": 1663378086239, "event_type": "POINT_IN_TIME", "key": "submission_benchmark", "value": "cosmoflow", "metadata": {"file": "./main.py", "lineno": 47, "instance": 0}}
:::MLLOG {"namespace": "", "time_ms": 1663378086240, "event_type": "POINT_IN_TIME", "key": "submission_org", "value": "NVIDIA", "metadata": {"file": "./main.py", "lineno": 49, "instance": 0}}
:::MLLOG {"namespace": "", "time_ms": 1663378086240, "event_type": "POINT_IN_TIME", "key": "submission_division", "value": "closed", "metadata": {"file": "./main.py", "lineno": 51, "instance": 0}}
:::MLLOG {"namespace": "", "time_ms": 1663378086240, "event_type": "POINT_IN_TIME", "key": "submission_status", "value": "onprem", "metadata": {"file": "./main.py", "lineno": 53, "instance": 0}}
:::MLLOG {"namespace": "", "time_ms": 1663378086240, "event_type": "POINT_IN_TIME", "key": "submission_platform", "value": "256.0xNVIDIA DGX A100", "metadata": {"file": "./main.py", "lineno": 55, "instance": 0}}
:::MLLOG {"namespace": "", "time_ms": 1663378086240, "event_type": "POINT_IN_TIME", "key": "number_of_nodes", "value": 256, "metadata": {"file": "./main.py", "lineno": 58, "instance": 0}}
:::MLLOG {"namespace": "", "time_ms": 1663378086240, "event_type": "POINT_IN_TIME", "key": "accelerators_per_node", "value": 4, "metadata": {"file": "./main.py", "lineno": 60, "instance": 0}}
:::MLLOG {"namespace": "", "time_ms": 1663378090918, "event_type": "POINT_IN_TIME", "key": "dropout", "value": 0.5, "metadata": {"file": "./main.py", "lineno": 106, "instance": 0}}
:::MLLOG {"namespace": "", "time_ms": 1663378093315, "event_type": "POINT_IN_TIME", "key": "opt_weight_decay", "value": 0, "metadata": {"file": "/lus/grand/projects/datascience/hzheng/mlperf-2022/optimized-hpc/cosmoflow/pytorch/optimizer.py", "lineno": 63, "instance": 0}}
:::MLLOG {"namespace": "", "time_ms": 1663378093315, "event_type": "POINT_IN_TIME", "key": "opt_name", "value": "sgd", "metadata": {"file": "/lus/grand/projects/datascience/hzheng/mlperf-2022/optimized-hpc/cosmoflow/pytorch/optimizer.py", "lineno": 65, "instance": 0}}
:::MLLOG {"namespace": "", "time_ms": 1663378093315, "event_type": "POINT_IN_TIME", "key": "opt_base_learning_rate", "value": 0.012, "metadata": {"file": "/lus/grand/projects/datascience/hzheng/mlperf-2022/optimized-hpc/cosmoflow/pytorch/optimizer.py", "lineno": 96, "instance": 0}}
:::MLLOG {"namespace": "", "time_ms": 1663378093315, "event_type": "POINT_IN_TIME", "key": "opt_learning_rate_warmup_epochs", "value": 0, "metadata": {"file": "/lus/grand/projects/datascience/hzheng/mlperf-2022/optimized-hpc/cosmoflow/pytorch/optimizer.py", "lineno": 98, "instance": 0}}
:::MLLOG {"namespace": "", "time_ms": 1663378093316, "event_type": "POINT_IN_TIME", "key": "opt_learning_rate_warmup_factor", "value": 1, "metadata": {"file": "/lus/grand/projects/datascience/hzheng/mlperf-2022/optimized-hpc/cosmoflow/pytorch/optimizer.py", "lineno": 100, "instance": 0}}
:::MLLOG {"namespace": "", "time_ms": 1663378093316, "event_type": "POINT_IN_TIME", "key": "opt_learning_rate_decay_boundary_epochs", "value": [32, 64], "metadata": {"file": "/lus/grand/projects/datascience/hzheng/mlperf-2022/optimized-hpc/cosmoflow/pytorch/optimizer.py", "lineno": 102, "instance": 0}}
:::MLLOG {"namespace": "", "time_ms": 1663378093316, "event_type": "POINT_IN_TIME", "key": "opt_learning_rate_decay_factor", "value": [0.25, 0.125], "metadata": {"file": "/lus/grand/projects/datascience/hzheng/mlperf-2022/optimized-hpc/cosmoflow/pytorch/optimizer.py", "lineno": 104, "instance": 0}}
:::MLLOG {"namespace": "", "time_ms": 1663378093317, "event_type": "POINT_IN_TIME", "key": "global_batch_size", "value": 1024, "metadata": {"file": "./main.py", "lineno": 119, "instance": 0}}
:::MLLOG {"namespace": "", "time_ms": 1663378093317, "event_type": "POINT_IN_TIME", "key": "train_samples", "value": 524288, "metadata": {"file": "./main.py", "lineno": 121, "instance": 0}}
:::MLLOG {"namespace": "", "time_ms": 1663378093317, "event_type": "POINT_IN_TIME", "key": "eval_samples", "value": 65536, "metadata": {"file": "./main.py", "lineno": 123, "instance": 0}}
:::MLLOG {"namespace": "", "time_ms": 1663378121519, "event_type": "INTERVAL_END", "key": "init_stop", "value": null, "metadata": {"file": "/lus/grand/projects/datascience/hzheng/mlperf-2022/optimized-hpc/cosmoflow/pytorch/utils/utils.py", "lineno": 214, "instance": 0}}
:::MLLOG {"namespace": "", "time_ms": 1663378121519, "event_type": "INTERVAL_START", "key": "run_start", "value": null, "metadata": {"file": "./main.py", "lineno": 143, "instance": 0}}
:::MLLOG {"namespace": "", "time_ms": 1663378121520, "event_type": "INTERVAL_START", "key": "staging_start", "value": null, "metadata": {"file": "./main.py", "lineno": 145, "instance": 0}}
:::MLLOG {"namespace": "", "time_ms": 1663378189181, "event_type": "INTERVAL_END", "key": "staging_stop", "value": null, "metadata": {"file": "/lus/grand/projects/datascience/hzheng/mlperf-2022/optimized-hpc/cosmoflow/pytorch/utils/utils.py", "lineno": 214, "staging_duration": 67.66130208969116, "instance": 0}}
:::MLLOG {"namespace": "", "time_ms": 1663378190031, "event_type": "INTERVAL_START", "key": "epoch_start", "value": null, "metadata": {"file": "/lus/grand/projects/datascience/hzheng/mlperf-2022/optimized-hpc/cosmoflow/pytorch/trainer.py", "lineno": 172, "epoch_num": 1, "lr": [0.012], "instance": 0}}
:::MLLOG {"namespace": "", "time_ms": 1663378409843, "event_type": "INTERVAL_START", "key": "eval_start", "value": null, "metadata": {"file": "/lus/grand/projects/datascience/hzheng/mlperf-2022/optimized-hpc/cosmoflow/pytorch/trainer.py", "lineno": 179, "epoch_num": 1, "instance": 0}}
:::MLLOG {"namespace": "", "time_ms": 1663378410668, "event_type": "INTERVAL_START", "key": "eval_stop", "value": null, "metadata": {"file": "/lus/grand/projects/datascience/hzheng/mlperf-2022/optimized-hpc/cosmoflow/pytorch/trainer.py", "lineno": 183, "epoch_num": 1, "instance": 0}}
:::MLLOG {"namespace": "", "time_ms": 1663378410668, "event_type": "INTERVAL_END", "key": "epoch_stop", "value": null, "metadata": {"file": "/lus/grand/projects/datascience/hzheng/mlperf-2022/optimized-hpc/cosmoflow/pytorch/utils/utils.py", "lineno": 214, "epoch_num": 1, "training_epoch_latency": 219763.328125, "eval_epoch_latency": 824.375732421875, "instance": 0}}
:::MLLOG {"namespace": "", "time_ms": 1663378410669, "event_type": "POINT_IN_TIME", "key": "tracked_stats", "value": {"throughput": 2385.693757339661}, "metadata": {"file": "/lus/grand/projects/datascience/hzheng/mlperf-2022/optimized-hpc/cosmoflow/pytorch/trainer.py", "lineno": 192, "epoch_num": 1, "step": 0, "instance": 0}}
:::MLLOG {"namespace": "", "time_ms": 1663378410669, "event_type": "POINT_IN_TIME", "key": "eval_error", "value": 0.3188782334327698, "metadata": {"file": "/lus/grand/projects/datascience/hzheng/mlperf-2022/optimized-hpc/cosmoflow/pytorch/trainer.py", "lineno": 197, "epoch_num": 1, "instance": 0}}
:::MLLOG {"namespace": "", "time_ms": 1663378410669, "event_type": "INTERVAL_START", "key": "epoch_start", "value": null, "metadata": {"file": "/lus/grand/projects/datascience/hzheng/mlperf-2022/optimized-hpc/cosmoflow/pytorch/trainer.py", "lineno": 172, "epoch_num": 2, "lr": [0.012], "instance": 0}}
:::MLLOG {"namespace": "", "time_ms": 1663378631656, "event_type": "INTERVAL_START", "key": "eval_start", "value": null, "metadata": {"file": "/lus/grand/projects/datascience/hzheng/mlperf-2022/optimized-hpc/cosmoflow/pytorch/trainer.py", "lineno": 179, "epoch_num": 2, "instance": 0}}
:::MLLOG {"namespace": "", "time_ms": 1663378632515, "event_type": "INTERVAL_START", "key": "eval_stop", "value": null, "metadata": {"file": "/lus/grand/projects/datascience/hzheng/mlperf-2022/optimized-hpc/cosmoflow/pytorch/trainer.py", "lineno": 183, "epoch_num": 2, "instance": 0}}
:::MLLOG {"namespace": "", "time_ms": 1663378632515, "event_type": "INTERVAL_END", "key": "epoch_stop", "value": null, "metadata": {"file": "/lus/grand/projects/datascience/hzheng/mlperf-2022/optimized-hpc/cosmoflow/pytorch/utils/utils.py", "lineno": 214, "epoch_num": 2, "training_epoch_latency": 220989.078125, "eval_epoch_latency": 858.046630859375, "instance": 0}}
:::MLLOG {"namespace": "", "time_ms": 1663378632515, "event_type": "POINT_IN_TIME", "key": "tracked_stats", "value": {"throughput": 2372.461139022637}, "metadata": {"file": "/lus/grand/projects/datascience/hzheng/mlperf-2022/optimized-hpc/cosmoflow/pytorch/trainer.py", "lineno": 192, "epoch_num": 2, "step": 1, "instance": 0}}
:::MLLOG {"namespace": "", "time_ms": 1663378632515, "event_type": "POINT_IN_TIME", "key": "eval_error", "value": 0.29429468512535095, "metadata": {"file": "/lus/grand/projects/datascience/hzheng/mlperf-2022/optimized-hpc/cosmoflow/pytorch/trainer.py", "lineno": 197, "epoch_num": 2, "instance": 0}}
:::MLLOG {"namespace": "", "time_ms": 1663378632516, "event_type": "INTERVAL_START", "key": "epoch_start", "value": null, "metadata": {"file": "/lus/grand/projects/datascience/hzheng/mlperf-2022/optimized-hpc/cosmoflow/pytorch/trainer.py", "lineno": 172, "epoch_num": 3, "lr": [0.012], "instance": 0}}
:::MLLOG {"namespace": "", "time_ms": 1663378853592, "event_type": "INTERVAL_START", "key": "eval_start", "value": null, "metadata": {"file": "/lus/grand/projects/datascience/hzheng/mlperf-2022/optimized-hpc/cosmoflow/pytorch/trainer.py", "lineno": 179, "epoch_num": 3, "instance": 0}}
:::MLLOG {"namespace": "", "time_ms": 1663378854443, "event_type": "INTERVAL_START", "key": "eval_stop", "value": null, "metadata": {"file": "/lus/grand/projects/datascience/hzheng/mlperf-2022/optimized-hpc/cosmoflow/pytorch/trainer.py", "lineno": 183, "epoch_num": 3, "instance": 0}}
:::MLLOG {"namespace": "", "time_ms": 1663378854443, "event_type": "INTERVAL_END", "key": "epoch_stop", "value": null, "metadata": {"file": "/lus/grand/projects/datascience/hzheng/mlperf-2022/optimized-hpc/cosmoflow/pytorch/utils/utils.py", "lineno": 214, "epoch_num": 3, "training_epoch_latency": 221078.28125, "eval_epoch_latency": 850.6303100585938, "instance": 0}}
:::MLLOG {"namespace": "", "time_ms": 1663378854443, "event_type": "POINT_IN_TIME", "key": "tracked_stats", "value": {"throughput": 2371.503872002352}, "metadata": {"file": "/lus/grand/projects/datascience/hzheng/mlperf-2022/optimized-hpc/cosmoflow/pytorch/trainer.py", "lineno": 192, "epoch_num": 3, "step": 2, "instance": 0}}
:::MLLOG {"namespace": "", "time_ms": 1663378854444, "event_type": "POINT_IN_TIME", "key": "eval_error", "value": 0.3065720498561859, "metadata": {"file": "/lus/grand/projects/datascience/hzheng/mlperf-2022/optimized-hpc/cosmoflow/pytorch/trainer.py", "lineno": 197, "epoch_num": 3, "instance": 0}}
:::MLLOG {"namespace": "", "time_ms": 1663378854444, "event_type": "INTERVAL_START", "key": "epoch_start", "value": null, "metadata": {"file": "/lus/grand/projects/datascience/hzheng/mlperf-2022/optimized-hpc/cosmoflow/pytorch/trainer.py", "lineno": 172, "epoch_num": 4, "lr": [0.012], "instance": 0}}
:::MLLOG {"namespace": "", "time_ms": 1663379074852, "event_type": "INTERVAL_START", "key": "eval_start", "value": null, "metadata": {"file": "/lus/grand/projects/datascience/hzheng/mlperf-2022/optimized-hpc/cosmoflow/pytorch/trainer.py", "lineno": 179, "epoch_num": 4, "instance": 0}}
:::MLLOG {"namespace": "", "time_ms": 1663379075716, "event_type": "INTERVAL_START", "key": "eval_stop", "value": null, "metadata": {"file": "/lus/grand/projects/datascience/hzheng/mlperf-2022/optimized-hpc/cosmoflow/pytorch/trainer.py", "lineno": 183, "epoch_num": 4, "instance": 0}}
:::MLLOG {"namespace": "", "time_ms": 1663379075716, "event_type": "INTERVAL_END", "key": "epoch_stop", "value": null, "metadata": {"file": "/lus/grand/projects/datascience/hzheng/mlperf-2022/optimized-hpc/cosmoflow/pytorch/utils/utils.py", "lineno": 214, "epoch_num": 4, "training_epoch_latency": 220410.15625, "eval_epoch_latency": 863.4989624023438, "instance": 0}}
:::MLLOG {"namespace": "", "time_ms": 1663379075716, "event_type": "POINT_IN_TIME", "key": "tracked_stats", "value": {"throughput": 2378.6925653522376}, "metadata": {"file": "/lus/grand/projects/datascience/hzheng/mlperf-2022/optimized-hpc/cosmoflow/pytorch/trainer.py", "lineno": 192, "epoch_num": 4, "step": 3, "instance": 0}}
:::MLLOG {"namespace": "", "time_ms": 1663379075716, "event_type": "POINT_IN_TIME", "key": "eval_error", "value": 0.2785530686378479, "metadata": {"file": "/lus/grand/projects/datascience/hzheng/mlperf-2022/optimized-hpc/cosmoflow/pytorch/trainer.py", "lineno": 197, "epoch_num": 4, "instance": 0}}
:::MLLOG {"namespace": "", "time_ms": 1663379075717, "event_type": "INTERVAL_START", "key": "epoch_start", "value": null, "metadata": {"file": "/lus/grand/projects/datascience/hzheng/mlperf-2022/optimized-hpc/cosmoflow/pytorch/trainer.py", "lineno": 172, "epoch_num": 5, "lr": [0.012], "instance": 0}}
:::MLLOG {"namespace": "", "time_ms": 1663379296410, "event_type": "INTERVAL_START", "key": "eval_start", "value": null, "metadata": {"file": "/lus/grand/projects/datascience/hzheng/mlperf-2022/optimized-hpc/cosmoflow/pytorch/trainer.py", "lineno": 179, "epoch_num": 5, "instance": 0}}
:::MLLOG {"namespace": "", "time_ms": 1663379297300, "event_type": "INTERVAL_START", "key": "eval_stop", "value": null, "metadata": {"file": "/lus/grand/projects/datascience/hzheng/mlperf-2022/optimized-hpc/cosmoflow/pytorch/trainer.py", "lineno": 183, "epoch_num": 5, "instance": 0}}
:::MLLOG {"namespace": "", "time_ms": 1663379297300, "event_type": "INTERVAL_END", "key": "epoch_stop", "value": null, "metadata": {"file": "/lus/grand/projects/datascience/hzheng/mlperf-2022/optimized-hpc/cosmoflow/pytorch/utils/utils.py", "lineno": 214, "epoch_num": 5, "training_epoch_latency": 220695.4375, "eval_epoch_latency": 889.767578125, "instance": 0}}
:::MLLOG {"namespace": "", "time_ms": 1663379297301, "event_type": "POINT_IN_TIME", "key": "tracked_stats", "value": {"throughput": 2375.617756030865}, "metadata": {"file": "/lus/grand/projects/datascience/hzheng/mlperf-2022/optimized-hpc/cosmoflow/pytorch/trainer.py", "lineno": 192, "epoch_num": 5, "step": 4, "instance": 0}}
:::MLLOG {"namespace": "", "time_ms": 1663379297301, "event_type": "POINT_IN_TIME", "key": "eval_error", "value": 0.3090348243713379, "metadata": {"file": "/lus/grand/projects/datascience/hzheng/mlperf-2022/optimized-hpc/cosmoflow/pytorch/trainer.py", "lineno": 197, "epoch_num": 5, "instance": 0}}
:::MLLOG {"namespace": "", "time_ms": 1663379297301, "event_type": "INTERVAL_START", "key": "epoch_start", "value": null, "metadata": {"file": "/lus/grand/projects/datascience/hzheng/mlperf-2022/optimized-hpc/cosmoflow/pytorch/trainer.py", "lineno": 172, "epoch_num": 6, "lr": [0.012], "instance": 0}}
:::MLLOG {"namespace": "", "time_ms": 1663379518004, "event_type": "INTERVAL_START", "key": "eval_start", "value": null, "metadata": {"file": "/lus/grand/projects/datascience/hzheng/mlperf-2022/optimized-hpc/cosmoflow/pytorch/trainer.py", "lineno": 179, "epoch_num": 6, "instance": 0}}
:::MLLOG {"namespace": "", "time_ms": 1663379518864, "event_type": "INTERVAL_START", "key": "eval_stop", "value": null, "metadata": {"file": "/lus/grand/projects/datascience/hzheng/mlperf-2022/optimized-hpc/cosmoflow/pytorch/trainer.py", "lineno": 183, "epoch_num": 6, "instance": 0}}
:::MLLOG {"namespace": "", "time_ms": 1663379518864, "event_type": "INTERVAL_END", "key": "epoch_stop", "value": null, "metadata": {"file": "/lus/grand/projects/datascience/hzheng/mlperf-2022/optimized-hpc/cosmoflow/pytorch/utils/utils.py", "lineno": 214, "epoch_num": 6, "training_epoch_latency": 220705.0625, "eval_epoch_latency": 859.4554443359375, "instance": 0}}
:::MLLOG {"namespace": "", "time_ms": 1663379518865, "event_type": "POINT_IN_TIME", "key": "tracked_stats", "value": {"throughput": 2375.5141547783933}, "metadata": {"file": "/lus/grand/projects/datascience/hzheng/mlperf-2022/optimized-hpc/cosmoflow/pytorch/trainer.py", "lineno": 192, "epoch_num": 6, "step": 5, "instance": 0}}
:::MLLOG {"namespace": "", "time_ms": 1663379518865, "event_type": "POINT_IN_TIME", "key": "eval_error", "value": 0.23985029757022858, "metadata": {"file": "/lus/grand/projects/datascience/hzheng/mlperf-2022/optimized-hpc/cosmoflow/pytorch/trainer.py", "lineno": 197, "epoch_num": 6, "instance": 0}}
:::MLLOG {"namespace": "", "time_ms": 1663379518865, "event_type": "INTERVAL_START", "key": "epoch_start", "value": null, "metadata": {"file": "/lus/grand/projects/datascience/hzheng/mlperf-2022/optimized-hpc/cosmoflow/pytorch/trainer.py", "lineno": 172, "epoch_num": 7, "lr": [0.012], "instance": 0}}
:::MLLOG {"namespace": "", "time_ms": 1663379738532, "event_type": "INTERVAL_START", "key": "eval_start", "value": null, "metadata": {"file": "/lus/grand/projects/datascience/hzheng/mlperf-2022/optimized-hpc/cosmoflow/pytorch/trainer.py", "lineno": 179, "epoch_num": 7, "instance": 0}}
:::MLLOG {"namespace": "", "time_ms": 1663379739416, "event_type": "INTERVAL_START", "key": "eval_stop", "value": null, "metadata": {"file": "/lus/grand/projects/datascience/hzheng/mlperf-2022/optimized-hpc/cosmoflow/pytorch/trainer.py", "lineno": 183, "epoch_num": 7, "instance": 0}}
:::MLLOG {"namespace": "", "time_ms": 1663379739416, "event_type": "INTERVAL_END", "key": "epoch_stop", "value": null, "metadata": {"file": "/lus/grand/projects/datascience/hzheng/mlperf-2022/optimized-hpc/cosmoflow/pytorch/utils/utils.py", "lineno": 214, "epoch_num": 7, "training_epoch_latency": 219668.859375, "eval_epoch_latency": 883.3618774414062, "instance": 0}}
:::MLLOG {"namespace": "", "time_ms": 1663379739416, "event_type": "POINT_IN_TIME", "key": "tracked_stats", "value": {"throughput": 2386.719726645369}, "metadata": {"file": "/lus/grand/projects/datascience/hzheng/mlperf-2022/optimized-hpc/cosmoflow/pytorch/trainer.py", "lineno": 192, "epoch_num": 7, "step": 6, "instance": 0}}
:::MLLOG {"namespace": "", "time_ms": 1663379739416, "event_type": "POINT_IN_TIME", "key": "eval_error", "value": 0.2884943187236786, "metadata": {"file": "/lus/grand/projects/datascience/hzheng/mlperf-2022/optimized-hpc/cosmoflow/pytorch/trainer.py", "lineno": 197, "epoch_num": 7, "instance": 0}}
:::MLLOG {"namespace": "", "time_ms": 1663379739417, "event_type": "INTERVAL_START", "key": "epoch_start", "value": null, "metadata": {"file": "/lus/grand/projects/datascience/hzheng/mlperf-2022/optimized-hpc/cosmoflow/pytorch/trainer.py", "lineno": 172, "epoch_num": 8, "lr": [0.012], "instance": 0}}
:::MLLOG {"namespace": "", "time_ms": 1663379959808, "event_type": "INTERVAL_START", "key": "eval_start", "value": null, "metadata": {"file": "/lus/grand/projects/datascience/hzheng/mlperf-2022/optimized-hpc/cosmoflow/pytorch/trainer.py", "lineno": 179, "epoch_num": 8, "instance": 0}}
:::MLLOG {"namespace": "", "time_ms": 1663379960735, "event_type": "INTERVAL_START", "key": "eval_stop", "value": null, "metadata": {"file": "/lus/grand/projects/datascience/hzheng/mlperf-2022/optimized-hpc/cosmoflow/pytorch/trainer.py", "lineno": 183, "epoch_num": 8, "instance": 0}}
:::MLLOG {"namespace": "", "time_ms": 1663379960735, "event_type": "INTERVAL_END", "key": "epoch_stop", "value": null, "metadata": {"file": "/lus/grand/projects/datascience/hzheng/mlperf-2022/optimized-hpc/cosmoflow/pytorch/utils/utils.py", "lineno": 214, "epoch_num": 8, "training_epoch_latency": 220393.4375, "eval_epoch_latency": 926.51171875, "instance": 0}}
:::MLLOG {"namespace": "", "time_ms": 1663379960736, "event_type": "POINT_IN_TIME", "key": "tracked_stats", "value": {"throughput": 2378.8730097737143}, "metadata": {"file": "/lus/grand/projects/datascience/hzheng/mlperf-2022/optimized-hpc/cosmoflow/pytorch/trainer.py", "lineno": 192, "epoch_num": 8, "step": 7, "instance": 0}}
:::MLLOG {"namespace": "", "time_ms": 1663379960736, "event_type": "POINT_IN_TIME", "key": "eval_error", "value": 0.20924772322177887, "metadata": {"file": "/lus/grand/projects/datascience/hzheng/mlperf-2022/optimized-hpc/cosmoflow/pytorch/trainer.py", "lineno": 197, "epoch_num": 8, "instance": 0}}
:::MLLOG {"namespace": "", "time_ms": 1663379960736, "event_type": "INTERVAL_START", "key": "epoch_start", "value": null, "metadata": {"file": "/lus/grand/projects/datascience/hzheng/mlperf-2022/optimized-hpc/cosmoflow/pytorch/trainer.py", "lineno": 172, "epoch_num": 9, "lr": [0.012], "instance": 0}}
:::MLLOG {"namespace": "", "time_ms": 1663380182256, "event_type": "INTERVAL_START", "key": "eval_start", "value": null, "metadata": {"file": "/lus/grand/projects/datascience/hzheng/mlperf-2022/optimized-hpc/cosmoflow/pytorch/trainer.py", "lineno": 179, "epoch_num": 9, "instance": 0}}
:::MLLOG {"namespace": "", "time_ms": 1663380183116, "event_type": "INTERVAL_START", "key": "eval_stop", "value": null, "metadata": {"file": "/lus/grand/projects/datascience/hzheng/mlperf-2022/optimized-hpc/cosmoflow/pytorch/trainer.py", "lineno": 183, "epoch_num": 9, "instance": 0}}
:::MLLOG {"namespace": "", "time_ms": 1663380183117, "event_type": "INTERVAL_END", "key": "epoch_stop", "value": null, "metadata": {"file": "/lus/grand/projects/datascience/hzheng/mlperf-2022/optimized-hpc/cosmoflow/pytorch/utils/utils.py", "lineno": 214, "epoch_num": 9, "training_epoch_latency": 221522.65625, "eval_epoch_latency": 859.2013549804688, "instance": 0}}
:::MLLOG {"namespace": "", "time_ms": 1663380183117, "event_type": "POINT_IN_TIME", "key": "tracked_stats", "value": {"throughput": 2366.74662933038}, "metadata": {"file": "/lus/grand/projects/datascience/hzheng/mlperf-2022/optimized-hpc/cosmoflow/pytorch/trainer.py", "lineno": 192, "epoch_num": 9, "step": 8, "instance": 0}}
:::MLLOG {"namespace": "", "time_ms": 1663380183117, "event_type": "POINT_IN_TIME", "key": "eval_error", "value": 0.19956457614898682, "metadata": {"file": "/lus/grand/projects/datascience/hzheng/mlperf-2022/optimized-hpc/cosmoflow/pytorch/trainer.py", "lineno": 197, "epoch_num": 9, "instance": 0}}
:::MLLOG {"namespace": "", "time_ms": 1663380183117, "event_type": "INTERVAL_START", "key": "epoch_start", "value": null, "metadata": {"file": "/lus/grand/projects/datascience/hzheng/mlperf-2022/optimized-hpc/cosmoflow/pytorch/trainer.py", "lineno": 172, "epoch_num": 10, "lr": [0.012], "instance": 0}}
:::MLLOG {"namespace": "", "time_ms": 1663380404336, "event_type": "INTERVAL_START", "key": "eval_start", "value": null, "metadata": {"file": "/lus/grand/projects/datascience/hzheng/mlperf-2022/optimized-hpc/cosmoflow/pytorch/trainer.py", "lineno": 179, "epoch_num": 10, "instance": 0}}
:::MLLOG {"namespace": "", "time_ms": 1663380405192, "event_type": "INTERVAL_START", "key": "eval_stop", "value": null, "metadata": {"file": "/lus/grand/projects/datascience/hzheng/mlperf-2022/optimized-hpc/cosmoflow/pytorch/trainer.py", "lineno": 183, "epoch_num": 10, "instance": 0}}
:::MLLOG {"namespace": "", "time_ms": 1663380405192, "event_type": "INTERVAL_END", "key": "epoch_stop", "value": null, "metadata": {"file": "/lus/grand/projects/datascience/hzheng/mlperf-2022/optimized-hpc/cosmoflow/pytorch/utils/utils.py", "lineno": 214, "epoch_num": 10, "training_epoch_latency": 221221.15625, "eval_epoch_latency": 855.32666015625, "instance": 0}}
:::MLLOG {"namespace": "", "time_ms": 1663380405192, "event_type": "POINT_IN_TIME", "key": "tracked_stats", "value": {"throughput": 2369.9722435566105}, "metadata": {"file": "/lus/grand/projects/datascience/hzheng/mlperf-2022/optimized-hpc/cosmoflow/pytorch/trainer.py", "lineno": 192, "epoch_num": 10, "step": 9, "instance": 0}}
:::MLLOG {"namespace": "", "time_ms": 1663380405192, "event_type": "POINT_IN_TIME", "key": "eval_error", "value": 0.18817593157291412, "metadata": {"file": "/lus/grand/projects/datascience/hzheng/mlperf-2022/optimized-hpc/cosmoflow/pytorch/trainer.py", "lineno": 197, "epoch_num": 10, "instance": 0}}
:::MLLOG {"namespace": "", "time_ms": 1663380405193, "event_type": "INTERVAL_START", "key": "epoch_start", "value": null, "metadata": {"file": "/lus/grand/projects/datascience/hzheng/mlperf-2022/optimized-hpc/cosmoflow/pytorch/trainer.py", "lineno": 172, "epoch_num": 11, "lr": [0.012], "instance": 0}}
:::MLLOG {"namespace": "", "time_ms": 1663380625859, "event_type": "INTERVAL_START", "key": "eval_start", "value": null, "metadata": {"file": "/lus/grand/projects/datascience/hzheng/mlperf-2022/optimized-hpc/cosmoflow/pytorch/trainer.py", "lineno": 179, "epoch_num": 11, "instance": 0}}
:::MLLOG {"namespace": "", "time_ms": 1663380626707, "event_type": "INTERVAL_START", "key": "eval_stop", "value": null, "metadata": {"file": "/lus/grand/projects/datascience/hzheng/mlperf-2022/optimized-hpc/cosmoflow/pytorch/trainer.py", "lineno": 183, "epoch_num": 11, "instance": 0}}
:::MLLOG {"namespace": "", "time_ms": 1663380626708, "event_type": "INTERVAL_END", "key": "epoch_stop", "value": null, "metadata": {"file": "/lus/grand/projects/datascience/hzheng/mlperf-2022/optimized-hpc/cosmoflow/pytorch/utils/utils.py", "lineno": 214, "epoch_num": 11, "training_epoch_latency": 220668.6875, "eval_epoch_latency": 847.8657836914062, "instance": 0}}
:::MLLOG {"namespace": "", "time_ms": 1663380626708, "event_type": "POINT_IN_TIME", "key": "tracked_stats", "value": {"throughput": 2375.9057342469578}, "metadata": {"file": "/lus/grand/projects/datascience/hzheng/mlperf-2022/optimized-hpc/cosmoflow/pytorch/trainer.py", "lineno": 192, "epoch_num": 11, "step": 10, "instance": 0}}
:::MLLOG {"namespace": "", "time_ms": 1663380626708, "event_type": "POINT_IN_TIME", "key": "eval_error", "value": 0.19446255266666412, "metadata": {"file": "/lus/grand/projects/datascience/hzheng/mlperf-2022/optimized-hpc/cosmoflow/pytorch/trainer.py", "lineno": 197, "epoch_num": 11, "instance": 0}}
:::MLLOG {"namespace": "", "time_ms": 1663380626708, "event_type": "INTERVAL_START", "key": "epoch_start", "value": null, "metadata": {"file": "/lus/grand/projects/datascience/hzheng/mlperf-2022/optimized-hpc/cosmoflow/pytorch/trainer.py", "lineno": 172, "epoch_num": 12, "lr": [0.012], "instance": 0}}
:::MLLOG {"namespace": "", "time_ms": 1663380847031, "event_type": "INTERVAL_START", "key": "eval_start", "value": null, "metadata": {"file": "/lus/grand/projects/datascience/hzheng/mlperf-2022/optimized-hpc/cosmoflow/pytorch/trainer.py", "lineno": 179, "epoch_num": 12, "instance": 0}}
:::MLLOG {"namespace": "", "time_ms": 1663380847905, "event_type": "INTERVAL_START", "key": "eval_stop", "value": null, "metadata": {"file": "/lus/grand/projects/datascience/hzheng/mlperf-2022/optimized-hpc/cosmoflow/pytorch/trainer.py", "lineno": 183, "epoch_num": 12, "instance": 0}}
:::MLLOG {"namespace": "", "time_ms": 1663380847906, "event_type": "INTERVAL_END", "key": "epoch_stop", "value": null, "metadata": {"file": "/lus/grand/projects/datascience/hzheng/mlperf-2022/optimized-hpc/cosmoflow/pytorch/utils/utils.py", "lineno": 214, "epoch_num": 12, "training_epoch_latency": 220325.28125, "eval_epoch_latency": 873.820556640625, "instance": 0}}
:::MLLOG {"namespace": "", "time_ms": 1663380847906, "event_type": "POINT_IN_TIME", "key": "tracked_stats", "value": {"throughput": 2379.6088992851337}, "metadata": {"file": "/lus/grand/projects/datascience/hzheng/mlperf-2022/optimized-hpc/cosmoflow/pytorch/trainer.py", "lineno": 192, "epoch_num": 12, "step": 11, "instance": 0}}
:::MLLOG {"namespace": "", "time_ms": 1663380847906, "event_type": "POINT_IN_TIME", "key": "eval_error", "value": 0.17118044197559357, "metadata": {"file": "/lus/grand/projects/datascience/hzheng/mlperf-2022/optimized-hpc/cosmoflow/pytorch/trainer.py", "lineno": 197, "epoch_num": 12, "instance": 0}}
:::MLLOG {"namespace": "", "time_ms": 1663380847906, "event_type": "INTERVAL_START", "key": "epoch_start", "value": null, "metadata": {"file": "/lus/grand/projects/datascience/hzheng/mlperf-2022/optimized-hpc/cosmoflow/pytorch/trainer.py", "lineno": 172, "epoch_num": 13, "lr": [0.012], "instance": 0}}
:::MLLOG {"namespace": "", "time_ms": 1663381068875, "event_type": "INTERVAL_START", "key": "eval_start", "value": null, "metadata": {"file": "/lus/grand/projects/datascience/hzheng/mlperf-2022/optimized-hpc/cosmoflow/pytorch/trainer.py", "lineno": 179, "epoch_num": 13, "instance": 0}}
:::MLLOG {"namespace": "", "time_ms": 1663381069745, "event_type": "INTERVAL_START", "key": "eval_stop", "value": null, "metadata": {"file": "/lus/grand/projects/datascience/hzheng/mlperf-2022/optimized-hpc/cosmoflow/pytorch/trainer.py", "lineno": 183, "epoch_num": 13, "instance": 0}}
:::MLLOG {"namespace": "", "time_ms": 1663381069746, "event_type": "INTERVAL_END", "key": "epoch_stop", "value": null, "metadata": {"file": "/lus/grand/projects/datascience/hzheng/mlperf-2022/optimized-hpc/cosmoflow/pytorch/utils/utils.py", "lineno": 214, "epoch_num": 13, "training_epoch_latency": 220971.109375, "eval_epoch_latency": 869.872802734375, "instance": 0}}
:::MLLOG {"namespace": "", "time_ms": 1663381069746, "event_type": "POINT_IN_TIME", "key": "tracked_stats", "value": {"throughput": 2372.6540608992227}, "metadata": {"file": "/lus/grand/projects/datascience/hzheng/mlperf-2022/optimized-hpc/cosmoflow/pytorch/trainer.py", "lineno": 192, "epoch_num": 13, "step": 12, "instance": 0}}
:::MLLOG {"namespace": "", "time_ms": 1663381069746, "event_type": "POINT_IN_TIME", "key": "eval_error", "value": 0.17256249487400055, "metadata": {"file": "/lus/grand/projects/datascience/hzheng/mlperf-2022/optimized-hpc/cosmoflow/pytorch/trainer.py", "lineno": 197, "epoch_num": 13, "instance": 0}}
:::MLLOG {"namespace": "", "time_ms": 1663381069746, "event_type": "INTERVAL_START", "key": "epoch_start", "value": null, "metadata": {"file": "/lus/grand/projects/datascience/hzheng/mlperf-2022/optimized-hpc/cosmoflow/pytorch/trainer.py", "lineno": 172, "epoch_num": 14, "lr": [0.012], "instance": 0}}
:::MLLOG {"namespace": "", "time_ms": 1663381291124, "event_type": "INTERVAL_START", "key": "eval_start", "value": null, "metadata": {"file": "/lus/grand/projects/datascience/hzheng/mlperf-2022/optimized-hpc/cosmoflow/pytorch/trainer.py", "lineno": 179, "epoch_num": 14, "instance": 0}}
:::MLLOG {"namespace": "", "time_ms": 1663381292012, "event_type": "INTERVAL_START", "key": "eval_stop", "value": null, "metadata": {"file": "/lus/grand/projects/datascience/hzheng/mlperf-2022/optimized-hpc/cosmoflow/pytorch/trainer.py", "lineno": 183, "epoch_num": 14, "instance": 0}}
:::MLLOG {"namespace": "", "time_ms": 1663381292013, "event_type": "INTERVAL_END", "key": "epoch_stop", "value": null, "metadata": {"file": "/lus/grand/projects/datascience/hzheng/mlperf-2022/optimized-hpc/cosmoflow/pytorch/utils/utils.py", "lineno": 214, "epoch_num": 14, "training_epoch_latency": 221380.21875, "eval_epoch_latency": 887.9047241210938, "instance": 0}}
:::MLLOG {"namespace": "", "time_ms": 1663381292013, "event_type": "POINT_IN_TIME", "key": "tracked_stats", "value": {"throughput": 2368.269409797934}, "metadata": {"file": "/lus/grand/projects/datascience/hzheng/mlperf-2022/optimized-hpc/cosmoflow/pytorch/trainer.py", "lineno": 192, "epoch_num": 14, "step": 13, "instance": 0}}
:::MLLOG {"namespace": "", "time_ms": 1663381292013, "event_type": "POINT_IN_TIME", "key": "eval_error", "value": 0.18052542209625244, "metadata": {"file": "/lus/grand/projects/datascience/hzheng/mlperf-2022/optimized-hpc/cosmoflow/pytorch/trainer.py", "lineno": 197, "epoch_num": 14, "instance": 0}}
:::MLLOG {"namespace": "", "time_ms": 1663381292013, "event_type": "INTERVAL_START", "key": "epoch_start", "value": null, "metadata": {"file": "/lus/grand/projects/datascience/hzheng/mlperf-2022/optimized-hpc/cosmoflow/pytorch/trainer.py", "lineno": 172, "epoch_num": 15, "lr": [0.012], "instance": 0}}
:::MLLOG {"namespace": "", "time_ms": 1663381513503, "event_type": "INTERVAL_START", "key": "eval_start", "value": null, "metadata": {"file": "/lus/grand/projects/datascience/hzheng/mlperf-2022/optimized-hpc/cosmoflow/pytorch/trainer.py", "lineno": 179, "epoch_num": 15, "instance": 0}}
:::MLLOG {"namespace": "", "time_ms": 1663381514361, "event_type": "INTERVAL_START", "key": "eval_stop", "value": null, "metadata": {"file": "/lus/grand/projects/datascience/hzheng/mlperf-2022/optimized-hpc/cosmoflow/pytorch/trainer.py", "lineno": 183, "epoch_num": 15, "instance": 0}}
:::MLLOG {"namespace": "", "time_ms": 1663381514362, "event_type": "INTERVAL_END", "key": "epoch_stop", "value": null, "metadata": {"file": "/lus/grand/projects/datascience/hzheng/mlperf-2022/optimized-hpc/cosmoflow/pytorch/utils/utils.py", "lineno": 214, "epoch_num": 15, "training_epoch_latency": 221492.046875, "eval_epoch_latency": 857.7659301757812, "instance": 0}}
:::MLLOG {"namespace": "", "time_ms": 1663381514362, "event_type": "POINT_IN_TIME", "key": "tracked_stats", "value": {"throughput": 2367.0737048896576}, "metadata": {"file": "/lus/grand/projects/datascience/hzheng/mlperf-2022/optimized-hpc/cosmoflow/pytorch/trainer.py", "lineno": 192, "epoch_num": 15, "step": 14, "instance": 0}}
:::MLLOG {"namespace": "", "time_ms": 1663381514363, "event_type": "POINT_IN_TIME", "key": "eval_error", "value": 0.15815508365631104, "metadata": {"file": "/lus/grand/projects/datascience/hzheng/mlperf-2022/optimized-hpc/cosmoflow/pytorch/trainer.py", "lineno": 197, "epoch_num": 15, "instance": 0}}
:::MLLOG {"namespace": "", "time_ms": 1663381514363, "event_type": "INTERVAL_START", "key": "epoch_start", "value": null, "metadata": {"file": "/lus/grand/projects/datascience/hzheng/mlperf-2022/optimized-hpc/cosmoflow/pytorch/trainer.py", "lineno": 172, "epoch_num": 16, "lr": [0.012], "instance": 0}}
:::MLLOG {"namespace": "", "time_ms": 1663381734828, "event_type": "INTERVAL_START", "key": "eval_start", "value": null, "metadata": {"file": "/lus/grand/projects/datascience/hzheng/mlperf-2022/optimized-hpc/cosmoflow/pytorch/trainer.py", "lineno": 179, "epoch_num": 16, "instance": 0}}
:::MLLOG {"namespace": "", "time_ms": 1663381735675, "event_type": "INTERVAL_START", "key": "eval_stop", "value": null, "metadata": {"file": "/lus/grand/projects/datascience/hzheng/mlperf-2022/optimized-hpc/cosmoflow/pytorch/trainer.py", "lineno": 183, "epoch_num": 16, "instance": 0}}
:::MLLOG {"namespace": "", "time_ms": 1663381735675, "event_type": "INTERVAL_END", "key": "epoch_stop", "value": null, "metadata": {"file": "/lus/grand/projects/datascience/hzheng/mlperf-2022/optimized-hpc/cosmoflow/pytorch/utils/utils.py", "lineno": 214, "epoch_num": 16, "training_epoch_latency": 220467.03125, "eval_epoch_latency": 846.5303955078125, "instance": 0}}
:::MLLOG {"namespace": "", "time_ms": 1663381735675, "event_type": "POINT_IN_TIME", "key": "tracked_stats", "value": {"throughput": 2378.078921947655}, "metadata": {"file": "/lus/grand/projects/datascience/hzheng/mlperf-2022/optimized-hpc/cosmoflow/pytorch/trainer.py", "lineno": 192, "epoch_num": 16, "step": 15, "instance": 0}}
:::MLLOG {"namespace": "", "time_ms": 1663381735675, "event_type": "POINT_IN_TIME", "key": "eval_error", "value": 0.17916637659072876, "metadata": {"file": "/lus/grand/projects/datascience/hzheng/mlperf-2022/optimized-hpc/cosmoflow/pytorch/trainer.py", "lineno": 197, "epoch_num": 16, "instance": 0}}
:::MLLOG {"namespace": "", "time_ms": 1663381735676, "event_type": "INTERVAL_START", "key": "epoch_start", "value": null, "metadata": {"file": "/lus/grand/projects/datascience/hzheng/mlperf-2022/optimized-hpc/cosmoflow/pytorch/trainer.py", "lineno": 172, "epoch_num": 17, "lr": [0.012], "instance": 0}}
:::MLLOG {"namespace": "", "time_ms": 1663381958856, "event_type": "INTERVAL_START", "key": "eval_start", "value": null, "metadata": {"file": "/lus/grand/projects/datascience/hzheng/mlperf-2022/optimized-hpc/cosmoflow/pytorch/trainer.py", "lineno": 179, "epoch_num": 17, "instance": 0}}
:::MLLOG {"namespace": "", "time_ms": 1663381961154, "event_type": "INTERVAL_START", "key": "eval_stop", "value": null, "metadata": {"file": "/lus/grand/projects/datascience/hzheng/mlperf-2022/optimized-hpc/cosmoflow/pytorch/trainer.py", "lineno": 183, "epoch_num": 17, "instance": 0}}
:::MLLOG {"namespace": "", "time_ms": 1663381961155, "event_type": "INTERVAL_END", "key": "epoch_stop", "value": null, "metadata": {"file": "/lus/grand/projects/datascience/hzheng/mlperf-2022/optimized-hpc/cosmoflow/pytorch/utils/utils.py", "lineno": 214, "epoch_num": 17, "training_epoch_latency": 223182.96875, "eval_epoch_latency": 2297.745849609375, "instance": 0}}
:::MLLOG {"namespace": "", "time_ms": 1663381961155, "event_type": "POINT_IN_TIME", "key": "tracked_stats", "value": {"throughput": 2349.1398243173517}, "metadata": {"file": "/lus/grand/projects/datascience/hzheng/mlperf-2022/optimized-hpc/cosmoflow/pytorch/trainer.py", "lineno": 192, "epoch_num": 17, "step": 16, "instance": 0}}
:::MLLOG {"namespace": "", "time_ms": 1663381961155, "event_type": "POINT_IN_TIME", "key": "eval_error", "value": 0.15304510295391083, "metadata": {"file": "/lus/grand/projects/datascience/hzheng/mlperf-2022/optimized-hpc/cosmoflow/pytorch/trainer.py", "lineno": 197, "epoch_num": 17, "instance": 0}}
:::MLLOG {"namespace": "", "time_ms": 1663381961155, "event_type": "INTERVAL_START", "key": "epoch_start", "value": null, "metadata": {"file": "/lus/grand/projects/datascience/hzheng/mlperf-2022/optimized-hpc/cosmoflow/pytorch/trainer.py", "lineno": 172, "epoch_num": 18, "lr": [0.012], "instance": 0}}
:::MLLOG {"namespace": "", "time_ms": 1663382186895, "event_type": "INTERVAL_START", "key": "eval_start", "value": null, "metadata": {"file": "/lus/grand/projects/datascience/hzheng/mlperf-2022/optimized-hpc/cosmoflow/pytorch/trainer.py", "lineno": 179, "epoch_num": 18, "instance": 0}}
:::MLLOG {"namespace": "", "time_ms": 1663382188794, "event_type": "INTERVAL_START", "key": "eval_stop", "value": null, "metadata": {"file": "/lus/grand/projects/datascience/hzheng/mlperf-2022/optimized-hpc/cosmoflow/pytorch/trainer.py", "lineno": 183, "epoch_num": 18, "instance": 0}}
:::MLLOG {"namespace": "", "time_ms": 1663382188795, "event_type": "INTERVAL_END", "key": "epoch_stop", "value": null, "metadata": {"file": "/lus/grand/projects/datascience/hzheng/mlperf-2022/optimized-hpc/cosmoflow/pytorch/utils/utils.py", "lineno": 214, "epoch_num": 18, "training_epoch_latency": 225742.046875, "eval_epoch_latency": 1886.5758056640625, "instance": 0}}
:::MLLOG {"namespace": "", "time_ms": 1663382188796, "event_type": "POINT_IN_TIME", "key": "tracked_stats", "value": {"throughput": 2322.5092855223097}, "metadata": {"file": "/lus/grand/projects/datascience/hzheng/mlperf-2022/optimized-hpc/cosmoflow/pytorch/trainer.py", "lineno": 192, "epoch_num": 18, "step": 17, "instance": 0}}
:::MLLOG {"namespace": "", "time_ms": 1663382188796, "event_type": "POINT_IN_TIME", "key": "eval_error", "value": 0.1742893010377884, "metadata": {"file": "/lus/grand/projects/datascience/hzheng/mlperf-2022/optimized-hpc/cosmoflow/pytorch/trainer.py", "lineno": 197, "epoch_num": 18, "instance": 0}}
:::MLLOG {"namespace": "", "time_ms": 1663382188796, "event_type": "INTERVAL_START", "key": "epoch_start", "value": null, "metadata": {"file": "/lus/grand/projects/datascience/hzheng/mlperf-2022/optimized-hpc/cosmoflow/pytorch/trainer.py", "lineno": 172, "epoch_num": 19, "lr": [0.012], "instance": 0}}
:::MLLOG {"namespace": "", "time_ms": 1663382409999, "event_type": "INTERVAL_START", "key": "eval_start", "value": null, "metadata": {"file": "/lus/grand/projects/datascience/hzheng/mlperf-2022/optimized-hpc/cosmoflow/pytorch/trainer.py", "lineno": 179, "epoch_num": 19, "instance": 0}}
:::MLLOG {"namespace": "", "time_ms": 1663382411068, "event_type": "INTERVAL_START", "key": "eval_stop", "value": null, "metadata": {"file": "/lus/grand/projects/datascience/hzheng/mlperf-2022/optimized-hpc/cosmoflow/pytorch/trainer.py", "lineno": 183, "epoch_num": 19, "instance": 0}}
:::MLLOG {"namespace": "", "time_ms": 1663382411068, "event_type": "INTERVAL_END", "key": "epoch_stop", "value": null, "metadata": {"file": "/lus/grand/projects/datascience/hzheng/mlperf-2022/optimized-hpc/cosmoflow/pytorch/utils/utils.py", "lineno": 214, "epoch_num": 19, "training_epoch_latency": 221204.1875, "eval_epoch_latency": 1068.6702880859375, "instance": 0}}
:::MLLOG {"namespace": "", "time_ms": 1663382411068, "event_type": "POINT_IN_TIME", "key": "tracked_stats", "value": {"throughput": 2370.1540460213937}, "metadata": {"file": "/lus/grand/projects/datascience/hzheng/mlperf-2022/optimized-hpc/cosmoflow/pytorch/trainer.py", "lineno": 192, "epoch_num": 19, "step": 18, "instance": 0}}
:::MLLOG {"namespace": "", "time_ms": 1663382411068, "event_type": "POINT_IN_TIME", "key": "eval_error", "value": 0.15397000312805176, "metadata": {"file": "/lus/grand/projects/datascience/hzheng/mlperf-2022/optimized-hpc/cosmoflow/pytorch/trainer.py", "lineno": 197, "epoch_num": 19, "instance": 0}}
:::MLLOG {"namespace": "", "time_ms": 1663382411069, "event_type": "INTERVAL_START", "key": "epoch_start", "value": null, "metadata": {"file": "/lus/grand/projects/datascience/hzheng/mlperf-2022/optimized-hpc/cosmoflow/pytorch/trainer.py", "lineno": 172, "epoch_num": 20, "lr": [0.012], "instance": 0}}
:::MLLOG {"namespace": "", "time_ms": 1663382631660, "event_type": "INTERVAL_START", "key": "eval_start", "value": null, "metadata": {"file": "/lus/grand/projects/datascience/hzheng/mlperf-2022/optimized-hpc/cosmoflow/pytorch/trainer.py", "lineno": 179, "epoch_num": 20, "instance": 0}}
:::MLLOG {"namespace": "", "time_ms": 1663382632542, "event_type": "INTERVAL_START", "key": "eval_stop", "value": null, "metadata": {"file": "/lus/grand/projects/datascience/hzheng/mlperf-2022/optimized-hpc/cosmoflow/pytorch/trainer.py", "lineno": 183, "epoch_num": 20, "instance": 0}}
:::MLLOG {"namespace": "", "time_ms": 1663382632542, "event_type": "INTERVAL_END", "key": "epoch_stop", "value": null, "metadata": {"file": "/lus/grand/projects/datascience/hzheng/mlperf-2022/optimized-hpc/cosmoflow/pytorch/utils/utils.py", "lineno": 214, "epoch_num": 20, "training_epoch_latency": 220593.703125, "eval_epoch_latency": 881.687744140625, "instance": 0}}
:::MLLOG {"namespace": "", "time_ms": 1663382632543, "event_type": "POINT_IN_TIME", "key": "tracked_stats", "value": {"throughput": 2376.7133538844073}, "metadata": {"file": "/lus/grand/projects/datascience/hzheng/mlperf-2022/optimized-hpc/cosmoflow/pytorch/trainer.py", "lineno": 192, "epoch_num": 20, "step": 19, "instance": 0}}
:::MLLOG {"namespace": "", "time_ms": 1663382632543, "event_type": "POINT_IN_TIME", "key": "eval_error", "value": 0.16655123233795166, "metadata": {"file": "/lus/grand/projects/datascience/hzheng/mlperf-2022/optimized-hpc/cosmoflow/pytorch/trainer.py", "lineno": 197, "epoch_num": 20, "instance": 0}}
:::MLLOG {"namespace": "", "time_ms": 1663382632543, "event_type": "INTERVAL_START", "key": "epoch_start", "value": null, "metadata": {"file": "/lus/grand/projects/datascience/hzheng/mlperf-2022/optimized-hpc/cosmoflow/pytorch/trainer.py", "lineno": 172, "epoch_num": 21, "lr": [0.012], "instance": 0}}
:::MLLOG {"namespace": "", "time_ms": 1663382853035, "event_type": "INTERVAL_START", "key": "eval_start", "value": null, "metadata": {"file": "/lus/grand/projects/datascience/hzheng/mlperf-2022/optimized-hpc/cosmoflow/pytorch/trainer.py", "lineno": 179, "epoch_num": 21, "instance": 0}}
:::MLLOG {"namespace": "", "time_ms": 1663382853919, "event_type": "INTERVAL_START", "key": "eval_stop", "value": null, "metadata": {"file": "/lus/grand/projects/datascience/hzheng/mlperf-2022/optimized-hpc/cosmoflow/pytorch/trainer.py", "lineno": 183, "epoch_num": 21, "instance": 0}}
:::MLLOG {"namespace": "", "time_ms": 1663382853919, "event_type": "INTERVAL_END", "key": "epoch_stop", "value": null, "metadata": {"file": "/lus/grand/projects/datascience/hzheng/mlperf-2022/optimized-hpc/cosmoflow/pytorch/utils/utils.py", "lineno": 214, "epoch_num": 21, "training_epoch_latency": 220494.296875, "eval_epoch_latency": 883.422607421875, "instance": 0}}
:::MLLOG {"namespace": "", "time_ms": 1663382853919, "event_type": "POINT_IN_TIME", "key": "tracked_stats", "value": {"throughput": 2377.78485625514}, "metadata": {"file": "/lus/grand/projects/datascience/hzheng/mlperf-2022/optimized-hpc/cosmoflow/pytorch/trainer.py", "lineno": 192, "epoch_num": 21, "step": 20, "instance": 0}}
:::MLLOG {"namespace": "", "time_ms": 1663382853919, "event_type": "POINT_IN_TIME", "key": "eval_error", "value": 0.14469721913337708, "metadata": {"file": "/lus/grand/projects/datascience/hzheng/mlperf-2022/optimized-hpc/cosmoflow/pytorch/trainer.py", "lineno": 197, "epoch_num": 21, "instance": 0}}
:::MLLOG {"namespace": "", "time_ms": 1663382853920, "event_type": "INTERVAL_START", "key": "epoch_start", "value": null, "metadata": {"file": "/lus/grand/projects/datascience/hzheng/mlperf-2022/optimized-hpc/cosmoflow/pytorch/trainer.py", "lineno": 172, "epoch_num": 22, "lr": [0.012], "instance": 0}}
:::MLLOG {"namespace": "", "time_ms": 1663383074527, "event_type": "INTERVAL_START", "key": "eval_start", "value": null, "metadata": {"file": "/lus/grand/projects/datascience/hzheng/mlperf-2022/optimized-hpc/cosmoflow/pytorch/trainer.py", "lineno": 179, "epoch_num": 22, "instance": 0}}
:::MLLOG {"namespace": "", "time_ms": 1663383075421, "event_type": "INTERVAL_START", "key": "eval_stop", "value": null, "metadata": {"file": "/lus/grand/projects/datascience/hzheng/mlperf-2022/optimized-hpc/cosmoflow/pytorch/trainer.py", "lineno": 183, "epoch_num": 22, "instance": 0}}
:::MLLOG {"namespace": "", "time_ms": 1663383075422, "event_type": "INTERVAL_END", "key": "epoch_stop", "value": null, "metadata": {"file": "/lus/grand/projects/datascience/hzheng/mlperf-2022/optimized-hpc/cosmoflow/pytorch/utils/utils.py", "lineno": 214, "epoch_num": 22, "training_epoch_latency": 220609.390625, "eval_epoch_latency": 894.2841796875, "instance": 0}}
:::MLLOG {"namespace": "", "time_ms": 1663383075422, "event_type": "POINT_IN_TIME", "key": "tracked_stats", "value": {"throughput": 2376.5443461616014}, "metadata": {"file": "/lus/grand/projects/datascience/hzheng/mlperf-2022/optimized-hpc/cosmoflow/pytorch/trainer.py", "lineno": 192, "epoch_num": 22, "step": 21, "instance": 0}}
:::MLLOG {"namespace": "", "time_ms": 1663383075422, "event_type": "POINT_IN_TIME", "key": "eval_error", "value": 0.14604757726192474, "metadata": {"file": "/lus/grand/projects/datascience/hzheng/mlperf-2022/optimized-hpc/cosmoflow/pytorch/trainer.py", "lineno": 197, "epoch_num": 22, "instance": 0}}
:::MLLOG {"namespace": "", "time_ms": 1663383075423, "event_type": "INTERVAL_START", "key": "epoch_start", "value": null, "metadata": {"file": "/lus/grand/projects/datascience/hzheng/mlperf-2022/optimized-hpc/cosmoflow/pytorch/trainer.py", "lineno": 172, "epoch_num": 23, "lr": [0.012], "instance": 0}}
:::MLLOG {"namespace": "", "time_ms": 1663383297232, "event_type": "INTERVAL_START", "key": "eval_start", "value": null, "metadata": {"file": "/lus/grand/projects/datascience/hzheng/mlperf-2022/optimized-hpc/cosmoflow/pytorch/trainer.py", "lineno": 179, "epoch_num": 23, "instance": 0}}
:::MLLOG {"namespace": "", "time_ms": 1663383298108, "event_type": "INTERVAL_START", "key": "eval_stop", "value": null, "metadata": {"file": "/lus/grand/projects/datascience/hzheng/mlperf-2022/optimized-hpc/cosmoflow/pytorch/trainer.py", "lineno": 183, "epoch_num": 23, "instance": 0}}
:::MLLOG {"namespace": "", "time_ms": 1663383298108, "event_type": "INTERVAL_END", "key": "epoch_stop", "value": null, "metadata": {"file": "/lus/grand/projects/datascience/hzheng/mlperf-2022/optimized-hpc/cosmoflow/pytorch/utils/utils.py", "lineno": 214, "epoch_num": 23, "training_epoch_latency": 221811.359375, "eval_epoch_latency": 875.3380737304688, "instance": 0}}
:::MLLOG {"namespace": "", "time_ms": 1663383298108, "event_type": "POINT_IN_TIME", "key": "tracked_stats", "value": {"throughput": 2363.6661417038845}, "metadata": {"file": "/lus/grand/projects/datascience/hzheng/mlperf-2022/optimized-hpc/cosmoflow/pytorch/trainer.py", "lineno": 192, "epoch_num": 23, "step": 22, "instance": 0}}
:::MLLOG {"namespace": "", "time_ms": 1663383298108, "event_type": "POINT_IN_TIME", "key": "eval_error", "value": 0.1511373072862625, "metadata": {"file": "/lus/grand/projects/datascience/hzheng/mlperf-2022/optimized-hpc/cosmoflow/pytorch/trainer.py", "lineno": 197, "epoch_num": 23, "instance": 0}}
:::MLLOG {"namespace": "", "time_ms": 1663383298108, "event_type": "INTERVAL_START", "key": "epoch_start", "value": null, "metadata": {"file": "/lus/grand/projects/datascience/hzheng/mlperf-2022/optimized-hpc/cosmoflow/pytorch/trainer.py", "lineno": 172, "epoch_num": 24, "lr": [0.012], "instance": 0}}
:::MLLOG {"namespace": "", "time_ms": 1663383518549, "event_type": "INTERVAL_START", "key": "eval_start", "value": null, "metadata": {"file": "/lus/grand/projects/datascience/hzheng/mlperf-2022/optimized-hpc/cosmoflow/pytorch/trainer.py", "lineno": 179, "epoch_num": 24, "instance": 0}}
:::MLLOG {"namespace": "", "time_ms": 1663383519404, "event_type": "INTERVAL_START", "key": "eval_stop", "value": null, "metadata": {"file": "/lus/grand/projects/datascience/hzheng/mlperf-2022/optimized-hpc/cosmoflow/pytorch/trainer.py", "lineno": 183, "epoch_num": 24, "instance": 0}}
:::MLLOG {"namespace": "", "time_ms": 1663383519405, "event_type": "INTERVAL_END", "key": "epoch_stop", "value": null, "metadata": {"file": "/lus/grand/projects/datascience/hzheng/mlperf-2022/optimized-hpc/cosmoflow/pytorch/utils/utils.py", "lineno": 214, "epoch_num": 24, "training_epoch_latency": 220442.859375, "eval_epoch_latency": 854.3436279296875, "instance": 0}}
:::MLLOG {"namespace": "", "time_ms": 1663383519405, "event_type": "POINT_IN_TIME", "key": "tracked_stats", "value": {"throughput": 2378.339681704648}, "metadata": {"file": "/lus/grand/projects/datascience/hzheng/mlperf-2022/optimized-hpc/cosmoflow/pytorch/trainer.py", "lineno": 192, "epoch_num": 24, "step": 23, "instance": 0}}
:::MLLOG {"namespace": "", "time_ms": 1663383519405, "event_type": "POINT_IN_TIME", "key": "eval_error", "value": 0.1400485336780548, "metadata": {"file": "/lus/grand/projects/datascience/hzheng/mlperf-2022/optimized-hpc/cosmoflow/pytorch/trainer.py", "lineno": 197, "epoch_num": 24, "instance": 0}}
:::MLLOG {"namespace": "", "time_ms": 1663383519405, "event_type": "INTERVAL_START", "key": "epoch_start", "value": null, "metadata": {"file": "/lus/grand/projects/datascience/hzheng/mlperf-2022/optimized-hpc/cosmoflow/pytorch/trainer.py", "lineno": 172, "epoch_num": 25, "lr": [0.012], "instance": 0}}
:::MLLOG {"namespace": "", "time_ms": 1663383740504, "event_type": "INTERVAL_START", "key": "eval_start", "value": null, "metadata": {"file": "/lus/grand/projects/datascience/hzheng/mlperf-2022/optimized-hpc/cosmoflow/pytorch/trainer.py", "lineno": 179, "epoch_num": 25, "instance": 0}}
:::MLLOG {"namespace": "", "time_ms": 1663383741356, "event_type": "INTERVAL_START", "key": "eval_stop", "value": null, "metadata": {"file": "/lus/grand/projects/datascience/hzheng/mlperf-2022/optimized-hpc/cosmoflow/pytorch/trainer.py", "lineno": 183, "epoch_num": 25, "instance": 0}}
:::MLLOG {"namespace": "", "time_ms": 1663383741357, "event_type": "INTERVAL_END", "key": "epoch_stop", "value": null, "metadata": {"file": "/lus/grand/projects/datascience/hzheng/mlperf-2022/optimized-hpc/cosmoflow/pytorch/utils/utils.py", "lineno": 214, "epoch_num": 25, "training_epoch_latency": 221101.046875, "eval_epoch_latency": 851.1441040039062, "instance": 0}}
:::MLLOG {"namespace": "", "time_ms": 1663383741357, "event_type": "POINT_IN_TIME", "key": "tracked_stats", "value": {"throughput": 2371.2596905812366}, "metadata": {"file": "/lus/grand/projects/datascience/hzheng/mlperf-2022/optimized-hpc/cosmoflow/pytorch/trainer.py", "lineno": 192, "epoch_num": 25, "step": 24, "instance": 0}}
:::MLLOG {"namespace": "", "time_ms": 1663383741357, "event_type": "POINT_IN_TIME", "key": "eval_error", "value": 0.14126351475715637, "metadata": {"file": "/lus/grand/projects/datascience/hzheng/mlperf-2022/optimized-hpc/cosmoflow/pytorch/trainer.py", "lineno": 197, "epoch_num": 25, "instance": 0}}
:::MLLOG {"namespace": "", "time_ms": 1663383741357, "event_type": "INTERVAL_START", "key": "epoch_start", "value": null, "metadata": {"file": "/lus/grand/projects/datascience/hzheng/mlperf-2022/optimized-hpc/cosmoflow/pytorch/trainer.py", "lineno": 172, "epoch_num": 26, "lr": [0.012], "instance": 0}}
:::MLLOG {"namespace": "", "time_ms": 1663383962980, "event_type": "INTERVAL_START", "key": "eval_start", "value": null, "metadata": {"file": "/lus/grand/projects/datascience/hzheng/mlperf-2022/optimized-hpc/cosmoflow/pytorch/trainer.py", "lineno": 179, "epoch_num": 26, "instance": 0}}
:::MLLOG {"namespace": "", "time_ms": 1663383963972, "event_type": "INTERVAL_START", "key": "eval_stop", "value": null, "metadata": {"file": "/lus/grand/projects/datascience/hzheng/mlperf-2022/optimized-hpc/cosmoflow/pytorch/trainer.py", "lineno": 183, "epoch_num": 26, "instance": 0}}
:::MLLOG {"namespace": "", "time_ms": 1663383963972, "event_type": "INTERVAL_END", "key": "epoch_stop", "value": null, "metadata": {"file": "/lus/grand/projects/datascience/hzheng/mlperf-2022/optimized-hpc/cosmoflow/pytorch/utils/utils.py", "lineno": 214, "epoch_num": 26, "training_epoch_latency": 221625.03125, "eval_epoch_latency": 991.1495361328125, "instance": 0}}
:::MLLOG {"namespace": "", "time_ms": 1663383963972, "event_type": "POINT_IN_TIME", "key": "tracked_stats", "value": {"throughput": 2365.6533607369765}, "metadata": {"file": "/lus/grand/projects/datascience/hzheng/mlperf-2022/optimized-hpc/cosmoflow/pytorch/trainer.py", "lineno": 192, "epoch_num": 26, "step": 25, "instance": 0}}
:::MLLOG {"namespace": "", "time_ms": 1663383963973, "event_type": "POINT_IN_TIME", "key": "eval_error", "value": 0.13728684186935425, "metadata": {"file": "/lus/grand/projects/datascience/hzheng/mlperf-2022/optimized-hpc/cosmoflow/pytorch/trainer.py", "lineno": 197, "epoch_num": 26, "instance": 0}}
:::MLLOG {"namespace": "", "time_ms": 1663383963973, "event_type": "INTERVAL_START", "key": "epoch_start", "value": null, "metadata": {"file": "/lus/grand/projects/datascience/hzheng/mlperf-2022/optimized-hpc/cosmoflow/pytorch/trainer.py", "lineno": 172, "epoch_num": 27, "lr": [0.012], "instance": 0}}
:::MLLOG {"namespace": "", "time_ms": 1663384184532, "event_type": "INTERVAL_START", "key": "eval_start", "value": null, "metadata": {"file": "/lus/grand/projects/datascience/hzheng/mlperf-2022/optimized-hpc/cosmoflow/pytorch/trainer.py", "lineno": 179, "epoch_num": 27, "instance": 0}}
:::MLLOG {"namespace": "", "time_ms": 1663384185373, "event_type": "INTERVAL_START", "key": "eval_stop", "value": null, "metadata": {"file": "/lus/grand/projects/datascience/hzheng/mlperf-2022/optimized-hpc/cosmoflow/pytorch/trainer.py", "lineno": 183, "epoch_num": 27, "instance": 0}}
:::MLLOG {"namespace": "", "time_ms": 1663384185374, "event_type": "INTERVAL_END", "key": "epoch_stop", "value": null, "metadata": {"file": "/lus/grand/projects/datascience/hzheng/mlperf-2022/optimized-hpc/cosmoflow/pytorch/utils/utils.py", "lineno": 214, "epoch_num": 27, "training_epoch_latency": 220561.203125, "eval_epoch_latency": 840.9044189453125, "instance": 0}}
:::MLLOG {"namespace": "", "time_ms": 1663384185374, "event_type": "POINT_IN_TIME", "key": "tracked_stats", "value": {"throughput": 2377.0635659022364}, "metadata": {"file": "/lus/grand/projects/datascience/hzheng/mlperf-2022/optimized-hpc/cosmoflow/pytorch/trainer.py", "lineno": 192, "epoch_num": 27, "step": 26, "instance": 0}}
:::MLLOG {"namespace": "", "time_ms": 1663384185374, "event_type": "POINT_IN_TIME", "key": "eval_error", "value": 0.13385306298732758, "metadata": {"file": "/lus/grand/projects/datascience/hzheng/mlperf-2022/optimized-hpc/cosmoflow/pytorch/trainer.py", "lineno": 197, "epoch_num": 27, "instance": 0}}
:::MLLOG {"namespace": "", "time_ms": 1663384185374, "event_type": "INTERVAL_START", "key": "epoch_start", "value": null, "metadata": {"file": "/lus/grand/projects/datascience/hzheng/mlperf-2022/optimized-hpc/cosmoflow/pytorch/trainer.py", "lineno": 172, "epoch_num": 28, "lr": [0.012], "instance": 0}}
:::MLLOG {"namespace": "", "time_ms": 1663384407556, "event_type": "INTERVAL_START", "key": "eval_start", "value": null, "metadata": {"file": "/lus/grand/projects/datascience/hzheng/mlperf-2022/optimized-hpc/cosmoflow/pytorch/trainer.py", "lineno": 179, "epoch_num": 28, "instance": 0}}
:::MLLOG {"namespace": "", "time_ms": 1663384408471, "event_type": "INTERVAL_START", "key": "eval_stop", "value": null, "metadata": {"file": "/lus/grand/projects/datascience/hzheng/mlperf-2022/optimized-hpc/cosmoflow/pytorch/trainer.py", "lineno": 183, "epoch_num": 28, "instance": 0}}
:::MLLOG {"namespace": "", "time_ms": 1663384408472, "event_type": "INTERVAL_END", "key": "epoch_stop", "value": null, "metadata": {"file": "/lus/grand/projects/datascience/hzheng/mlperf-2022/optimized-hpc/cosmoflow/pytorch/utils/utils.py", "lineno": 214, "epoch_num": 28, "training_epoch_latency": 222184.375, "eval_epoch_latency": 914.3179931640625, "instance": 0}}
:::MLLOG {"namespace": "", "time_ms": 1663384408472, "event_type": "POINT_IN_TIME", "key": "tracked_stats", "value": {"throughput": 2359.6978860462173}, "metadata": {"file": "/lus/grand/projects/datascience/hzheng/mlperf-2022/optimized-hpc/cosmoflow/pytorch/trainer.py", "lineno": 192, "epoch_num": 28, "step": 27, "instance": 0}}
:::MLLOG {"namespace": "", "time_ms": 1663384408472, "event_type": "POINT_IN_TIME", "key": "eval_error", "value": 0.14654020965099335, "metadata": {"file": "/lus/grand/projects/datascience/hzheng/mlperf-2022/optimized-hpc/cosmoflow/pytorch/trainer.py", "lineno": 197, "epoch_num": 28, "instance": 0}}
:::MLLOG {"namespace": "", "time_ms": 1663384408472, "event_type": "INTERVAL_START", "key": "epoch_start", "value": null, "metadata": {"file": "/lus/grand/projects/datascience/hzheng/mlperf-2022/optimized-hpc/cosmoflow/pytorch/trainer.py", "lineno": 172, "epoch_num": 29, "lr": [0.012], "instance": 0}}
:::MLLOG {"namespace": "", "time_ms": 1663384629776, "event_type": "INTERVAL_START", "key": "eval_start", "value": null, "metadata": {"file": "/lus/grand/projects/datascience/hzheng/mlperf-2022/optimized-hpc/cosmoflow/pytorch/trainer.py", "lineno": 179, "epoch_num": 29, "instance": 0}}
:::MLLOG {"namespace": "", "time_ms": 1663384630645, "event_type": "INTERVAL_START", "key": "eval_stop", "value": null, "metadata": {"file": "/lus/grand/projects/datascience/hzheng/mlperf-2022/optimized-hpc/cosmoflow/pytorch/trainer.py", "lineno": 183, "epoch_num": 29, "instance": 0}}
:::MLLOG {"namespace": "", "time_ms": 1663384630646, "event_type": "INTERVAL_END", "key": "epoch_stop", "value": null, "metadata": {"file": "/lus/grand/projects/datascience/hzheng/mlperf-2022/optimized-hpc/cosmoflow/pytorch/utils/utils.py", "lineno": 214, "epoch_num": 29, "training_epoch_latency": 221306.171875, "eval_epoch_latency": 868.8154296875, "instance": 0}}
:::MLLOG {"namespace": "", "time_ms": 1663384630646, "event_type": "POINT_IN_TIME", "key": "tracked_stats", "value": {"throughput": 2369.0618095194054}, "metadata": {"file": "/lus/grand/projects/datascience/hzheng/mlperf-2022/optimized-hpc/cosmoflow/pytorch/trainer.py", "lineno": 192, "epoch_num": 29, "step": 28, "instance": 0}}
:::MLLOG {"namespace": "", "time_ms": 1663384630646, "event_type": "POINT_IN_TIME", "key": "eval_error", "value": 0.1523895263671875, "metadata": {"file": "/lus/grand/projects/datascience/hzheng/mlperf-2022/optimized-hpc/cosmoflow/pytorch/trainer.py", "lineno": 197, "epoch_num": 29, "instance": 0}}
:::MLLOG {"namespace": "", "time_ms": 1663384630646, "event_type": "INTERVAL_START", "key": "epoch_start", "value": null, "metadata": {"file": "/lus/grand/projects/datascience/hzheng/mlperf-2022/optimized-hpc/cosmoflow/pytorch/trainer.py", "lineno": 172, "epoch_num": 30, "lr": [0.012], "instance": 0}}
:::MLLOG {"namespace": "", "time_ms": 1663384850690, "event_type": "INTERVAL_START", "key": "eval_start", "value": null, "metadata": {"file": "/lus/grand/projects/datascience/hzheng/mlperf-2022/optimized-hpc/cosmoflow/pytorch/trainer.py", "lineno": 179, "epoch_num": 30, "instance": 0}}
:::MLLOG {"namespace": "", "time_ms": 1663384851612, "event_type": "INTERVAL_START", "key": "eval_stop", "value": null, "metadata": {"file": "/lus/grand/projects/datascience/hzheng/mlperf-2022/optimized-hpc/cosmoflow/pytorch/trainer.py", "lineno": 183, "epoch_num": 30, "instance": 0}}
:::MLLOG {"namespace": "", "time_ms": 1663384851612, "event_type": "INTERVAL_END", "key": "epoch_stop", "value": null, "metadata": {"file": "/lus/grand/projects/datascience/hzheng/mlperf-2022/optimized-hpc/cosmoflow/pytorch/utils/utils.py", "lineno": 214, "epoch_num": 30, "training_epoch_latency": 220046.140625, "eval_epoch_latency": 921.47802734375, "instance": 0}}
:::MLLOG {"namespace": "", "time_ms": 1663384851612, "event_type": "POINT_IN_TIME", "key": "tracked_stats", "value": {"throughput": 2382.6275639775267}, "metadata": {"file": "/lus/grand/projects/datascience/hzheng/mlperf-2022/optimized-hpc/cosmoflow/pytorch/trainer.py", "lineno": 192, "epoch_num": 30, "step": 29, "instance": 0}}
:::MLLOG {"namespace": "", "time_ms": 1663384851613, "event_type": "POINT_IN_TIME", "key": "eval_error", "value": 0.17374183237552643, "metadata": {"file": "/lus/grand/projects/datascience/hzheng/mlperf-2022/optimized-hpc/cosmoflow/pytorch/trainer.py", "lineno": 197, "epoch_num": 30, "instance": 0}}
:::MLLOG {"namespace": "", "time_ms": 1663384851613, "event_type": "INTERVAL_START", "key": "epoch_start", "value": null, "metadata": {"file": "/lus/grand/projects/datascience/hzheng/mlperf-2022/optimized-hpc/cosmoflow/pytorch/trainer.py", "lineno": 172, "epoch_num": 31, "lr": [0.012], "instance": 0}}
:::MLLOG {"namespace": "", "time_ms": 1663385072960, "event_type": "INTERVAL_START", "key": "eval_start", "value": null, "metadata": {"file": "/lus/grand/projects/datascience/hzheng/mlperf-2022/optimized-hpc/cosmoflow/pytorch/trainer.py", "lineno": 179, "epoch_num": 31, "instance": 0}}
:::MLLOG {"namespace": "", "time_ms": 1663385073808, "event_type": "INTERVAL_START", "key": "eval_stop", "value": null, "metadata": {"file": "/lus/grand/projects/datascience/hzheng/mlperf-2022/optimized-hpc/cosmoflow/pytorch/trainer.py", "lineno": 183, "epoch_num": 31, "instance": 0}}
:::MLLOG {"namespace": "", "time_ms": 1663385073809, "event_type": "INTERVAL_END", "key": "epoch_stop", "value": null, "metadata": {"file": "/lus/grand/projects/datascience/hzheng/mlperf-2022/optimized-hpc/cosmoflow/pytorch/utils/utils.py", "lineno": 214, "epoch_num": 31, "training_epoch_latency": 221349.75, "eval_epoch_latency": 847.1312866210938, "instance": 0}}
:::MLLOG {"namespace": "", "time_ms": 1663385073809, "event_type": "POINT_IN_TIME", "key": "tracked_stats", "value": {"throughput": 2368.59540162119}, "metadata": {"file": "/lus/grand/projects/datascience/hzheng/mlperf-2022/optimized-hpc/cosmoflow/pytorch/trainer.py", "lineno": 192, "epoch_num": 31, "step": 30, "instance": 0}}
:::MLLOG {"namespace": "", "time_ms": 1663385073809, "event_type": "POINT_IN_TIME", "key": "eval_error", "value": 0.14511218667030334, "metadata": {"file": "/lus/grand/projects/datascience/hzheng/mlperf-2022/optimized-hpc/cosmoflow/pytorch/trainer.py", "lineno": 197, "epoch_num": 31, "instance": 0}}
:::MLLOG {"namespace": "", "time_ms": 1663385073809, "event_type": "INTERVAL_START", "key": "epoch_start", "value": null, "metadata": {"file": "/lus/grand/projects/datascience/hzheng/mlperf-2022/optimized-hpc/cosmoflow/pytorch/trainer.py", "lineno": 172, "epoch_num": 32, "lr": [0.012], "instance": 0}}
:::MLLOG {"namespace": "", "time_ms": 1663385293920, "event_type": "INTERVAL_START", "key": "eval_start", "value": null, "metadata": {"file": "/lus/grand/projects/datascience/hzheng/mlperf-2022/optimized-hpc/cosmoflow/pytorch/trainer.py", "lineno": 179, "epoch_num": 32, "instance": 0}}
:::MLLOG {"namespace": "", "time_ms": 1663385294749, "event_type": "INTERVAL_START", "key": "eval_stop", "value": null, "metadata": {"file": "/lus/grand/projects/datascience/hzheng/mlperf-2022/optimized-hpc/cosmoflow/pytorch/trainer.py", "lineno": 183, "epoch_num": 32, "instance": 0}}
:::MLLOG {"namespace": "", "time_ms": 1663385294749, "event_type": "INTERVAL_END", "key": "epoch_stop", "value": null, "metadata": {"file": "/lus/grand/projects/datascience/hzheng/mlperf-2022/optimized-hpc/cosmoflow/pytorch/utils/utils.py", "lineno": 214, "epoch_num": 32, "training_epoch_latency": 220112.65625, "eval_epoch_latency": 828.670166015625, "instance": 0}}
:::MLLOG {"namespace": "", "time_ms": 1663385294749, "event_type": "POINT_IN_TIME", "key": "tracked_stats", "value": {"throughput": 2381.9075601201375}, "metadata": {"file": "/lus/grand/projects/datascience/hzheng/mlperf-2022/optimized-hpc/cosmoflow/pytorch/trainer.py", "lineno": 192, "epoch_num": 32, "step": 31, "instance": 0}}
:::MLLOG {"namespace": "", "time_ms": 1663385294750, "event_type": "POINT_IN_TIME", "key": "eval_error", "value": 0.17395220696926117, "metadata": {"file": "/lus/grand/projects/datascience/hzheng/mlperf-2022/optimized-hpc/cosmoflow/pytorch/trainer.py", "lineno": 197, "epoch_num": 32, "instance": 0}}
:::MLLOG {"namespace": "", "time_ms": 1663385294750, "event_type": "INTERVAL_START", "key": "epoch_start", "value": null, "metadata": {"file": "/lus/grand/projects/datascience/hzheng/mlperf-2022/optimized-hpc/cosmoflow/pytorch/trainer.py", "lineno": 172, "epoch_num": 33, "lr": [0.003], "instance": 0}}
:::MLLOG {"namespace": "", "time_ms": 1663385514812, "event_type": "INTERVAL_START", "key": "eval_start", "value": null, "metadata": {"file": "/lus/grand/projects/datascience/hzheng/mlperf-2022/optimized-hpc/cosmoflow/pytorch/trainer.py", "lineno": 179, "epoch_num": 33, "instance": 0}}
:::MLLOG {"namespace": "", "time_ms": 1663385515676, "event_type": "INTERVAL_START", "key": "eval_stop", "value": null, "metadata": {"file": "/lus/grand/projects/datascience/hzheng/mlperf-2022/optimized-hpc/cosmoflow/pytorch/trainer.py", "lineno": 183, "epoch_num": 33, "instance": 0}}
:::MLLOG {"namespace": "", "time_ms": 1663385515677, "event_type": "INTERVAL_END", "key": "epoch_stop", "value": null, "metadata": {"file": "/lus/grand/projects/datascience/hzheng/mlperf-2022/optimized-hpc/cosmoflow/pytorch/utils/utils.py", "lineno": 214, "epoch_num": 33, "training_epoch_latency": 220064.25, "eval_epoch_latency": 863.4747924804688, "instance": 0}}
:::MLLOG {"namespace": "", "time_ms": 1663385515677, "event_type": "POINT_IN_TIME", "key": "tracked_stats", "value": {"throughput": 2382.431494438556}, "metadata": {"file": "/lus/grand/projects/datascience/hzheng/mlperf-2022/optimized-hpc/cosmoflow/pytorch/trainer.py", "lineno": 192, "epoch_num": 33, "step": 32, "instance": 0}}
:::MLLOG {"namespace": "", "time_ms": 1663385515677, "event_type": "POINT_IN_TIME", "key": "eval_error", "value": 0.12714475393295288, "metadata": {"file": "/lus/grand/projects/datascience/hzheng/mlperf-2022/optimized-hpc/cosmoflow/pytorch/trainer.py", "lineno": 197, "epoch_num": 33, "instance": 0}}
:::MLLOG {"namespace": "", "time_ms": 1663385515677, "event_type": "INTERVAL_START", "key": "epoch_start", "value": null, "metadata": {"file": "/lus/grand/projects/datascience/hzheng/mlperf-2022/optimized-hpc/cosmoflow/pytorch/trainer.py", "lineno": 172, "epoch_num": 34, "lr": [0.003], "instance": 0}}
:::MLLOG {"namespace": "", "time_ms": 1663385736796, "event_type": "INTERVAL_START", "key": "eval_start", "value": null, "metadata": {"file": "/lus/grand/projects/datascience/hzheng/mlperf-2022/optimized-hpc/cosmoflow/pytorch/trainer.py", "lineno": 179, "epoch_num": 34, "instance": 0}}
:::MLLOG {"namespace": "", "time_ms": 1663385737674, "event_type": "INTERVAL_START", "key": "eval_stop", "value": null, "metadata": {"file": "/lus/grand/projects/datascience/hzheng/mlperf-2022/optimized-hpc/cosmoflow/pytorch/trainer.py", "lineno": 183, "epoch_num": 34, "instance": 0}}
:::MLLOG {"namespace": "", "time_ms": 1663385737675, "event_type": "INTERVAL_END", "key": "epoch_stop", "value": null, "metadata": {"file": "/lus/grand/projects/datascience/hzheng/mlperf-2022/optimized-hpc/cosmoflow/pytorch/utils/utils.py", "lineno": 214, "epoch_num": 34, "training_epoch_latency": 221121.0, "eval_epoch_latency": 878.099365234375, "instance": 0}}
:::MLLOG {"namespace": "", "time_ms": 1663385737675, "event_type": "POINT_IN_TIME", "key": "tracked_stats", "value": {"throughput": 2371.0457170508453}, "metadata": {"file": "/lus/grand/projects/datascience/hzheng/mlperf-2022/optimized-hpc/cosmoflow/pytorch/trainer.py", "lineno": 192, "epoch_num": 34, "step": 33, "instance": 0}}
:::MLLOG {"namespace": "", "time_ms": 1663385737675, "event_type": "POINT_IN_TIME", "key": "eval_error", "value": 0.1258264183998108, "metadata": {"file": "/lus/grand/projects/datascience/hzheng/mlperf-2022/optimized-hpc/cosmoflow/pytorch/trainer.py", "lineno": 197, "epoch_num": 34, "instance": 0}}
:::MLLOG {"namespace": "", "time_ms": 1663385737675, "event_type": "INTERVAL_START", "key": "epoch_start", "value": null, "metadata": {"file": "/lus/grand/projects/datascience/hzheng/mlperf-2022/optimized-hpc/cosmoflow/pytorch/trainer.py", "lineno": 172, "epoch_num": 35, "lr": [0.003], "instance": 0}}
:::MLLOG {"namespace": "", "time_ms": 1663385966056, "event_type": "INTERVAL_START", "key": "eval_start", "value": null, "metadata": {"file": "/lus/grand/projects/datascience/hzheng/mlperf-2022/optimized-hpc/cosmoflow/pytorch/trainer.py", "lineno": 179, "epoch_num": 35, "instance": 0}}
:::MLLOG {"namespace": "", "time_ms": 1663385968276, "event_type": "INTERVAL_START", "key": "eval_stop", "value": null, "metadata": {"file": "/lus/grand/projects/datascience/hzheng/mlperf-2022/optimized-hpc/cosmoflow/pytorch/trainer.py", "lineno": 183, "epoch_num": 35, "instance": 0}}
:::MLLOG {"namespace": "", "time_ms": 1663385968276, "event_type": "INTERVAL_END", "key": "epoch_stop", "value": null, "metadata": {"file": "/lus/grand/projects/datascience/hzheng/mlperf-2022/optimized-hpc/cosmoflow/pytorch/utils/utils.py", "lineno": 214, "epoch_num": 35, "training_epoch_latency": 228383.453125, "eval_epoch_latency": 2209.895751953125, "instance": 0}}
:::MLLOG {"namespace": "", "time_ms": 1663385968277, "event_type": "POINT_IN_TIME", "key": "tracked_stats", "value": {"throughput": 2295.6479238145334}, "metadata": {"file": "/lus/grand/projects/datascience/hzheng/mlperf-2022/optimized-hpc/cosmoflow/pytorch/trainer.py", "lineno": 192, "epoch_num": 35, "step": 34, "instance": 0}}
:::MLLOG {"namespace": "", "time_ms": 1663385968277, "event_type": "POINT_IN_TIME", "key": "eval_error", "value": 0.12603963911533356, "metadata": {"file": "/lus/grand/projects/datascience/hzheng/mlperf-2022/optimized-hpc/cosmoflow/pytorch/trainer.py", "lineno": 197, "epoch_num": 35, "instance": 0}}
:::MLLOG {"namespace": "", "time_ms": 1663385968277, "event_type": "INTERVAL_START", "key": "epoch_start", "value": null, "metadata": {"file": "/lus/grand/projects/datascience/hzheng/mlperf-2022/optimized-hpc/cosmoflow/pytorch/trainer.py", "lineno": 172, "epoch_num": 36, "lr": [0.003], "instance": 0}}
:::MLLOG {"namespace": "", "time_ms": 1663386189796, "event_type": "INTERVAL_START", "key": "eval_start", "value": null, "metadata": {"file": "/lus/grand/projects/datascience/hzheng/mlperf-2022/optimized-hpc/cosmoflow/pytorch/trainer.py", "lineno": 179, "epoch_num": 36, "instance": 0}}
:::MLLOG {"namespace": "", "time_ms": 1663386190894, "event_type": "INTERVAL_START", "key": "eval_stop", "value": null, "metadata": {"file": "/lus/grand/projects/datascience/hzheng/mlperf-2022/optimized-hpc/cosmoflow/pytorch/trainer.py", "lineno": 183, "epoch_num": 36, "instance": 0}}
:::MLLOG {"namespace": "", "time_ms": 1663386190895, "event_type": "INTERVAL_END", "key": "epoch_stop", "value": null, "metadata": {"file": "/lus/grand/projects/datascience/hzheng/mlperf-2022/optimized-hpc/cosmoflow/pytorch/utils/utils.py", "lineno": 214, "epoch_num": 36, "training_epoch_latency": 221521.171875, "eval_epoch_latency": 1096.0491943359375, "instance": 0}}
:::MLLOG {"namespace": "", "time_ms": 1663386190895, "event_type": "POINT_IN_TIME", "key": "tracked_stats", "value": {"throughput": 2366.7624884895667}, "metadata": {"file": "/lus/grand/projects/datascience/hzheng/mlperf-2022/optimized-hpc/cosmoflow/pytorch/trainer.py", "lineno": 192, "epoch_num": 36, "step": 35, "instance": 0}}
:::MLLOG {"namespace": "", "time_ms": 1663386190895, "event_type": "POINT_IN_TIME", "key": "eval_error", "value": 0.12480133771896362, "metadata": {"file": "/lus/grand/projects/datascience/hzheng/mlperf-2022/optimized-hpc/cosmoflow/pytorch/trainer.py", "lineno": 197, "epoch_num": 36, "instance": 0}}
:::MLLOG {"namespace": "", "time_ms": 1663386190896, "event_type": "INTERVAL_START", "key": "epoch_start", "value": null, "metadata": {"file": "/lus/grand/projects/datascience/hzheng/mlperf-2022/optimized-hpc/cosmoflow/pytorch/trainer.py", "lineno": 172, "epoch_num": 37, "lr": [0.003], "instance": 0}}
:::MLLOG {"namespace": "", "time_ms": 1663386412056, "event_type": "INTERVAL_START", "key": "eval_start", "value": null, "metadata": {"file": "/lus/grand/projects/datascience/hzheng/mlperf-2022/optimized-hpc/cosmoflow/pytorch/trainer.py", "lineno": 179, "epoch_num": 37, "instance": 0}}
:::MLLOG {"namespace": "", "time_ms": 1663386412979, "event_type": "INTERVAL_START", "key": "eval_stop", "value": null, "metadata": {"file": "/lus/grand/projects/datascience/hzheng/mlperf-2022/optimized-hpc/cosmoflow/pytorch/trainer.py", "lineno": 183, "epoch_num": 37, "instance": 0}}
:::MLLOG {"namespace": "", "time_ms": 1663386412979, "event_type": "INTERVAL_END", "key": "epoch_stop", "value": null, "metadata": {"file": "/lus/grand/projects/datascience/hzheng/mlperf-2022/optimized-hpc/cosmoflow/pytorch/utils/utils.py", "lineno": 214, "epoch_num": 37, "training_epoch_latency": 221162.125, "eval_epoch_latency": 922.5364990234375, "instance": 0}}
:::MLLOG {"namespace": "", "time_ms": 1663386412979, "event_type": "POINT_IN_TIME", "key": "tracked_stats", "value": {"throughput": 2370.6048221412234}, "metadata": {"file": "/lus/grand/projects/datascience/hzheng/mlperf-2022/optimized-hpc/cosmoflow/pytorch/trainer.py", "lineno": 192, "epoch_num": 37, "step": 36, "instance": 0}}
:::MLLOG {"namespace": "", "time_ms": 1663386412979, "event_type": "POINT_IN_TIME", "key": "eval_error", "value": 0.12417446821928024, "metadata": {"file": "/lus/grand/projects/datascience/hzheng/mlperf-2022/optimized-hpc/cosmoflow/pytorch/trainer.py", "lineno": 197, "epoch_num": 37, "instance": 0}}
:::MLLOG {"namespace": "", "time_ms": 1663386412980, "event_type": "INTERVAL_START", "key": "epoch_start", "value": null, "metadata": {"file": "/lus/grand/projects/datascience/hzheng/mlperf-2022/optimized-hpc/cosmoflow/pytorch/trainer.py", "lineno": 172, "epoch_num": 38, "lr": [0.003], "instance": 0}}
:::MLLOG {"namespace": "", "time_ms": 1663386633360, "event_type": "INTERVAL_START", "key": "eval_start", "value": null, "metadata": {"file": "/lus/grand/projects/datascience/hzheng/mlperf-2022/optimized-hpc/cosmoflow/pytorch/trainer.py", "lineno": 179, "epoch_num": 38, "instance": 0}}
:::MLLOG {"namespace": "", "time_ms": 1663386634231, "event_type": "INTERVAL_START", "key": "eval_stop", "value": null, "metadata": {"file": "/lus/grand/projects/datascience/hzheng/mlperf-2022/optimized-hpc/cosmoflow/pytorch/trainer.py", "lineno": 183, "epoch_num": 38, "instance": 0}}
:::MLLOG {"namespace": "", "time_ms": 1663386634231, "event_type": "INTERVAL_END", "key": "epoch_stop", "value": null, "metadata": {"file": "/lus/grand/projects/datascience/hzheng/mlperf-2022/optimized-hpc/cosmoflow/pytorch/utils/utils.py", "lineno": 214, "epoch_num": 38, "training_epoch_latency": 220383.03125, "eval_epoch_latency": 870.1459350585938, "instance": 0}}
:::MLLOG {"namespace": "", "time_ms": 1663386634231, "event_type": "POINT_IN_TIME", "key": "tracked_stats", "value": {"throughput": 2378.9853376018486}, "metadata": {"file": "/lus/grand/projects/datascience/hzheng/mlperf-2022/optimized-hpc/cosmoflow/pytorch/trainer.py", "lineno": 192, "epoch_num": 38, "step": 37, "instance": 0}}
:::MLLOG {"namespace": "", "time_ms": 1663386634232, "event_type": "POINT_IN_TIME", "key": "eval_error", "value": 0.1254468858242035, "metadata": {"file": "/lus/grand/projects/datascience/hzheng/mlperf-2022/optimized-hpc/cosmoflow/pytorch/trainer.py", "lineno": 197, "epoch_num": 38, "instance": 0}}
:::MLLOG {"namespace": "", "time_ms": 1663386634232, "event_type": "INTERVAL_START", "key": "epoch_start", "value": null, "metadata": {"file": "/lus/grand/projects/datascience/hzheng/mlperf-2022/optimized-hpc/cosmoflow/pytorch/trainer.py", "lineno": 172, "epoch_num": 39, "lr": [0.003], "instance": 0}}
:::MLLOG {"namespace": "", "time_ms": 1663386855972, "event_type": "INTERVAL_START", "key": "eval_start", "value": null, "metadata": {"file": "/lus/grand/projects/datascience/hzheng/mlperf-2022/optimized-hpc/cosmoflow/pytorch/trainer.py", "lineno": 179, "epoch_num": 39, "instance": 0}}
:::MLLOG {"namespace": "", "time_ms": 1663386856837, "event_type": "INTERVAL_START", "key": "eval_stop", "value": null, "metadata": {"file": "/lus/grand/projects/datascience/hzheng/mlperf-2022/optimized-hpc/cosmoflow/pytorch/trainer.py", "lineno": 183, "epoch_num": 39, "instance": 0}}
:::MLLOG {"namespace": "", "time_ms": 1663386856838, "event_type": "INTERVAL_END", "key": "epoch_stop", "value": null, "metadata": {"file": "/lus/grand/projects/datascience/hzheng/mlperf-2022/optimized-hpc/cosmoflow/pytorch/utils/utils.py", "lineno": 214, "epoch_num": 39, "training_epoch_latency": 221742.234375, "eval_epoch_latency": 864.7881469726562, "instance": 0}}
:::MLLOG {"namespace": "", "time_ms": 1663386856838, "event_type": "POINT_IN_TIME", "key": "tracked_stats", "value": {"throughput": 2364.4029811359655}, "metadata": {"file": "/lus/grand/projects/datascience/hzheng/mlperf-2022/optimized-hpc/cosmoflow/pytorch/trainer.py", "lineno": 192, "epoch_num": 39, "step": 38, "instance": 0}}
:::MLLOG {"namespace": "", "time_ms": 1663386856838, "event_type": "POINT_IN_TIME", "key": "eval_error", "value": 0.12400906533002853, "metadata": {"file": "/lus/grand/projects/datascience/hzheng/mlperf-2022/optimized-hpc/cosmoflow/pytorch/trainer.py", "lineno": 197, "epoch_num": 39, "instance": 0}}
:::MLLOG {"namespace": "", "time_ms": 1663386856838, "event_type": "INTERVAL_START", "key": "epoch_start", "value": null, "metadata": {"file": "/lus/grand/projects/datascience/hzheng/mlperf-2022/optimized-hpc/cosmoflow/pytorch/trainer.py", "lineno": 172, "epoch_num": 40, "lr": [0.003], "instance": 0}}
:::MLLOG {"namespace": "", "time_ms": 1663387078995, "event_type": "INTERVAL_START", "key": "eval_start", "value": null, "metadata": {"file": "/lus/grand/projects/datascience/hzheng/mlperf-2022/optimized-hpc/cosmoflow/pytorch/trainer.py", "lineno": 179, "epoch_num": 40, "instance": 0}}
:::MLLOG {"namespace": "", "time_ms": 1663387079849, "event_type": "INTERVAL_START", "key": "eval_stop", "value": null, "metadata": {"file": "/lus/grand/projects/datascience/hzheng/mlperf-2022/optimized-hpc/cosmoflow/pytorch/trainer.py", "lineno": 183, "epoch_num": 40, "instance": 0}}
:::MLLOG {"namespace": "", "time_ms": 1663387079850, "event_type": "INTERVAL_END", "key": "epoch_stop", "value": null, "metadata": {"file": "/lus/grand/projects/datascience/hzheng/mlperf-2022/optimized-hpc/cosmoflow/pytorch/utils/utils.py", "lineno": 214, "epoch_num": 40, "training_epoch_latency": 222158.828125, "eval_epoch_latency": 854.2276611328125, "instance": 0}}
:::MLLOG {"namespace": "", "time_ms": 1663387079850, "event_type": "POINT_IN_TIME", "key": "tracked_stats", "value": {"throughput": 2359.969236536501}, "metadata": {"file": "/lus/grand/projects/datascience/hzheng/mlperf-2022/optimized-hpc/cosmoflow/pytorch/trainer.py", "lineno": 192, "epoch_num": 40, "step": 39, "instance": 0}}
:::MLLOG {"namespace": "", "time_ms": 1663387079850, "event_type": "POINT_IN_TIME", "key": "eval_error", "value": 0.12425034493207932, "metadata": {"file": "/lus/grand/projects/datascience/hzheng/mlperf-2022/optimized-hpc/cosmoflow/pytorch/trainer.py", "lineno": 197, "epoch_num": 40, "instance": 0}}
:::MLLOG {"namespace": "", "time_ms": 1663387079850, "event_type": "INTERVAL_START", "key": "epoch_start", "value": null, "metadata": {"file": "/lus/grand/projects/datascience/hzheng/mlperf-2022/optimized-hpc/cosmoflow/pytorch/trainer.py", "lineno": 172, "epoch_num": 41, "lr": [0.003], "instance": 0}}
:::MLLOG {"namespace": "", "time_ms": 1663387301479, "event_type": "INTERVAL_START", "key": "eval_start", "value": null, "metadata": {"file": "/lus/grand/projects/datascience/hzheng/mlperf-2022/optimized-hpc/cosmoflow/pytorch/trainer.py", "lineno": 179, "epoch_num": 41, "instance": 0}}
:::MLLOG {"namespace": "", "time_ms": 1663387302348, "event_type": "INTERVAL_START", "key": "eval_stop", "value": null, "metadata": {"file": "/lus/grand/projects/datascience/hzheng/mlperf-2022/optimized-hpc/cosmoflow/pytorch/trainer.py", "lineno": 183, "epoch_num": 41, "instance": 0}}
:::MLLOG {"namespace": "", "time_ms": 1663387302349, "event_type": "INTERVAL_END", "key": "epoch_stop", "value": null, "metadata": {"file": "/lus/grand/projects/datascience/hzheng/mlperf-2022/optimized-hpc/cosmoflow/pytorch/utils/utils.py", "lineno": 214, "epoch_num": 41, "training_epoch_latency": 221630.484375, "eval_epoch_latency": 868.9996948242188, "instance": 0}}
:::MLLOG {"namespace": "", "time_ms": 1663387302349, "event_type": "POINT_IN_TIME", "key": "tracked_stats", "value": {"throughput": 2365.5951548294315}, "metadata": {"file": "/lus/grand/projects/datascience/hzheng/mlperf-2022/optimized-hpc/cosmoflow/pytorch/trainer.py", "lineno": 192, "epoch_num": 41, "step": 40, "instance": 0}}
:::MLLOG {"namespace": "", "time_ms": 1663387302349, "event_type": "POINT_IN_TIME", "key": "eval_error", "value": 0.1257886439561844, "metadata": {"file": "/lus/grand/projects/datascience/hzheng/mlperf-2022/optimized-hpc/cosmoflow/pytorch/trainer.py", "lineno": 197, "epoch_num": 41, "instance": 0}}
:::MLLOG {"namespace": "", "time_ms": 1663387302350, "event_type": "INTERVAL_START", "key": "epoch_start", "value": null, "metadata": {"file": "/lus/grand/projects/datascience/hzheng/mlperf-2022/optimized-hpc/cosmoflow/pytorch/trainer.py", "lineno": 172, "epoch_num": 42, "lr": [0.003], "instance": 0}}
:::MLLOG {"namespace": "", "time_ms": 1663387524139, "event_type": "INTERVAL_START", "key": "eval_start", "value": null, "metadata": {"file": "/lus/grand/projects/datascience/hzheng/mlperf-2022/optimized-hpc/cosmoflow/pytorch/trainer.py", "lineno": 179, "epoch_num": 42, "instance": 0}}
:::MLLOG {"namespace": "", "time_ms": 1663387524928, "event_type": "INTERVAL_START", "key": "eval_stop", "value": null, "metadata": {"file": "/lus/grand/projects/datascience/hzheng/mlperf-2022/optimized-hpc/cosmoflow/pytorch/trainer.py", "lineno": 183, "epoch_num": 42, "instance": 0}}
:::MLLOG {"namespace": "", "time_ms": 1663387524929, "event_type": "INTERVAL_END", "key": "epoch_stop", "value": null, "metadata": {"file": "/lus/grand/projects/datascience/hzheng/mlperf-2022/optimized-hpc/cosmoflow/pytorch/utils/utils.py", "lineno": 214, "epoch_num": 42, "training_epoch_latency": 221791.578125, "eval_epoch_latency": 788.3916625976562, "instance": 0}}
:::MLLOG {"namespace": "", "time_ms": 1663387524929, "event_type": "POINT_IN_TIME", "key": "tracked_stats", "value": {"throughput": 2363.8769534545418}, "metadata": {"file": "/lus/grand/projects/datascience/hzheng/mlperf-2022/optimized-hpc/cosmoflow/pytorch/trainer.py", "lineno": 192, "epoch_num": 42, "step": 41, "instance": 0}}
:::MLLOG {"namespace": "", "time_ms": 1663387524929, "event_type": "POINT_IN_TIME", "key": "eval_error", "value": 0.1309918314218521, "metadata": {"file": "/lus/grand/projects/datascience/hzheng/mlperf-2022/optimized-hpc/cosmoflow/pytorch/trainer.py", "lineno": 197, "epoch_num": 42, "instance": 0}}
:::MLLOG {"namespace": "", "time_ms": 1663387524929, "event_type": "INTERVAL_START", "key": "epoch_start", "value": null, "metadata": {"file": "/lus/grand/projects/datascience/hzheng/mlperf-2022/optimized-hpc/cosmoflow/pytorch/trainer.py", "lineno": 172, "epoch_num": 43, "lr": [0.003], "instance": 0}}
:::MLLOG {"namespace": "", "time_ms": 1663387747692, "event_type": "INTERVAL_START", "key": "eval_start", "value": null, "metadata": {"file": "/lus/grand/projects/datascience/hzheng/mlperf-2022/optimized-hpc/cosmoflow/pytorch/trainer.py", "lineno": 179, "epoch_num": 43, "instance": 0}}
:::MLLOG {"namespace": "", "time_ms": 1663387748644, "event_type": "INTERVAL_START", "key": "eval_stop", "value": null, "metadata": {"file": "/lus/grand/projects/datascience/hzheng/mlperf-2022/optimized-hpc/cosmoflow/pytorch/trainer.py", "lineno": 183, "epoch_num": 43, "instance": 0}}
:::MLLOG {"namespace": "", "time_ms": 1663387748645, "event_type": "INTERVAL_END", "key": "epoch_stop", "value": null, "metadata": {"file": "/lus/grand/projects/datascience/hzheng/mlperf-2022/optimized-hpc/cosmoflow/pytorch/utils/utils.py", "lineno": 214, "epoch_num": 43, "training_epoch_latency": 222764.828125, "eval_epoch_latency": 951.6279907226562, "instance": 0}}
:::MLLOG {"namespace": "", "time_ms": 1663387748645, "event_type": "POINT_IN_TIME", "key": "tracked_stats", "value": {"throughput": 2353.5492762161102}, "metadata": {"file": "/lus/grand/projects/datascience/hzheng/mlperf-2022/optimized-hpc/cosmoflow/pytorch/trainer.py", "lineno": 192, "epoch_num": 43, "step": 42, "instance": 0}}
:::MLLOG {"namespace": "", "time_ms": 1663387748645, "event_type": "POINT_IN_TIME", "key": "eval_error", "value": 0.12427274137735367, "metadata": {"file": "/lus/grand/projects/datascience/hzheng/mlperf-2022/optimized-hpc/cosmoflow/pytorch/trainer.py", "lineno": 197, "epoch_num": 43, "instance": 0}}
:::MLLOG {"namespace": "", "time_ms": 1663387748645, "event_type": "INTERVAL_START", "key": "epoch_start", "value": null, "metadata": {"file": "/lus/grand/projects/datascience/hzheng/mlperf-2022/optimized-hpc/cosmoflow/pytorch/trainer.py", "lineno": 172, "epoch_num": 44, "lr": [0.003], "instance": 0}}
:::MLLOG {"namespace": "", "time_ms": 1663387969444, "event_type": "INTERVAL_START", "key": "eval_start", "value": null, "metadata": {"file": "/lus/grand/projects/datascience/hzheng/mlperf-2022/optimized-hpc/cosmoflow/pytorch/trainer.py", "lineno": 179, "epoch_num": 44, "instance": 0}}
:::MLLOG {"namespace": "", "time_ms": 1663387970302, "event_type": "INTERVAL_START", "key": "eval_stop", "value": null, "metadata": {"file": "/lus/grand/projects/datascience/hzheng/mlperf-2022/optimized-hpc/cosmoflow/pytorch/trainer.py", "lineno": 183, "epoch_num": 44, "instance": 0}}
:::MLLOG {"namespace": "", "time_ms": 1663387970303, "event_type": "INTERVAL_END", "key": "epoch_stop", "value": null, "metadata": {"file": "/lus/grand/projects/datascience/hzheng/mlperf-2022/optimized-hpc/cosmoflow/pytorch/utils/utils.py", "lineno": 214, "epoch_num": 44, "training_epoch_latency": 220800.515625, "eval_epoch_latency": 858.2828979492188, "instance": 0}}
:::MLLOG {"namespace": "", "time_ms": 1663387970303, "event_type": "POINT_IN_TIME", "key": "tracked_stats", "value": {"throughput": 2374.4872085825773}, "metadata": {"file": "/lus/grand/projects/datascience/hzheng/mlperf-2022/optimized-hpc/cosmoflow/pytorch/trainer.py", "lineno": 192, "epoch_num": 44, "step": 43, "instance": 0}}
:::MLLOG {"namespace": "", "time_ms": 1663387970303, "event_type": "POINT_IN_TIME", "key": "eval_error", "value": 0.1233208030462265, "metadata": {"file": "/lus/grand/projects/datascience/hzheng/mlperf-2022/optimized-hpc/cosmoflow/pytorch/trainer.py", "lineno": 197, "epoch_num": 44, "instance": 0}}
:::MLLOG {"namespace": "", "time_ms": 1663387970336, "event_type": "INTERVAL_END", "key": "run_stop", "value": null, "metadata": {"file": "/lus/grand/projects/datascience/hzheng/mlperf-2022/optimized-hpc/cosmoflow/pytorch/utils/utils.py", "lineno": 214, "status": "success", "time": 9848.78370642662, "epoch_num": 44, "instance": 0}}
