:::MLLOG {"namespace": "", "time_ms": 1688162218637, "event_type": "POINT_IN_TIME", "key": "cache_clear", "value": null, "metadata": {"file": "./main.py", "lineno": 42, "instance": 0}}
:::MLLOG {"namespace": "", "time_ms": 1688162219029, "event_type": "INTERVAL_START", "key": "init_start", "value": null, "metadata": {"file": "./main.py", "lineno": 43, "instance": 0}}
:::MLLOG {"namespace": "", "time_ms": 1688162219029, "event_type": "POINT_IN_TIME", "key": "submission_benchmark", "value": "cosmoflow", "metadata": {"file": "./main.py", "lineno": 47, "instance": 0}}
:::MLLOG {"namespace": "", "time_ms": 1688162219029, "event_type": "POINT_IN_TIME", "key": "submission_org", "value": "NVIDIA", "metadata": {"file": "./main.py", "lineno": 49, "instance": 0}}
:::MLLOG {"namespace": "", "time_ms": 1688162219029, "event_type": "POINT_IN_TIME", "key": "submission_division", "value": "closed", "metadata": {"file": "./main.py", "lineno": 51, "instance": 0}}
:::MLLOG {"namespace": "", "time_ms": 1688162219029, "event_type": "POINT_IN_TIME", "key": "submission_status", "value": "onprem", "metadata": {"file": "./main.py", "lineno": 53, "instance": 0}}
:::MLLOG {"namespace": "", "time_ms": 1688162219030, "event_type": "POINT_IN_TIME", "key": "submission_platform", "value": "256.0xNVIDIA DGX A100", "metadata": {"file": "./main.py", "lineno": 55, "instance": 0}}
:::MLLOG {"namespace": "", "time_ms": 1688162219030, "event_type": "POINT_IN_TIME", "key": "number_of_nodes", "value": 256, "metadata": {"file": "./main.py", "lineno": 58, "instance": 0}}
:::MLLOG {"namespace": "", "time_ms": 1688162219030, "event_type": "POINT_IN_TIME", "key": "accelerators_per_node", "value": 4, "metadata": {"file": "./main.py", "lineno": 60, "instance": 0}}
:::MLLOG {"namespace": "", "time_ms": 1688162224762, "event_type": "POINT_IN_TIME", "key": "dropout", "value": 0.5, "metadata": {"file": "./main.py", "lineno": 106, "instance": 0}}
:::MLLOG {"namespace": "", "time_ms": 1688162227496, "event_type": "POINT_IN_TIME", "key": "opt_weight_decay", "value": 0, "metadata": {"file": "/lus/grand/projects/datascience/hzheng/mlperf-2022/optimized-hpc/cosmoflow/pytorch/optimizer.py", "lineno": 63, "instance": 0}}
:::MLLOG {"namespace": "", "time_ms": 1688162227496, "event_type": "POINT_IN_TIME", "key": "opt_name", "value": "sgd", "metadata": {"file": "/lus/grand/projects/datascience/hzheng/mlperf-2022/optimized-hpc/cosmoflow/pytorch/optimizer.py", "lineno": 65, "instance": 0}}
:::MLLOG {"namespace": "", "time_ms": 1688162227497, "event_type": "POINT_IN_TIME", "key": "opt_base_learning_rate", "value": 0.012, "metadata": {"file": "/lus/grand/projects/datascience/hzheng/mlperf-2022/optimized-hpc/cosmoflow/pytorch/optimizer.py", "lineno": 96, "instance": 0}}
:::MLLOG {"namespace": "", "time_ms": 1688162227497, "event_type": "POINT_IN_TIME", "key": "opt_learning_rate_warmup_epochs", "value": 0, "metadata": {"file": "/lus/grand/projects/datascience/hzheng/mlperf-2022/optimized-hpc/cosmoflow/pytorch/optimizer.py", "lineno": 98, "instance": 0}}
:::MLLOG {"namespace": "", "time_ms": 1688162227497, "event_type": "POINT_IN_TIME", "key": "opt_learning_rate_warmup_factor", "value": 1, "metadata": {"file": "/lus/grand/projects/datascience/hzheng/mlperf-2022/optimized-hpc/cosmoflow/pytorch/optimizer.py", "lineno": 100, "instance": 0}}
:::MLLOG {"namespace": "", "time_ms": 1688162227497, "event_type": "POINT_IN_TIME", "key": "opt_learning_rate_decay_boundary_epochs", "value": [32, 64], "metadata": {"file": "/lus/grand/projects/datascience/hzheng/mlperf-2022/optimized-hpc/cosmoflow/pytorch/optimizer.py", "lineno": 102, "instance": 0}}
:::MLLOG {"namespace": "", "time_ms": 1688162227497, "event_type": "POINT_IN_TIME", "key": "opt_learning_rate_decay_factor", "value": [0.25, 0.125], "metadata": {"file": "/lus/grand/projects/datascience/hzheng/mlperf-2022/optimized-hpc/cosmoflow/pytorch/optimizer.py", "lineno": 104, "instance": 0}}
:::MLLOG {"namespace": "", "time_ms": 1688162227497, "event_type": "POINT_IN_TIME", "key": "global_batch_size", "value": 1024, "metadata": {"file": "./main.py", "lineno": 119, "instance": 0}}
:::MLLOG {"namespace": "", "time_ms": 1688162227498, "event_type": "POINT_IN_TIME", "key": "train_samples", "value": 524288, "metadata": {"file": "./main.py", "lineno": 121, "instance": 0}}
:::MLLOG {"namespace": "", "time_ms": 1688162227498, "event_type": "POINT_IN_TIME", "key": "eval_samples", "value": 65536, "metadata": {"file": "./main.py", "lineno": 123, "instance": 0}}
:::MLLOG {"namespace": "", "time_ms": 1688162264294, "event_type": "INTERVAL_END", "key": "init_stop", "value": null, "metadata": {"file": "/lus/grand/projects/datascience/hzheng/mlperf-2022/optimized-hpc/cosmoflow/pytorch/utils/utils.py", "lineno": 214, "instance": 0}}
:::MLLOG {"namespace": "", "time_ms": 1688162264295, "event_type": "INTERVAL_START", "key": "run_start", "value": null, "metadata": {"file": "./main.py", "lineno": 143, "instance": 0}}
:::MLLOG {"namespace": "", "time_ms": 1688162264295, "event_type": "INTERVAL_START", "key": "staging_start", "value": null, "metadata": {"file": "./main.py", "lineno": 145, "instance": 0}}
:::MLLOG {"namespace": "", "time_ms": 1688162335768, "event_type": "INTERVAL_END", "key": "staging_stop", "value": null, "metadata": {"file": "/lus/grand/projects/datascience/hzheng/mlperf-2022/optimized-hpc/cosmoflow/pytorch/utils/utils.py", "lineno": 214, "staging_duration": 71.47307872772217, "instance": 0}}
:::MLLOG {"namespace": "", "time_ms": 1688162336618, "event_type": "INTERVAL_START", "key": "epoch_start", "value": null, "metadata": {"file": "/lus/grand/projects/datascience/hzheng/mlperf-2022/optimized-hpc/cosmoflow/pytorch/trainer.py", "lineno": 181, "epoch_num": 1, "lr": [0.012], "instance": 0}}
:::MLLOG {"namespace": "", "time_ms": 1688162564109, "event_type": "INTERVAL_START", "key": "eval_start", "value": null, "metadata": {"file": "/lus/grand/projects/datascience/hzheng/mlperf-2022/optimized-hpc/cosmoflow/pytorch/trainer.py", "lineno": 188, "epoch_num": 1, "instance": 0}}
:::MLLOG {"namespace": "", "time_ms": 1688162564902, "event_type": "INTERVAL_START", "key": "eval_stop", "value": null, "metadata": {"file": "/lus/grand/projects/datascience/hzheng/mlperf-2022/optimized-hpc/cosmoflow/pytorch/trainer.py", "lineno": 192, "epoch_num": 1, "instance": 0}}
:::MLLOG {"namespace": "", "time_ms": 1688162564902, "event_type": "INTERVAL_END", "key": "epoch_stop", "value": null, "metadata": {"file": "/lus/grand/projects/datascience/hzheng/mlperf-2022/optimized-hpc/cosmoflow/pytorch/utils/utils.py", "lineno": 214, "epoch_num": 1, "training_epoch_latency": 227442.578125, "eval_epoch_latency": 791.9783325195312, "instance": 0}}
:::MLLOG {"namespace": "", "time_ms": 1688162564902, "event_type": "POINT_IN_TIME", "key": "tracked_stats", "value": {"throughput": 2305.1444646914656}, "metadata": {"file": "/lus/grand/projects/datascience/hzheng/mlperf-2022/optimized-hpc/cosmoflow/pytorch/trainer.py", "lineno": 201, "epoch_num": 1, "step": 0, "instance": 0}}
:::MLLOG {"namespace": "", "time_ms": 1688162564902, "event_type": "POINT_IN_TIME", "key": "eval_error", "value": 0.32582956552505493, "metadata": {"file": "/lus/grand/projects/datascience/hzheng/mlperf-2022/optimized-hpc/cosmoflow/pytorch/trainer.py", "lineno": 206, "epoch_num": 1, "instance": 0}}
:::MLLOG {"namespace": "", "time_ms": 1688162564902, "event_type": "INTERVAL_START", "key": "epoch_start", "value": null, "metadata": {"file": "/lus/grand/projects/datascience/hzheng/mlperf-2022/optimized-hpc/cosmoflow/pytorch/trainer.py", "lineno": 181, "epoch_num": 2, "lr": [0.012], "instance": 0}}
:::MLLOG {"namespace": "", "time_ms": 1688162785337, "event_type": "INTERVAL_START", "key": "eval_start", "value": null, "metadata": {"file": "/lus/grand/projects/datascience/hzheng/mlperf-2022/optimized-hpc/cosmoflow/pytorch/trainer.py", "lineno": 188, "epoch_num": 2, "instance": 0}}
:::MLLOG {"namespace": "", "time_ms": 1688162786151, "event_type": "INTERVAL_START", "key": "eval_stop", "value": null, "metadata": {"file": "/lus/grand/projects/datascience/hzheng/mlperf-2022/optimized-hpc/cosmoflow/pytorch/trainer.py", "lineno": 192, "epoch_num": 2, "instance": 0}}
:::MLLOG {"namespace": "", "time_ms": 1688162786152, "event_type": "INTERVAL_END", "key": "epoch_stop", "value": null, "metadata": {"file": "/lus/grand/projects/datascience/hzheng/mlperf-2022/optimized-hpc/cosmoflow/pytorch/utils/utils.py", "lineno": 214, "epoch_num": 2, "training_epoch_latency": 220435.40625, "eval_epoch_latency": 813.7664794921875, "instance": 0}}
:::MLLOG {"namespace": "", "time_ms": 1688162786152, "event_type": "POINT_IN_TIME", "key": "tracked_stats", "value": {"throughput": 2378.4200955693796}, "metadata": {"file": "/lus/grand/projects/datascience/hzheng/mlperf-2022/optimized-hpc/cosmoflow/pytorch/trainer.py", "lineno": 201, "epoch_num": 2, "step": 1, "instance": 0}}
:::MLLOG {"namespace": "", "time_ms": 1688162786152, "event_type": "POINT_IN_TIME", "key": "eval_error", "value": 0.3124014139175415, "metadata": {"file": "/lus/grand/projects/datascience/hzheng/mlperf-2022/optimized-hpc/cosmoflow/pytorch/trainer.py", "lineno": 206, "epoch_num": 2, "instance": 0}}
:::MLLOG {"namespace": "", "time_ms": 1688162786152, "event_type": "INTERVAL_START", "key": "epoch_start", "value": null, "metadata": {"file": "/lus/grand/projects/datascience/hzheng/mlperf-2022/optimized-hpc/cosmoflow/pytorch/trainer.py", "lineno": 181, "epoch_num": 3, "lr": [0.012], "instance": 0}}
:::MLLOG {"namespace": "", "time_ms": 1688163011184, "event_type": "INTERVAL_START", "key": "eval_start", "value": null, "metadata": {"file": "/lus/grand/projects/datascience/hzheng/mlperf-2022/optimized-hpc/cosmoflow/pytorch/trainer.py", "lineno": 188, "epoch_num": 3, "instance": 0}}
:::MLLOG {"namespace": "", "time_ms": 1688163012019, "event_type": "INTERVAL_START", "key": "eval_stop", "value": null, "metadata": {"file": "/lus/grand/projects/datascience/hzheng/mlperf-2022/optimized-hpc/cosmoflow/pytorch/trainer.py", "lineno": 192, "epoch_num": 3, "instance": 0}}
:::MLLOG {"namespace": "", "time_ms": 1688163012020, "event_type": "INTERVAL_END", "key": "epoch_stop", "value": null, "metadata": {"file": "/lus/grand/projects/datascience/hzheng/mlperf-2022/optimized-hpc/cosmoflow/pytorch/utils/utils.py", "lineno": 214, "epoch_num": 3, "training_epoch_latency": 225032.484375, "eval_epoch_latency": 834.8645629882812, "instance": 0}}
:::MLLOG {"namespace": "", "time_ms": 1688163012020, "event_type": "POINT_IN_TIME", "key": "tracked_stats", "value": {"throughput": 2329.832519318912}, "metadata": {"file": "/lus/grand/projects/datascience/hzheng/mlperf-2022/optimized-hpc/cosmoflow/pytorch/trainer.py", "lineno": 201, "epoch_num": 3, "step": 2, "instance": 0}}
:::MLLOG {"namespace": "", "time_ms": 1688163012020, "event_type": "POINT_IN_TIME", "key": "eval_error", "value": 0.3058210611343384, "metadata": {"file": "/lus/grand/projects/datascience/hzheng/mlperf-2022/optimized-hpc/cosmoflow/pytorch/trainer.py", "lineno": 206, "epoch_num": 3, "instance": 0}}
:::MLLOG {"namespace": "", "time_ms": 1688163012020, "event_type": "INTERVAL_START", "key": "epoch_start", "value": null, "metadata": {"file": "/lus/grand/projects/datascience/hzheng/mlperf-2022/optimized-hpc/cosmoflow/pytorch/trainer.py", "lineno": 181, "epoch_num": 4, "lr": [0.012], "instance": 0}}
:::MLLOG {"namespace": "", "time_ms": 1688163233977, "event_type": "INTERVAL_START", "key": "eval_start", "value": null, "metadata": {"file": "/lus/grand/projects/datascience/hzheng/mlperf-2022/optimized-hpc/cosmoflow/pytorch/trainer.py", "lineno": 188, "epoch_num": 4, "instance": 0}}
:::MLLOG {"namespace": "", "time_ms": 1688163234787, "event_type": "INTERVAL_START", "key": "eval_stop", "value": null, "metadata": {"file": "/lus/grand/projects/datascience/hzheng/mlperf-2022/optimized-hpc/cosmoflow/pytorch/trainer.py", "lineno": 192, "epoch_num": 4, "instance": 0}}
:::MLLOG {"namespace": "", "time_ms": 1688163234788, "event_type": "INTERVAL_END", "key": "epoch_stop", "value": null, "metadata": {"file": "/lus/grand/projects/datascience/hzheng/mlperf-2022/optimized-hpc/cosmoflow/pytorch/utils/utils.py", "lineno": 214, "epoch_num": 4, "training_epoch_latency": 221957.65625, "eval_epoch_latency": 809.7484130859375, "instance": 0}}
:::MLLOG {"namespace": "", "time_ms": 1688163234788, "event_type": "POINT_IN_TIME", "key": "tracked_stats", "value": {"throughput": 2362.1082005365606}, "metadata": {"file": "/lus/grand/projects/datascience/hzheng/mlperf-2022/optimized-hpc/cosmoflow/pytorch/trainer.py", "lineno": 201, "epoch_num": 4, "step": 3, "instance": 0}}
:::MLLOG {"namespace": "", "time_ms": 1688163234788, "event_type": "POINT_IN_TIME", "key": "eval_error", "value": 0.2823070287704468, "metadata": {"file": "/lus/grand/projects/datascience/hzheng/mlperf-2022/optimized-hpc/cosmoflow/pytorch/trainer.py", "lineno": 206, "epoch_num": 4, "instance": 0}}
:::MLLOG {"namespace": "", "time_ms": 1688163234788, "event_type": "INTERVAL_START", "key": "epoch_start", "value": null, "metadata": {"file": "/lus/grand/projects/datascience/hzheng/mlperf-2022/optimized-hpc/cosmoflow/pytorch/trainer.py", "lineno": 181, "epoch_num": 5, "lr": [0.012], "instance": 0}}
:::MLLOG {"namespace": "", "time_ms": 1688163455825, "event_type": "INTERVAL_START", "key": "eval_start", "value": null, "metadata": {"file": "/lus/grand/projects/datascience/hzheng/mlperf-2022/optimized-hpc/cosmoflow/pytorch/trainer.py", "lineno": 188, "epoch_num": 5, "instance": 0}}
:::MLLOG {"namespace": "", "time_ms": 1688163456615, "event_type": "INTERVAL_START", "key": "eval_stop", "value": null, "metadata": {"file": "/lus/grand/projects/datascience/hzheng/mlperf-2022/optimized-hpc/cosmoflow/pytorch/trainer.py", "lineno": 192, "epoch_num": 5, "instance": 0}}
:::MLLOG {"namespace": "", "time_ms": 1688163456616, "event_type": "INTERVAL_END", "key": "epoch_stop", "value": null, "metadata": {"file": "/lus/grand/projects/datascience/hzheng/mlperf-2022/optimized-hpc/cosmoflow/pytorch/utils/utils.py", "lineno": 214, "epoch_num": 5, "training_epoch_latency": 221037.6875, "eval_epoch_latency": 789.7543334960938, "instance": 0}}
:::MLLOG {"namespace": "", "time_ms": 1688163456616, "event_type": "POINT_IN_TIME", "key": "tracked_stats", "value": {"throughput": 2371.9394006056095}, "metadata": {"file": "/lus/grand/projects/datascience/hzheng/mlperf-2022/optimized-hpc/cosmoflow/pytorch/trainer.py", "lineno": 201, "epoch_num": 5, "step": 4, "instance": 0}}
:::MLLOG {"namespace": "", "time_ms": 1688163456616, "event_type": "POINT_IN_TIME", "key": "eval_error", "value": 0.3545883595943451, "metadata": {"file": "/lus/grand/projects/datascience/hzheng/mlperf-2022/optimized-hpc/cosmoflow/pytorch/trainer.py", "lineno": 206, "epoch_num": 5, "instance": 0}}
:::MLLOG {"namespace": "", "time_ms": 1688163456616, "event_type": "INTERVAL_START", "key": "epoch_start", "value": null, "metadata": {"file": "/lus/grand/projects/datascience/hzheng/mlperf-2022/optimized-hpc/cosmoflow/pytorch/trainer.py", "lineno": 181, "epoch_num": 6, "lr": [0.012], "instance": 0}}
:::MLLOG {"namespace": "", "time_ms": 1688163677781, "event_type": "INTERVAL_START", "key": "eval_start", "value": null, "metadata": {"file": "/lus/grand/projects/datascience/hzheng/mlperf-2022/optimized-hpc/cosmoflow/pytorch/trainer.py", "lineno": 188, "epoch_num": 6, "instance": 0}}
:::MLLOG {"namespace": "", "time_ms": 1688163678631, "event_type": "INTERVAL_START", "key": "eval_stop", "value": null, "metadata": {"file": "/lus/grand/projects/datascience/hzheng/mlperf-2022/optimized-hpc/cosmoflow/pytorch/trainer.py", "lineno": 192, "epoch_num": 6, "instance": 0}}
:::MLLOG {"namespace": "", "time_ms": 1688163678632, "event_type": "INTERVAL_END", "key": "epoch_stop", "value": null, "metadata": {"file": "/lus/grand/projects/datascience/hzheng/mlperf-2022/optimized-hpc/cosmoflow/pytorch/utils/utils.py", "lineno": 214, "epoch_num": 6, "training_epoch_latency": 221165.5, "eval_epoch_latency": 850.0171508789062, "instance": 0}}
:::MLLOG {"namespace": "", "time_ms": 1688163678632, "event_type": "POINT_IN_TIME", "key": "tracked_stats", "value": {"throughput": 2370.5686465565377}, "metadata": {"file": "/lus/grand/projects/datascience/hzheng/mlperf-2022/optimized-hpc/cosmoflow/pytorch/trainer.py", "lineno": 201, "epoch_num": 6, "step": 5, "instance": 0}}
:::MLLOG {"namespace": "", "time_ms": 1688163678632, "event_type": "POINT_IN_TIME", "key": "eval_error", "value": 0.31685569882392883, "metadata": {"file": "/lus/grand/projects/datascience/hzheng/mlperf-2022/optimized-hpc/cosmoflow/pytorch/trainer.py", "lineno": 206, "epoch_num": 6, "instance": 0}}
:::MLLOG {"namespace": "", "time_ms": 1688163678632, "event_type": "INTERVAL_START", "key": "epoch_start", "value": null, "metadata": {"file": "/lus/grand/projects/datascience/hzheng/mlperf-2022/optimized-hpc/cosmoflow/pytorch/trainer.py", "lineno": 181, "epoch_num": 7, "lr": [0.012], "instance": 0}}
:::MLLOG {"namespace": "", "time_ms": 1688163899245, "event_type": "INTERVAL_START", "key": "eval_start", "value": null, "metadata": {"file": "/lus/grand/projects/datascience/hzheng/mlperf-2022/optimized-hpc/cosmoflow/pytorch/trainer.py", "lineno": 188, "epoch_num": 7, "instance": 0}}
:::MLLOG {"namespace": "", "time_ms": 1688163900051, "event_type": "INTERVAL_START", "key": "eval_stop", "value": null, "metadata": {"file": "/lus/grand/projects/datascience/hzheng/mlperf-2022/optimized-hpc/cosmoflow/pytorch/trainer.py", "lineno": 192, "epoch_num": 7, "instance": 0}}
:::MLLOG {"namespace": "", "time_ms": 1688163900052, "event_type": "INTERVAL_END", "key": "epoch_stop", "value": null, "metadata": {"file": "/lus/grand/projects/datascience/hzheng/mlperf-2022/optimized-hpc/cosmoflow/pytorch/utils/utils.py", "lineno": 214, "epoch_num": 7, "training_epoch_latency": 220613.40625, "eval_epoch_latency": 806.1235961914062, "instance": 0}}
:::MLLOG {"namespace": "", "time_ms": 1688163900052, "event_type": "POINT_IN_TIME", "key": "tracked_stats", "value": {"throughput": 2376.50108808834}, "metadata": {"file": "/lus/grand/projects/datascience/hzheng/mlperf-2022/optimized-hpc/cosmoflow/pytorch/trainer.py", "lineno": 201, "epoch_num": 7, "step": 6, "instance": 0}}
:::MLLOG {"namespace": "", "time_ms": 1688163900052, "event_type": "POINT_IN_TIME", "key": "eval_error", "value": 0.2544827163219452, "metadata": {"file": "/lus/grand/projects/datascience/hzheng/mlperf-2022/optimized-hpc/cosmoflow/pytorch/trainer.py", "lineno": 206, "epoch_num": 7, "instance": 0}}
:::MLLOG {"namespace": "", "time_ms": 1688163900052, "event_type": "INTERVAL_START", "key": "epoch_start", "value": null, "metadata": {"file": "/lus/grand/projects/datascience/hzheng/mlperf-2022/optimized-hpc/cosmoflow/pytorch/trainer.py", "lineno": 181, "epoch_num": 8, "lr": [0.012], "instance": 0}}
:::MLLOG {"namespace": "", "time_ms": 1688164122149, "event_type": "INTERVAL_START", "key": "eval_start", "value": null, "metadata": {"file": "/lus/grand/projects/datascience/hzheng/mlperf-2022/optimized-hpc/cosmoflow/pytorch/trainer.py", "lineno": 188, "epoch_num": 8, "instance": 0}}
:::MLLOG {"namespace": "", "time_ms": 1688164122987, "event_type": "INTERVAL_START", "key": "eval_stop", "value": null, "metadata": {"file": "/lus/grand/projects/datascience/hzheng/mlperf-2022/optimized-hpc/cosmoflow/pytorch/trainer.py", "lineno": 192, "epoch_num": 8, "instance": 0}}
:::MLLOG {"namespace": "", "time_ms": 1688164122988, "event_type": "INTERVAL_END", "key": "epoch_stop", "value": null, "metadata": {"file": "/lus/grand/projects/datascience/hzheng/mlperf-2022/optimized-hpc/cosmoflow/pytorch/utils/utils.py", "lineno": 214, "epoch_num": 8, "training_epoch_latency": 222097.328125, "eval_epoch_latency": 837.8931884765625, "instance": 0}}
:::MLLOG {"namespace": "", "time_ms": 1688164122988, "event_type": "POINT_IN_TIME", "key": "tracked_stats", "value": {"throughput": 2360.6227252987132}, "metadata": {"file": "/lus/grand/projects/datascience/hzheng/mlperf-2022/optimized-hpc/cosmoflow/pytorch/trainer.py", "lineno": 201, "epoch_num": 8, "step": 7, "instance": 0}}
:::MLLOG {"namespace": "", "time_ms": 1688164122988, "event_type": "POINT_IN_TIME", "key": "eval_error", "value": 0.20710675418376923, "metadata": {"file": "/lus/grand/projects/datascience/hzheng/mlperf-2022/optimized-hpc/cosmoflow/pytorch/trainer.py", "lineno": 206, "epoch_num": 8, "instance": 0}}
:::MLLOG {"namespace": "", "time_ms": 1688164122988, "event_type": "INTERVAL_START", "key": "epoch_start", "value": null, "metadata": {"file": "/lus/grand/projects/datascience/hzheng/mlperf-2022/optimized-hpc/cosmoflow/pytorch/trainer.py", "lineno": 181, "epoch_num": 9, "lr": [0.012], "instance": 0}}
:::MLLOG {"namespace": "", "time_ms": 1688164342709, "event_type": "INTERVAL_START", "key": "eval_start", "value": null, "metadata": {"file": "/lus/grand/projects/datascience/hzheng/mlperf-2022/optimized-hpc/cosmoflow/pytorch/trainer.py", "lineno": 188, "epoch_num": 9, "instance": 0}}
:::MLLOG {"namespace": "", "time_ms": 1688164343532, "event_type": "INTERVAL_START", "key": "eval_stop", "value": null, "metadata": {"file": "/lus/grand/projects/datascience/hzheng/mlperf-2022/optimized-hpc/cosmoflow/pytorch/trainer.py", "lineno": 192, "epoch_num": 9, "instance": 0}}
:::MLLOG {"namespace": "", "time_ms": 1688164343532, "event_type": "INTERVAL_END", "key": "epoch_stop", "value": null, "metadata": {"file": "/lus/grand/projects/datascience/hzheng/mlperf-2022/optimized-hpc/cosmoflow/pytorch/utils/utils.py", "lineno": 214, "epoch_num": 9, "training_epoch_latency": 219721.453125, "eval_epoch_latency": 822.286865234375, "instance": 0}}
:::MLLOG {"namespace": "", "time_ms": 1688164343532, "event_type": "POINT_IN_TIME", "key": "tracked_stats", "value": {"throughput": 2386.148428127004}, "metadata": {"file": "/lus/grand/projects/datascience/hzheng/mlperf-2022/optimized-hpc/cosmoflow/pytorch/trainer.py", "lineno": 201, "epoch_num": 9, "step": 8, "instance": 0}}
:::MLLOG {"namespace": "", "time_ms": 1688164343532, "event_type": "POINT_IN_TIME", "key": "eval_error", "value": 0.21738269925117493, "metadata": {"file": "/lus/grand/projects/datascience/hzheng/mlperf-2022/optimized-hpc/cosmoflow/pytorch/trainer.py", "lineno": 206, "epoch_num": 9, "instance": 0}}
:::MLLOG {"namespace": "", "time_ms": 1688164343533, "event_type": "INTERVAL_START", "key": "epoch_start", "value": null, "metadata": {"file": "/lus/grand/projects/datascience/hzheng/mlperf-2022/optimized-hpc/cosmoflow/pytorch/trainer.py", "lineno": 181, "epoch_num": 10, "lr": [0.012], "instance": 0}}
:::MLLOG {"namespace": "", "time_ms": 1688164565057, "event_type": "INTERVAL_START", "key": "eval_start", "value": null, "metadata": {"file": "/lus/grand/projects/datascience/hzheng/mlperf-2022/optimized-hpc/cosmoflow/pytorch/trainer.py", "lineno": 188, "epoch_num": 10, "instance": 0}}
:::MLLOG {"namespace": "", "time_ms": 1688164565843, "event_type": "INTERVAL_START", "key": "eval_stop", "value": null, "metadata": {"file": "/lus/grand/projects/datascience/hzheng/mlperf-2022/optimized-hpc/cosmoflow/pytorch/trainer.py", "lineno": 192, "epoch_num": 10, "instance": 0}}
:::MLLOG {"namespace": "", "time_ms": 1688164565844, "event_type": "INTERVAL_END", "key": "epoch_stop", "value": null, "metadata": {"file": "/lus/grand/projects/datascience/hzheng/mlperf-2022/optimized-hpc/cosmoflow/pytorch/utils/utils.py", "lineno": 214, "epoch_num": 10, "training_epoch_latency": 221524.90625, "eval_epoch_latency": 786.062744140625, "instance": 0}}
:::MLLOG {"namespace": "", "time_ms": 1688164565844, "event_type": "POINT_IN_TIME", "key": "tracked_stats", "value": {"throughput": 2366.7225905890664}, "metadata": {"file": "/lus/grand/projects/datascience/hzheng/mlperf-2022/optimized-hpc/cosmoflow/pytorch/trainer.py", "lineno": 201, "epoch_num": 10, "step": 9, "instance": 0}}
:::MLLOG {"namespace": "", "time_ms": 1688164565844, "event_type": "POINT_IN_TIME", "key": "eval_error", "value": 0.1831841617822647, "metadata": {"file": "/lus/grand/projects/datascience/hzheng/mlperf-2022/optimized-hpc/cosmoflow/pytorch/trainer.py", "lineno": 206, "epoch_num": 10, "instance": 0}}
:::MLLOG {"namespace": "", "time_ms": 1688164565844, "event_type": "INTERVAL_START", "key": "epoch_start", "value": null, "metadata": {"file": "/lus/grand/projects/datascience/hzheng/mlperf-2022/optimized-hpc/cosmoflow/pytorch/trainer.py", "lineno": 181, "epoch_num": 11, "lr": [0.012], "instance": 0}}
:::MLLOG {"namespace": "", "time_ms": 1688164786769, "event_type": "INTERVAL_START", "key": "eval_start", "value": null, "metadata": {"file": "/lus/grand/projects/datascience/hzheng/mlperf-2022/optimized-hpc/cosmoflow/pytorch/trainer.py", "lineno": 188, "epoch_num": 11, "instance": 0}}
:::MLLOG {"namespace": "", "time_ms": 1688164787575, "event_type": "INTERVAL_START", "key": "eval_stop", "value": null, "metadata": {"file": "/lus/grand/projects/datascience/hzheng/mlperf-2022/optimized-hpc/cosmoflow/pytorch/trainer.py", "lineno": 192, "epoch_num": 11, "instance": 0}}
:::MLLOG {"namespace": "", "time_ms": 1688164787576, "event_type": "INTERVAL_END", "key": "epoch_stop", "value": null, "metadata": {"file": "/lus/grand/projects/datascience/hzheng/mlperf-2022/optimized-hpc/cosmoflow/pytorch/utils/utils.py", "lineno": 214, "epoch_num": 11, "training_epoch_latency": 220925.65625, "eval_epoch_latency": 805.6382446289062, "instance": 0}}
:::MLLOG {"namespace": "", "time_ms": 1688164787576, "event_type": "POINT_IN_TIME", "key": "tracked_stats", "value": {"throughput": 2373.142209462148}, "metadata": {"file": "/lus/grand/projects/datascience/hzheng/mlperf-2022/optimized-hpc/cosmoflow/pytorch/trainer.py", "lineno": 201, "epoch_num": 11, "step": 10, "instance": 0}}
:::MLLOG {"namespace": "", "time_ms": 1688164787576, "event_type": "POINT_IN_TIME", "key": "eval_error", "value": 0.22339332103729248, "metadata": {"file": "/lus/grand/projects/datascience/hzheng/mlperf-2022/optimized-hpc/cosmoflow/pytorch/trainer.py", "lineno": 206, "epoch_num": 11, "instance": 0}}
:::MLLOG {"namespace": "", "time_ms": 1688164787576, "event_type": "INTERVAL_START", "key": "epoch_start", "value": null, "metadata": {"file": "/lus/grand/projects/datascience/hzheng/mlperf-2022/optimized-hpc/cosmoflow/pytorch/trainer.py", "lineno": 181, "epoch_num": 12, "lr": [0.012], "instance": 0}}
:::MLLOG {"namespace": "", "time_ms": 1688165015493, "event_type": "INTERVAL_START", "key": "eval_start", "value": null, "metadata": {"file": "/lus/grand/projects/datascience/hzheng/mlperf-2022/optimized-hpc/cosmoflow/pytorch/trainer.py", "lineno": 188, "epoch_num": 12, "instance": 0}}
:::MLLOG {"namespace": "", "time_ms": 1688165016287, "event_type": "INTERVAL_START", "key": "eval_stop", "value": null, "metadata": {"file": "/lus/grand/projects/datascience/hzheng/mlperf-2022/optimized-hpc/cosmoflow/pytorch/trainer.py", "lineno": 192, "epoch_num": 12, "instance": 0}}
:::MLLOG {"namespace": "", "time_ms": 1688165016288, "event_type": "INTERVAL_END", "key": "epoch_stop", "value": null, "metadata": {"file": "/lus/grand/projects/datascience/hzheng/mlperf-2022/optimized-hpc/cosmoflow/pytorch/utils/utils.py", "lineno": 214, "epoch_num": 12, "training_epoch_latency": 227917.6875, "eval_epoch_latency": 793.7354736328125, "instance": 0}}
:::MLLOG {"namespace": "", "time_ms": 1688165016288, "event_type": "POINT_IN_TIME", "key": "tracked_stats", "value": {"throughput": 2300.3392397968237}, "metadata": {"file": "/lus/grand/projects/datascience/hzheng/mlperf-2022/optimized-hpc/cosmoflow/pytorch/trainer.py", "lineno": 201, "epoch_num": 12, "step": 11, "instance": 0}}
:::MLLOG {"namespace": "", "time_ms": 1688165016288, "event_type": "POINT_IN_TIME", "key": "eval_error", "value": 0.16965949535369873, "metadata": {"file": "/lus/grand/projects/datascience/hzheng/mlperf-2022/optimized-hpc/cosmoflow/pytorch/trainer.py", "lineno": 206, "epoch_num": 12, "instance": 0}}
:::MLLOG {"namespace": "", "time_ms": 1688165016288, "event_type": "INTERVAL_START", "key": "epoch_start", "value": null, "metadata": {"file": "/lus/grand/projects/datascience/hzheng/mlperf-2022/optimized-hpc/cosmoflow/pytorch/trainer.py", "lineno": 181, "epoch_num": 13, "lr": [0.012], "instance": 0}}
:::MLLOG {"namespace": "", "time_ms": 1688165239297, "event_type": "INTERVAL_START", "key": "eval_start", "value": null, "metadata": {"file": "/lus/grand/projects/datascience/hzheng/mlperf-2022/optimized-hpc/cosmoflow/pytorch/trainer.py", "lineno": 188, "epoch_num": 13, "instance": 0}}
:::MLLOG {"namespace": "", "time_ms": 1688165240379, "event_type": "INTERVAL_START", "key": "eval_stop", "value": null, "metadata": {"file": "/lus/grand/projects/datascience/hzheng/mlperf-2022/optimized-hpc/cosmoflow/pytorch/trainer.py", "lineno": 192, "epoch_num": 13, "instance": 0}}
:::MLLOG {"namespace": "", "time_ms": 1688165240379, "event_type": "INTERVAL_END", "key": "epoch_stop", "value": null, "metadata": {"file": "/lus/grand/projects/datascience/hzheng/mlperf-2022/optimized-hpc/cosmoflow/pytorch/utils/utils.py", "lineno": 214, "epoch_num": 13, "training_epoch_latency": 223009.53125, "eval_epoch_latency": 1081.677001953125, "instance": 0}}
:::MLLOG {"namespace": "", "time_ms": 1688165240380, "event_type": "POINT_IN_TIME", "key": "tracked_stats", "value": {"throughput": 2350.9667818289718}, "metadata": {"file": "/lus/grand/projects/datascience/hzheng/mlperf-2022/optimized-hpc/cosmoflow/pytorch/trainer.py", "lineno": 201, "epoch_num": 13, "step": 12, "instance": 0}}
:::MLLOG {"namespace": "", "time_ms": 1688165240380, "event_type": "POINT_IN_TIME", "key": "eval_error", "value": 0.15307044982910156, "metadata": {"file": "/lus/grand/projects/datascience/hzheng/mlperf-2022/optimized-hpc/cosmoflow/pytorch/trainer.py", "lineno": 206, "epoch_num": 13, "instance": 0}}
:::MLLOG {"namespace": "", "time_ms": 1688165240380, "event_type": "INTERVAL_START", "key": "epoch_start", "value": null, "metadata": {"file": "/lus/grand/projects/datascience/hzheng/mlperf-2022/optimized-hpc/cosmoflow/pytorch/trainer.py", "lineno": 181, "epoch_num": 14, "lr": [0.012], "instance": 0}}
:::MLLOG {"namespace": "", "time_ms": 1688165485537, "event_type": "INTERVAL_START", "key": "eval_start", "value": null, "metadata": {"file": "/lus/grand/projects/datascience/hzheng/mlperf-2022/optimized-hpc/cosmoflow/pytorch/trainer.py", "lineno": 188, "epoch_num": 14, "instance": 0}}
:::MLLOG {"namespace": "", "time_ms": 1688165486371, "event_type": "INTERVAL_START", "key": "eval_stop", "value": null, "metadata": {"file": "/lus/grand/projects/datascience/hzheng/mlperf-2022/optimized-hpc/cosmoflow/pytorch/trainer.py", "lineno": 192, "epoch_num": 14, "instance": 0}}
:::MLLOG {"namespace": "", "time_ms": 1688165486372, "event_type": "INTERVAL_END", "key": "epoch_stop", "value": null, "metadata": {"file": "/lus/grand/projects/datascience/hzheng/mlperf-2022/optimized-hpc/cosmoflow/pytorch/utils/utils.py", "lineno": 214, "epoch_num": 14, "training_epoch_latency": 245157.546875, "eval_epoch_latency": 834.0249633789062, "instance": 0}}
:::MLLOG {"namespace": "", "time_ms": 1688165486372, "event_type": "POINT_IN_TIME", "key": "tracked_stats", "value": {"throughput": 2138.575812505262}, "metadata": {"file": "/lus/grand/projects/datascience/hzheng/mlperf-2022/optimized-hpc/cosmoflow/pytorch/trainer.py", "lineno": 201, "epoch_num": 14, "step": 13, "instance": 0}}
:::MLLOG {"namespace": "", "time_ms": 1688165486372, "event_type": "POINT_IN_TIME", "key": "eval_error", "value": 0.17162372171878815, "metadata": {"file": "/lus/grand/projects/datascience/hzheng/mlperf-2022/optimized-hpc/cosmoflow/pytorch/trainer.py", "lineno": 206, "epoch_num": 14, "instance": 0}}
:::MLLOG {"namespace": "", "time_ms": 1688165486372, "event_type": "INTERVAL_START", "key": "epoch_start", "value": null, "metadata": {"file": "/lus/grand/projects/datascience/hzheng/mlperf-2022/optimized-hpc/cosmoflow/pytorch/trainer.py", "lineno": 181, "epoch_num": 15, "lr": [0.012], "instance": 0}}
:::MLLOG {"namespace": "", "time_ms": 1688165710081, "event_type": "INTERVAL_START", "key": "eval_start", "value": null, "metadata": {"file": "/lus/grand/projects/datascience/hzheng/mlperf-2022/optimized-hpc/cosmoflow/pytorch/trainer.py", "lineno": 188, "epoch_num": 15, "instance": 0}}
:::MLLOG {"namespace": "", "time_ms": 1688165710913, "event_type": "INTERVAL_START", "key": "eval_stop", "value": null, "metadata": {"file": "/lus/grand/projects/datascience/hzheng/mlperf-2022/optimized-hpc/cosmoflow/pytorch/trainer.py", "lineno": 192, "epoch_num": 15, "instance": 0}}
:::MLLOG {"namespace": "", "time_ms": 1688165710913, "event_type": "INTERVAL_END", "key": "epoch_stop", "value": null, "metadata": {"file": "/lus/grand/projects/datascience/hzheng/mlperf-2022/optimized-hpc/cosmoflow/pytorch/utils/utils.py", "lineno": 214, "epoch_num": 15, "training_epoch_latency": 223709.6875, "eval_epoch_latency": 831.1124877929688, "instance": 0}}
:::MLLOG {"namespace": "", "time_ms": 1688165710913, "event_type": "POINT_IN_TIME", "key": "tracked_stats", "value": {"throughput": 2343.608834552594}, "metadata": {"file": "/lus/grand/projects/datascience/hzheng/mlperf-2022/optimized-hpc/cosmoflow/pytorch/trainer.py", "lineno": 201, "epoch_num": 15, "step": 14, "instance": 0}}
:::MLLOG {"namespace": "", "time_ms": 1688165710913, "event_type": "POINT_IN_TIME", "key": "eval_error", "value": 0.16101935505867004, "metadata": {"file": "/lus/grand/projects/datascience/hzheng/mlperf-2022/optimized-hpc/cosmoflow/pytorch/trainer.py", "lineno": 206, "epoch_num": 15, "instance": 0}}
:::MLLOG {"namespace": "", "time_ms": 1688165710914, "event_type": "INTERVAL_START", "key": "epoch_start", "value": null, "metadata": {"file": "/lus/grand/projects/datascience/hzheng/mlperf-2022/optimized-hpc/cosmoflow/pytorch/trainer.py", "lineno": 181, "epoch_num": 16, "lr": [0.012], "instance": 0}}
:::MLLOG {"namespace": "", "time_ms": 1688165935989, "event_type": "INTERVAL_START", "key": "eval_start", "value": null, "metadata": {"file": "/lus/grand/projects/datascience/hzheng/mlperf-2022/optimized-hpc/cosmoflow/pytorch/trainer.py", "lineno": 188, "epoch_num": 16, "instance": 0}}
:::MLLOG {"namespace": "", "time_ms": 1688165936816, "event_type": "INTERVAL_START", "key": "eval_stop", "value": null, "metadata": {"file": "/lus/grand/projects/datascience/hzheng/mlperf-2022/optimized-hpc/cosmoflow/pytorch/trainer.py", "lineno": 192, "epoch_num": 16, "instance": 0}}
:::MLLOG {"namespace": "", "time_ms": 1688165936816, "event_type": "INTERVAL_END", "key": "epoch_stop", "value": null, "metadata": {"file": "/lus/grand/projects/datascience/hzheng/mlperf-2022/optimized-hpc/cosmoflow/pytorch/utils/utils.py", "lineno": 214, "epoch_num": 16, "training_epoch_latency": 225076.25, "eval_epoch_latency": 826.1566772460938, "instance": 0}}
:::MLLOG {"namespace": "", "time_ms": 1688165936817, "event_type": "POINT_IN_TIME", "key": "tracked_stats", "value": {"throughput": 2329.379488062379}, "metadata": {"file": "/lus/grand/projects/datascience/hzheng/mlperf-2022/optimized-hpc/cosmoflow/pytorch/trainer.py", "lineno": 201, "epoch_num": 16, "step": 15, "instance": 0}}
:::MLLOG {"namespace": "", "time_ms": 1688165936817, "event_type": "POINT_IN_TIME", "key": "eval_error", "value": 0.15875768661499023, "metadata": {"file": "/lus/grand/projects/datascience/hzheng/mlperf-2022/optimized-hpc/cosmoflow/pytorch/trainer.py", "lineno": 206, "epoch_num": 16, "instance": 0}}
:::MLLOG {"namespace": "", "time_ms": 1688165936817, "event_type": "INTERVAL_START", "key": "epoch_start", "value": null, "metadata": {"file": "/lus/grand/projects/datascience/hzheng/mlperf-2022/optimized-hpc/cosmoflow/pytorch/trainer.py", "lineno": 181, "epoch_num": 17, "lr": [0.012], "instance": 0}}
:::MLLOG {"namespace": "", "time_ms": 1688166162612, "event_type": "INTERVAL_START", "key": "eval_start", "value": null, "metadata": {"file": "/lus/grand/projects/datascience/hzheng/mlperf-2022/optimized-hpc/cosmoflow/pytorch/trainer.py", "lineno": 188, "epoch_num": 17, "instance": 0}}
:::MLLOG {"namespace": "", "time_ms": 1688166165450, "event_type": "INTERVAL_START", "key": "eval_stop", "value": null, "metadata": {"file": "/lus/grand/projects/datascience/hzheng/mlperf-2022/optimized-hpc/cosmoflow/pytorch/trainer.py", "lineno": 192, "epoch_num": 17, "instance": 0}}
:::MLLOG {"namespace": "", "time_ms": 1688166165450, "event_type": "INTERVAL_END", "key": "epoch_stop", "value": null, "metadata": {"file": "/lus/grand/projects/datascience/hzheng/mlperf-2022/optimized-hpc/cosmoflow/pytorch/utils/utils.py", "lineno": 214, "epoch_num": 17, "training_epoch_latency": 225795.1875, "eval_epoch_latency": 2836.568603515625, "instance": 0}}
:::MLLOG {"namespace": "", "time_ms": 1688166165451, "event_type": "POINT_IN_TIME", "key": "tracked_stats", "value": {"throughput": 2321.9626857636194}, "metadata": {"file": "/lus/grand/projects/datascience/hzheng/mlperf-2022/optimized-hpc/cosmoflow/pytorch/trainer.py", "lineno": 201, "epoch_num": 17, "step": 16, "instance": 0}}
:::MLLOG {"namespace": "", "time_ms": 1688166165451, "event_type": "POINT_IN_TIME", "key": "eval_error", "value": 0.18179184198379517, "metadata": {"file": "/lus/grand/projects/datascience/hzheng/mlperf-2022/optimized-hpc/cosmoflow/pytorch/trainer.py", "lineno": 206, "epoch_num": 17, "instance": 0}}
:::MLLOG {"namespace": "", "time_ms": 1688166165452, "event_type": "INTERVAL_START", "key": "epoch_start", "value": null, "metadata": {"file": "/lus/grand/projects/datascience/hzheng/mlperf-2022/optimized-hpc/cosmoflow/pytorch/trainer.py", "lineno": 181, "epoch_num": 18, "lr": [0.012], "instance": 0}}
:::MLLOG {"namespace": "", "time_ms": 1688166389209, "event_type": "INTERVAL_START", "key": "eval_start", "value": null, "metadata": {"file": "/lus/grand/projects/datascience/hzheng/mlperf-2022/optimized-hpc/cosmoflow/pytorch/trainer.py", "lineno": 188, "epoch_num": 18, "instance": 0}}
:::MLLOG {"namespace": "", "time_ms": 1688166390025, "event_type": "INTERVAL_START", "key": "eval_stop", "value": null, "metadata": {"file": "/lus/grand/projects/datascience/hzheng/mlperf-2022/optimized-hpc/cosmoflow/pytorch/trainer.py", "lineno": 192, "epoch_num": 18, "instance": 0}}
:::MLLOG {"namespace": "", "time_ms": 1688166390025, "event_type": "INTERVAL_END", "key": "epoch_stop", "value": null, "metadata": {"file": "/lus/grand/projects/datascience/hzheng/mlperf-2022/optimized-hpc/cosmoflow/pytorch/utils/utils.py", "lineno": 214, "epoch_num": 18, "training_epoch_latency": 223757.890625, "eval_epoch_latency": 797.7713623046875, "instance": 0}}
:::MLLOG {"namespace": "", "time_ms": 1688166390026, "event_type": "POINT_IN_TIME", "key": "tracked_stats", "value": {"throughput": 2343.1039617667116}, "metadata": {"file": "/lus/grand/projects/datascience/hzheng/mlperf-2022/optimized-hpc/cosmoflow/pytorch/trainer.py", "lineno": 201, "epoch_num": 18, "step": 17, "instance": 0}}
:::MLLOG {"namespace": "", "time_ms": 1688166390026, "event_type": "POINT_IN_TIME", "key": "eval_error", "value": 0.17017114162445068, "metadata": {"file": "/lus/grand/projects/datascience/hzheng/mlperf-2022/optimized-hpc/cosmoflow/pytorch/trainer.py", "lineno": 206, "epoch_num": 18, "instance": 0}}
:::MLLOG {"namespace": "", "time_ms": 1688166390026, "event_type": "INTERVAL_START", "key": "epoch_start", "value": null, "metadata": {"file": "/lus/grand/projects/datascience/hzheng/mlperf-2022/optimized-hpc/cosmoflow/pytorch/trainer.py", "lineno": 181, "epoch_num": 19, "lr": [0.012], "instance": 0}}
:::MLLOG {"namespace": "", "time_ms": 1688166614285, "event_type": "INTERVAL_START", "key": "eval_start", "value": null, "metadata": {"file": "/lus/grand/projects/datascience/hzheng/mlperf-2022/optimized-hpc/cosmoflow/pytorch/trainer.py", "lineno": 188, "epoch_num": 19, "instance": 0}}
:::MLLOG {"namespace": "", "time_ms": 1688166615099, "event_type": "INTERVAL_START", "key": "eval_stop", "value": null, "metadata": {"file": "/lus/grand/projects/datascience/hzheng/mlperf-2022/optimized-hpc/cosmoflow/pytorch/trainer.py", "lineno": 192, "epoch_num": 19, "instance": 0}}
:::MLLOG {"namespace": "", "time_ms": 1688166615100, "event_type": "INTERVAL_END", "key": "epoch_stop", "value": null, "metadata": {"file": "/lus/grand/projects/datascience/hzheng/mlperf-2022/optimized-hpc/cosmoflow/pytorch/utils/utils.py", "lineno": 214, "epoch_num": 19, "training_epoch_latency": 224259.75, "eval_epoch_latency": 813.5174560546875, "instance": 0}}
:::MLLOG {"namespace": "", "time_ms": 1688166615100, "event_type": "POINT_IN_TIME", "key": "tracked_stats", "value": {"throughput": 2337.860449768628}, "metadata": {"file": "/lus/grand/projects/datascience/hzheng/mlperf-2022/optimized-hpc/cosmoflow/pytorch/trainer.py", "lineno": 201, "epoch_num": 19, "step": 18, "instance": 0}}
:::MLLOG {"namespace": "", "time_ms": 1688166615100, "event_type": "POINT_IN_TIME", "key": "eval_error", "value": 0.15348303318023682, "metadata": {"file": "/lus/grand/projects/datascience/hzheng/mlperf-2022/optimized-hpc/cosmoflow/pytorch/trainer.py", "lineno": 206, "epoch_num": 19, "instance": 0}}
:::MLLOG {"namespace": "", "time_ms": 1688166615100, "event_type": "INTERVAL_START", "key": "epoch_start", "value": null, "metadata": {"file": "/lus/grand/projects/datascience/hzheng/mlperf-2022/optimized-hpc/cosmoflow/pytorch/trainer.py", "lineno": 181, "epoch_num": 20, "lr": [0.012], "instance": 0}}
:::MLLOG {"namespace": "", "time_ms": 1688166835145, "event_type": "INTERVAL_START", "key": "eval_start", "value": null, "metadata": {"file": "/lus/grand/projects/datascience/hzheng/mlperf-2022/optimized-hpc/cosmoflow/pytorch/trainer.py", "lineno": 188, "epoch_num": 20, "instance": 0}}
:::MLLOG {"namespace": "", "time_ms": 1688166835950, "event_type": "INTERVAL_START", "key": "eval_stop", "value": null, "metadata": {"file": "/lus/grand/projects/datascience/hzheng/mlperf-2022/optimized-hpc/cosmoflow/pytorch/trainer.py", "lineno": 192, "epoch_num": 20, "instance": 0}}
:::MLLOG {"namespace": "", "time_ms": 1688166835950, "event_type": "INTERVAL_END", "key": "epoch_stop", "value": null, "metadata": {"file": "/lus/grand/projects/datascience/hzheng/mlperf-2022/optimized-hpc/cosmoflow/pytorch/utils/utils.py", "lineno": 214, "epoch_num": 20, "training_epoch_latency": 220045.421875, "eval_epoch_latency": 804.421630859375, "instance": 0}}
:::MLLOG {"namespace": "", "time_ms": 1688166835950, "event_type": "POINT_IN_TIME", "key": "tracked_stats", "value": {"throughput": 2382.6353465232714}, "metadata": {"file": "/lus/grand/projects/datascience/hzheng/mlperf-2022/optimized-hpc/cosmoflow/pytorch/trainer.py", "lineno": 201, "epoch_num": 20, "step": 19, "instance": 0}}
:::MLLOG {"namespace": "", "time_ms": 1688166835950, "event_type": "POINT_IN_TIME", "key": "eval_error", "value": 0.13987743854522705, "metadata": {"file": "/lus/grand/projects/datascience/hzheng/mlperf-2022/optimized-hpc/cosmoflow/pytorch/trainer.py", "lineno": 206, "epoch_num": 20, "instance": 0}}
:::MLLOG {"namespace": "", "time_ms": 1688166835950, "event_type": "INTERVAL_START", "key": "epoch_start", "value": null, "metadata": {"file": "/lus/grand/projects/datascience/hzheng/mlperf-2022/optimized-hpc/cosmoflow/pytorch/trainer.py", "lineno": 181, "epoch_num": 21, "lr": [0.012], "instance": 0}}
:::MLLOG {"namespace": "", "time_ms": 1688167058165, "event_type": "INTERVAL_START", "key": "eval_start", "value": null, "metadata": {"file": "/lus/grand/projects/datascience/hzheng/mlperf-2022/optimized-hpc/cosmoflow/pytorch/trainer.py", "lineno": 188, "epoch_num": 21, "instance": 0}}
:::MLLOG {"namespace": "", "time_ms": 1688167059007, "event_type": "INTERVAL_START", "key": "eval_stop", "value": null, "metadata": {"file": "/lus/grand/projects/datascience/hzheng/mlperf-2022/optimized-hpc/cosmoflow/pytorch/trainer.py", "lineno": 192, "epoch_num": 21, "instance": 0}}
:::MLLOG {"namespace": "", "time_ms": 1688167059008, "event_type": "INTERVAL_END", "key": "epoch_stop", "value": null, "metadata": {"file": "/lus/grand/projects/datascience/hzheng/mlperf-2022/optimized-hpc/cosmoflow/pytorch/utils/utils.py", "lineno": 214, "epoch_num": 21, "training_epoch_latency": 222215.46875, "eval_epoch_latency": 841.780029296875, "instance": 0}}
:::MLLOG {"namespace": "", "time_ms": 1688167059008, "event_type": "POINT_IN_TIME", "key": "tracked_stats", "value": {"throughput": 2359.3677026590885}, "metadata": {"file": "/lus/grand/projects/datascience/hzheng/mlperf-2022/optimized-hpc/cosmoflow/pytorch/trainer.py", "lineno": 201, "epoch_num": 21, "step": 20, "instance": 0}}
:::MLLOG {"namespace": "", "time_ms": 1688167059008, "event_type": "POINT_IN_TIME", "key": "eval_error", "value": 0.16256244480609894, "metadata": {"file": "/lus/grand/projects/datascience/hzheng/mlperf-2022/optimized-hpc/cosmoflow/pytorch/trainer.py", "lineno": 206, "epoch_num": 21, "instance": 0}}
:::MLLOG {"namespace": "", "time_ms": 1688167059008, "event_type": "INTERVAL_START", "key": "epoch_start", "value": null, "metadata": {"file": "/lus/grand/projects/datascience/hzheng/mlperf-2022/optimized-hpc/cosmoflow/pytorch/trainer.py", "lineno": 181, "epoch_num": 22, "lr": [0.012], "instance": 0}}
:::MLLOG {"namespace": "", "time_ms": 1688167283528, "event_type": "INTERVAL_START", "key": "eval_start", "value": null, "metadata": {"file": "/lus/grand/projects/datascience/hzheng/mlperf-2022/optimized-hpc/cosmoflow/pytorch/trainer.py", "lineno": 188, "epoch_num": 22, "instance": 0}}
:::MLLOG {"namespace": "", "time_ms": 1688167284345, "event_type": "INTERVAL_START", "key": "eval_stop", "value": null, "metadata": {"file": "/lus/grand/projects/datascience/hzheng/mlperf-2022/optimized-hpc/cosmoflow/pytorch/trainer.py", "lineno": 192, "epoch_num": 22, "instance": 0}}
:::MLLOG {"namespace": "", "time_ms": 1688167284345, "event_type": "INTERVAL_END", "key": "epoch_stop", "value": null, "metadata": {"file": "/lus/grand/projects/datascience/hzheng/mlperf-2022/optimized-hpc/cosmoflow/pytorch/utils/utils.py", "lineno": 214, "epoch_num": 22, "training_epoch_latency": 224520.1875, "eval_epoch_latency": 816.9700317382812, "instance": 0}}
:::MLLOG {"namespace": "", "time_ms": 1688167284345, "event_type": "POINT_IN_TIME", "key": "tracked_stats", "value": {"throughput": 2335.1485932640244}, "metadata": {"file": "/lus/grand/projects/datascience/hzheng/mlperf-2022/optimized-hpc/cosmoflow/pytorch/trainer.py", "lineno": 201, "epoch_num": 22, "step": 21, "instance": 0}}
:::MLLOG {"namespace": "", "time_ms": 1688167284346, "event_type": "POINT_IN_TIME", "key": "eval_error", "value": 0.15429356694221497, "metadata": {"file": "/lus/grand/projects/datascience/hzheng/mlperf-2022/optimized-hpc/cosmoflow/pytorch/trainer.py", "lineno": 206, "epoch_num": 22, "instance": 0}}
:::MLLOG {"namespace": "", "time_ms": 1688167284346, "event_type": "INTERVAL_START", "key": "epoch_start", "value": null, "metadata": {"file": "/lus/grand/projects/datascience/hzheng/mlperf-2022/optimized-hpc/cosmoflow/pytorch/trainer.py", "lineno": 181, "epoch_num": 23, "lr": [0.012], "instance": 0}}
:::MLLOG {"namespace": "", "time_ms": 1688167505565, "event_type": "INTERVAL_START", "key": "eval_start", "value": null, "metadata": {"file": "/lus/grand/projects/datascience/hzheng/mlperf-2022/optimized-hpc/cosmoflow/pytorch/trainer.py", "lineno": 188, "epoch_num": 23, "instance": 0}}
:::MLLOG {"namespace": "", "time_ms": 1688167506399, "event_type": "INTERVAL_START", "key": "eval_stop", "value": null, "metadata": {"file": "/lus/grand/projects/datascience/hzheng/mlperf-2022/optimized-hpc/cosmoflow/pytorch/trainer.py", "lineno": 192, "epoch_num": 23, "instance": 0}}
:::MLLOG {"namespace": "", "time_ms": 1688167506400, "event_type": "INTERVAL_END", "key": "epoch_stop", "value": null, "metadata": {"file": "/lus/grand/projects/datascience/hzheng/mlperf-2022/optimized-hpc/cosmoflow/pytorch/utils/utils.py", "lineno": 214, "epoch_num": 23, "training_epoch_latency": 221220.15625, "eval_epoch_latency": 833.6909790039062, "instance": 0}}
:::MLLOG {"namespace": "", "time_ms": 1688167506400, "event_type": "POINT_IN_TIME", "key": "tracked_stats", "value": {"throughput": 2369.9829567406337}, "metadata": {"file": "/lus/grand/projects/datascience/hzheng/mlperf-2022/optimized-hpc/cosmoflow/pytorch/trainer.py", "lineno": 201, "epoch_num": 23, "step": 22, "instance": 0}}
:::MLLOG {"namespace": "", "time_ms": 1688167506400, "event_type": "POINT_IN_TIME", "key": "eval_error", "value": 0.13609060645103455, "metadata": {"file": "/lus/grand/projects/datascience/hzheng/mlperf-2022/optimized-hpc/cosmoflow/pytorch/trainer.py", "lineno": 206, "epoch_num": 23, "instance": 0}}
:::MLLOG {"namespace": "", "time_ms": 1688167506400, "event_type": "INTERVAL_START", "key": "epoch_start", "value": null, "metadata": {"file": "/lus/grand/projects/datascience/hzheng/mlperf-2022/optimized-hpc/cosmoflow/pytorch/trainer.py", "lineno": 181, "epoch_num": 24, "lr": [0.012], "instance": 0}}
:::MLLOG {"namespace": "", "time_ms": 1688167726749, "event_type": "INTERVAL_START", "key": "eval_start", "value": null, "metadata": {"file": "/lus/grand/projects/datascience/hzheng/mlperf-2022/optimized-hpc/cosmoflow/pytorch/trainer.py", "lineno": 188, "epoch_num": 24, "instance": 0}}
:::MLLOG {"namespace": "", "time_ms": 1688167727579, "event_type": "INTERVAL_START", "key": "eval_stop", "value": null, "metadata": {"file": "/lus/grand/projects/datascience/hzheng/mlperf-2022/optimized-hpc/cosmoflow/pytorch/trainer.py", "lineno": 192, "epoch_num": 24, "instance": 0}}
:::MLLOG {"namespace": "", "time_ms": 1688167727579, "event_type": "INTERVAL_END", "key": "epoch_stop", "value": null, "metadata": {"file": "/lus/grand/projects/datascience/hzheng/mlperf-2022/optimized-hpc/cosmoflow/pytorch/utils/utils.py", "lineno": 214, "epoch_num": 24, "training_epoch_latency": 220349.140625, "eval_epoch_latency": 830.0157470703125, "instance": 0}}
:::MLLOG {"namespace": "", "time_ms": 1688167727580, "event_type": "POINT_IN_TIME", "key": "tracked_stats", "value": {"throughput": 2379.3512355569233}, "metadata": {"file": "/lus/grand/projects/datascience/hzheng/mlperf-2022/optimized-hpc/cosmoflow/pytorch/trainer.py", "lineno": 201, "epoch_num": 24, "step": 23, "instance": 0}}
:::MLLOG {"namespace": "", "time_ms": 1688167727580, "event_type": "POINT_IN_TIME", "key": "eval_error", "value": 0.13738864660263062, "metadata": {"file": "/lus/grand/projects/datascience/hzheng/mlperf-2022/optimized-hpc/cosmoflow/pytorch/trainer.py", "lineno": 206, "epoch_num": 24, "instance": 0}}
:::MLLOG {"namespace": "", "time_ms": 1688167727580, "event_type": "INTERVAL_START", "key": "epoch_start", "value": null, "metadata": {"file": "/lus/grand/projects/datascience/hzheng/mlperf-2022/optimized-hpc/cosmoflow/pytorch/trainer.py", "lineno": 181, "epoch_num": 25, "lr": [0.012], "instance": 0}}
:::MLLOG {"namespace": "", "time_ms": 1688167957048, "event_type": "INTERVAL_START", "key": "eval_start", "value": null, "metadata": {"file": "/lus/grand/projects/datascience/hzheng/mlperf-2022/optimized-hpc/cosmoflow/pytorch/trainer.py", "lineno": 188, "epoch_num": 25, "instance": 0}}
:::MLLOG {"namespace": "", "time_ms": 1688167957863, "event_type": "INTERVAL_START", "key": "eval_stop", "value": null, "metadata": {"file": "/lus/grand/projects/datascience/hzheng/mlperf-2022/optimized-hpc/cosmoflow/pytorch/trainer.py", "lineno": 192, "epoch_num": 25, "instance": 0}}
:::MLLOG {"namespace": "", "time_ms": 1688167957864, "event_type": "INTERVAL_END", "key": "epoch_stop", "value": null, "metadata": {"file": "/lus/grand/projects/datascience/hzheng/mlperf-2022/optimized-hpc/cosmoflow/pytorch/utils/utils.py", "lineno": 214, "epoch_num": 25, "training_epoch_latency": 229468.203125, "eval_epoch_latency": 815.3896484375, "instance": 0}}
:::MLLOG {"namespace": "", "time_ms": 1688167957864, "event_type": "POINT_IN_TIME", "key": "tracked_stats", "value": {"throughput": 2284.795857813906}, "metadata": {"file": "/lus/grand/projects/datascience/hzheng/mlperf-2022/optimized-hpc/cosmoflow/pytorch/trainer.py", "lineno": 201, "epoch_num": 25, "step": 24, "instance": 0}}
:::MLLOG {"namespace": "", "time_ms": 1688167957864, "event_type": "POINT_IN_TIME", "key": "eval_error", "value": 0.15698015689849854, "metadata": {"file": "/lus/grand/projects/datascience/hzheng/mlperf-2022/optimized-hpc/cosmoflow/pytorch/trainer.py", "lineno": 206, "epoch_num": 25, "instance": 0}}
:::MLLOG {"namespace": "", "time_ms": 1688167957864, "event_type": "INTERVAL_START", "key": "epoch_start", "value": null, "metadata": {"file": "/lus/grand/projects/datascience/hzheng/mlperf-2022/optimized-hpc/cosmoflow/pytorch/trainer.py", "lineno": 181, "epoch_num": 26, "lr": [0.012], "instance": 0}}
:::MLLOG {"namespace": "", "time_ms": 1688168183257, "event_type": "INTERVAL_START", "key": "eval_start", "value": null, "metadata": {"file": "/lus/grand/projects/datascience/hzheng/mlperf-2022/optimized-hpc/cosmoflow/pytorch/trainer.py", "lineno": 188, "epoch_num": 26, "instance": 0}}
:::MLLOG {"namespace": "", "time_ms": 1688168184090, "event_type": "INTERVAL_START", "key": "eval_stop", "value": null, "metadata": {"file": "/lus/grand/projects/datascience/hzheng/mlperf-2022/optimized-hpc/cosmoflow/pytorch/trainer.py", "lineno": 192, "epoch_num": 26, "instance": 0}}
:::MLLOG {"namespace": "", "time_ms": 1688168184090, "event_type": "INTERVAL_END", "key": "epoch_stop", "value": null, "metadata": {"file": "/lus/grand/projects/datascience/hzheng/mlperf-2022/optimized-hpc/cosmoflow/pytorch/utils/utils.py", "lineno": 214, "epoch_num": 26, "training_epoch_latency": 225393.71875, "eval_epoch_latency": 832.1127319335938, "instance": 0}}
:::MLLOG {"namespace": "", "time_ms": 1688168184090, "event_type": "POINT_IN_TIME", "key": "tracked_stats", "value": {"throughput": 2326.098539513981}, "metadata": {"file": "/lus/grand/projects/datascience/hzheng/mlperf-2022/optimized-hpc/cosmoflow/pytorch/trainer.py", "lineno": 201, "epoch_num": 26, "step": 25, "instance": 0}}
:::MLLOG {"namespace": "", "time_ms": 1688168184090, "event_type": "POINT_IN_TIME", "key": "eval_error", "value": 0.13495786488056183, "metadata": {"file": "/lus/grand/projects/datascience/hzheng/mlperf-2022/optimized-hpc/cosmoflow/pytorch/trainer.py", "lineno": 206, "epoch_num": 26, "instance": 0}}
:::MLLOG {"namespace": "", "time_ms": 1688168184091, "event_type": "INTERVAL_START", "key": "epoch_start", "value": null, "metadata": {"file": "/lus/grand/projects/datascience/hzheng/mlperf-2022/optimized-hpc/cosmoflow/pytorch/trainer.py", "lineno": 181, "epoch_num": 27, "lr": [0.012], "instance": 0}}
:::MLLOG {"namespace": "", "time_ms": 1688168408167, "event_type": "INTERVAL_START", "key": "eval_start", "value": null, "metadata": {"file": "/lus/grand/projects/datascience/hzheng/mlperf-2022/optimized-hpc/cosmoflow/pytorch/trainer.py", "lineno": 188, "epoch_num": 27, "instance": 0}}
:::MLLOG {"namespace": "", "time_ms": 1688168409030, "event_type": "INTERVAL_START", "key": "eval_stop", "value": null, "metadata": {"file": "/lus/grand/projects/datascience/hzheng/mlperf-2022/optimized-hpc/cosmoflow/pytorch/trainer.py", "lineno": 192, "epoch_num": 27, "instance": 0}}
:::MLLOG {"namespace": "", "time_ms": 1688168409030, "event_type": "INTERVAL_END", "key": "epoch_stop", "value": null, "metadata": {"file": "/lus/grand/projects/datascience/hzheng/mlperf-2022/optimized-hpc/cosmoflow/pytorch/utils/utils.py", "lineno": 214, "epoch_num": 27, "training_epoch_latency": 224077.078125, "eval_epoch_latency": 862.1381225585938, "instance": 0}}
:::MLLOG {"namespace": "", "time_ms": 1688168409030, "event_type": "POINT_IN_TIME", "key": "tracked_stats", "value": {"throughput": 2339.766317853936}, "metadata": {"file": "/lus/grand/projects/datascience/hzheng/mlperf-2022/optimized-hpc/cosmoflow/pytorch/trainer.py", "lineno": 201, "epoch_num": 27, "step": 26, "instance": 0}}
:::MLLOG {"namespace": "", "time_ms": 1688168409030, "event_type": "POINT_IN_TIME", "key": "eval_error", "value": 0.15616506338119507, "metadata": {"file": "/lus/grand/projects/datascience/hzheng/mlperf-2022/optimized-hpc/cosmoflow/pytorch/trainer.py", "lineno": 206, "epoch_num": 27, "instance": 0}}
:::MLLOG {"namespace": "", "time_ms": 1688168409030, "event_type": "INTERVAL_START", "key": "epoch_start", "value": null, "metadata": {"file": "/lus/grand/projects/datascience/hzheng/mlperf-2022/optimized-hpc/cosmoflow/pytorch/trainer.py", "lineno": 181, "epoch_num": 28, "lr": [0.012], "instance": 0}}
:::MLLOG {"namespace": "", "time_ms": 1688168629021, "event_type": "INTERVAL_START", "key": "eval_start", "value": null, "metadata": {"file": "/lus/grand/projects/datascience/hzheng/mlperf-2022/optimized-hpc/cosmoflow/pytorch/trainer.py", "lineno": 188, "epoch_num": 28, "instance": 0}}
:::MLLOG {"namespace": "", "time_ms": 1688168629815, "event_type": "INTERVAL_START", "key": "eval_stop", "value": null, "metadata": {"file": "/lus/grand/projects/datascience/hzheng/mlperf-2022/optimized-hpc/cosmoflow/pytorch/trainer.py", "lineno": 192, "epoch_num": 28, "instance": 0}}
:::MLLOG {"namespace": "", "time_ms": 1688168629816, "event_type": "INTERVAL_END", "key": "epoch_stop", "value": null, "metadata": {"file": "/lus/grand/projects/datascience/hzheng/mlperf-2022/optimized-hpc/cosmoflow/pytorch/utils/utils.py", "lineno": 214, "epoch_num": 28, "training_epoch_latency": 219991.21875, "eval_epoch_latency": 793.9589233398438, "instance": 0}}
:::MLLOG {"namespace": "", "time_ms": 1688168629816, "event_type": "POINT_IN_TIME", "key": "tracked_stats", "value": {"throughput": 2383.2223985076675}, "metadata": {"file": "/lus/grand/projects/datascience/hzheng/mlperf-2022/optimized-hpc/cosmoflow/pytorch/trainer.py", "lineno": 201, "epoch_num": 28, "step": 27, "instance": 0}}
:::MLLOG {"namespace": "", "time_ms": 1688168629816, "event_type": "POINT_IN_TIME", "key": "eval_error", "value": 0.1398189216852188, "metadata": {"file": "/lus/grand/projects/datascience/hzheng/mlperf-2022/optimized-hpc/cosmoflow/pytorch/trainer.py", "lineno": 206, "epoch_num": 28, "instance": 0}}
:::MLLOG {"namespace": "", "time_ms": 1688168629816, "event_type": "INTERVAL_START", "key": "epoch_start", "value": null, "metadata": {"file": "/lus/grand/projects/datascience/hzheng/mlperf-2022/optimized-hpc/cosmoflow/pytorch/trainer.py", "lineno": 181, "epoch_num": 29, "lr": [0.012], "instance": 0}}
:::MLLOG {"namespace": "", "time_ms": 1688168849553, "event_type": "INTERVAL_START", "key": "eval_start", "value": null, "metadata": {"file": "/lus/grand/projects/datascience/hzheng/mlperf-2022/optimized-hpc/cosmoflow/pytorch/trainer.py", "lineno": 188, "epoch_num": 29, "instance": 0}}
:::MLLOG {"namespace": "", "time_ms": 1688168850347, "event_type": "INTERVAL_START", "key": "eval_stop", "value": null, "metadata": {"file": "/lus/grand/projects/datascience/hzheng/mlperf-2022/optimized-hpc/cosmoflow/pytorch/trainer.py", "lineno": 192, "epoch_num": 29, "instance": 0}}
:::MLLOG {"namespace": "", "time_ms": 1688168850348, "event_type": "INTERVAL_END", "key": "epoch_stop", "value": null, "metadata": {"file": "/lus/grand/projects/datascience/hzheng/mlperf-2022/optimized-hpc/cosmoflow/pytorch/utils/utils.py", "lineno": 214, "epoch_num": 29, "training_epoch_latency": 219737.625, "eval_epoch_latency": 793.6838989257812, "instance": 0}}
:::MLLOG {"namespace": "", "time_ms": 1688168850348, "event_type": "POINT_IN_TIME", "key": "tracked_stats", "value": {"throughput": 2385.9728164441567}, "metadata": {"file": "/lus/grand/projects/datascience/hzheng/mlperf-2022/optimized-hpc/cosmoflow/pytorch/trainer.py", "lineno": 201, "epoch_num": 29, "step": 28, "instance": 0}}
:::MLLOG {"namespace": "", "time_ms": 1688168850348, "event_type": "POINT_IN_TIME", "key": "eval_error", "value": 0.1328236311674118, "metadata": {"file": "/lus/grand/projects/datascience/hzheng/mlperf-2022/optimized-hpc/cosmoflow/pytorch/trainer.py", "lineno": 206, "epoch_num": 29, "instance": 0}}
:::MLLOG {"namespace": "", "time_ms": 1688168850348, "event_type": "INTERVAL_START", "key": "epoch_start", "value": null, "metadata": {"file": "/lus/grand/projects/datascience/hzheng/mlperf-2022/optimized-hpc/cosmoflow/pytorch/trainer.py", "lineno": 181, "epoch_num": 30, "lr": [0.012], "instance": 0}}
:::MLLOG {"namespace": "", "time_ms": 1688169080797, "event_type": "INTERVAL_START", "key": "eval_start", "value": null, "metadata": {"file": "/lus/grand/projects/datascience/hzheng/mlperf-2022/optimized-hpc/cosmoflow/pytorch/trainer.py", "lineno": 188, "epoch_num": 30, "instance": 0}}
:::MLLOG {"namespace": "", "time_ms": 1688169081672, "event_type": "INTERVAL_START", "key": "eval_stop", "value": null, "metadata": {"file": "/lus/grand/projects/datascience/hzheng/mlperf-2022/optimized-hpc/cosmoflow/pytorch/trainer.py", "lineno": 192, "epoch_num": 30, "instance": 0}}
:::MLLOG {"namespace": "", "time_ms": 1688169081672, "event_type": "INTERVAL_END", "key": "epoch_stop", "value": null, "metadata": {"file": "/lus/grand/projects/datascience/hzheng/mlperf-2022/optimized-hpc/cosmoflow/pytorch/utils/utils.py", "lineno": 214, "epoch_num": 30, "training_epoch_latency": 230449.515625, "eval_epoch_latency": 874.3026733398438, "instance": 0}}
:::MLLOG {"namespace": "", "time_ms": 1688169081672, "event_type": "POINT_IN_TIME", "key": "tracked_stats", "value": {"throughput": 2275.0666174241387}, "metadata": {"file": "/lus/grand/projects/datascience/hzheng/mlperf-2022/optimized-hpc/cosmoflow/pytorch/trainer.py", "lineno": 201, "epoch_num": 30, "step": 29, "instance": 0}}
:::MLLOG {"namespace": "", "time_ms": 1688169081672, "event_type": "POINT_IN_TIME", "key": "eval_error", "value": 0.1448969542980194, "metadata": {"file": "/lus/grand/projects/datascience/hzheng/mlperf-2022/optimized-hpc/cosmoflow/pytorch/trainer.py", "lineno": 206, "epoch_num": 30, "instance": 0}}
:::MLLOG {"namespace": "", "time_ms": 1688169081672, "event_type": "INTERVAL_START", "key": "epoch_start", "value": null, "metadata": {"file": "/lus/grand/projects/datascience/hzheng/mlperf-2022/optimized-hpc/cosmoflow/pytorch/trainer.py", "lineno": 181, "epoch_num": 31, "lr": [0.012], "instance": 0}}
:::MLLOG {"namespace": "", "time_ms": 1688169307453, "event_type": "INTERVAL_START", "key": "eval_start", "value": null, "metadata": {"file": "/lus/grand/projects/datascience/hzheng/mlperf-2022/optimized-hpc/cosmoflow/pytorch/trainer.py", "lineno": 188, "epoch_num": 31, "instance": 0}}
:::MLLOG {"namespace": "", "time_ms": 1688169308280, "event_type": "INTERVAL_START", "key": "eval_stop", "value": null, "metadata": {"file": "/lus/grand/projects/datascience/hzheng/mlperf-2022/optimized-hpc/cosmoflow/pytorch/trainer.py", "lineno": 192, "epoch_num": 31, "instance": 0}}
:::MLLOG {"namespace": "", "time_ms": 1688169308281, "event_type": "INTERVAL_END", "key": "epoch_stop", "value": null, "metadata": {"file": "/lus/grand/projects/datascience/hzheng/mlperf-2022/optimized-hpc/cosmoflow/pytorch/utils/utils.py", "lineno": 214, "epoch_num": 31, "training_epoch_latency": 225781.671875, "eval_epoch_latency": 826.4422607421875, "instance": 0}}
:::MLLOG {"namespace": "", "time_ms": 1688169308281, "event_type": "POINT_IN_TIME", "key": "tracked_stats", "value": {"throughput": 2322.101681886131}, "metadata": {"file": "/lus/grand/projects/datascience/hzheng/mlperf-2022/optimized-hpc/cosmoflow/pytorch/trainer.py", "lineno": 201, "epoch_num": 31, "step": 30, "instance": 0}}
:::MLLOG {"namespace": "", "time_ms": 1688169308281, "event_type": "POINT_IN_TIME", "key": "eval_error", "value": 0.13655218482017517, "metadata": {"file": "/lus/grand/projects/datascience/hzheng/mlperf-2022/optimized-hpc/cosmoflow/pytorch/trainer.py", "lineno": 206, "epoch_num": 31, "instance": 0}}
:::MLLOG {"namespace": "", "time_ms": 1688169308281, "event_type": "INTERVAL_START", "key": "epoch_start", "value": null, "metadata": {"file": "/lus/grand/projects/datascience/hzheng/mlperf-2022/optimized-hpc/cosmoflow/pytorch/trainer.py", "lineno": 181, "epoch_num": 32, "lr": [0.012], "instance": 0}}
:::MLLOG {"namespace": "", "time_ms": 1688169528981, "event_type": "INTERVAL_START", "key": "eval_start", "value": null, "metadata": {"file": "/lus/grand/projects/datascience/hzheng/mlperf-2022/optimized-hpc/cosmoflow/pytorch/trainer.py", "lineno": 188, "epoch_num": 32, "instance": 0}}
:::MLLOG {"namespace": "", "time_ms": 1688169529776, "event_type": "INTERVAL_START", "key": "eval_stop", "value": null, "metadata": {"file": "/lus/grand/projects/datascience/hzheng/mlperf-2022/optimized-hpc/cosmoflow/pytorch/trainer.py", "lineno": 192, "epoch_num": 32, "instance": 0}}
:::MLLOG {"namespace": "", "time_ms": 1688169529776, "event_type": "INTERVAL_END", "key": "epoch_stop", "value": null, "metadata": {"file": "/lus/grand/projects/datascience/hzheng/mlperf-2022/optimized-hpc/cosmoflow/pytorch/utils/utils.py", "lineno": 214, "epoch_num": 32, "training_epoch_latency": 220700.421875, "eval_epoch_latency": 794.44384765625, "instance": 0}}
:::MLLOG {"namespace": "", "time_ms": 1688169529776, "event_type": "POINT_IN_TIME", "key": "tracked_stats", "value": {"throughput": 2375.564104254162}, "metadata": {"file": "/lus/grand/projects/datascience/hzheng/mlperf-2022/optimized-hpc/cosmoflow/pytorch/trainer.py", "lineno": 201, "epoch_num": 32, "step": 31, "instance": 0}}
:::MLLOG {"namespace": "", "time_ms": 1688169529776, "event_type": "POINT_IN_TIME", "key": "eval_error", "value": 0.14343653619289398, "metadata": {"file": "/lus/grand/projects/datascience/hzheng/mlperf-2022/optimized-hpc/cosmoflow/pytorch/trainer.py", "lineno": 206, "epoch_num": 32, "instance": 0}}
:::MLLOG {"namespace": "", "time_ms": 1688169529777, "event_type": "INTERVAL_START", "key": "epoch_start", "value": null, "metadata": {"file": "/lus/grand/projects/datascience/hzheng/mlperf-2022/optimized-hpc/cosmoflow/pytorch/trainer.py", "lineno": 181, "epoch_num": 33, "lr": [0.003], "instance": 0}}
:::MLLOG {"namespace": "", "time_ms": 1688169749245, "event_type": "INTERVAL_START", "key": "eval_start", "value": null, "metadata": {"file": "/lus/grand/projects/datascience/hzheng/mlperf-2022/optimized-hpc/cosmoflow/pytorch/trainer.py", "lineno": 188, "epoch_num": 33, "instance": 0}}
:::MLLOG {"namespace": "", "time_ms": 1688169750049, "event_type": "INTERVAL_START", "key": "eval_stop", "value": null, "metadata": {"file": "/lus/grand/projects/datascience/hzheng/mlperf-2022/optimized-hpc/cosmoflow/pytorch/trainer.py", "lineno": 192, "epoch_num": 33, "instance": 0}}
:::MLLOG {"namespace": "", "time_ms": 1688169750049, "event_type": "INTERVAL_END", "key": "epoch_stop", "value": null, "metadata": {"file": "/lus/grand/projects/datascience/hzheng/mlperf-2022/optimized-hpc/cosmoflow/pytorch/utils/utils.py", "lineno": 214, "epoch_num": 33, "training_epoch_latency": 219469.3125, "eval_epoch_latency": 803.2094116210938, "instance": 0}}
:::MLLOG {"namespace": "", "time_ms": 1688169750049, "event_type": "POINT_IN_TIME", "key": "tracked_stats", "value": {"throughput": 2388.889790685429}, "metadata": {"file": "/lus/grand/projects/datascience/hzheng/mlperf-2022/optimized-hpc/cosmoflow/pytorch/trainer.py", "lineno": 201, "epoch_num": 33, "step": 32, "instance": 0}}
:::MLLOG {"namespace": "", "time_ms": 1688169750049, "event_type": "POINT_IN_TIME", "key": "eval_error", "value": 0.12956100702285767, "metadata": {"file": "/lus/grand/projects/datascience/hzheng/mlperf-2022/optimized-hpc/cosmoflow/pytorch/trainer.py", "lineno": 206, "epoch_num": 33, "instance": 0}}
:::MLLOG {"namespace": "", "time_ms": 1688169750050, "event_type": "INTERVAL_START", "key": "epoch_start", "value": null, "metadata": {"file": "/lus/grand/projects/datascience/hzheng/mlperf-2022/optimized-hpc/cosmoflow/pytorch/trainer.py", "lineno": 181, "epoch_num": 34, "lr": [0.003], "instance": 0}}
:::MLLOG {"namespace": "", "time_ms": 1688169971481, "event_type": "INTERVAL_START", "key": "eval_start", "value": null, "metadata": {"file": "/lus/grand/projects/datascience/hzheng/mlperf-2022/optimized-hpc/cosmoflow/pytorch/trainer.py", "lineno": 188, "epoch_num": 34, "instance": 0}}
:::MLLOG {"namespace": "", "time_ms": 1688169972288, "event_type": "INTERVAL_START", "key": "eval_stop", "value": null, "metadata": {"file": "/lus/grand/projects/datascience/hzheng/mlperf-2022/optimized-hpc/cosmoflow/pytorch/trainer.py", "lineno": 192, "epoch_num": 34, "instance": 0}}
:::MLLOG {"namespace": "", "time_ms": 1688169972288, "event_type": "INTERVAL_END", "key": "epoch_stop", "value": null, "metadata": {"file": "/lus/grand/projects/datascience/hzheng/mlperf-2022/optimized-hpc/cosmoflow/pytorch/utils/utils.py", "lineno": 214, "epoch_num": 34, "training_epoch_latency": 221431.859375, "eval_epoch_latency": 806.6006469726562, "instance": 0}}
:::MLLOG {"namespace": "", "time_ms": 1688169972288, "event_type": "POINT_IN_TIME", "key": "tracked_stats", "value": {"throughput": 2367.7171003297503}, "metadata": {"file": "/lus/grand/projects/datascience/hzheng/mlperf-2022/optimized-hpc/cosmoflow/pytorch/trainer.py", "lineno": 201, "epoch_num": 34, "step": 33, "instance": 0}}
:::MLLOG {"namespace": "", "time_ms": 1688169972288, "event_type": "POINT_IN_TIME", "key": "eval_error", "value": 0.12586377561092377, "metadata": {"file": "/lus/grand/projects/datascience/hzheng/mlperf-2022/optimized-hpc/cosmoflow/pytorch/trainer.py", "lineno": 206, "epoch_num": 34, "instance": 0}}
:::MLLOG {"namespace": "", "time_ms": 1688169972289, "event_type": "INTERVAL_START", "key": "epoch_start", "value": null, "metadata": {"file": "/lus/grand/projects/datascience/hzheng/mlperf-2022/optimized-hpc/cosmoflow/pytorch/trainer.py", "lineno": 181, "epoch_num": 35, "lr": [0.003], "instance": 0}}
:::MLLOG {"namespace": "", "time_ms": 1688170207533, "event_type": "INTERVAL_START", "key": "eval_start", "value": null, "metadata": {"file": "/lus/grand/projects/datascience/hzheng/mlperf-2022/optimized-hpc/cosmoflow/pytorch/trainer.py", "lineno": 188, "epoch_num": 35, "instance": 0}}
:::MLLOG {"namespace": "", "time_ms": 1688170210385, "event_type": "INTERVAL_START", "key": "eval_stop", "value": null, "metadata": {"file": "/lus/grand/projects/datascience/hzheng/mlperf-2022/optimized-hpc/cosmoflow/pytorch/trainer.py", "lineno": 192, "epoch_num": 35, "instance": 0}}
:::MLLOG {"namespace": "", "time_ms": 1688170210385, "event_type": "INTERVAL_END", "key": "epoch_stop", "value": null, "metadata": {"file": "/lus/grand/projects/datascience/hzheng/mlperf-2022/optimized-hpc/cosmoflow/pytorch/utils/utils.py", "lineno": 214, "epoch_num": 35, "training_epoch_latency": 235245.09375, "eval_epoch_latency": 2842.915771484375, "instance": 0}}
:::MLLOG {"namespace": "", "time_ms": 1688170210386, "event_type": "POINT_IN_TIME", "key": "tracked_stats", "value": {"throughput": 2228.688350700194}, "metadata": {"file": "/lus/grand/projects/datascience/hzheng/mlperf-2022/optimized-hpc/cosmoflow/pytorch/trainer.py", "lineno": 201, "epoch_num": 35, "step": 34, "instance": 0}}
:::MLLOG {"namespace": "", "time_ms": 1688170210386, "event_type": "POINT_IN_TIME", "key": "eval_error", "value": 0.12586434185504913, "metadata": {"file": "/lus/grand/projects/datascience/hzheng/mlperf-2022/optimized-hpc/cosmoflow/pytorch/trainer.py", "lineno": 206, "epoch_num": 35, "instance": 0}}
:::MLLOG {"namespace": "", "time_ms": 1688170210386, "event_type": "INTERVAL_START", "key": "epoch_start", "value": null, "metadata": {"file": "/lus/grand/projects/datascience/hzheng/mlperf-2022/optimized-hpc/cosmoflow/pytorch/trainer.py", "lineno": 181, "epoch_num": 36, "lr": [0.003], "instance": 0}}
:::MLLOG {"namespace": "", "time_ms": 1688170431673, "event_type": "INTERVAL_START", "key": "eval_start", "value": null, "metadata": {"file": "/lus/grand/projects/datascience/hzheng/mlperf-2022/optimized-hpc/cosmoflow/pytorch/trainer.py", "lineno": 188, "epoch_num": 36, "instance": 0}}
:::MLLOG {"namespace": "", "time_ms": 1688170432551, "event_type": "INTERVAL_START", "key": "eval_stop", "value": null, "metadata": {"file": "/lus/grand/projects/datascience/hzheng/mlperf-2022/optimized-hpc/cosmoflow/pytorch/trainer.py", "lineno": 192, "epoch_num": 36, "instance": 0}}
:::MLLOG {"namespace": "", "time_ms": 1688170432552, "event_type": "INTERVAL_END", "key": "epoch_stop", "value": null, "metadata": {"file": "/lus/grand/projects/datascience/hzheng/mlperf-2022/optimized-hpc/cosmoflow/pytorch/utils/utils.py", "lineno": 214, "epoch_num": 36, "training_epoch_latency": 221287.484375, "eval_epoch_latency": 877.8426513671875, "instance": 0}}
:::MLLOG {"namespace": "", "time_ms": 1688170432552, "event_type": "POINT_IN_TIME", "key": "tracked_stats", "value": {"throughput": 2369.2618743477005}, "metadata": {"file": "/lus/grand/projects/datascience/hzheng/mlperf-2022/optimized-hpc/cosmoflow/pytorch/trainer.py", "lineno": 201, "epoch_num": 36, "step": 35, "instance": 0}}
:::MLLOG {"namespace": "", "time_ms": 1688170432552, "event_type": "POINT_IN_TIME", "key": "eval_error", "value": 0.12384708970785141, "metadata": {"file": "/lus/grand/projects/datascience/hzheng/mlperf-2022/optimized-hpc/cosmoflow/pytorch/trainer.py", "lineno": 206, "epoch_num": 36, "instance": 0}}
:::MLLOG {"namespace": "", "time_ms": 1688170432614, "event_type": "INTERVAL_END", "key": "run_stop", "value": null, "metadata": {"file": "/lus/grand/projects/datascience/hzheng/mlperf-2022/optimized-hpc/cosmoflow/pytorch/utils/utils.py", "lineno": 214, "status": "success", "time": 8168.257414102554, "epoch_num": 36, "instance": 0}}
