:::MLLOG {"namespace": "", "time_ms": 1663172634582, "event_type": "POINT_IN_TIME", "key": "cache_clear", "value": null, "metadata": {"file": "./main.py", "lineno": 42, "instance": 0}}
:::MLLOG {"namespace": "", "time_ms": 1663172634710, "event_type": "INTERVAL_START", "key": "init_start", "value": null, "metadata": {"file": "./main.py", "lineno": 43, "instance": 0}}
:::MLLOG {"namespace": "", "time_ms": 1663172634710, "event_type": "POINT_IN_TIME", "key": "submission_benchmark", "value": "cosmoflow", "metadata": {"file": "./main.py", "lineno": 47, "instance": 0}}
:::MLLOG {"namespace": "", "time_ms": 1663172634710, "event_type": "POINT_IN_TIME", "key": "submission_org", "value": "NVIDIA", "metadata": {"file": "./main.py", "lineno": 49, "instance": 0}}
:::MLLOG {"namespace": "", "time_ms": 1663172634710, "event_type": "POINT_IN_TIME", "key": "submission_division", "value": "closed", "metadata": {"file": "./main.py", "lineno": 51, "instance": 0}}
:::MLLOG {"namespace": "", "time_ms": 1663172634710, "event_type": "POINT_IN_TIME", "key": "submission_status", "value": "onprem", "metadata": {"file": "./main.py", "lineno": 53, "instance": 0}}
:::MLLOG {"namespace": "", "time_ms": 1663172634710, "event_type": "POINT_IN_TIME", "key": "submission_platform", "value": "128.0xNVIDIA DGX A100", "metadata": {"file": "./main.py", "lineno": 55, "instance": 0}}
:::MLLOG {"namespace": "", "time_ms": 1663172634710, "event_type": "POINT_IN_TIME", "key": "number_of_nodes", "value": 128, "metadata": {"file": "./main.py", "lineno": 58, "instance": 0}}
:::MLLOG {"namespace": "", "time_ms": 1663172634710, "event_type": "POINT_IN_TIME", "key": "accelerators_per_node", "value": 4, "metadata": {"file": "./main.py", "lineno": 60, "instance": 0}}
:::MLLOG {"namespace": "", "time_ms": 1663172638652, "event_type": "POINT_IN_TIME", "key": "dropout", "value": 0.5, "metadata": {"file": "./main.py", "lineno": 106, "instance": 0}}
:::MLLOG {"namespace": "", "time_ms": 1663172640922, "event_type": "POINT_IN_TIME", "key": "opt_weight_decay", "value": 0, "metadata": {"file": "/lus/grand/projects/datascience/hzheng/mlperf-2022/optimized-hpc/cosmoflow/pytorch/optimizer.py", "lineno": 63, "instance": 0}}
:::MLLOG {"namespace": "", "time_ms": 1663172640922, "event_type": "POINT_IN_TIME", "key": "opt_name", "value": "sgd", "metadata": {"file": "/lus/grand/projects/datascience/hzheng/mlperf-2022/optimized-hpc/cosmoflow/pytorch/optimizer.py", "lineno": 65, "instance": 0}}
:::MLLOG {"namespace": "", "time_ms": 1663172640922, "event_type": "POINT_IN_TIME", "key": "opt_base_learning_rate", "value": 0.008, "metadata": {"file": "/lus/grand/projects/datascience/hzheng/mlperf-2022/optimized-hpc/cosmoflow/pytorch/optimizer.py", "lineno": 96, "instance": 0}}
:::MLLOG {"namespace": "", "time_ms": 1663172640922, "event_type": "POINT_IN_TIME", "key": "opt_learning_rate_warmup_epochs", "value": 4, "metadata": {"file": "/lus/grand/projects/datascience/hzheng/mlperf-2022/optimized-hpc/cosmoflow/pytorch/optimizer.py", "lineno": 98, "instance": 0}}
:::MLLOG {"namespace": "", "time_ms": 1663172640923, "event_type": "POINT_IN_TIME", "key": "opt_learning_rate_warmup_factor", "value": 8, "metadata": {"file": "/lus/grand/projects/datascience/hzheng/mlperf-2022/optimized-hpc/cosmoflow/pytorch/optimizer.py", "lineno": 100, "instance": 0}}
:::MLLOG {"namespace": "", "time_ms": 1663172640923, "event_type": "POINT_IN_TIME", "key": "opt_learning_rate_decay_boundary_epochs", "value": [32, 64], "metadata": {"file": "/lus/grand/projects/datascience/hzheng/mlperf-2022/optimized-hpc/cosmoflow/pytorch/optimizer.py", "lineno": 102, "instance": 0}}
:::MLLOG {"namespace": "", "time_ms": 1663172640924, "event_type": "POINT_IN_TIME", "key": "opt_learning_rate_decay_factor", "value": [0.25, 0.125], "metadata": {"file": "/lus/grand/projects/datascience/hzheng/mlperf-2022/optimized-hpc/cosmoflow/pytorch/optimizer.py", "lineno": 104, "instance": 0}}
:::MLLOG {"namespace": "", "time_ms": 1663172640924, "event_type": "POINT_IN_TIME", "key": "global_batch_size", "value": 512, "metadata": {"file": "./main.py", "lineno": 119, "instance": 0}}
:::MLLOG {"namespace": "", "time_ms": 1663172640924, "event_type": "POINT_IN_TIME", "key": "train_samples", "value": 524288, "metadata": {"file": "./main.py", "lineno": 121, "instance": 0}}
:::MLLOG {"namespace": "", "time_ms": 1663172640924, "event_type": "POINT_IN_TIME", "key": "eval_samples", "value": 65536, "metadata": {"file": "./main.py", "lineno": 123, "instance": 0}}
:::MLLOG {"namespace": "", "time_ms": 1663172667812, "event_type": "INTERVAL_END", "key": "init_stop", "value": null, "metadata": {"file": "/lus/grand/projects/datascience/hzheng/mlperf-2022/optimized-hpc/cosmoflow/pytorch/utils/utils.py", "lineno": 214, "instance": 0}}
:::MLLOG {"namespace": "", "time_ms": 1663172667812, "event_type": "INTERVAL_START", "key": "run_start", "value": null, "metadata": {"file": "./main.py", "lineno": 143, "instance": 0}}
:::MLLOG {"namespace": "", "time_ms": 1663172667812, "event_type": "INTERVAL_START", "key": "staging_start", "value": null, "metadata": {"file": "./main.py", "lineno": 145, "instance": 0}}
:::MLLOG {"namespace": "", "time_ms": 1663172735357, "event_type": "INTERVAL_END", "key": "staging_stop", "value": null, "metadata": {"file": "/lus/grand/projects/datascience/hzheng/mlperf-2022/optimized-hpc/cosmoflow/pytorch/utils/utils.py", "lineno": 214, "staging_duration": 67.54408597946167, "instance": 0}}
:::MLLOG {"namespace": "", "time_ms": 1663172736166, "event_type": "INTERVAL_START", "key": "epoch_start", "value": null, "metadata": {"file": "/lus/grand/projects/datascience/hzheng/mlperf-2022/optimized-hpc/cosmoflow/pytorch/trainer.py", "lineno": 172, "epoch_num": 1, "lr": [0.001], "instance": 0}}
:::MLLOG {"namespace": "", "time_ms": 1663173136354, "event_type": "INTERVAL_START", "key": "eval_start", "value": null, "metadata": {"file": "/lus/grand/projects/datascience/hzheng/mlperf-2022/optimized-hpc/cosmoflow/pytorch/trainer.py", "lineno": 179, "epoch_num": 1, "instance": 0}}
:::MLLOG {"namespace": "", "time_ms": 1663173137952, "event_type": "INTERVAL_START", "key": "eval_stop", "value": null, "metadata": {"file": "/lus/grand/projects/datascience/hzheng/mlperf-2022/optimized-hpc/cosmoflow/pytorch/trainer.py", "lineno": 183, "epoch_num": 1, "instance": 0}}
:::MLLOG {"namespace": "", "time_ms": 1663173137952, "event_type": "INTERVAL_END", "key": "epoch_stop", "value": null, "metadata": {"file": "/lus/grand/projects/datascience/hzheng/mlperf-2022/optimized-hpc/cosmoflow/pytorch/utils/utils.py", "lineno": 214, "epoch_num": 1, "training_epoch_latency": 400153.59375, "eval_epoch_latency": 1596.830322265625, "instance": 0}}
:::MLLOG {"namespace": "", "time_ms": 1663173137953, "event_type": "POINT_IN_TIME", "key": "tracked_stats", "value": {"throughput": 1310.2168971836204}, "metadata": {"file": "/lus/grand/projects/datascience/hzheng/mlperf-2022/optimized-hpc/cosmoflow/pytorch/trainer.py", "lineno": 192, "epoch_num": 1, "step": 0, "instance": 0}}
:::MLLOG {"namespace": "", "time_ms": 1663173137953, "event_type": "POINT_IN_TIME", "key": "eval_error", "value": 0.3290557563304901, "metadata": {"file": "/lus/grand/projects/datascience/hzheng/mlperf-2022/optimized-hpc/cosmoflow/pytorch/trainer.py", "lineno": 197, "epoch_num": 1, "instance": 0}}
:::MLLOG {"namespace": "", "time_ms": 1663173137953, "event_type": "INTERVAL_START", "key": "epoch_start", "value": null, "metadata": {"file": "/lus/grand/projects/datascience/hzheng/mlperf-2022/optimized-hpc/cosmoflow/pytorch/trainer.py", "lineno": 172, "epoch_num": 2, "lr": [0.00275], "instance": 0}}
:::MLLOG {"namespace": "", "time_ms": 1663173540390, "event_type": "INTERVAL_START", "key": "eval_start", "value": null, "metadata": {"file": "/lus/grand/projects/datascience/hzheng/mlperf-2022/optimized-hpc/cosmoflow/pytorch/trainer.py", "lineno": 179, "epoch_num": 2, "instance": 0}}
:::MLLOG {"namespace": "", "time_ms": 1663173541985, "event_type": "INTERVAL_START", "key": "eval_stop", "value": null, "metadata": {"file": "/lus/grand/projects/datascience/hzheng/mlperf-2022/optimized-hpc/cosmoflow/pytorch/trainer.py", "lineno": 183, "epoch_num": 2, "instance": 0}}
:::MLLOG {"namespace": "", "time_ms": 1663173541986, "event_type": "INTERVAL_END", "key": "epoch_stop", "value": null, "metadata": {"file": "/lus/grand/projects/datascience/hzheng/mlperf-2022/optimized-hpc/cosmoflow/pytorch/utils/utils.py", "lineno": 214, "epoch_num": 2, "training_epoch_latency": 402437.0, "eval_epoch_latency": 1593.431640625, "instance": 0}}
:::MLLOG {"namespace": "", "time_ms": 1663173541986, "event_type": "POINT_IN_TIME", "key": "tracked_stats", "value": {"throughput": 1302.782795816488}, "metadata": {"file": "/lus/grand/projects/datascience/hzheng/mlperf-2022/optimized-hpc/cosmoflow/pytorch/trainer.py", "lineno": 192, "epoch_num": 2, "step": 1, "instance": 0}}
:::MLLOG {"namespace": "", "time_ms": 1663173541987, "event_type": "POINT_IN_TIME", "key": "eval_error", "value": 0.30808398127555847, "metadata": {"file": "/lus/grand/projects/datascience/hzheng/mlperf-2022/optimized-hpc/cosmoflow/pytorch/trainer.py", "lineno": 197, "epoch_num": 2, "instance": 0}}
:::MLLOG {"namespace": "", "time_ms": 1663173541987, "event_type": "INTERVAL_START", "key": "epoch_start", "value": null, "metadata": {"file": "/lus/grand/projects/datascience/hzheng/mlperf-2022/optimized-hpc/cosmoflow/pytorch/trainer.py", "lineno": 172, "epoch_num": 3, "lr": [0.0045000000000000005], "instance": 0}}
:::MLLOG {"namespace": "", "time_ms": 1663173947821, "event_type": "INTERVAL_START", "key": "eval_start", "value": null, "metadata": {"file": "/lus/grand/projects/datascience/hzheng/mlperf-2022/optimized-hpc/cosmoflow/pytorch/trainer.py", "lineno": 179, "epoch_num": 3, "instance": 0}}
:::MLLOG {"namespace": "", "time_ms": 1663173949364, "event_type": "INTERVAL_START", "key": "eval_stop", "value": null, "metadata": {"file": "/lus/grand/projects/datascience/hzheng/mlperf-2022/optimized-hpc/cosmoflow/pytorch/trainer.py", "lineno": 183, "epoch_num": 3, "instance": 0}}
:::MLLOG {"namespace": "", "time_ms": 1663173949365, "event_type": "INTERVAL_END", "key": "epoch_stop", "value": null, "metadata": {"file": "/lus/grand/projects/datascience/hzheng/mlperf-2022/optimized-hpc/cosmoflow/pytorch/utils/utils.py", "lineno": 214, "epoch_num": 3, "training_epoch_latency": 405834.5625, "eval_epoch_latency": 1540.514892578125, "instance": 0}}
:::MLLOG {"namespace": "", "time_ms": 1663173949365, "event_type": "POINT_IN_TIME", "key": "tracked_stats", "value": {"throughput": 1291.8761693688916}, "metadata": {"file": "/lus/grand/projects/datascience/hzheng/mlperf-2022/optimized-hpc/cosmoflow/pytorch/trainer.py", "lineno": 192, "epoch_num": 3, "step": 2, "instance": 0}}
:::MLLOG {"namespace": "", "time_ms": 1663173949365, "event_type": "POINT_IN_TIME", "key": "eval_error", "value": 0.41298234462738037, "metadata": {"file": "/lus/grand/projects/datascience/hzheng/mlperf-2022/optimized-hpc/cosmoflow/pytorch/trainer.py", "lineno": 197, "epoch_num": 3, "instance": 0}}
:::MLLOG {"namespace": "", "time_ms": 1663173949366, "event_type": "INTERVAL_START", "key": "epoch_start", "value": null, "metadata": {"file": "/lus/grand/projects/datascience/hzheng/mlperf-2022/optimized-hpc/cosmoflow/pytorch/trainer.py", "lineno": 172, "epoch_num": 4, "lr": [0.00625], "instance": 0}}
:::MLLOG {"namespace": "", "time_ms": 1663174350469, "event_type": "INTERVAL_START", "key": "eval_start", "value": null, "metadata": {"file": "/lus/grand/projects/datascience/hzheng/mlperf-2022/optimized-hpc/cosmoflow/pytorch/trainer.py", "lineno": 179, "epoch_num": 4, "instance": 0}}
:::MLLOG {"namespace": "", "time_ms": 1663174352060, "event_type": "INTERVAL_START", "key": "eval_stop", "value": null, "metadata": {"file": "/lus/grand/projects/datascience/hzheng/mlperf-2022/optimized-hpc/cosmoflow/pytorch/trainer.py", "lineno": 183, "epoch_num": 4, "instance": 0}}
:::MLLOG {"namespace": "", "time_ms": 1663174352061, "event_type": "INTERVAL_END", "key": "epoch_stop", "value": null, "metadata": {"file": "/lus/grand/projects/datascience/hzheng/mlperf-2022/optimized-hpc/cosmoflow/pytorch/utils/utils.py", "lineno": 214, "epoch_num": 4, "training_epoch_latency": 401103.75, "eval_epoch_latency": 1590.1336669921875, "instance": 0}}
:::MLLOG {"namespace": "", "time_ms": 1663174352061, "event_type": "POINT_IN_TIME", "key": "tracked_stats", "value": {"throughput": 1307.1131845563648}, "metadata": {"file": "/lus/grand/projects/datascience/hzheng/mlperf-2022/optimized-hpc/cosmoflow/pytorch/trainer.py", "lineno": 192, "epoch_num": 4, "step": 3, "instance": 0}}
:::MLLOG {"namespace": "", "time_ms": 1663174352061, "event_type": "POINT_IN_TIME", "key": "eval_error", "value": 0.3514848053455353, "metadata": {"file": "/lus/grand/projects/datascience/hzheng/mlperf-2022/optimized-hpc/cosmoflow/pytorch/trainer.py", "lineno": 197, "epoch_num": 4, "instance": 0}}
:::MLLOG {"namespace": "", "time_ms": 1663174352062, "event_type": "INTERVAL_START", "key": "epoch_start", "value": null, "metadata": {"file": "/lus/grand/projects/datascience/hzheng/mlperf-2022/optimized-hpc/cosmoflow/pytorch/trainer.py", "lineno": 172, "epoch_num": 5, "lr": [0.008], "instance": 0}}
:::MLLOG {"namespace": "", "time_ms": 1663174755866, "event_type": "INTERVAL_START", "key": "eval_start", "value": null, "metadata": {"file": "/lus/grand/projects/datascience/hzheng/mlperf-2022/optimized-hpc/cosmoflow/pytorch/trainer.py", "lineno": 179, "epoch_num": 5, "instance": 0}}
:::MLLOG {"namespace": "", "time_ms": 1663174757476, "event_type": "INTERVAL_START", "key": "eval_stop", "value": null, "metadata": {"file": "/lus/grand/projects/datascience/hzheng/mlperf-2022/optimized-hpc/cosmoflow/pytorch/trainer.py", "lineno": 183, "epoch_num": 5, "instance": 0}}
:::MLLOG {"namespace": "", "time_ms": 1663174757476, "event_type": "INTERVAL_END", "key": "epoch_stop", "value": null, "metadata": {"file": "/lus/grand/projects/datascience/hzheng/mlperf-2022/optimized-hpc/cosmoflow/pytorch/utils/utils.py", "lineno": 214, "epoch_num": 5, "training_epoch_latency": 403804.78125, "eval_epoch_latency": 1609.505615234375, "instance": 0}}
:::MLLOG {"namespace": "", "time_ms": 1663174757477, "event_type": "POINT_IN_TIME", "key": "tracked_stats", "value": {"throughput": 1298.3699657469076}, "metadata": {"file": "/lus/grand/projects/datascience/hzheng/mlperf-2022/optimized-hpc/cosmoflow/pytorch/trainer.py", "lineno": 192, "epoch_num": 5, "step": 4, "instance": 0}}
:::MLLOG {"namespace": "", "time_ms": 1663174757477, "event_type": "POINT_IN_TIME", "key": "eval_error", "value": 0.2912521958351135, "metadata": {"file": "/lus/grand/projects/datascience/hzheng/mlperf-2022/optimized-hpc/cosmoflow/pytorch/trainer.py", "lineno": 197, "epoch_num": 5, "instance": 0}}
:::MLLOG {"namespace": "", "time_ms": 1663174757477, "event_type": "INTERVAL_START", "key": "epoch_start", "value": null, "metadata": {"file": "/lus/grand/projects/datascience/hzheng/mlperf-2022/optimized-hpc/cosmoflow/pytorch/trainer.py", "lineno": 172, "epoch_num": 6, "lr": [0.008], "instance": 0}}
:::MLLOG {"namespace": "", "time_ms": 1663175164123, "event_type": "INTERVAL_START", "key": "eval_start", "value": null, "metadata": {"file": "/lus/grand/projects/datascience/hzheng/mlperf-2022/optimized-hpc/cosmoflow/pytorch/trainer.py", "lineno": 179, "epoch_num": 6, "instance": 0}}
:::MLLOG {"namespace": "", "time_ms": 1663175165757, "event_type": "INTERVAL_START", "key": "eval_stop", "value": null, "metadata": {"file": "/lus/grand/projects/datascience/hzheng/mlperf-2022/optimized-hpc/cosmoflow/pytorch/trainer.py", "lineno": 183, "epoch_num": 6, "instance": 0}}
:::MLLOG {"namespace": "", "time_ms": 1663175165758, "event_type": "INTERVAL_END", "key": "epoch_stop", "value": null, "metadata": {"file": "/lus/grand/projects/datascience/hzheng/mlperf-2022/optimized-hpc/cosmoflow/pytorch/utils/utils.py", "lineno": 214, "epoch_num": 6, "training_epoch_latency": 406646.03125, "eval_epoch_latency": 1634.1004638671875, "instance": 0}}
:::MLLOG {"namespace": "", "time_ms": 1663175165758, "event_type": "POINT_IN_TIME", "key": "tracked_stats", "value": {"throughput": 1289.2982095223633}, "metadata": {"file": "/lus/grand/projects/datascience/hzheng/mlperf-2022/optimized-hpc/cosmoflow/pytorch/trainer.py", "lineno": 192, "epoch_num": 6, "step": 5, "instance": 0}}
:::MLLOG {"namespace": "", "time_ms": 1663175165758, "event_type": "POINT_IN_TIME", "key": "eval_error", "value": 0.29279327392578125, "metadata": {"file": "/lus/grand/projects/datascience/hzheng/mlperf-2022/optimized-hpc/cosmoflow/pytorch/trainer.py", "lineno": 197, "epoch_num": 6, "instance": 0}}
:::MLLOG {"namespace": "", "time_ms": 1663175165759, "event_type": "INTERVAL_START", "key": "epoch_start", "value": null, "metadata": {"file": "/lus/grand/projects/datascience/hzheng/mlperf-2022/optimized-hpc/cosmoflow/pytorch/trainer.py", "lineno": 172, "epoch_num": 7, "lr": [0.008], "instance": 0}}
:::MLLOG {"namespace": "", "time_ms": 1663175565753, "event_type": "INTERVAL_START", "key": "eval_start", "value": null, "metadata": {"file": "/lus/grand/projects/datascience/hzheng/mlperf-2022/optimized-hpc/cosmoflow/pytorch/trainer.py", "lineno": 179, "epoch_num": 7, "instance": 0}}
:::MLLOG {"namespace": "", "time_ms": 1663175567347, "event_type": "INTERVAL_START", "key": "eval_stop", "value": null, "metadata": {"file": "/lus/grand/projects/datascience/hzheng/mlperf-2022/optimized-hpc/cosmoflow/pytorch/trainer.py", "lineno": 183, "epoch_num": 7, "instance": 0}}
:::MLLOG {"namespace": "", "time_ms": 1663175567348, "event_type": "INTERVAL_END", "key": "epoch_stop", "value": null, "metadata": {"file": "/lus/grand/projects/datascience/hzheng/mlperf-2022/optimized-hpc/cosmoflow/pytorch/utils/utils.py", "lineno": 214, "epoch_num": 7, "training_epoch_latency": 399994.78125, "eval_epoch_latency": 1593.330810546875, "instance": 0}}
:::MLLOG {"namespace": "", "time_ms": 1663175567348, "event_type": "POINT_IN_TIME", "key": "tracked_stats", "value": {"throughput": 1310.7371010231147}, "metadata": {"file": "/lus/grand/projects/datascience/hzheng/mlperf-2022/optimized-hpc/cosmoflow/pytorch/trainer.py", "lineno": 192, "epoch_num": 7, "step": 6, "instance": 0}}
:::MLLOG {"namespace": "", "time_ms": 1663175567348, "event_type": "POINT_IN_TIME", "key": "eval_error", "value": 0.2820081412792206, "metadata": {"file": "/lus/grand/projects/datascience/hzheng/mlperf-2022/optimized-hpc/cosmoflow/pytorch/trainer.py", "lineno": 197, "epoch_num": 7, "instance": 0}}
:::MLLOG {"namespace": "", "time_ms": 1663175567349, "event_type": "INTERVAL_START", "key": "epoch_start", "value": null, "metadata": {"file": "/lus/grand/projects/datascience/hzheng/mlperf-2022/optimized-hpc/cosmoflow/pytorch/trainer.py", "lineno": 172, "epoch_num": 8, "lr": [0.008], "instance": 0}}
:::MLLOG {"namespace": "", "time_ms": 1663175970803, "event_type": "INTERVAL_START", "key": "eval_start", "value": null, "metadata": {"file": "/lus/grand/projects/datascience/hzheng/mlperf-2022/optimized-hpc/cosmoflow/pytorch/trainer.py", "lineno": 179, "epoch_num": 8, "instance": 0}}
:::MLLOG {"namespace": "", "time_ms": 1663175972460, "event_type": "INTERVAL_START", "key": "eval_stop", "value": null, "metadata": {"file": "/lus/grand/projects/datascience/hzheng/mlperf-2022/optimized-hpc/cosmoflow/pytorch/trainer.py", "lineno": 183, "epoch_num": 8, "instance": 0}}
:::MLLOG {"namespace": "", "time_ms": 1663175972461, "event_type": "INTERVAL_END", "key": "epoch_stop", "value": null, "metadata": {"file": "/lus/grand/projects/datascience/hzheng/mlperf-2022/optimized-hpc/cosmoflow/pytorch/utils/utils.py", "lineno": 214, "epoch_num": 8, "training_epoch_latency": 403454.40625, "eval_epoch_latency": 1656.489990234375, "instance": 0}}
:::MLLOG {"namespace": "", "time_ms": 1663175972461, "event_type": "POINT_IN_TIME", "key": "tracked_stats", "value": {"throughput": 1299.497519120229}, "metadata": {"file": "/lus/grand/projects/datascience/hzheng/mlperf-2022/optimized-hpc/cosmoflow/pytorch/trainer.py", "lineno": 192, "epoch_num": 8, "step": 7, "instance": 0}}
:::MLLOG {"namespace": "", "time_ms": 1663175972461, "event_type": "POINT_IN_TIME", "key": "eval_error", "value": 0.19010329246520996, "metadata": {"file": "/lus/grand/projects/datascience/hzheng/mlperf-2022/optimized-hpc/cosmoflow/pytorch/trainer.py", "lineno": 197, "epoch_num": 8, "instance": 0}}
:::MLLOG {"namespace": "", "time_ms": 1663175972461, "event_type": "INTERVAL_START", "key": "epoch_start", "value": null, "metadata": {"file": "/lus/grand/projects/datascience/hzheng/mlperf-2022/optimized-hpc/cosmoflow/pytorch/trainer.py", "lineno": 172, "epoch_num": 9, "lr": [0.008], "instance": 0}}
:::MLLOG {"namespace": "", "time_ms": 1663176373528, "event_type": "INTERVAL_START", "key": "eval_start", "value": null, "metadata": {"file": "/lus/grand/projects/datascience/hzheng/mlperf-2022/optimized-hpc/cosmoflow/pytorch/trainer.py", "lineno": 179, "epoch_num": 9, "instance": 0}}
:::MLLOG {"namespace": "", "time_ms": 1663176375120, "event_type": "INTERVAL_START", "key": "eval_stop", "value": null, "metadata": {"file": "/lus/grand/projects/datascience/hzheng/mlperf-2022/optimized-hpc/cosmoflow/pytorch/trainer.py", "lineno": 183, "epoch_num": 9, "instance": 0}}
:::MLLOG {"namespace": "", "time_ms": 1663176375121, "event_type": "INTERVAL_END", "key": "epoch_stop", "value": null, "metadata": {"file": "/lus/grand/projects/datascience/hzheng/mlperf-2022/optimized-hpc/cosmoflow/pytorch/utils/utils.py", "lineno": 214, "epoch_num": 9, "training_epoch_latency": 401066.84375, "eval_epoch_latency": 1591.6060791015625, "instance": 0}}
:::MLLOG {"namespace": "", "time_ms": 1663176375121, "event_type": "POINT_IN_TIME", "key": "tracked_stats", "value": {"throughput": 1307.2334653692}, "metadata": {"file": "/lus/grand/projects/datascience/hzheng/mlperf-2022/optimized-hpc/cosmoflow/pytorch/trainer.py", "lineno": 192, "epoch_num": 9, "step": 8, "instance": 0}}
:::MLLOG {"namespace": "", "time_ms": 1663176375121, "event_type": "POINT_IN_TIME", "key": "eval_error", "value": 0.17706340551376343, "metadata": {"file": "/lus/grand/projects/datascience/hzheng/mlperf-2022/optimized-hpc/cosmoflow/pytorch/trainer.py", "lineno": 197, "epoch_num": 9, "instance": 0}}
:::MLLOG {"namespace": "", "time_ms": 1663176375121, "event_type": "INTERVAL_START", "key": "epoch_start", "value": null, "metadata": {"file": "/lus/grand/projects/datascience/hzheng/mlperf-2022/optimized-hpc/cosmoflow/pytorch/trainer.py", "lineno": 172, "epoch_num": 10, "lr": [0.008], "instance": 0}}
:::MLLOG {"namespace": "", "time_ms": 1663176781581, "event_type": "INTERVAL_START", "key": "eval_start", "value": null, "metadata": {"file": "/lus/grand/projects/datascience/hzheng/mlperf-2022/optimized-hpc/cosmoflow/pytorch/trainer.py", "lineno": 179, "epoch_num": 10, "instance": 0}}
:::MLLOG {"namespace": "", "time_ms": 1663176784147, "event_type": "INTERVAL_START", "key": "eval_stop", "value": null, "metadata": {"file": "/lus/grand/projects/datascience/hzheng/mlperf-2022/optimized-hpc/cosmoflow/pytorch/trainer.py", "lineno": 183, "epoch_num": 10, "instance": 0}}
:::MLLOG {"namespace": "", "time_ms": 1663176784147, "event_type": "INTERVAL_END", "key": "epoch_stop", "value": null, "metadata": {"file": "/lus/grand/projects/datascience/hzheng/mlperf-2022/optimized-hpc/cosmoflow/pytorch/utils/utils.py", "lineno": 214, "epoch_num": 10, "training_epoch_latency": 406460.15625, "eval_epoch_latency": 2542.397705078125, "instance": 0}}
:::MLLOG {"namespace": "", "time_ms": 1663176784148, "event_type": "POINT_IN_TIME", "key": "tracked_stats", "value": {"throughput": 1289.8878080377651}, "metadata": {"file": "/lus/grand/projects/datascience/hzheng/mlperf-2022/optimized-hpc/cosmoflow/pytorch/trainer.py", "lineno": 192, "epoch_num": 10, "step": 9, "instance": 0}}
:::MLLOG {"namespace": "", "time_ms": 1663176784148, "event_type": "POINT_IN_TIME", "key": "eval_error", "value": 0.19213055074214935, "metadata": {"file": "/lus/grand/projects/datascience/hzheng/mlperf-2022/optimized-hpc/cosmoflow/pytorch/trainer.py", "lineno": 197, "epoch_num": 10, "instance": 0}}
:::MLLOG {"namespace": "", "time_ms": 1663176784148, "event_type": "INTERVAL_START", "key": "epoch_start", "value": null, "metadata": {"file": "/lus/grand/projects/datascience/hzheng/mlperf-2022/optimized-hpc/cosmoflow/pytorch/trainer.py", "lineno": 172, "epoch_num": 11, "lr": [0.008], "instance": 0}}
:::MLLOG {"namespace": "", "time_ms": 1663177186337, "event_type": "INTERVAL_START", "key": "eval_start", "value": null, "metadata": {"file": "/lus/grand/projects/datascience/hzheng/mlperf-2022/optimized-hpc/cosmoflow/pytorch/trainer.py", "lineno": 179, "epoch_num": 11, "instance": 0}}
:::MLLOG {"namespace": "", "time_ms": 1663177187968, "event_type": "INTERVAL_START", "key": "eval_stop", "value": null, "metadata": {"file": "/lus/grand/projects/datascience/hzheng/mlperf-2022/optimized-hpc/cosmoflow/pytorch/trainer.py", "lineno": 183, "epoch_num": 11, "instance": 0}}
:::MLLOG {"namespace": "", "time_ms": 1663177187969, "event_type": "INTERVAL_END", "key": "epoch_stop", "value": null, "metadata": {"file": "/lus/grand/projects/datascience/hzheng/mlperf-2022/optimized-hpc/cosmoflow/pytorch/utils/utils.py", "lineno": 214, "epoch_num": 11, "training_epoch_latency": 402189.1875, "eval_epoch_latency": 1630.6424560546875, "instance": 0}}
:::MLLOG {"namespace": "", "time_ms": 1663177187969, "event_type": "POINT_IN_TIME", "key": "tracked_stats", "value": {"throughput": 1303.5855172014042}, "metadata": {"file": "/lus/grand/projects/datascience/hzheng/mlperf-2022/optimized-hpc/cosmoflow/pytorch/trainer.py", "lineno": 192, "epoch_num": 11, "step": 10, "instance": 0}}
:::MLLOG {"namespace": "", "time_ms": 1663177187969, "event_type": "POINT_IN_TIME", "key": "eval_error", "value": 0.16707302629947662, "metadata": {"file": "/lus/grand/projects/datascience/hzheng/mlperf-2022/optimized-hpc/cosmoflow/pytorch/trainer.py", "lineno": 197, "epoch_num": 11, "instance": 0}}
:::MLLOG {"namespace": "", "time_ms": 1663177187969, "event_type": "INTERVAL_START", "key": "epoch_start", "value": null, "metadata": {"file": "/lus/grand/projects/datascience/hzheng/mlperf-2022/optimized-hpc/cosmoflow/pytorch/trainer.py", "lineno": 172, "epoch_num": 12, "lr": [0.008], "instance": 0}}
:::MLLOG {"namespace": "", "time_ms": 1663177590289, "event_type": "INTERVAL_START", "key": "eval_start", "value": null, "metadata": {"file": "/lus/grand/projects/datascience/hzheng/mlperf-2022/optimized-hpc/cosmoflow/pytorch/trainer.py", "lineno": 179, "epoch_num": 12, "instance": 0}}
:::MLLOG {"namespace": "", "time_ms": 1663177591888, "event_type": "INTERVAL_START", "key": "eval_stop", "value": null, "metadata": {"file": "/lus/grand/projects/datascience/hzheng/mlperf-2022/optimized-hpc/cosmoflow/pytorch/trainer.py", "lineno": 183, "epoch_num": 12, "instance": 0}}
:::MLLOG {"namespace": "", "time_ms": 1663177591888, "event_type": "INTERVAL_END", "key": "epoch_stop", "value": null, "metadata": {"file": "/lus/grand/projects/datascience/hzheng/mlperf-2022/optimized-hpc/cosmoflow/pytorch/utils/utils.py", "lineno": 214, "epoch_num": 12, "training_epoch_latency": 402320.5625, "eval_epoch_latency": 1597.8643798828125, "instance": 0}}
:::MLLOG {"namespace": "", "time_ms": 1663177591888, "event_type": "POINT_IN_TIME", "key": "tracked_stats", "value": {"throughput": 1303.1598403574017}, "metadata": {"file": "/lus/grand/projects/datascience/hzheng/mlperf-2022/optimized-hpc/cosmoflow/pytorch/trainer.py", "lineno": 192, "epoch_num": 12, "step": 11, "instance": 0}}
:::MLLOG {"namespace": "", "time_ms": 1663177591888, "event_type": "POINT_IN_TIME", "key": "eval_error", "value": 0.18268196284770966, "metadata": {"file": "/lus/grand/projects/datascience/hzheng/mlperf-2022/optimized-hpc/cosmoflow/pytorch/trainer.py", "lineno": 197, "epoch_num": 12, "instance": 0}}
:::MLLOG {"namespace": "", "time_ms": 1663177591889, "event_type": "INTERVAL_START", "key": "epoch_start", "value": null, "metadata": {"file": "/lus/grand/projects/datascience/hzheng/mlperf-2022/optimized-hpc/cosmoflow/pytorch/trainer.py", "lineno": 172, "epoch_num": 13, "lr": [0.008], "instance": 0}}
:::MLLOG {"namespace": "", "time_ms": 1663177992978, "event_type": "INTERVAL_START", "key": "eval_start", "value": null, "metadata": {"file": "/lus/grand/projects/datascience/hzheng/mlperf-2022/optimized-hpc/cosmoflow/pytorch/trainer.py", "lineno": 179, "epoch_num": 13, "instance": 0}}
:::MLLOG {"namespace": "", "time_ms": 1663177994631, "event_type": "INTERVAL_START", "key": "eval_stop", "value": null, "metadata": {"file": "/lus/grand/projects/datascience/hzheng/mlperf-2022/optimized-hpc/cosmoflow/pytorch/trainer.py", "lineno": 183, "epoch_num": 13, "instance": 0}}
:::MLLOG {"namespace": "", "time_ms": 1663177994632, "event_type": "INTERVAL_END", "key": "epoch_stop", "value": null, "metadata": {"file": "/lus/grand/projects/datascience/hzheng/mlperf-2022/optimized-hpc/cosmoflow/pytorch/utils/utils.py", "lineno": 214, "epoch_num": 13, "training_epoch_latency": 401089.5, "eval_epoch_latency": 1652.5426025390625, "instance": 0}}
:::MLLOG {"namespace": "", "time_ms": 1663177994632, "event_type": "POINT_IN_TIME", "key": "tracked_stats", "value": {"throughput": 1307.1596239742003}, "metadata": {"file": "/lus/grand/projects/datascience/hzheng/mlperf-2022/optimized-hpc/cosmoflow/pytorch/trainer.py", "lineno": 192, "epoch_num": 13, "step": 12, "instance": 0}}
:::MLLOG {"namespace": "", "time_ms": 1663177994632, "event_type": "POINT_IN_TIME", "key": "eval_error", "value": 0.15655186772346497, "metadata": {"file": "/lus/grand/projects/datascience/hzheng/mlperf-2022/optimized-hpc/cosmoflow/pytorch/trainer.py", "lineno": 197, "epoch_num": 13, "instance": 0}}
:::MLLOG {"namespace": "", "time_ms": 1663177994633, "event_type": "INTERVAL_START", "key": "epoch_start", "value": null, "metadata": {"file": "/lus/grand/projects/datascience/hzheng/mlperf-2022/optimized-hpc/cosmoflow/pytorch/trainer.py", "lineno": 172, "epoch_num": 14, "lr": [0.008], "instance": 0}}
:::MLLOG {"namespace": "", "time_ms": 1663178397329, "event_type": "INTERVAL_START", "key": "eval_start", "value": null, "metadata": {"file": "/lus/grand/projects/datascience/hzheng/mlperf-2022/optimized-hpc/cosmoflow/pytorch/trainer.py", "lineno": 179, "epoch_num": 14, "instance": 0}}
:::MLLOG {"namespace": "", "time_ms": 1663178398928, "event_type": "INTERVAL_START", "key": "eval_stop", "value": null, "metadata": {"file": "/lus/grand/projects/datascience/hzheng/mlperf-2022/optimized-hpc/cosmoflow/pytorch/trainer.py", "lineno": 183, "epoch_num": 14, "instance": 0}}
:::MLLOG {"namespace": "", "time_ms": 1663178398929, "event_type": "INTERVAL_END", "key": "epoch_stop", "value": null, "metadata": {"file": "/lus/grand/projects/datascience/hzheng/mlperf-2022/optimized-hpc/cosmoflow/pytorch/utils/utils.py", "lineno": 214, "epoch_num": 14, "training_epoch_latency": 402696.25, "eval_epoch_latency": 1599.138427734375, "instance": 0}}
:::MLLOG {"namespace": "", "time_ms": 1663178398929, "event_type": "POINT_IN_TIME", "key": "tracked_stats", "value": {"throughput": 1301.9440831644197}, "metadata": {"file": "/lus/grand/projects/datascience/hzheng/mlperf-2022/optimized-hpc/cosmoflow/pytorch/trainer.py", "lineno": 192, "epoch_num": 14, "step": 13, "instance": 0}}
:::MLLOG {"namespace": "", "time_ms": 1663178398929, "event_type": "POINT_IN_TIME", "key": "eval_error", "value": 0.1923525035381317, "metadata": {"file": "/lus/grand/projects/datascience/hzheng/mlperf-2022/optimized-hpc/cosmoflow/pytorch/trainer.py", "lineno": 197, "epoch_num": 14, "instance": 0}}
:::MLLOG {"namespace": "", "time_ms": 1663178398929, "event_type": "INTERVAL_START", "key": "epoch_start", "value": null, "metadata": {"file": "/lus/grand/projects/datascience/hzheng/mlperf-2022/optimized-hpc/cosmoflow/pytorch/trainer.py", "lineno": 172, "epoch_num": 15, "lr": [0.008], "instance": 0}}
:::MLLOG {"namespace": "", "time_ms": 1663178800782, "event_type": "INTERVAL_START", "key": "eval_start", "value": null, "metadata": {"file": "/lus/grand/projects/datascience/hzheng/mlperf-2022/optimized-hpc/cosmoflow/pytorch/trainer.py", "lineno": 179, "epoch_num": 15, "instance": 0}}
:::MLLOG {"namespace": "", "time_ms": 1663178802391, "event_type": "INTERVAL_START", "key": "eval_stop", "value": null, "metadata": {"file": "/lus/grand/projects/datascience/hzheng/mlperf-2022/optimized-hpc/cosmoflow/pytorch/trainer.py", "lineno": 183, "epoch_num": 15, "instance": 0}}
:::MLLOG {"namespace": "", "time_ms": 1663178802392, "event_type": "INTERVAL_END", "key": "epoch_stop", "value": null, "metadata": {"file": "/lus/grand/projects/datascience/hzheng/mlperf-2022/optimized-hpc/cosmoflow/pytorch/utils/utils.py", "lineno": 214, "epoch_num": 15, "training_epoch_latency": 401853.53125, "eval_epoch_latency": 1608.1688232421875, "instance": 0}}
:::MLLOG {"namespace": "", "time_ms": 1663178802392, "event_type": "POINT_IN_TIME", "key": "tracked_stats", "value": {"throughput": 1304.6743632416444}, "metadata": {"file": "/lus/grand/projects/datascience/hzheng/mlperf-2022/optimized-hpc/cosmoflow/pytorch/trainer.py", "lineno": 192, "epoch_num": 15, "step": 14, "instance": 0}}
:::MLLOG {"namespace": "", "time_ms": 1663178802392, "event_type": "POINT_IN_TIME", "key": "eval_error", "value": 0.1415807157754898, "metadata": {"file": "/lus/grand/projects/datascience/hzheng/mlperf-2022/optimized-hpc/cosmoflow/pytorch/trainer.py", "lineno": 197, "epoch_num": 15, "instance": 0}}
:::MLLOG {"namespace": "", "time_ms": 1663178802393, "event_type": "INTERVAL_START", "key": "epoch_start", "value": null, "metadata": {"file": "/lus/grand/projects/datascience/hzheng/mlperf-2022/optimized-hpc/cosmoflow/pytorch/trainer.py", "lineno": 172, "epoch_num": 16, "lr": [0.008], "instance": 0}}
:::MLLOG {"namespace": "", "time_ms": 1663179204633, "event_type": "INTERVAL_START", "key": "eval_start", "value": null, "metadata": {"file": "/lus/grand/projects/datascience/hzheng/mlperf-2022/optimized-hpc/cosmoflow/pytorch/trainer.py", "lineno": 179, "epoch_num": 16, "instance": 0}}
:::MLLOG {"namespace": "", "time_ms": 1663179206224, "event_type": "INTERVAL_START", "key": "eval_stop", "value": null, "metadata": {"file": "/lus/grand/projects/datascience/hzheng/mlperf-2022/optimized-hpc/cosmoflow/pytorch/trainer.py", "lineno": 183, "epoch_num": 16, "instance": 0}}
:::MLLOG {"namespace": "", "time_ms": 1663179206225, "event_type": "INTERVAL_END", "key": "epoch_stop", "value": null, "metadata": {"file": "/lus/grand/projects/datascience/hzheng/mlperf-2022/optimized-hpc/cosmoflow/pytorch/utils/utils.py", "lineno": 214, "epoch_num": 16, "training_epoch_latency": 402240.6875, "eval_epoch_latency": 1590.079833984375, "instance": 0}}
:::MLLOG {"namespace": "", "time_ms": 1663179206225, "event_type": "POINT_IN_TIME", "key": "tracked_stats", "value": {"throughput": 1303.418615502441}, "metadata": {"file": "/lus/grand/projects/datascience/hzheng/mlperf-2022/optimized-hpc/cosmoflow/pytorch/trainer.py", "lineno": 192, "epoch_num": 16, "step": 15, "instance": 0}}
:::MLLOG {"namespace": "", "time_ms": 1663179206225, "event_type": "POINT_IN_TIME", "key": "eval_error", "value": 0.14917899668216705, "metadata": {"file": "/lus/grand/projects/datascience/hzheng/mlperf-2022/optimized-hpc/cosmoflow/pytorch/trainer.py", "lineno": 197, "epoch_num": 16, "instance": 0}}
:::MLLOG {"namespace": "", "time_ms": 1663179206225, "event_type": "INTERVAL_START", "key": "epoch_start", "value": null, "metadata": {"file": "/lus/grand/projects/datascience/hzheng/mlperf-2022/optimized-hpc/cosmoflow/pytorch/trainer.py", "lineno": 172, "epoch_num": 17, "lr": [0.008], "instance": 0}}
:::MLLOG {"namespace": "", "time_ms": 1663179608209, "event_type": "INTERVAL_START", "key": "eval_start", "value": null, "metadata": {"file": "/lus/grand/projects/datascience/hzheng/mlperf-2022/optimized-hpc/cosmoflow/pytorch/trainer.py", "lineno": 179, "epoch_num": 17, "instance": 0}}
:::MLLOG {"namespace": "", "time_ms": 1663179609810, "event_type": "INTERVAL_START", "key": "eval_stop", "value": null, "metadata": {"file": "/lus/grand/projects/datascience/hzheng/mlperf-2022/optimized-hpc/cosmoflow/pytorch/trainer.py", "lineno": 183, "epoch_num": 17, "instance": 0}}
:::MLLOG {"namespace": "", "time_ms": 1663179609810, "event_type": "INTERVAL_END", "key": "epoch_stop", "value": null, "metadata": {"file": "/lus/grand/projects/datascience/hzheng/mlperf-2022/optimized-hpc/cosmoflow/pytorch/utils/utils.py", "lineno": 214, "epoch_num": 17, "training_epoch_latency": 401984.1875, "eval_epoch_latency": 1599.895751953125, "instance": 0}}
:::MLLOG {"namespace": "", "time_ms": 1663179609811, "event_type": "POINT_IN_TIME", "key": "tracked_stats", "value": {"throughput": 1304.2503071094059}, "metadata": {"file": "/lus/grand/projects/datascience/hzheng/mlperf-2022/optimized-hpc/cosmoflow/pytorch/trainer.py", "lineno": 192, "epoch_num": 17, "step": 16, "instance": 0}}
:::MLLOG {"namespace": "", "time_ms": 1663179609811, "event_type": "POINT_IN_TIME", "key": "eval_error", "value": 0.13988706469535828, "metadata": {"file": "/lus/grand/projects/datascience/hzheng/mlperf-2022/optimized-hpc/cosmoflow/pytorch/trainer.py", "lineno": 197, "epoch_num": 17, "instance": 0}}
:::MLLOG {"namespace": "", "time_ms": 1663179609811, "event_type": "INTERVAL_START", "key": "epoch_start", "value": null, "metadata": {"file": "/lus/grand/projects/datascience/hzheng/mlperf-2022/optimized-hpc/cosmoflow/pytorch/trainer.py", "lineno": 172, "epoch_num": 18, "lr": [0.008], "instance": 0}}
:::MLLOG {"namespace": "", "time_ms": 1663180010915, "event_type": "INTERVAL_START", "key": "eval_start", "value": null, "metadata": {"file": "/lus/grand/projects/datascience/hzheng/mlperf-2022/optimized-hpc/cosmoflow/pytorch/trainer.py", "lineno": 179, "epoch_num": 18, "instance": 0}}
:::MLLOG {"namespace": "", "time_ms": 1663180012507, "event_type": "INTERVAL_START", "key": "eval_stop", "value": null, "metadata": {"file": "/lus/grand/projects/datascience/hzheng/mlperf-2022/optimized-hpc/cosmoflow/pytorch/trainer.py", "lineno": 183, "epoch_num": 18, "instance": 0}}
:::MLLOG {"namespace": "", "time_ms": 1663180012508, "event_type": "INTERVAL_END", "key": "epoch_stop", "value": null, "metadata": {"file": "/lus/grand/projects/datascience/hzheng/mlperf-2022/optimized-hpc/cosmoflow/pytorch/utils/utils.py", "lineno": 214, "epoch_num": 18, "training_epoch_latency": 401103.84375, "eval_epoch_latency": 1591.9967041015625, "instance": 0}}
:::MLLOG {"namespace": "", "time_ms": 1663180012508, "event_type": "POINT_IN_TIME", "key": "tracked_stats", "value": {"throughput": 1307.1128790448047}, "metadata": {"file": "/lus/grand/projects/datascience/hzheng/mlperf-2022/optimized-hpc/cosmoflow/pytorch/trainer.py", "lineno": 192, "epoch_num": 18, "step": 17, "instance": 0}}
:::MLLOG {"namespace": "", "time_ms": 1663180012508, "event_type": "POINT_IN_TIME", "key": "eval_error", "value": 0.14251123368740082, "metadata": {"file": "/lus/grand/projects/datascience/hzheng/mlperf-2022/optimized-hpc/cosmoflow/pytorch/trainer.py", "lineno": 197, "epoch_num": 18, "instance": 0}}
:::MLLOG {"namespace": "", "time_ms": 1663180012509, "event_type": "INTERVAL_START", "key": "epoch_start", "value": null, "metadata": {"file": "/lus/grand/projects/datascience/hzheng/mlperf-2022/optimized-hpc/cosmoflow/pytorch/trainer.py", "lineno": 172, "epoch_num": 19, "lr": [0.008], "instance": 0}}
:::MLLOG {"namespace": "", "time_ms": 1663180414427, "event_type": "INTERVAL_START", "key": "eval_start", "value": null, "metadata": {"file": "/lus/grand/projects/datascience/hzheng/mlperf-2022/optimized-hpc/cosmoflow/pytorch/trainer.py", "lineno": 179, "epoch_num": 19, "instance": 0}}
:::MLLOG {"namespace": "", "time_ms": 1663180416099, "event_type": "INTERVAL_START", "key": "eval_stop", "value": null, "metadata": {"file": "/lus/grand/projects/datascience/hzheng/mlperf-2022/optimized-hpc/cosmoflow/pytorch/trainer.py", "lineno": 183, "epoch_num": 19, "instance": 0}}
:::MLLOG {"namespace": "", "time_ms": 1663180416100, "event_type": "INTERVAL_END", "key": "epoch_stop", "value": null, "metadata": {"file": "/lus/grand/projects/datascience/hzheng/mlperf-2022/optimized-hpc/cosmoflow/pytorch/utils/utils.py", "lineno": 214, "epoch_num": 19, "training_epoch_latency": 401919.09375, "eval_epoch_latency": 1669.307373046875, "instance": 0}}
:::MLLOG {"namespace": "", "time_ms": 1663180416100, "event_type": "POINT_IN_TIME", "key": "tracked_stats", "value": {"throughput": 1304.4615400285397}, "metadata": {"file": "/lus/grand/projects/datascience/hzheng/mlperf-2022/optimized-hpc/cosmoflow/pytorch/trainer.py", "lineno": 192, "epoch_num": 19, "step": 18, "instance": 0}}
:::MLLOG {"namespace": "", "time_ms": 1663180416100, "event_type": "POINT_IN_TIME", "key": "eval_error", "value": 0.1340995728969574, "metadata": {"file": "/lus/grand/projects/datascience/hzheng/mlperf-2022/optimized-hpc/cosmoflow/pytorch/trainer.py", "lineno": 197, "epoch_num": 19, "instance": 0}}
:::MLLOG {"namespace": "", "time_ms": 1663180416101, "event_type": "INTERVAL_START", "key": "epoch_start", "value": null, "metadata": {"file": "/lus/grand/projects/datascience/hzheng/mlperf-2022/optimized-hpc/cosmoflow/pytorch/trainer.py", "lineno": 172, "epoch_num": 20, "lr": [0.008], "instance": 0}}
:::MLLOG {"namespace": "", "time_ms": 1663180821174, "event_type": "INTERVAL_START", "key": "eval_start", "value": null, "metadata": {"file": "/lus/grand/projects/datascience/hzheng/mlperf-2022/optimized-hpc/cosmoflow/pytorch/trainer.py", "lineno": 179, "epoch_num": 20, "instance": 0}}
:::MLLOG {"namespace": "", "time_ms": 1663180823674, "event_type": "INTERVAL_START", "key": "eval_stop", "value": null, "metadata": {"file": "/lus/grand/projects/datascience/hzheng/mlperf-2022/optimized-hpc/cosmoflow/pytorch/trainer.py", "lineno": 183, "epoch_num": 20, "instance": 0}}
:::MLLOG {"namespace": "", "time_ms": 1663180823675, "event_type": "INTERVAL_END", "key": "epoch_stop", "value": null, "metadata": {"file": "/lus/grand/projects/datascience/hzheng/mlperf-2022/optimized-hpc/cosmoflow/pytorch/utils/utils.py", "lineno": 214, "epoch_num": 20, "training_epoch_latency": 405074.5625, "eval_epoch_latency": 2488.82861328125, "instance": 0}}
:::MLLOG {"namespace": "", "time_ms": 1663180823676, "event_type": "POINT_IN_TIME", "key": "tracked_stats", "value": {"throughput": 1294.2999845861711}, "metadata": {"file": "/lus/grand/projects/datascience/hzheng/mlperf-2022/optimized-hpc/cosmoflow/pytorch/trainer.py", "lineno": 192, "epoch_num": 20, "step": 19, "instance": 0}}
:::MLLOG {"namespace": "", "time_ms": 1663180823676, "event_type": "POINT_IN_TIME", "key": "eval_error", "value": 0.13485436141490936, "metadata": {"file": "/lus/grand/projects/datascience/hzheng/mlperf-2022/optimized-hpc/cosmoflow/pytorch/trainer.py", "lineno": 197, "epoch_num": 20, "instance": 0}}
:::MLLOG {"namespace": "", "time_ms": 1663180823676, "event_type": "INTERVAL_START", "key": "epoch_start", "value": null, "metadata": {"file": "/lus/grand/projects/datascience/hzheng/mlperf-2022/optimized-hpc/cosmoflow/pytorch/trainer.py", "lineno": 172, "epoch_num": 21, "lr": [0.008], "instance": 0}}
:::MLLOG {"namespace": "", "time_ms": 1663181224153, "event_type": "INTERVAL_START", "key": "eval_start", "value": null, "metadata": {"file": "/lus/grand/projects/datascience/hzheng/mlperf-2022/optimized-hpc/cosmoflow/pytorch/trainer.py", "lineno": 179, "epoch_num": 21, "instance": 0}}
:::MLLOG {"namespace": "", "time_ms": 1663181225771, "event_type": "INTERVAL_START", "key": "eval_stop", "value": null, "metadata": {"file": "/lus/grand/projects/datascience/hzheng/mlperf-2022/optimized-hpc/cosmoflow/pytorch/trainer.py", "lineno": 183, "epoch_num": 21, "instance": 0}}
:::MLLOG {"namespace": "", "time_ms": 1663181225771, "event_type": "INTERVAL_END", "key": "epoch_stop", "value": null, "metadata": {"file": "/lus/grand/projects/datascience/hzheng/mlperf-2022/optimized-hpc/cosmoflow/pytorch/utils/utils.py", "lineno": 214, "epoch_num": 21, "training_epoch_latency": 400478.125, "eval_epoch_latency": 1616.84033203125, "instance": 0}}
:::MLLOG {"namespace": "", "time_ms": 1663181225771, "event_type": "POINT_IN_TIME", "key": "tracked_stats", "value": {"throughput": 1309.1551504841868}, "metadata": {"file": "/lus/grand/projects/datascience/hzheng/mlperf-2022/optimized-hpc/cosmoflow/pytorch/trainer.py", "lineno": 192, "epoch_num": 21, "step": 20, "instance": 0}}
:::MLLOG {"namespace": "", "time_ms": 1663181225771, "event_type": "POINT_IN_TIME", "key": "eval_error", "value": 0.15088742971420288, "metadata": {"file": "/lus/grand/projects/datascience/hzheng/mlperf-2022/optimized-hpc/cosmoflow/pytorch/trainer.py", "lineno": 197, "epoch_num": 21, "instance": 0}}
:::MLLOG {"namespace": "", "time_ms": 1663181225772, "event_type": "INTERVAL_START", "key": "epoch_start", "value": null, "metadata": {"file": "/lus/grand/projects/datascience/hzheng/mlperf-2022/optimized-hpc/cosmoflow/pytorch/trainer.py", "lineno": 172, "epoch_num": 22, "lr": [0.008], "instance": 0}}
:::MLLOG {"namespace": "", "time_ms": 1663181628270, "event_type": "INTERVAL_START", "key": "eval_start", "value": null, "metadata": {"file": "/lus/grand/projects/datascience/hzheng/mlperf-2022/optimized-hpc/cosmoflow/pytorch/trainer.py", "lineno": 179, "epoch_num": 22, "instance": 0}}
:::MLLOG {"namespace": "", "time_ms": 1663181629877, "event_type": "INTERVAL_START", "key": "eval_stop", "value": null, "metadata": {"file": "/lus/grand/projects/datascience/hzheng/mlperf-2022/optimized-hpc/cosmoflow/pytorch/trainer.py", "lineno": 183, "epoch_num": 22, "instance": 0}}
:::MLLOG {"namespace": "", "time_ms": 1663181629878, "event_type": "INTERVAL_END", "key": "epoch_stop", "value": null, "metadata": {"file": "/lus/grand/projects/datascience/hzheng/mlperf-2022/optimized-hpc/cosmoflow/pytorch/utils/utils.py", "lineno": 214, "epoch_num": 22, "training_epoch_latency": 402499.4375, "eval_epoch_latency": 1606.732177734375, "instance": 0}}
:::MLLOG {"namespace": "", "time_ms": 1663181629878, "event_type": "POINT_IN_TIME", "key": "tracked_stats", "value": {"throughput": 1302.5807023643356}, "metadata": {"file": "/lus/grand/projects/datascience/hzheng/mlperf-2022/optimized-hpc/cosmoflow/pytorch/trainer.py", "lineno": 192, "epoch_num": 22, "step": 21, "instance": 0}}
:::MLLOG {"namespace": "", "time_ms": 1663181629878, "event_type": "POINT_IN_TIME", "key": "eval_error", "value": 0.15265198051929474, "metadata": {"file": "/lus/grand/projects/datascience/hzheng/mlperf-2022/optimized-hpc/cosmoflow/pytorch/trainer.py", "lineno": 197, "epoch_num": 22, "instance": 0}}
:::MLLOG {"namespace": "", "time_ms": 1663181629879, "event_type": "INTERVAL_START", "key": "epoch_start", "value": null, "metadata": {"file": "/lus/grand/projects/datascience/hzheng/mlperf-2022/optimized-hpc/cosmoflow/pytorch/trainer.py", "lineno": 172, "epoch_num": 23, "lr": [0.008], "instance": 0}}
:::MLLOG {"namespace": "", "time_ms": 1663182030670, "event_type": "INTERVAL_START", "key": "eval_start", "value": null, "metadata": {"file": "/lus/grand/projects/datascience/hzheng/mlperf-2022/optimized-hpc/cosmoflow/pytorch/trainer.py", "lineno": 179, "epoch_num": 23, "instance": 0}}
:::MLLOG {"namespace": "", "time_ms": 1663182032309, "event_type": "INTERVAL_START", "key": "eval_stop", "value": null, "metadata": {"file": "/lus/grand/projects/datascience/hzheng/mlperf-2022/optimized-hpc/cosmoflow/pytorch/trainer.py", "lineno": 183, "epoch_num": 23, "instance": 0}}
:::MLLOG {"namespace": "", "time_ms": 1663182032310, "event_type": "INTERVAL_END", "key": "epoch_stop", "value": null, "metadata": {"file": "/lus/grand/projects/datascience/hzheng/mlperf-2022/optimized-hpc/cosmoflow/pytorch/utils/utils.py", "lineno": 214, "epoch_num": 23, "training_epoch_latency": 400792.5, "eval_epoch_latency": 1638.5135498046875, "instance": 0}}
:::MLLOG {"namespace": "", "time_ms": 1663182032310, "event_type": "POINT_IN_TIME", "key": "tracked_stats", "value": {"throughput": 1308.1282708633519}, "metadata": {"file": "/lus/grand/projects/datascience/hzheng/mlperf-2022/optimized-hpc/cosmoflow/pytorch/trainer.py", "lineno": 192, "epoch_num": 23, "step": 22, "instance": 0}}
:::MLLOG {"namespace": "", "time_ms": 1663182032311, "event_type": "POINT_IN_TIME", "key": "eval_error", "value": 0.1513553112745285, "metadata": {"file": "/lus/grand/projects/datascience/hzheng/mlperf-2022/optimized-hpc/cosmoflow/pytorch/trainer.py", "lineno": 197, "epoch_num": 23, "instance": 0}}
:::MLLOG {"namespace": "", "time_ms": 1663182032311, "event_type": "INTERVAL_START", "key": "epoch_start", "value": null, "metadata": {"file": "/lus/grand/projects/datascience/hzheng/mlperf-2022/optimized-hpc/cosmoflow/pytorch/trainer.py", "lineno": 172, "epoch_num": 24, "lr": [0.008], "instance": 0}}
:::MLLOG {"namespace": "", "time_ms": 1663182434354, "event_type": "INTERVAL_START", "key": "eval_start", "value": null, "metadata": {"file": "/lus/grand/projects/datascience/hzheng/mlperf-2022/optimized-hpc/cosmoflow/pytorch/trainer.py", "lineno": 179, "epoch_num": 24, "instance": 0}}
:::MLLOG {"namespace": "", "time_ms": 1663182435957, "event_type": "INTERVAL_START", "key": "eval_stop", "value": null, "metadata": {"file": "/lus/grand/projects/datascience/hzheng/mlperf-2022/optimized-hpc/cosmoflow/pytorch/trainer.py", "lineno": 183, "epoch_num": 24, "instance": 0}}
:::MLLOG {"namespace": "", "time_ms": 1663182435958, "event_type": "INTERVAL_END", "key": "epoch_stop", "value": null, "metadata": {"file": "/lus/grand/projects/datascience/hzheng/mlperf-2022/optimized-hpc/cosmoflow/pytorch/utils/utils.py", "lineno": 214, "epoch_num": 24, "training_epoch_latency": 402043.96875, "eval_epoch_latency": 1602.75341796875, "instance": 0}}
:::MLLOG {"namespace": "", "time_ms": 1663182435958, "event_type": "POINT_IN_TIME", "key": "tracked_stats", "value": {"throughput": 1304.0563738092392}, "metadata": {"file": "/lus/grand/projects/datascience/hzheng/mlperf-2022/optimized-hpc/cosmoflow/pytorch/trainer.py", "lineno": 192, "epoch_num": 24, "step": 23, "instance": 0}}
:::MLLOG {"namespace": "", "time_ms": 1663182435958, "event_type": "POINT_IN_TIME", "key": "eval_error", "value": 0.15401144325733185, "metadata": {"file": "/lus/grand/projects/datascience/hzheng/mlperf-2022/optimized-hpc/cosmoflow/pytorch/trainer.py", "lineno": 197, "epoch_num": 24, "instance": 0}}
:::MLLOG {"namespace": "", "time_ms": 1663182435959, "event_type": "INTERVAL_START", "key": "epoch_start", "value": null, "metadata": {"file": "/lus/grand/projects/datascience/hzheng/mlperf-2022/optimized-hpc/cosmoflow/pytorch/trainer.py", "lineno": 172, "epoch_num": 25, "lr": [0.008], "instance": 0}}
:::MLLOG {"namespace": "", "time_ms": 1663182837365, "event_type": "INTERVAL_START", "key": "eval_start", "value": null, "metadata": {"file": "/lus/grand/projects/datascience/hzheng/mlperf-2022/optimized-hpc/cosmoflow/pytorch/trainer.py", "lineno": 179, "epoch_num": 25, "instance": 0}}
:::MLLOG {"namespace": "", "time_ms": 1663182838949, "event_type": "INTERVAL_START", "key": "eval_stop", "value": null, "metadata": {"file": "/lus/grand/projects/datascience/hzheng/mlperf-2022/optimized-hpc/cosmoflow/pytorch/trainer.py", "lineno": 183, "epoch_num": 25, "instance": 0}}
:::MLLOG {"namespace": "", "time_ms": 1663182838950, "event_type": "INTERVAL_END", "key": "epoch_stop", "value": null, "metadata": {"file": "/lus/grand/projects/datascience/hzheng/mlperf-2022/optimized-hpc/cosmoflow/pytorch/utils/utils.py", "lineno": 214, "epoch_num": 25, "training_epoch_latency": 401407.34375, "eval_epoch_latency": 1583.603515625, "instance": 0}}
:::MLLOG {"namespace": "", "time_ms": 1663182838950, "event_type": "POINT_IN_TIME", "key": "tracked_stats", "value": {"throughput": 1306.1245843238264}, "metadata": {"file": "/lus/grand/projects/datascience/hzheng/mlperf-2022/optimized-hpc/cosmoflow/pytorch/trainer.py", "lineno": 192, "epoch_num": 25, "step": 24, "instance": 0}}
:::MLLOG {"namespace": "", "time_ms": 1663182838950, "event_type": "POINT_IN_TIME", "key": "eval_error", "value": 0.1296091228723526, "metadata": {"file": "/lus/grand/projects/datascience/hzheng/mlperf-2022/optimized-hpc/cosmoflow/pytorch/trainer.py", "lineno": 197, "epoch_num": 25, "instance": 0}}
:::MLLOG {"namespace": "", "time_ms": 1663182838950, "event_type": "INTERVAL_START", "key": "epoch_start", "value": null, "metadata": {"file": "/lus/grand/projects/datascience/hzheng/mlperf-2022/optimized-hpc/cosmoflow/pytorch/trainer.py", "lineno": 172, "epoch_num": 26, "lr": [0.008], "instance": 0}}
:::MLLOG {"namespace": "", "time_ms": 1663183239277, "event_type": "INTERVAL_START", "key": "eval_start", "value": null, "metadata": {"file": "/lus/grand/projects/datascience/hzheng/mlperf-2022/optimized-hpc/cosmoflow/pytorch/trainer.py", "lineno": 179, "epoch_num": 26, "instance": 0}}
:::MLLOG {"namespace": "", "time_ms": 1663183240883, "event_type": "INTERVAL_START", "key": "eval_stop", "value": null, "metadata": {"file": "/lus/grand/projects/datascience/hzheng/mlperf-2022/optimized-hpc/cosmoflow/pytorch/trainer.py", "lineno": 183, "epoch_num": 26, "instance": 0}}
:::MLLOG {"namespace": "", "time_ms": 1663183240884, "event_type": "INTERVAL_END", "key": "epoch_stop", "value": null, "metadata": {"file": "/lus/grand/projects/datascience/hzheng/mlperf-2022/optimized-hpc/cosmoflow/pytorch/utils/utils.py", "lineno": 214, "epoch_num": 26, "training_epoch_latency": 400327.84375, "eval_epoch_latency": 1605.6240234375, "instance": 0}}
:::MLLOG {"namespace": "", "time_ms": 1663183240884, "event_type": "POINT_IN_TIME", "key": "tracked_stats", "value": {"throughput": 1309.6466013675822}, "metadata": {"file": "/lus/grand/projects/datascience/hzheng/mlperf-2022/optimized-hpc/cosmoflow/pytorch/trainer.py", "lineno": 192, "epoch_num": 26, "step": 25, "instance": 0}}
:::MLLOG {"namespace": "", "time_ms": 1663183240885, "event_type": "POINT_IN_TIME", "key": "eval_error", "value": 0.15110063552856445, "metadata": {"file": "/lus/grand/projects/datascience/hzheng/mlperf-2022/optimized-hpc/cosmoflow/pytorch/trainer.py", "lineno": 197, "epoch_num": 26, "instance": 0}}
:::MLLOG {"namespace": "", "time_ms": 1663183240885, "event_type": "INTERVAL_START", "key": "epoch_start", "value": null, "metadata": {"file": "/lus/grand/projects/datascience/hzheng/mlperf-2022/optimized-hpc/cosmoflow/pytorch/trainer.py", "lineno": 172, "epoch_num": 27, "lr": [0.008], "instance": 0}}
:::MLLOG {"namespace": "", "time_ms": 1663183642253, "event_type": "INTERVAL_START", "key": "eval_start", "value": null, "metadata": {"file": "/lus/grand/projects/datascience/hzheng/mlperf-2022/optimized-hpc/cosmoflow/pytorch/trainer.py", "lineno": 179, "epoch_num": 27, "instance": 0}}
:::MLLOG {"namespace": "", "time_ms": 1663183643800, "event_type": "INTERVAL_START", "key": "eval_stop", "value": null, "metadata": {"file": "/lus/grand/projects/datascience/hzheng/mlperf-2022/optimized-hpc/cosmoflow/pytorch/trainer.py", "lineno": 183, "epoch_num": 27, "instance": 0}}
:::MLLOG {"namespace": "", "time_ms": 1663183643800, "event_type": "INTERVAL_END", "key": "epoch_stop", "value": null, "metadata": {"file": "/lus/grand/projects/datascience/hzheng/mlperf-2022/optimized-hpc/cosmoflow/pytorch/utils/utils.py", "lineno": 214, "epoch_num": 27, "training_epoch_latency": 401369.09375, "eval_epoch_latency": 1546.259765625, "instance": 0}}
:::MLLOG {"namespace": "", "time_ms": 1663183643800, "event_type": "POINT_IN_TIME", "key": "tracked_stats", "value": {"throughput": 1306.24905645217}, "metadata": {"file": "/lus/grand/projects/datascience/hzheng/mlperf-2022/optimized-hpc/cosmoflow/pytorch/trainer.py", "lineno": 192, "epoch_num": 27, "step": 26, "instance": 0}}
:::MLLOG {"namespace": "", "time_ms": 1663183643801, "event_type": "POINT_IN_TIME", "key": "eval_error", "value": 0.15161557495594025, "metadata": {"file": "/lus/grand/projects/datascience/hzheng/mlperf-2022/optimized-hpc/cosmoflow/pytorch/trainer.py", "lineno": 197, "epoch_num": 27, "instance": 0}}
:::MLLOG {"namespace": "", "time_ms": 1663183643801, "event_type": "INTERVAL_START", "key": "epoch_start", "value": null, "metadata": {"file": "/lus/grand/projects/datascience/hzheng/mlperf-2022/optimized-hpc/cosmoflow/pytorch/trainer.py", "lineno": 172, "epoch_num": 28, "lr": [0.008], "instance": 0}}
:::MLLOG {"namespace": "", "time_ms": 1663184044962, "event_type": "INTERVAL_START", "key": "eval_start", "value": null, "metadata": {"file": "/lus/grand/projects/datascience/hzheng/mlperf-2022/optimized-hpc/cosmoflow/pytorch/trainer.py", "lineno": 179, "epoch_num": 28, "instance": 0}}
:::MLLOG {"namespace": "", "time_ms": 1663184046560, "event_type": "INTERVAL_START", "key": "eval_stop", "value": null, "metadata": {"file": "/lus/grand/projects/datascience/hzheng/mlperf-2022/optimized-hpc/cosmoflow/pytorch/trainer.py", "lineno": 183, "epoch_num": 28, "instance": 0}}
:::MLLOG {"namespace": "", "time_ms": 1663184046561, "event_type": "INTERVAL_END", "key": "epoch_stop", "value": null, "metadata": {"file": "/lus/grand/projects/datascience/hzheng/mlperf-2022/optimized-hpc/cosmoflow/pytorch/utils/utils.py", "lineno": 214, "epoch_num": 28, "training_epoch_latency": 401162.21875, "eval_epoch_latency": 1597.1197509765625, "instance": 0}}
:::MLLOG {"namespace": "", "time_ms": 1663184046561, "event_type": "POINT_IN_TIME", "key": "tracked_stats", "value": {"throughput": 1306.92267490606}, "metadata": {"file": "/lus/grand/projects/datascience/hzheng/mlperf-2022/optimized-hpc/cosmoflow/pytorch/trainer.py", "lineno": 192, "epoch_num": 28, "step": 27, "instance": 0}}
:::MLLOG {"namespace": "", "time_ms": 1663184046561, "event_type": "POINT_IN_TIME", "key": "eval_error", "value": 0.14392712712287903, "metadata": {"file": "/lus/grand/projects/datascience/hzheng/mlperf-2022/optimized-hpc/cosmoflow/pytorch/trainer.py", "lineno": 197, "epoch_num": 28, "instance": 0}}
:::MLLOG {"namespace": "", "time_ms": 1663184046561, "event_type": "INTERVAL_START", "key": "epoch_start", "value": null, "metadata": {"file": "/lus/grand/projects/datascience/hzheng/mlperf-2022/optimized-hpc/cosmoflow/pytorch/trainer.py", "lineno": 172, "epoch_num": 29, "lr": [0.008], "instance": 0}}
:::MLLOG {"namespace": "", "time_ms": 1663184452077, "event_type": "INTERVAL_START", "key": "eval_start", "value": null, "metadata": {"file": "/lus/grand/projects/datascience/hzheng/mlperf-2022/optimized-hpc/cosmoflow/pytorch/trainer.py", "lineno": 179, "epoch_num": 29, "instance": 0}}
:::MLLOG {"namespace": "", "time_ms": 1663184454327, "event_type": "INTERVAL_START", "key": "eval_stop", "value": null, "metadata": {"file": "/lus/grand/projects/datascience/hzheng/mlperf-2022/optimized-hpc/cosmoflow/pytorch/trainer.py", "lineno": 183, "epoch_num": 29, "instance": 0}}
:::MLLOG {"namespace": "", "time_ms": 1663184454327, "event_type": "INTERVAL_END", "key": "epoch_stop", "value": null, "metadata": {"file": "/lus/grand/projects/datascience/hzheng/mlperf-2022/optimized-hpc/cosmoflow/pytorch/utils/utils.py", "lineno": 214, "epoch_num": 29, "training_epoch_latency": 405516.84375, "eval_epoch_latency": 2247.34228515625, "instance": 0}}
:::MLLOG {"namespace": "", "time_ms": 1663184454328, "event_type": "POINT_IN_TIME", "key": "tracked_stats", "value": {"throughput": 1292.8883425696174}, "metadata": {"file": "/lus/grand/projects/datascience/hzheng/mlperf-2022/optimized-hpc/cosmoflow/pytorch/trainer.py", "lineno": 192, "epoch_num": 29, "step": 28, "instance": 0}}
:::MLLOG {"namespace": "", "time_ms": 1663184454328, "event_type": "POINT_IN_TIME", "key": "eval_error", "value": 0.13245026767253876, "metadata": {"file": "/lus/grand/projects/datascience/hzheng/mlperf-2022/optimized-hpc/cosmoflow/pytorch/trainer.py", "lineno": 197, "epoch_num": 29, "instance": 0}}
:::MLLOG {"namespace": "", "time_ms": 1663184454328, "event_type": "INTERVAL_START", "key": "epoch_start", "value": null, "metadata": {"file": "/lus/grand/projects/datascience/hzheng/mlperf-2022/optimized-hpc/cosmoflow/pytorch/trainer.py", "lineno": 172, "epoch_num": 30, "lr": [0.008], "instance": 0}}
:::MLLOG {"namespace": "", "time_ms": 1663184856501, "event_type": "INTERVAL_START", "key": "eval_start", "value": null, "metadata": {"file": "/lus/grand/projects/datascience/hzheng/mlperf-2022/optimized-hpc/cosmoflow/pytorch/trainer.py", "lineno": 179, "epoch_num": 30, "instance": 0}}
:::MLLOG {"namespace": "", "time_ms": 1663184858333, "event_type": "INTERVAL_START", "key": "eval_stop", "value": null, "metadata": {"file": "/lus/grand/projects/datascience/hzheng/mlperf-2022/optimized-hpc/cosmoflow/pytorch/trainer.py", "lineno": 183, "epoch_num": 30, "instance": 0}}
:::MLLOG {"namespace": "", "time_ms": 1663184858334, "event_type": "INTERVAL_END", "key": "epoch_stop", "value": null, "metadata": {"file": "/lus/grand/projects/datascience/hzheng/mlperf-2022/optimized-hpc/cosmoflow/pytorch/utils/utils.py", "lineno": 214, "epoch_num": 30, "training_epoch_latency": 402174.28125, "eval_epoch_latency": 1829.34814453125, "instance": 0}}
:::MLLOG {"namespace": "", "time_ms": 1663184858335, "event_type": "POINT_IN_TIME", "key": "tracked_stats", "value": {"throughput": 1303.6338334974025}, "metadata": {"file": "/lus/grand/projects/datascience/hzheng/mlperf-2022/optimized-hpc/cosmoflow/pytorch/trainer.py", "lineno": 192, "epoch_num": 30, "step": 29, "instance": 0}}
:::MLLOG {"namespace": "", "time_ms": 1663184858335, "event_type": "POINT_IN_TIME", "key": "eval_error", "value": 0.12835420668125153, "metadata": {"file": "/lus/grand/projects/datascience/hzheng/mlperf-2022/optimized-hpc/cosmoflow/pytorch/trainer.py", "lineno": 197, "epoch_num": 30, "instance": 0}}
:::MLLOG {"namespace": "", "time_ms": 1663184858336, "event_type": "INTERVAL_START", "key": "epoch_start", "value": null, "metadata": {"file": "/lus/grand/projects/datascience/hzheng/mlperf-2022/optimized-hpc/cosmoflow/pytorch/trainer.py", "lineno": 172, "epoch_num": 31, "lr": [0.008], "instance": 0}}
:::MLLOG {"namespace": "", "time_ms": 1663185262235, "event_type": "INTERVAL_START", "key": "eval_start", "value": null, "metadata": {"file": "/lus/grand/projects/datascience/hzheng/mlperf-2022/optimized-hpc/cosmoflow/pytorch/trainer.py", "lineno": 179, "epoch_num": 31, "instance": 0}}
:::MLLOG {"namespace": "", "time_ms": 1663185264065, "event_type": "INTERVAL_START", "key": "eval_stop", "value": null, "metadata": {"file": "/lus/grand/projects/datascience/hzheng/mlperf-2022/optimized-hpc/cosmoflow/pytorch/trainer.py", "lineno": 183, "epoch_num": 31, "instance": 0}}
:::MLLOG {"namespace": "", "time_ms": 1663185264066, "event_type": "INTERVAL_END", "key": "epoch_stop", "value": null, "metadata": {"file": "/lus/grand/projects/datascience/hzheng/mlperf-2022/optimized-hpc/cosmoflow/pytorch/utils/utils.py", "lineno": 214, "epoch_num": 31, "training_epoch_latency": 403899.90625, "eval_epoch_latency": 1830.2078857421875, "instance": 0}}
:::MLLOG {"namespace": "", "time_ms": 1663185264066, "event_type": "POINT_IN_TIME", "key": "tracked_stats", "value": {"throughput": 1298.0641784934803}, "metadata": {"file": "/lus/grand/projects/datascience/hzheng/mlperf-2022/optimized-hpc/cosmoflow/pytorch/trainer.py", "lineno": 192, "epoch_num": 31, "step": 30, "instance": 0}}
:::MLLOG {"namespace": "", "time_ms": 1663185264066, "event_type": "POINT_IN_TIME", "key": "eval_error", "value": 0.1354433000087738, "metadata": {"file": "/lus/grand/projects/datascience/hzheng/mlperf-2022/optimized-hpc/cosmoflow/pytorch/trainer.py", "lineno": 197, "epoch_num": 31, "instance": 0}}
:::MLLOG {"namespace": "", "time_ms": 1663185264067, "event_type": "INTERVAL_START", "key": "epoch_start", "value": null, "metadata": {"file": "/lus/grand/projects/datascience/hzheng/mlperf-2022/optimized-hpc/cosmoflow/pytorch/trainer.py", "lineno": 172, "epoch_num": 32, "lr": [0.008], "instance": 0}}
:::MLLOG {"namespace": "", "time_ms": 1663185666741, "event_type": "INTERVAL_START", "key": "eval_start", "value": null, "metadata": {"file": "/lus/grand/projects/datascience/hzheng/mlperf-2022/optimized-hpc/cosmoflow/pytorch/trainer.py", "lineno": 179, "epoch_num": 32, "instance": 0}}
:::MLLOG {"namespace": "", "time_ms": 1663185668403, "event_type": "INTERVAL_START", "key": "eval_stop", "value": null, "metadata": {"file": "/lus/grand/projects/datascience/hzheng/mlperf-2022/optimized-hpc/cosmoflow/pytorch/trainer.py", "lineno": 183, "epoch_num": 32, "instance": 0}}
:::MLLOG {"namespace": "", "time_ms": 1663185668404, "event_type": "INTERVAL_END", "key": "epoch_stop", "value": null, "metadata": {"file": "/lus/grand/projects/datascience/hzheng/mlperf-2022/optimized-hpc/cosmoflow/pytorch/utils/utils.py", "lineno": 214, "epoch_num": 32, "training_epoch_latency": 402675.28125, "eval_epoch_latency": 1661.144775390625, "instance": 0}}
:::MLLOG {"namespace": "", "time_ms": 1663185668404, "event_type": "POINT_IN_TIME", "key": "tracked_stats", "value": {"throughput": 1302.011880074896}, "metadata": {"file": "/lus/grand/projects/datascience/hzheng/mlperf-2022/optimized-hpc/cosmoflow/pytorch/trainer.py", "lineno": 192, "epoch_num": 32, "step": 31, "instance": 0}}
:::MLLOG {"namespace": "", "time_ms": 1663185668404, "event_type": "POINT_IN_TIME", "key": "eval_error", "value": 0.12620151042938232, "metadata": {"file": "/lus/grand/projects/datascience/hzheng/mlperf-2022/optimized-hpc/cosmoflow/pytorch/trainer.py", "lineno": 197, "epoch_num": 32, "instance": 0}}
:::MLLOG {"namespace": "", "time_ms": 1663185668405, "event_type": "INTERVAL_START", "key": "epoch_start", "value": null, "metadata": {"file": "/lus/grand/projects/datascience/hzheng/mlperf-2022/optimized-hpc/cosmoflow/pytorch/trainer.py", "lineno": 172, "epoch_num": 33, "lr": [0.002], "instance": 0}}
:::MLLOG {"namespace": "", "time_ms": 1663186070049, "event_type": "INTERVAL_START", "key": "eval_start", "value": null, "metadata": {"file": "/lus/grand/projects/datascience/hzheng/mlperf-2022/optimized-hpc/cosmoflow/pytorch/trainer.py", "lineno": 179, "epoch_num": 33, "instance": 0}}
:::MLLOG {"namespace": "", "time_ms": 1663186071657, "event_type": "INTERVAL_START", "key": "eval_stop", "value": null, "metadata": {"file": "/lus/grand/projects/datascience/hzheng/mlperf-2022/optimized-hpc/cosmoflow/pytorch/trainer.py", "lineno": 183, "epoch_num": 33, "instance": 0}}
:::MLLOG {"namespace": "", "time_ms": 1663186071658, "event_type": "INTERVAL_END", "key": "epoch_stop", "value": null, "metadata": {"file": "/lus/grand/projects/datascience/hzheng/mlperf-2022/optimized-hpc/cosmoflow/pytorch/utils/utils.py", "lineno": 214, "epoch_num": 33, "training_epoch_latency": 401645.53125, "eval_epoch_latency": 1607.5550537109375, "instance": 0}}
:::MLLOG {"namespace": "", "time_ms": 1663186071658, "event_type": "POINT_IN_TIME", "key": "tracked_stats", "value": {"throughput": 1305.3500143978013}, "metadata": {"file": "/lus/grand/projects/datascience/hzheng/mlperf-2022/optimized-hpc/cosmoflow/pytorch/trainer.py", "lineno": 192, "epoch_num": 33, "step": 32, "instance": 0}}
:::MLLOG {"namespace": "", "time_ms": 1663186071658, "event_type": "POINT_IN_TIME", "key": "eval_error", "value": 0.12256404012441635, "metadata": {"file": "/lus/grand/projects/datascience/hzheng/mlperf-2022/optimized-hpc/cosmoflow/pytorch/trainer.py", "lineno": 197, "epoch_num": 33, "instance": 0}}
:::MLLOG {"namespace": "", "time_ms": 1663186071717, "event_type": "INTERVAL_END", "key": "run_stop", "value": null, "metadata": {"file": "/lus/grand/projects/datascience/hzheng/mlperf-2022/optimized-hpc/cosmoflow/pytorch/utils/utils.py", "lineno": 214, "status": "success", "time": 13403.845870494843, "epoch_num": 33, "instance": 0}}
