:::MLLOG {"namespace": "", "time_ms": 1663209836919, "event_type": "POINT_IN_TIME", "key": "cache_clear", "value": null, "metadata": {"file": "./main.py", "lineno": 42, "instance": 0}}
:::MLLOG {"namespace": "", "time_ms": 1663209837040, "event_type": "INTERVAL_START", "key": "init_start", "value": null, "metadata": {"file": "./main.py", "lineno": 43, "instance": 0}}
:::MLLOG {"namespace": "", "time_ms": 1663209837041, "event_type": "POINT_IN_TIME", "key": "submission_benchmark", "value": "cosmoflow", "metadata": {"file": "./main.py", "lineno": 47, "instance": 0}}
:::MLLOG {"namespace": "", "time_ms": 1663209837041, "event_type": "POINT_IN_TIME", "key": "submission_org", "value": "NVIDIA", "metadata": {"file": "./main.py", "lineno": 49, "instance": 0}}
:::MLLOG {"namespace": "", "time_ms": 1663209837041, "event_type": "POINT_IN_TIME", "key": "submission_division", "value": "closed", "metadata": {"file": "./main.py", "lineno": 51, "instance": 0}}
:::MLLOG {"namespace": "", "time_ms": 1663209837041, "event_type": "POINT_IN_TIME", "key": "submission_status", "value": "onprem", "metadata": {"file": "./main.py", "lineno": 53, "instance": 0}}
:::MLLOG {"namespace": "", "time_ms": 1663209837041, "event_type": "POINT_IN_TIME", "key": "submission_platform", "value": "128.0xNVIDIA DGX A100", "metadata": {"file": "./main.py", "lineno": 55, "instance": 0}}
:::MLLOG {"namespace": "", "time_ms": 1663209837041, "event_type": "POINT_IN_TIME", "key": "number_of_nodes", "value": 128, "metadata": {"file": "./main.py", "lineno": 58, "instance": 0}}
:::MLLOG {"namespace": "", "time_ms": 1663209837041, "event_type": "POINT_IN_TIME", "key": "accelerators_per_node", "value": 4, "metadata": {"file": "./main.py", "lineno": 60, "instance": 0}}
:::MLLOG {"namespace": "", "time_ms": 1663209840680, "event_type": "POINT_IN_TIME", "key": "dropout", "value": 0.5, "metadata": {"file": "./main.py", "lineno": 106, "instance": 0}}
:::MLLOG {"namespace": "", "time_ms": 1663209843226, "event_type": "POINT_IN_TIME", "key": "opt_weight_decay", "value": 0, "metadata": {"file": "/lus/grand/projects/datascience/hzheng/mlperf-2022/optimized-hpc/cosmoflow/pytorch/optimizer.py", "lineno": 63, "instance": 0}}
:::MLLOG {"namespace": "", "time_ms": 1663209843227, "event_type": "POINT_IN_TIME", "key": "opt_name", "value": "sgd", "metadata": {"file": "/lus/grand/projects/datascience/hzheng/mlperf-2022/optimized-hpc/cosmoflow/pytorch/optimizer.py", "lineno": 65, "instance": 0}}
:::MLLOG {"namespace": "", "time_ms": 1663209843227, "event_type": "POINT_IN_TIME", "key": "opt_base_learning_rate", "value": 0.008, "metadata": {"file": "/lus/grand/projects/datascience/hzheng/mlperf-2022/optimized-hpc/cosmoflow/pytorch/optimizer.py", "lineno": 96, "instance": 0}}
:::MLLOG {"namespace": "", "time_ms": 1663209843227, "event_type": "POINT_IN_TIME", "key": "opt_learning_rate_warmup_epochs", "value": 4, "metadata": {"file": "/lus/grand/projects/datascience/hzheng/mlperf-2022/optimized-hpc/cosmoflow/pytorch/optimizer.py", "lineno": 98, "instance": 0}}
:::MLLOG {"namespace": "", "time_ms": 1663209843227, "event_type": "POINT_IN_TIME", "key": "opt_learning_rate_warmup_factor", "value": 8, "metadata": {"file": "/lus/grand/projects/datascience/hzheng/mlperf-2022/optimized-hpc/cosmoflow/pytorch/optimizer.py", "lineno": 100, "instance": 0}}
:::MLLOG {"namespace": "", "time_ms": 1663209843227, "event_type": "POINT_IN_TIME", "key": "opt_learning_rate_decay_boundary_epochs", "value": [32, 64], "metadata": {"file": "/lus/grand/projects/datascience/hzheng/mlperf-2022/optimized-hpc/cosmoflow/pytorch/optimizer.py", "lineno": 102, "instance": 0}}
:::MLLOG {"namespace": "", "time_ms": 1663209843228, "event_type": "POINT_IN_TIME", "key": "opt_learning_rate_decay_factor", "value": [0.25, 0.125], "metadata": {"file": "/lus/grand/projects/datascience/hzheng/mlperf-2022/optimized-hpc/cosmoflow/pytorch/optimizer.py", "lineno": 104, "instance": 0}}
:::MLLOG {"namespace": "", "time_ms": 1663209843228, "event_type": "POINT_IN_TIME", "key": "global_batch_size", "value": 512, "metadata": {"file": "./main.py", "lineno": 119, "instance": 0}}
:::MLLOG {"namespace": "", "time_ms": 1663209843229, "event_type": "POINT_IN_TIME", "key": "train_samples", "value": 524288, "metadata": {"file": "./main.py", "lineno": 121, "instance": 0}}
:::MLLOG {"namespace": "", "time_ms": 1663209843229, "event_type": "POINT_IN_TIME", "key": "eval_samples", "value": 65536, "metadata": {"file": "./main.py", "lineno": 123, "instance": 0}}
:::MLLOG {"namespace": "", "time_ms": 1663209863462, "event_type": "INTERVAL_END", "key": "init_stop", "value": null, "metadata": {"file": "/lus/grand/projects/datascience/hzheng/mlperf-2022/optimized-hpc/cosmoflow/pytorch/utils/utils.py", "lineno": 214, "instance": 0}}
:::MLLOG {"namespace": "", "time_ms": 1663209863463, "event_type": "INTERVAL_START", "key": "run_start", "value": null, "metadata": {"file": "./main.py", "lineno": 143, "instance": 0}}
:::MLLOG {"namespace": "", "time_ms": 1663209863463, "event_type": "INTERVAL_START", "key": "staging_start", "value": null, "metadata": {"file": "./main.py", "lineno": 145, "instance": 0}}
:::MLLOG {"namespace": "", "time_ms": 1663209931054, "event_type": "INTERVAL_END", "key": "staging_stop", "value": null, "metadata": {"file": "/lus/grand/projects/datascience/hzheng/mlperf-2022/optimized-hpc/cosmoflow/pytorch/utils/utils.py", "lineno": 214, "staging_duration": 67.59087300300598, "instance": 0}}
:::MLLOG {"namespace": "", "time_ms": 1663209931820, "event_type": "INTERVAL_START", "key": "epoch_start", "value": null, "metadata": {"file": "/lus/grand/projects/datascience/hzheng/mlperf-2022/optimized-hpc/cosmoflow/pytorch/trainer.py", "lineno": 172, "epoch_num": 1, "lr": [0.001], "instance": 0}}
:::MLLOG {"namespace": "", "time_ms": 1663210332419, "event_type": "INTERVAL_START", "key": "eval_start", "value": null, "metadata": {"file": "/lus/grand/projects/datascience/hzheng/mlperf-2022/optimized-hpc/cosmoflow/pytorch/trainer.py", "lineno": 179, "epoch_num": 1, "instance": 0}}
:::MLLOG {"namespace": "", "time_ms": 1663210334003, "event_type": "INTERVAL_START", "key": "eval_stop", "value": null, "metadata": {"file": "/lus/grand/projects/datascience/hzheng/mlperf-2022/optimized-hpc/cosmoflow/pytorch/trainer.py", "lineno": 183, "epoch_num": 1, "instance": 0}}
:::MLLOG {"namespace": "", "time_ms": 1663210334004, "event_type": "INTERVAL_END", "key": "epoch_stop", "value": null, "metadata": {"file": "/lus/grand/projects/datascience/hzheng/mlperf-2022/optimized-hpc/cosmoflow/pytorch/utils/utils.py", "lineno": 214, "epoch_num": 1, "training_epoch_latency": 400566.65625, "eval_epoch_latency": 1584.556396484375, "instance": 0}}
:::MLLOG {"namespace": "", "time_ms": 1663210334004, "event_type": "POINT_IN_TIME", "key": "tracked_stats", "value": {"throughput": 1308.8658075243875}, "metadata": {"file": "/lus/grand/projects/datascience/hzheng/mlperf-2022/optimized-hpc/cosmoflow/pytorch/trainer.py", "lineno": 192, "epoch_num": 1, "step": 0, "instance": 0}}
:::MLLOG {"namespace": "", "time_ms": 1663210334004, "event_type": "POINT_IN_TIME", "key": "eval_error", "value": 0.32841697335243225, "metadata": {"file": "/lus/grand/projects/datascience/hzheng/mlperf-2022/optimized-hpc/cosmoflow/pytorch/trainer.py", "lineno": 197, "epoch_num": 1, "instance": 0}}
:::MLLOG {"namespace": "", "time_ms": 1663210334004, "event_type": "INTERVAL_START", "key": "epoch_start", "value": null, "metadata": {"file": "/lus/grand/projects/datascience/hzheng/mlperf-2022/optimized-hpc/cosmoflow/pytorch/trainer.py", "lineno": 172, "epoch_num": 2, "lr": [0.00275], "instance": 0}}
:::MLLOG {"namespace": "", "time_ms": 1663210733955, "event_type": "INTERVAL_START", "key": "eval_start", "value": null, "metadata": {"file": "/lus/grand/projects/datascience/hzheng/mlperf-2022/optimized-hpc/cosmoflow/pytorch/trainer.py", "lineno": 179, "epoch_num": 2, "instance": 0}}
:::MLLOG {"namespace": "", "time_ms": 1663210735571, "event_type": "INTERVAL_START", "key": "eval_stop", "value": null, "metadata": {"file": "/lus/grand/projects/datascience/hzheng/mlperf-2022/optimized-hpc/cosmoflow/pytorch/trainer.py", "lineno": 183, "epoch_num": 2, "instance": 0}}
:::MLLOG {"namespace": "", "time_ms": 1663210735571, "event_type": "INTERVAL_END", "key": "epoch_stop", "value": null, "metadata": {"file": "/lus/grand/projects/datascience/hzheng/mlperf-2022/optimized-hpc/cosmoflow/pytorch/utils/utils.py", "lineno": 214, "epoch_num": 2, "training_epoch_latency": 399952.0, "eval_epoch_latency": 1615.357666015625, "instance": 0}}
:::MLLOG {"namespace": "", "time_ms": 1663210735572, "event_type": "POINT_IN_TIME", "key": "tracked_stats", "value": {"throughput": 1310.8773052766333}, "metadata": {"file": "/lus/grand/projects/datascience/hzheng/mlperf-2022/optimized-hpc/cosmoflow/pytorch/trainer.py", "lineno": 192, "epoch_num": 2, "step": 1, "instance": 0}}
:::MLLOG {"namespace": "", "time_ms": 1663210735572, "event_type": "POINT_IN_TIME", "key": "eval_error", "value": 0.29953935742378235, "metadata": {"file": "/lus/grand/projects/datascience/hzheng/mlperf-2022/optimized-hpc/cosmoflow/pytorch/trainer.py", "lineno": 197, "epoch_num": 2, "instance": 0}}
:::MLLOG {"namespace": "", "time_ms": 1663210735572, "event_type": "INTERVAL_START", "key": "epoch_start", "value": null, "metadata": {"file": "/lus/grand/projects/datascience/hzheng/mlperf-2022/optimized-hpc/cosmoflow/pytorch/trainer.py", "lineno": 172, "epoch_num": 3, "lr": [0.0045000000000000005], "instance": 0}}
:::MLLOG {"namespace": "", "time_ms": 1663211137867, "event_type": "INTERVAL_START", "key": "eval_start", "value": null, "metadata": {"file": "/lus/grand/projects/datascience/hzheng/mlperf-2022/optimized-hpc/cosmoflow/pytorch/trainer.py", "lineno": 179, "epoch_num": 3, "instance": 0}}
:::MLLOG {"namespace": "", "time_ms": 1663211139512, "event_type": "INTERVAL_START", "key": "eval_stop", "value": null, "metadata": {"file": "/lus/grand/projects/datascience/hzheng/mlperf-2022/optimized-hpc/cosmoflow/pytorch/trainer.py", "lineno": 183, "epoch_num": 3, "instance": 0}}
:::MLLOG {"namespace": "", "time_ms": 1663211139512, "event_type": "INTERVAL_END", "key": "epoch_stop", "value": null, "metadata": {"file": "/lus/grand/projects/datascience/hzheng/mlperf-2022/optimized-hpc/cosmoflow/pytorch/utils/utils.py", "lineno": 214, "epoch_num": 3, "training_epoch_latency": 402296.25, "eval_epoch_latency": 1644.986328125, "instance": 0}}
:::MLLOG {"namespace": "", "time_ms": 1663211139513, "event_type": "POINT_IN_TIME", "key": "tracked_stats", "value": {"throughput": 1303.2385959352096}, "metadata": {"file": "/lus/grand/projects/datascience/hzheng/mlperf-2022/optimized-hpc/cosmoflow/pytorch/trainer.py", "lineno": 192, "epoch_num": 3, "step": 2, "instance": 0}}
:::MLLOG {"namespace": "", "time_ms": 1663211139513, "event_type": "POINT_IN_TIME", "key": "eval_error", "value": 0.30475276708602905, "metadata": {"file": "/lus/grand/projects/datascience/hzheng/mlperf-2022/optimized-hpc/cosmoflow/pytorch/trainer.py", "lineno": 197, "epoch_num": 3, "instance": 0}}
:::MLLOG {"namespace": "", "time_ms": 1663211139513, "event_type": "INTERVAL_START", "key": "epoch_start", "value": null, "metadata": {"file": "/lus/grand/projects/datascience/hzheng/mlperf-2022/optimized-hpc/cosmoflow/pytorch/trainer.py", "lineno": 172, "epoch_num": 4, "lr": [0.00625], "instance": 0}}
:::MLLOG {"namespace": "", "time_ms": 1663211540946, "event_type": "INTERVAL_START", "key": "eval_start", "value": null, "metadata": {"file": "/lus/grand/projects/datascience/hzheng/mlperf-2022/optimized-hpc/cosmoflow/pytorch/trainer.py", "lineno": 179, "epoch_num": 4, "instance": 0}}
:::MLLOG {"namespace": "", "time_ms": 1663211542560, "event_type": "INTERVAL_START", "key": "eval_stop", "value": null, "metadata": {"file": "/lus/grand/projects/datascience/hzheng/mlperf-2022/optimized-hpc/cosmoflow/pytorch/trainer.py", "lineno": 183, "epoch_num": 4, "instance": 0}}
:::MLLOG {"namespace": "", "time_ms": 1663211542561, "event_type": "INTERVAL_END", "key": "epoch_stop", "value": null, "metadata": {"file": "/lus/grand/projects/datascience/hzheng/mlperf-2022/optimized-hpc/cosmoflow/pytorch/utils/utils.py", "lineno": 214, "epoch_num": 4, "training_epoch_latency": 401434.65625, "eval_epoch_latency": 1614.21728515625, "instance": 0}}
:::MLLOG {"namespace": "", "time_ms": 1663211542561, "event_type": "POINT_IN_TIME", "key": "tracked_stats", "value": {"throughput": 1306.0357192317026}, "metadata": {"file": "/lus/grand/projects/datascience/hzheng/mlperf-2022/optimized-hpc/cosmoflow/pytorch/trainer.py", "lineno": 192, "epoch_num": 4, "step": 3, "instance": 0}}
:::MLLOG {"namespace": "", "time_ms": 1663211542561, "event_type": "POINT_IN_TIME", "key": "eval_error", "value": 0.27789196372032166, "metadata": {"file": "/lus/grand/projects/datascience/hzheng/mlperf-2022/optimized-hpc/cosmoflow/pytorch/trainer.py", "lineno": 197, "epoch_num": 4, "instance": 0}}
:::MLLOG {"namespace": "", "time_ms": 1663211542561, "event_type": "INTERVAL_START", "key": "epoch_start", "value": null, "metadata": {"file": "/lus/grand/projects/datascience/hzheng/mlperf-2022/optimized-hpc/cosmoflow/pytorch/trainer.py", "lineno": 172, "epoch_num": 5, "lr": [0.008], "instance": 0}}
:::MLLOG {"namespace": "", "time_ms": 1663211943978, "event_type": "INTERVAL_START", "key": "eval_start", "value": null, "metadata": {"file": "/lus/grand/projects/datascience/hzheng/mlperf-2022/optimized-hpc/cosmoflow/pytorch/trainer.py", "lineno": 179, "epoch_num": 5, "instance": 0}}
:::MLLOG {"namespace": "", "time_ms": 1663211945621, "event_type": "INTERVAL_START", "key": "eval_stop", "value": null, "metadata": {"file": "/lus/grand/projects/datascience/hzheng/mlperf-2022/optimized-hpc/cosmoflow/pytorch/trainer.py", "lineno": 183, "epoch_num": 5, "instance": 0}}
:::MLLOG {"namespace": "", "time_ms": 1663211945622, "event_type": "INTERVAL_END", "key": "epoch_stop", "value": null, "metadata": {"file": "/lus/grand/projects/datascience/hzheng/mlperf-2022/optimized-hpc/cosmoflow/pytorch/utils/utils.py", "lineno": 214, "epoch_num": 5, "training_epoch_latency": 401418.25, "eval_epoch_latency": 1643.281494140625, "instance": 0}}
:::MLLOG {"namespace": "", "time_ms": 1663211945622, "event_type": "POINT_IN_TIME", "key": "tracked_stats", "value": {"throughput": 1306.0890978424623}, "metadata": {"file": "/lus/grand/projects/datascience/hzheng/mlperf-2022/optimized-hpc/cosmoflow/pytorch/trainer.py", "lineno": 192, "epoch_num": 5, "step": 4, "instance": 0}}
:::MLLOG {"namespace": "", "time_ms": 1663211945623, "event_type": "POINT_IN_TIME", "key": "eval_error", "value": 0.2709279954433441, "metadata": {"file": "/lus/grand/projects/datascience/hzheng/mlperf-2022/optimized-hpc/cosmoflow/pytorch/trainer.py", "lineno": 197, "epoch_num": 5, "instance": 0}}
:::MLLOG {"namespace": "", "time_ms": 1663211945623, "event_type": "INTERVAL_START", "key": "epoch_start", "value": null, "metadata": {"file": "/lus/grand/projects/datascience/hzheng/mlperf-2022/optimized-hpc/cosmoflow/pytorch/trainer.py", "lineno": 172, "epoch_num": 6, "lr": [0.008], "instance": 0}}
:::MLLOG {"namespace": "", "time_ms": 1663212346185, "event_type": "INTERVAL_START", "key": "eval_start", "value": null, "metadata": {"file": "/lus/grand/projects/datascience/hzheng/mlperf-2022/optimized-hpc/cosmoflow/pytorch/trainer.py", "lineno": 179, "epoch_num": 6, "instance": 0}}
:::MLLOG {"namespace": "", "time_ms": 1663212347751, "event_type": "INTERVAL_START", "key": "eval_stop", "value": null, "metadata": {"file": "/lus/grand/projects/datascience/hzheng/mlperf-2022/optimized-hpc/cosmoflow/pytorch/trainer.py", "lineno": 183, "epoch_num": 6, "instance": 0}}
:::MLLOG {"namespace": "", "time_ms": 1663212347752, "event_type": "INTERVAL_END", "key": "epoch_stop", "value": null, "metadata": {"file": "/lus/grand/projects/datascience/hzheng/mlperf-2022/optimized-hpc/cosmoflow/pytorch/utils/utils.py", "lineno": 214, "epoch_num": 6, "training_epoch_latency": 400563.65625, "eval_epoch_latency": 1565.9580078125, "instance": 0}}
:::MLLOG {"namespace": "", "time_ms": 1663212347752, "event_type": "POINT_IN_TIME", "key": "tracked_stats", "value": {"throughput": 1308.875610204589}, "metadata": {"file": "/lus/grand/projects/datascience/hzheng/mlperf-2022/optimized-hpc/cosmoflow/pytorch/trainer.py", "lineno": 192, "epoch_num": 6, "step": 5, "instance": 0}}
:::MLLOG {"namespace": "", "time_ms": 1663212347752, "event_type": "POINT_IN_TIME", "key": "eval_error", "value": 0.19242917001247406, "metadata": {"file": "/lus/grand/projects/datascience/hzheng/mlperf-2022/optimized-hpc/cosmoflow/pytorch/trainer.py", "lineno": 197, "epoch_num": 6, "instance": 0}}
:::MLLOG {"namespace": "", "time_ms": 1663212347752, "event_type": "INTERVAL_START", "key": "epoch_start", "value": null, "metadata": {"file": "/lus/grand/projects/datascience/hzheng/mlperf-2022/optimized-hpc/cosmoflow/pytorch/trainer.py", "lineno": 172, "epoch_num": 7, "lr": [0.008], "instance": 0}}
:::MLLOG {"namespace": "", "time_ms": 1663212751383, "event_type": "INTERVAL_START", "key": "eval_start", "value": null, "metadata": {"file": "/lus/grand/projects/datascience/hzheng/mlperf-2022/optimized-hpc/cosmoflow/pytorch/trainer.py", "lineno": 179, "epoch_num": 7, "instance": 0}}
:::MLLOG {"namespace": "", "time_ms": 1663212753087, "event_type": "INTERVAL_START", "key": "eval_stop", "value": null, "metadata": {"file": "/lus/grand/projects/datascience/hzheng/mlperf-2022/optimized-hpc/cosmoflow/pytorch/trainer.py", "lineno": 183, "epoch_num": 7, "instance": 0}}
:::MLLOG {"namespace": "", "time_ms": 1663212753087, "event_type": "INTERVAL_END", "key": "epoch_stop", "value": null, "metadata": {"file": "/lus/grand/projects/datascience/hzheng/mlperf-2022/optimized-hpc/cosmoflow/pytorch/utils/utils.py", "lineno": 214, "epoch_num": 7, "training_epoch_latency": 403632.5, "eval_epoch_latency": 1703.5997314453125, "instance": 0}}
:::MLLOG {"namespace": "", "time_ms": 1663212753087, "event_type": "POINT_IN_TIME", "key": "tracked_stats", "value": {"throughput": 1298.9241451072448}, "metadata": {"file": "/lus/grand/projects/datascience/hzheng/mlperf-2022/optimized-hpc/cosmoflow/pytorch/trainer.py", "lineno": 192, "epoch_num": 7, "step": 6, "instance": 0}}
:::MLLOG {"namespace": "", "time_ms": 1663212753088, "event_type": "POINT_IN_TIME", "key": "eval_error", "value": 0.22154664993286133, "metadata": {"file": "/lus/grand/projects/datascience/hzheng/mlperf-2022/optimized-hpc/cosmoflow/pytorch/trainer.py", "lineno": 197, "epoch_num": 7, "instance": 0}}
:::MLLOG {"namespace": "", "time_ms": 1663212753088, "event_type": "INTERVAL_START", "key": "epoch_start", "value": null, "metadata": {"file": "/lus/grand/projects/datascience/hzheng/mlperf-2022/optimized-hpc/cosmoflow/pytorch/trainer.py", "lineno": 172, "epoch_num": 8, "lr": [0.008], "instance": 0}}
:::MLLOG {"namespace": "", "time_ms": 1663213155182, "event_type": "INTERVAL_START", "key": "eval_start", "value": null, "metadata": {"file": "/lus/grand/projects/datascience/hzheng/mlperf-2022/optimized-hpc/cosmoflow/pytorch/trainer.py", "lineno": 179, "epoch_num": 8, "instance": 0}}
:::MLLOG {"namespace": "", "time_ms": 1663213156808, "event_type": "INTERVAL_START", "key": "eval_stop", "value": null, "metadata": {"file": "/lus/grand/projects/datascience/hzheng/mlperf-2022/optimized-hpc/cosmoflow/pytorch/trainer.py", "lineno": 183, "epoch_num": 8, "instance": 0}}
:::MLLOG {"namespace": "", "time_ms": 1663213156809, "event_type": "INTERVAL_END", "key": "epoch_stop", "value": null, "metadata": {"file": "/lus/grand/projects/datascience/hzheng/mlperf-2022/optimized-hpc/cosmoflow/pytorch/utils/utils.py", "lineno": 214, "epoch_num": 8, "training_epoch_latency": 402095.84375, "eval_epoch_latency": 1625.50146484375, "instance": 0}}
:::MLLOG {"namespace": "", "time_ms": 1663213156809, "event_type": "POINT_IN_TIME", "key": "tracked_stats", "value": {"throughput": 1303.8881355012763}, "metadata": {"file": "/lus/grand/projects/datascience/hzheng/mlperf-2022/optimized-hpc/cosmoflow/pytorch/trainer.py", "lineno": 192, "epoch_num": 8, "step": 7, "instance": 0}}
:::MLLOG {"namespace": "", "time_ms": 1663213156809, "event_type": "POINT_IN_TIME", "key": "eval_error", "value": 0.17205515503883362, "metadata": {"file": "/lus/grand/projects/datascience/hzheng/mlperf-2022/optimized-hpc/cosmoflow/pytorch/trainer.py", "lineno": 197, "epoch_num": 8, "instance": 0}}
:::MLLOG {"namespace": "", "time_ms": 1663213156809, "event_type": "INTERVAL_START", "key": "epoch_start", "value": null, "metadata": {"file": "/lus/grand/projects/datascience/hzheng/mlperf-2022/optimized-hpc/cosmoflow/pytorch/trainer.py", "lineno": 172, "epoch_num": 9, "lr": [0.008], "instance": 0}}
:::MLLOG {"namespace": "", "time_ms": 1663213558590, "event_type": "INTERVAL_START", "key": "eval_start", "value": null, "metadata": {"file": "/lus/grand/projects/datascience/hzheng/mlperf-2022/optimized-hpc/cosmoflow/pytorch/trainer.py", "lineno": 179, "epoch_num": 9, "instance": 0}}
:::MLLOG {"namespace": "", "time_ms": 1663213560224, "event_type": "INTERVAL_START", "key": "eval_stop", "value": null, "metadata": {"file": "/lus/grand/projects/datascience/hzheng/mlperf-2022/optimized-hpc/cosmoflow/pytorch/trainer.py", "lineno": 183, "epoch_num": 9, "instance": 0}}
:::MLLOG {"namespace": "", "time_ms": 1663213560225, "event_type": "INTERVAL_END", "key": "epoch_stop", "value": null, "metadata": {"file": "/lus/grand/projects/datascience/hzheng/mlperf-2022/optimized-hpc/cosmoflow/pytorch/utils/utils.py", "lineno": 214, "epoch_num": 9, "training_epoch_latency": 401782.40625, "eval_epoch_latency": 1633.8475341796875, "instance": 0}}
:::MLLOG {"namespace": "", "time_ms": 1663213560225, "event_type": "POINT_IN_TIME", "key": "tracked_stats", "value": {"throughput": 1304.905321498258}, "metadata": {"file": "/lus/grand/projects/datascience/hzheng/mlperf-2022/optimized-hpc/cosmoflow/pytorch/trainer.py", "lineno": 192, "epoch_num": 9, "step": 8, "instance": 0}}
:::MLLOG {"namespace": "", "time_ms": 1663213560225, "event_type": "POINT_IN_TIME", "key": "eval_error", "value": 0.15636590123176575, "metadata": {"file": "/lus/grand/projects/datascience/hzheng/mlperf-2022/optimized-hpc/cosmoflow/pytorch/trainer.py", "lineno": 197, "epoch_num": 9, "instance": 0}}
:::MLLOG {"namespace": "", "time_ms": 1663213560225, "event_type": "INTERVAL_START", "key": "epoch_start", "value": null, "metadata": {"file": "/lus/grand/projects/datascience/hzheng/mlperf-2022/optimized-hpc/cosmoflow/pytorch/trainer.py", "lineno": 172, "epoch_num": 10, "lr": [0.008], "instance": 0}}
:::MLLOG {"namespace": "", "time_ms": 1663213966248, "event_type": "INTERVAL_START", "key": "eval_start", "value": null, "metadata": {"file": "/lus/grand/projects/datascience/hzheng/mlperf-2022/optimized-hpc/cosmoflow/pytorch/trainer.py", "lineno": 179, "epoch_num": 10, "instance": 0}}
:::MLLOG {"namespace": "", "time_ms": 1663213968699, "event_type": "INTERVAL_START", "key": "eval_stop", "value": null, "metadata": {"file": "/lus/grand/projects/datascience/hzheng/mlperf-2022/optimized-hpc/cosmoflow/pytorch/trainer.py", "lineno": 183, "epoch_num": 10, "instance": 0}}
:::MLLOG {"namespace": "", "time_ms": 1663213968699, "event_type": "INTERVAL_END", "key": "epoch_stop", "value": null, "metadata": {"file": "/lus/grand/projects/datascience/hzheng/mlperf-2022/optimized-hpc/cosmoflow/pytorch/utils/utils.py", "lineno": 214, "epoch_num": 10, "training_epoch_latency": 406024.875, "eval_epoch_latency": 2443.736572265625, "instance": 0}}
:::MLLOG {"namespace": "", "time_ms": 1663213968700, "event_type": "POINT_IN_TIME", "key": "tracked_stats", "value": {"throughput": 1291.2706395143894}, "metadata": {"file": "/lus/grand/projects/datascience/hzheng/mlperf-2022/optimized-hpc/cosmoflow/pytorch/trainer.py", "lineno": 192, "epoch_num": 10, "step": 9, "instance": 0}}
:::MLLOG {"namespace": "", "time_ms": 1663213968700, "event_type": "POINT_IN_TIME", "key": "eval_error", "value": 0.15033215284347534, "metadata": {"file": "/lus/grand/projects/datascience/hzheng/mlperf-2022/optimized-hpc/cosmoflow/pytorch/trainer.py", "lineno": 197, "epoch_num": 10, "instance": 0}}
:::MLLOG {"namespace": "", "time_ms": 1663213968700, "event_type": "INTERVAL_START", "key": "epoch_start", "value": null, "metadata": {"file": "/lus/grand/projects/datascience/hzheng/mlperf-2022/optimized-hpc/cosmoflow/pytorch/trainer.py", "lineno": 172, "epoch_num": 11, "lr": [0.008], "instance": 0}}
:::MLLOG {"namespace": "", "time_ms": 1663214369844, "event_type": "INTERVAL_START", "key": "eval_start", "value": null, "metadata": {"file": "/lus/grand/projects/datascience/hzheng/mlperf-2022/optimized-hpc/cosmoflow/pytorch/trainer.py", "lineno": 179, "epoch_num": 11, "instance": 0}}
:::MLLOG {"namespace": "", "time_ms": 1663214371445, "event_type": "INTERVAL_START", "key": "eval_stop", "value": null, "metadata": {"file": "/lus/grand/projects/datascience/hzheng/mlperf-2022/optimized-hpc/cosmoflow/pytorch/trainer.py", "lineno": 183, "epoch_num": 11, "instance": 0}}
:::MLLOG {"namespace": "", "time_ms": 1663214371446, "event_type": "INTERVAL_END", "key": "epoch_stop", "value": null, "metadata": {"file": "/lus/grand/projects/datascience/hzheng/mlperf-2022/optimized-hpc/cosmoflow/pytorch/utils/utils.py", "lineno": 214, "epoch_num": 11, "training_epoch_latency": 401145.59375, "eval_epoch_latency": 1600.5733642578125, "instance": 0}}
:::MLLOG {"namespace": "", "time_ms": 1663214371446, "event_type": "POINT_IN_TIME", "key": "tracked_stats", "value": {"throughput": 1306.9768387553179}, "metadata": {"file": "/lus/grand/projects/datascience/hzheng/mlperf-2022/optimized-hpc/cosmoflow/pytorch/trainer.py", "lineno": 192, "epoch_num": 11, "step": 10, "instance": 0}}
:::MLLOG {"namespace": "", "time_ms": 1663214371446, "event_type": "POINT_IN_TIME", "key": "eval_error", "value": 0.15399673581123352, "metadata": {"file": "/lus/grand/projects/datascience/hzheng/mlperf-2022/optimized-hpc/cosmoflow/pytorch/trainer.py", "lineno": 197, "epoch_num": 11, "instance": 0}}
:::MLLOG {"namespace": "", "time_ms": 1663214371446, "event_type": "INTERVAL_START", "key": "epoch_start", "value": null, "metadata": {"file": "/lus/grand/projects/datascience/hzheng/mlperf-2022/optimized-hpc/cosmoflow/pytorch/trainer.py", "lineno": 172, "epoch_num": 12, "lr": [0.008], "instance": 0}}
:::MLLOG {"namespace": "", "time_ms": 1663214774276, "event_type": "INTERVAL_START", "key": "eval_start", "value": null, "metadata": {"file": "/lus/grand/projects/datascience/hzheng/mlperf-2022/optimized-hpc/cosmoflow/pytorch/trainer.py", "lineno": 179, "epoch_num": 12, "instance": 0}}
:::MLLOG {"namespace": "", "time_ms": 1663214775851, "event_type": "INTERVAL_START", "key": "eval_stop", "value": null, "metadata": {"file": "/lus/grand/projects/datascience/hzheng/mlperf-2022/optimized-hpc/cosmoflow/pytorch/trainer.py", "lineno": 183, "epoch_num": 12, "instance": 0}}
:::MLLOG {"namespace": "", "time_ms": 1663214775851, "event_type": "INTERVAL_END", "key": "epoch_stop", "value": null, "metadata": {"file": "/lus/grand/projects/datascience/hzheng/mlperf-2022/optimized-hpc/cosmoflow/pytorch/utils/utils.py", "lineno": 214, "epoch_num": 12, "training_epoch_latency": 402831.34375, "eval_epoch_latency": 1564.673095703125, "instance": 0}}
:::MLLOG {"namespace": "", "time_ms": 1663214775852, "event_type": "POINT_IN_TIME", "key": "tracked_stats", "value": {"throughput": 1301.507462451524}, "metadata": {"file": "/lus/grand/projects/datascience/hzheng/mlperf-2022/optimized-hpc/cosmoflow/pytorch/trainer.py", "lineno": 192, "epoch_num": 12, "step": 11, "instance": 0}}
:::MLLOG {"namespace": "", "time_ms": 1663214775852, "event_type": "POINT_IN_TIME", "key": "eval_error", "value": 0.17369814217090607, "metadata": {"file": "/lus/grand/projects/datascience/hzheng/mlperf-2022/optimized-hpc/cosmoflow/pytorch/trainer.py", "lineno": 197, "epoch_num": 12, "instance": 0}}
:::MLLOG {"namespace": "", "time_ms": 1663214775852, "event_type": "INTERVAL_START", "key": "epoch_start", "value": null, "metadata": {"file": "/lus/grand/projects/datascience/hzheng/mlperf-2022/optimized-hpc/cosmoflow/pytorch/trainer.py", "lineno": 172, "epoch_num": 13, "lr": [0.008], "instance": 0}}
:::MLLOG {"namespace": "", "time_ms": 1663215177025, "event_type": "INTERVAL_START", "key": "eval_start", "value": null, "metadata": {"file": "/lus/grand/projects/datascience/hzheng/mlperf-2022/optimized-hpc/cosmoflow/pytorch/trainer.py", "lineno": 179, "epoch_num": 13, "instance": 0}}
:::MLLOG {"namespace": "", "time_ms": 1663215178669, "event_type": "INTERVAL_START", "key": "eval_stop", "value": null, "metadata": {"file": "/lus/grand/projects/datascience/hzheng/mlperf-2022/optimized-hpc/cosmoflow/pytorch/trainer.py", "lineno": 183, "epoch_num": 13, "instance": 0}}
:::MLLOG {"namespace": "", "time_ms": 1663215178669, "event_type": "INTERVAL_END", "key": "epoch_stop", "value": null, "metadata": {"file": "/lus/grand/projects/datascience/hzheng/mlperf-2022/optimized-hpc/cosmoflow/pytorch/utils/utils.py", "lineno": 214, "epoch_num": 13, "training_epoch_latency": 401174.09375, "eval_epoch_latency": 1643.9091796875, "instance": 0}}
:::MLLOG {"namespace": "", "time_ms": 1663215178669, "event_type": "POINT_IN_TIME", "key": "tracked_stats", "value": {"throughput": 1306.88398919079}, "metadata": {"file": "/lus/grand/projects/datascience/hzheng/mlperf-2022/optimized-hpc/cosmoflow/pytorch/trainer.py", "lineno": 192, "epoch_num": 13, "step": 12, "instance": 0}}
:::MLLOG {"namespace": "", "time_ms": 1663215178670, "event_type": "POINT_IN_TIME", "key": "eval_error", "value": 0.1670471876859665, "metadata": {"file": "/lus/grand/projects/datascience/hzheng/mlperf-2022/optimized-hpc/cosmoflow/pytorch/trainer.py", "lineno": 197, "epoch_num": 13, "instance": 0}}
:::MLLOG {"namespace": "", "time_ms": 1663215178670, "event_type": "INTERVAL_START", "key": "epoch_start", "value": null, "metadata": {"file": "/lus/grand/projects/datascience/hzheng/mlperf-2022/optimized-hpc/cosmoflow/pytorch/trainer.py", "lineno": 172, "epoch_num": 14, "lr": [0.008], "instance": 0}}
:::MLLOG {"namespace": "", "time_ms": 1663215579814, "event_type": "INTERVAL_START", "key": "eval_start", "value": null, "metadata": {"file": "/lus/grand/projects/datascience/hzheng/mlperf-2022/optimized-hpc/cosmoflow/pytorch/trainer.py", "lineno": 179, "epoch_num": 14, "instance": 0}}
:::MLLOG {"namespace": "", "time_ms": 1663215581470, "event_type": "INTERVAL_START", "key": "eval_stop", "value": null, "metadata": {"file": "/lus/grand/projects/datascience/hzheng/mlperf-2022/optimized-hpc/cosmoflow/pytorch/trainer.py", "lineno": 183, "epoch_num": 14, "instance": 0}}
:::MLLOG {"namespace": "", "time_ms": 1663215581470, "event_type": "INTERVAL_END", "key": "epoch_stop", "value": null, "metadata": {"file": "/lus/grand/projects/datascience/hzheng/mlperf-2022/optimized-hpc/cosmoflow/pytorch/utils/utils.py", "lineno": 214, "epoch_num": 14, "training_epoch_latency": 401145.6875, "eval_epoch_latency": 1655.4071044921875, "instance": 0}}
:::MLLOG {"namespace": "", "time_ms": 1663215581470, "event_type": "POINT_IN_TIME", "key": "tracked_stats", "value": {"throughput": 1306.9765333074906}, "metadata": {"file": "/lus/grand/projects/datascience/hzheng/mlperf-2022/optimized-hpc/cosmoflow/pytorch/trainer.py", "lineno": 192, "epoch_num": 14, "step": 13, "instance": 0}}
:::MLLOG {"namespace": "", "time_ms": 1663215581470, "event_type": "POINT_IN_TIME", "key": "eval_error", "value": 0.1492575854063034, "metadata": {"file": "/lus/grand/projects/datascience/hzheng/mlperf-2022/optimized-hpc/cosmoflow/pytorch/trainer.py", "lineno": 197, "epoch_num": 14, "instance": 0}}
:::MLLOG {"namespace": "", "time_ms": 1663215581471, "event_type": "INTERVAL_START", "key": "epoch_start", "value": null, "metadata": {"file": "/lus/grand/projects/datascience/hzheng/mlperf-2022/optimized-hpc/cosmoflow/pytorch/trainer.py", "lineno": 172, "epoch_num": 15, "lr": [0.008], "instance": 0}}
:::MLLOG {"namespace": "", "time_ms": 1663215984000, "event_type": "INTERVAL_START", "key": "eval_start", "value": null, "metadata": {"file": "/lus/grand/projects/datascience/hzheng/mlperf-2022/optimized-hpc/cosmoflow/pytorch/trainer.py", "lineno": 179, "epoch_num": 15, "instance": 0}}
:::MLLOG {"namespace": "", "time_ms": 1663215985634, "event_type": "INTERVAL_START", "key": "eval_stop", "value": null, "metadata": {"file": "/lus/grand/projects/datascience/hzheng/mlperf-2022/optimized-hpc/cosmoflow/pytorch/trainer.py", "lineno": 183, "epoch_num": 15, "instance": 0}}
:::MLLOG {"namespace": "", "time_ms": 1663215985634, "event_type": "INTERVAL_END", "key": "epoch_stop", "value": null, "metadata": {"file": "/lus/grand/projects/datascience/hzheng/mlperf-2022/optimized-hpc/cosmoflow/pytorch/utils/utils.py", "lineno": 214, "epoch_num": 15, "training_epoch_latency": 402531.03125, "eval_epoch_latency": 1633.4122314453125, "instance": 0}}
:::MLLOG {"namespace": "", "time_ms": 1663215985635, "event_type": "POINT_IN_TIME", "key": "tracked_stats", "value": {"throughput": 1302.478465751825}, "metadata": {"file": "/lus/grand/projects/datascience/hzheng/mlperf-2022/optimized-hpc/cosmoflow/pytorch/trainer.py", "lineno": 192, "epoch_num": 15, "step": 14, "instance": 0}}
:::MLLOG {"namespace": "", "time_ms": 1663215985635, "event_type": "POINT_IN_TIME", "key": "eval_error", "value": 0.14183492958545685, "metadata": {"file": "/lus/grand/projects/datascience/hzheng/mlperf-2022/optimized-hpc/cosmoflow/pytorch/trainer.py", "lineno": 197, "epoch_num": 15, "instance": 0}}
:::MLLOG {"namespace": "", "time_ms": 1663215985635, "event_type": "INTERVAL_START", "key": "epoch_start", "value": null, "metadata": {"file": "/lus/grand/projects/datascience/hzheng/mlperf-2022/optimized-hpc/cosmoflow/pytorch/trainer.py", "lineno": 172, "epoch_num": 16, "lr": [0.008], "instance": 0}}
:::MLLOG {"namespace": "", "time_ms": 1663216386703, "event_type": "INTERVAL_START", "key": "eval_start", "value": null, "metadata": {"file": "/lus/grand/projects/datascience/hzheng/mlperf-2022/optimized-hpc/cosmoflow/pytorch/trainer.py", "lineno": 179, "epoch_num": 16, "instance": 0}}
:::MLLOG {"namespace": "", "time_ms": 1663216388358, "event_type": "INTERVAL_START", "key": "eval_stop", "value": null, "metadata": {"file": "/lus/grand/projects/datascience/hzheng/mlperf-2022/optimized-hpc/cosmoflow/pytorch/trainer.py", "lineno": 183, "epoch_num": 16, "instance": 0}}
:::MLLOG {"namespace": "", "time_ms": 1663216388358, "event_type": "INTERVAL_END", "key": "epoch_stop", "value": null, "metadata": {"file": "/lus/grand/projects/datascience/hzheng/mlperf-2022/optimized-hpc/cosmoflow/pytorch/utils/utils.py", "lineno": 214, "epoch_num": 16, "training_epoch_latency": 401069.34375, "eval_epoch_latency": 1652.802490234375, "instance": 0}}
:::MLLOG {"namespace": "", "time_ms": 1663216388359, "event_type": "POINT_IN_TIME", "key": "tracked_stats", "value": {"throughput": 1307.2253169437113}, "metadata": {"file": "/lus/grand/projects/datascience/hzheng/mlperf-2022/optimized-hpc/cosmoflow/pytorch/trainer.py", "lineno": 192, "epoch_num": 16, "step": 15, "instance": 0}}
:::MLLOG {"namespace": "", "time_ms": 1663216388359, "event_type": "POINT_IN_TIME", "key": "eval_error", "value": 0.15640126168727875, "metadata": {"file": "/lus/grand/projects/datascience/hzheng/mlperf-2022/optimized-hpc/cosmoflow/pytorch/trainer.py", "lineno": 197, "epoch_num": 16, "instance": 0}}
:::MLLOG {"namespace": "", "time_ms": 1663216388360, "event_type": "INTERVAL_START", "key": "epoch_start", "value": null, "metadata": {"file": "/lus/grand/projects/datascience/hzheng/mlperf-2022/optimized-hpc/cosmoflow/pytorch/trainer.py", "lineno": 172, "epoch_num": 17, "lr": [0.008], "instance": 0}}
:::MLLOG {"namespace": "", "time_ms": 1663216791308, "event_type": "INTERVAL_START", "key": "eval_start", "value": null, "metadata": {"file": "/lus/grand/projects/datascience/hzheng/mlperf-2022/optimized-hpc/cosmoflow/pytorch/trainer.py", "lineno": 179, "epoch_num": 17, "instance": 0}}
:::MLLOG {"namespace": "", "time_ms": 1663216792939, "event_type": "INTERVAL_START", "key": "eval_stop", "value": null, "metadata": {"file": "/lus/grand/projects/datascience/hzheng/mlperf-2022/optimized-hpc/cosmoflow/pytorch/trainer.py", "lineno": 183, "epoch_num": 17, "instance": 0}}
:::MLLOG {"namespace": "", "time_ms": 1663216792940, "event_type": "INTERVAL_END", "key": "epoch_stop", "value": null, "metadata": {"file": "/lus/grand/projects/datascience/hzheng/mlperf-2022/optimized-hpc/cosmoflow/pytorch/utils/utils.py", "lineno": 214, "epoch_num": 17, "training_epoch_latency": 402950.15625, "eval_epoch_latency": 1630.792236328125, "instance": 0}}
:::MLLOG {"namespace": "", "time_ms": 1663216792940, "event_type": "POINT_IN_TIME", "key": "tracked_stats", "value": {"throughput": 1301.1237044283935}, "metadata": {"file": "/lus/grand/projects/datascience/hzheng/mlperf-2022/optimized-hpc/cosmoflow/pytorch/trainer.py", "lineno": 192, "epoch_num": 17, "step": 16, "instance": 0}}
:::MLLOG {"namespace": "", "time_ms": 1663216792940, "event_type": "POINT_IN_TIME", "key": "eval_error", "value": 0.13903219997882843, "metadata": {"file": "/lus/grand/projects/datascience/hzheng/mlperf-2022/optimized-hpc/cosmoflow/pytorch/trainer.py", "lineno": 197, "epoch_num": 17, "instance": 0}}
:::MLLOG {"namespace": "", "time_ms": 1663216792940, "event_type": "INTERVAL_START", "key": "epoch_start", "value": null, "metadata": {"file": "/lus/grand/projects/datascience/hzheng/mlperf-2022/optimized-hpc/cosmoflow/pytorch/trainer.py", "lineno": 172, "epoch_num": 18, "lr": [0.008], "instance": 0}}
:::MLLOG {"namespace": "", "time_ms": 1663217195994, "event_type": "INTERVAL_START", "key": "eval_start", "value": null, "metadata": {"file": "/lus/grand/projects/datascience/hzheng/mlperf-2022/optimized-hpc/cosmoflow/pytorch/trainer.py", "lineno": 179, "epoch_num": 18, "instance": 0}}
:::MLLOG {"namespace": "", "time_ms": 1663217197625, "event_type": "INTERVAL_START", "key": "eval_stop", "value": null, "metadata": {"file": "/lus/grand/projects/datascience/hzheng/mlperf-2022/optimized-hpc/cosmoflow/pytorch/trainer.py", "lineno": 183, "epoch_num": 18, "instance": 0}}
:::MLLOG {"namespace": "", "time_ms": 1663217197626, "event_type": "INTERVAL_END", "key": "epoch_stop", "value": null, "metadata": {"file": "/lus/grand/projects/datascience/hzheng/mlperf-2022/optimized-hpc/cosmoflow/pytorch/utils/utils.py", "lineno": 214, "epoch_num": 18, "training_epoch_latency": 403056.09375, "eval_epoch_latency": 1629.9771728515625, "instance": 0}}
:::MLLOG {"namespace": "", "time_ms": 1663217197626, "event_type": "POINT_IN_TIME", "key": "tracked_stats", "value": {"throughput": 1300.7817227673413}, "metadata": {"file": "/lus/grand/projects/datascience/hzheng/mlperf-2022/optimized-hpc/cosmoflow/pytorch/trainer.py", "lineno": 192, "epoch_num": 18, "step": 17, "instance": 0}}
:::MLLOG {"namespace": "", "time_ms": 1663217197626, "event_type": "POINT_IN_TIME", "key": "eval_error", "value": 0.15599511563777924, "metadata": {"file": "/lus/grand/projects/datascience/hzheng/mlperf-2022/optimized-hpc/cosmoflow/pytorch/trainer.py", "lineno": 197, "epoch_num": 18, "instance": 0}}
:::MLLOG {"namespace": "", "time_ms": 1663217197626, "event_type": "INTERVAL_START", "key": "epoch_start", "value": null, "metadata": {"file": "/lus/grand/projects/datascience/hzheng/mlperf-2022/optimized-hpc/cosmoflow/pytorch/trainer.py", "lineno": 172, "epoch_num": 19, "lr": [0.008], "instance": 0}}
:::MLLOG {"namespace": "", "time_ms": 1663217599150, "event_type": "INTERVAL_START", "key": "eval_start", "value": null, "metadata": {"file": "/lus/grand/projects/datascience/hzheng/mlperf-2022/optimized-hpc/cosmoflow/pytorch/trainer.py", "lineno": 179, "epoch_num": 19, "instance": 0}}
:::MLLOG {"namespace": "", "time_ms": 1663217600796, "event_type": "INTERVAL_START", "key": "eval_stop", "value": null, "metadata": {"file": "/lus/grand/projects/datascience/hzheng/mlperf-2022/optimized-hpc/cosmoflow/pytorch/trainer.py", "lineno": 183, "epoch_num": 19, "instance": 0}}
:::MLLOG {"namespace": "", "time_ms": 1663217600796, "event_type": "INTERVAL_END", "key": "epoch_stop", "value": null, "metadata": {"file": "/lus/grand/projects/datascience/hzheng/mlperf-2022/optimized-hpc/cosmoflow/pytorch/utils/utils.py", "lineno": 214, "epoch_num": 19, "training_epoch_latency": 401525.46875, "eval_epoch_latency": 1645.474365234375, "instance": 0}}
:::MLLOG {"namespace": "", "time_ms": 1663217600796, "event_type": "POINT_IN_TIME", "key": "tracked_stats", "value": {"throughput": 1305.7403348090854}, "metadata": {"file": "/lus/grand/projects/datascience/hzheng/mlperf-2022/optimized-hpc/cosmoflow/pytorch/trainer.py", "lineno": 192, "epoch_num": 19, "step": 18, "instance": 0}}
:::MLLOG {"namespace": "", "time_ms": 1663217600796, "event_type": "POINT_IN_TIME", "key": "eval_error", "value": 0.14650636911392212, "metadata": {"file": "/lus/grand/projects/datascience/hzheng/mlperf-2022/optimized-hpc/cosmoflow/pytorch/trainer.py", "lineno": 197, "epoch_num": 19, "instance": 0}}
:::MLLOG {"namespace": "", "time_ms": 1663217600797, "event_type": "INTERVAL_START", "key": "epoch_start", "value": null, "metadata": {"file": "/lus/grand/projects/datascience/hzheng/mlperf-2022/optimized-hpc/cosmoflow/pytorch/trainer.py", "lineno": 172, "epoch_num": 20, "lr": [0.008], "instance": 0}}
:::MLLOG {"namespace": "", "time_ms": 1663218007596, "event_type": "INTERVAL_START", "key": "eval_start", "value": null, "metadata": {"file": "/lus/grand/projects/datascience/hzheng/mlperf-2022/optimized-hpc/cosmoflow/pytorch/trainer.py", "lineno": 179, "epoch_num": 20, "instance": 0}}
:::MLLOG {"namespace": "", "time_ms": 1663218010146, "event_type": "INTERVAL_START", "key": "eval_stop", "value": null, "metadata": {"file": "/lus/grand/projects/datascience/hzheng/mlperf-2022/optimized-hpc/cosmoflow/pytorch/trainer.py", "lineno": 183, "epoch_num": 20, "instance": 0}}
:::MLLOG {"namespace": "", "time_ms": 1663218010147, "event_type": "INTERVAL_END", "key": "epoch_stop", "value": null, "metadata": {"file": "/lus/grand/projects/datascience/hzheng/mlperf-2022/optimized-hpc/cosmoflow/pytorch/utils/utils.py", "lineno": 214, "epoch_num": 20, "training_epoch_latency": 406801.625, "eval_epoch_latency": 2547.375732421875, "instance": 0}}
:::MLLOG {"namespace": "", "time_ms": 1663218010147, "event_type": "POINT_IN_TIME", "key": "tracked_stats", "value": {"throughput": 1288.8050779049863}, "metadata": {"file": "/lus/grand/projects/datascience/hzheng/mlperf-2022/optimized-hpc/cosmoflow/pytorch/trainer.py", "lineno": 192, "epoch_num": 20, "step": 19, "instance": 0}}
:::MLLOG {"namespace": "", "time_ms": 1663218010147, "event_type": "POINT_IN_TIME", "key": "eval_error", "value": 0.13383589684963226, "metadata": {"file": "/lus/grand/projects/datascience/hzheng/mlperf-2022/optimized-hpc/cosmoflow/pytorch/trainer.py", "lineno": 197, "epoch_num": 20, "instance": 0}}
:::MLLOG {"namespace": "", "time_ms": 1663218010148, "event_type": "INTERVAL_START", "key": "epoch_start", "value": null, "metadata": {"file": "/lus/grand/projects/datascience/hzheng/mlperf-2022/optimized-hpc/cosmoflow/pytorch/trainer.py", "lineno": 172, "epoch_num": 21, "lr": [0.008], "instance": 0}}
:::MLLOG {"namespace": "", "time_ms": 1663218411412, "event_type": "INTERVAL_START", "key": "eval_start", "value": null, "metadata": {"file": "/lus/grand/projects/datascience/hzheng/mlperf-2022/optimized-hpc/cosmoflow/pytorch/trainer.py", "lineno": 179, "epoch_num": 21, "instance": 0}}
:::MLLOG {"namespace": "", "time_ms": 1663218413076, "event_type": "INTERVAL_START", "key": "eval_stop", "value": null, "metadata": {"file": "/lus/grand/projects/datascience/hzheng/mlperf-2022/optimized-hpc/cosmoflow/pytorch/trainer.py", "lineno": 183, "epoch_num": 21, "instance": 0}}
:::MLLOG {"namespace": "", "time_ms": 1663218413077, "event_type": "INTERVAL_END", "key": "epoch_stop", "value": null, "metadata": {"file": "/lus/grand/projects/datascience/hzheng/mlperf-2022/optimized-hpc/cosmoflow/pytorch/utils/utils.py", "lineno": 214, "epoch_num": 21, "training_epoch_latency": 401265.96875, "eval_epoch_latency": 1664.0606689453125, "instance": 0}}
:::MLLOG {"namespace": "", "time_ms": 1663218413077, "event_type": "POINT_IN_TIME", "key": "tracked_stats", "value": {"throughput": 1306.5847613073965}, "metadata": {"file": "/lus/grand/projects/datascience/hzheng/mlperf-2022/optimized-hpc/cosmoflow/pytorch/trainer.py", "lineno": 192, "epoch_num": 21, "step": 20, "instance": 0}}
:::MLLOG {"namespace": "", "time_ms": 1663218413077, "event_type": "POINT_IN_TIME", "key": "eval_error", "value": 0.15492422878742218, "metadata": {"file": "/lus/grand/projects/datascience/hzheng/mlperf-2022/optimized-hpc/cosmoflow/pytorch/trainer.py", "lineno": 197, "epoch_num": 21, "instance": 0}}
:::MLLOG {"namespace": "", "time_ms": 1663218413077, "event_type": "INTERVAL_START", "key": "epoch_start", "value": null, "metadata": {"file": "/lus/grand/projects/datascience/hzheng/mlperf-2022/optimized-hpc/cosmoflow/pytorch/trainer.py", "lineno": 172, "epoch_num": 22, "lr": [0.008], "instance": 0}}
:::MLLOG {"namespace": "", "time_ms": 1663218814210, "event_type": "INTERVAL_START", "key": "eval_start", "value": null, "metadata": {"file": "/lus/grand/projects/datascience/hzheng/mlperf-2022/optimized-hpc/cosmoflow/pytorch/trainer.py", "lineno": 179, "epoch_num": 22, "instance": 0}}
:::MLLOG {"namespace": "", "time_ms": 1663218815832, "event_type": "INTERVAL_START", "key": "eval_stop", "value": null, "metadata": {"file": "/lus/grand/projects/datascience/hzheng/mlperf-2022/optimized-hpc/cosmoflow/pytorch/trainer.py", "lineno": 183, "epoch_num": 22, "instance": 0}}
:::MLLOG {"namespace": "", "time_ms": 1663218815833, "event_type": "INTERVAL_END", "key": "epoch_stop", "value": null, "metadata": {"file": "/lus/grand/projects/datascience/hzheng/mlperf-2022/optimized-hpc/cosmoflow/pytorch/utils/utils.py", "lineno": 214, "epoch_num": 22, "training_epoch_latency": 401134.25, "eval_epoch_latency": 1622.23095703125, "instance": 0}}
:::MLLOG {"namespace": "", "time_ms": 1663218815833, "event_type": "POINT_IN_TIME", "key": "tracked_stats", "value": {"throughput": 1307.0137989962213}, "metadata": {"file": "/lus/grand/projects/datascience/hzheng/mlperf-2022/optimized-hpc/cosmoflow/pytorch/trainer.py", "lineno": 192, "epoch_num": 22, "step": 21, "instance": 0}}
:::MLLOG {"namespace": "", "time_ms": 1663218815833, "event_type": "POINT_IN_TIME", "key": "eval_error", "value": 0.14237427711486816, "metadata": {"file": "/lus/grand/projects/datascience/hzheng/mlperf-2022/optimized-hpc/cosmoflow/pytorch/trainer.py", "lineno": 197, "epoch_num": 22, "instance": 0}}
:::MLLOG {"namespace": "", "time_ms": 1663218815833, "event_type": "INTERVAL_START", "key": "epoch_start", "value": null, "metadata": {"file": "/lus/grand/projects/datascience/hzheng/mlperf-2022/optimized-hpc/cosmoflow/pytorch/trainer.py", "lineno": 172, "epoch_num": 23, "lr": [0.008], "instance": 0}}
:::MLLOG {"namespace": "", "time_ms": 1663219216213, "event_type": "INTERVAL_START", "key": "eval_start", "value": null, "metadata": {"file": "/lus/grand/projects/datascience/hzheng/mlperf-2022/optimized-hpc/cosmoflow/pytorch/trainer.py", "lineno": 179, "epoch_num": 23, "instance": 0}}
:::MLLOG {"namespace": "", "time_ms": 1663219217851, "event_type": "INTERVAL_START", "key": "eval_stop", "value": null, "metadata": {"file": "/lus/grand/projects/datascience/hzheng/mlperf-2022/optimized-hpc/cosmoflow/pytorch/trainer.py", "lineno": 183, "epoch_num": 23, "instance": 0}}
:::MLLOG {"namespace": "", "time_ms": 1663219217852, "event_type": "INTERVAL_END", "key": "epoch_stop", "value": null, "metadata": {"file": "/lus/grand/projects/datascience/hzheng/mlperf-2022/optimized-hpc/cosmoflow/pytorch/utils/utils.py", "lineno": 214, "epoch_num": 23, "training_epoch_latency": 400381.1875, "eval_epoch_latency": 1638.1622314453125, "instance": 0}}
:::MLLOG {"namespace": "", "time_ms": 1663219217852, "event_type": "POINT_IN_TIME", "key": "tracked_stats", "value": {"throughput": 1309.472113996365}, "metadata": {"file": "/lus/grand/projects/datascience/hzheng/mlperf-2022/optimized-hpc/cosmoflow/pytorch/trainer.py", "lineno": 192, "epoch_num": 23, "step": 22, "instance": 0}}
:::MLLOG {"namespace": "", "time_ms": 1663219217852, "event_type": "POINT_IN_TIME", "key": "eval_error", "value": 0.1340527981519699, "metadata": {"file": "/lus/grand/projects/datascience/hzheng/mlperf-2022/optimized-hpc/cosmoflow/pytorch/trainer.py", "lineno": 197, "epoch_num": 23, "instance": 0}}
:::MLLOG {"namespace": "", "time_ms": 1663219217853, "event_type": "INTERVAL_START", "key": "epoch_start", "value": null, "metadata": {"file": "/lus/grand/projects/datascience/hzheng/mlperf-2022/optimized-hpc/cosmoflow/pytorch/trainer.py", "lineno": 172, "epoch_num": 24, "lr": [0.008], "instance": 0}}
:::MLLOG {"namespace": "", "time_ms": 1663219619955, "event_type": "INTERVAL_START", "key": "eval_start", "value": null, "metadata": {"file": "/lus/grand/projects/datascience/hzheng/mlperf-2022/optimized-hpc/cosmoflow/pytorch/trainer.py", "lineno": 179, "epoch_num": 24, "instance": 0}}
:::MLLOG {"namespace": "", "time_ms": 1663219621620, "event_type": "INTERVAL_START", "key": "eval_stop", "value": null, "metadata": {"file": "/lus/grand/projects/datascience/hzheng/mlperf-2022/optimized-hpc/cosmoflow/pytorch/trainer.py", "lineno": 183, "epoch_num": 24, "instance": 0}}
:::MLLOG {"namespace": "", "time_ms": 1663219621621, "event_type": "INTERVAL_END", "key": "epoch_stop", "value": null, "metadata": {"file": "/lus/grand/projects/datascience/hzheng/mlperf-2022/optimized-hpc/cosmoflow/pytorch/utils/utils.py", "lineno": 214, "epoch_num": 24, "training_epoch_latency": 402104.0, "eval_epoch_latency": 1664.5987548828125, "instance": 0}}
:::MLLOG {"namespace": "", "time_ms": 1663219621621, "event_type": "POINT_IN_TIME", "key": "tracked_stats", "value": {"throughput": 1303.8616875236257}, "metadata": {"file": "/lus/grand/projects/datascience/hzheng/mlperf-2022/optimized-hpc/cosmoflow/pytorch/trainer.py", "lineno": 192, "epoch_num": 24, "step": 23, "instance": 0}}
:::MLLOG {"namespace": "", "time_ms": 1663219621621, "event_type": "POINT_IN_TIME", "key": "eval_error", "value": 0.13103266060352325, "metadata": {"file": "/lus/grand/projects/datascience/hzheng/mlperf-2022/optimized-hpc/cosmoflow/pytorch/trainer.py", "lineno": 197, "epoch_num": 24, "instance": 0}}
:::MLLOG {"namespace": "", "time_ms": 1663219621621, "event_type": "INTERVAL_START", "key": "epoch_start", "value": null, "metadata": {"file": "/lus/grand/projects/datascience/hzheng/mlperf-2022/optimized-hpc/cosmoflow/pytorch/trainer.py", "lineno": 172, "epoch_num": 25, "lr": [0.008], "instance": 0}}
:::MLLOG {"namespace": "", "time_ms": 1663220022783, "event_type": "INTERVAL_START", "key": "eval_start", "value": null, "metadata": {"file": "/lus/grand/projects/datascience/hzheng/mlperf-2022/optimized-hpc/cosmoflow/pytorch/trainer.py", "lineno": 179, "epoch_num": 25, "instance": 0}}
:::MLLOG {"namespace": "", "time_ms": 1663220024454, "event_type": "INTERVAL_START", "key": "eval_stop", "value": null, "metadata": {"file": "/lus/grand/projects/datascience/hzheng/mlperf-2022/optimized-hpc/cosmoflow/pytorch/trainer.py", "lineno": 183, "epoch_num": 25, "instance": 0}}
:::MLLOG {"namespace": "", "time_ms": 1663220024455, "event_type": "INTERVAL_END", "key": "epoch_stop", "value": null, "metadata": {"file": "/lus/grand/projects/datascience/hzheng/mlperf-2022/optimized-hpc/cosmoflow/pytorch/utils/utils.py", "lineno": 214, "epoch_num": 25, "training_epoch_latency": 401163.25, "eval_epoch_latency": 1671.0472412109375, "instance": 0}}
:::MLLOG {"namespace": "", "time_ms": 1663220024455, "event_type": "POINT_IN_TIME", "key": "tracked_stats", "value": {"throughput": 1306.9193152662913}, "metadata": {"file": "/lus/grand/projects/datascience/hzheng/mlperf-2022/optimized-hpc/cosmoflow/pytorch/trainer.py", "lineno": 192, "epoch_num": 25, "step": 24, "instance": 0}}
:::MLLOG {"namespace": "", "time_ms": 1663220024456, "event_type": "POINT_IN_TIME", "key": "eval_error", "value": 0.13323986530303955, "metadata": {"file": "/lus/grand/projects/datascience/hzheng/mlperf-2022/optimized-hpc/cosmoflow/pytorch/trainer.py", "lineno": 197, "epoch_num": 25, "instance": 0}}
:::MLLOG {"namespace": "", "time_ms": 1663220024456, "event_type": "INTERVAL_START", "key": "epoch_start", "value": null, "metadata": {"file": "/lus/grand/projects/datascience/hzheng/mlperf-2022/optimized-hpc/cosmoflow/pytorch/trainer.py", "lineno": 172, "epoch_num": 26, "lr": [0.008], "instance": 0}}
:::MLLOG {"namespace": "", "time_ms": 1663220425816, "event_type": "INTERVAL_START", "key": "eval_start", "value": null, "metadata": {"file": "/lus/grand/projects/datascience/hzheng/mlperf-2022/optimized-hpc/cosmoflow/pytorch/trainer.py", "lineno": 179, "epoch_num": 26, "instance": 0}}
:::MLLOG {"namespace": "", "time_ms": 1663220427442, "event_type": "INTERVAL_START", "key": "eval_stop", "value": null, "metadata": {"file": "/lus/grand/projects/datascience/hzheng/mlperf-2022/optimized-hpc/cosmoflow/pytorch/trainer.py", "lineno": 183, "epoch_num": 26, "instance": 0}}
:::MLLOG {"namespace": "", "time_ms": 1663220427443, "event_type": "INTERVAL_END", "key": "epoch_stop", "value": null, "metadata": {"file": "/lus/grand/projects/datascience/hzheng/mlperf-2022/optimized-hpc/cosmoflow/pytorch/utils/utils.py", "lineno": 214, "epoch_num": 26, "training_epoch_latency": 401362.15625, "eval_epoch_latency": 1610.2091064453125, "instance": 0}}
:::MLLOG {"namespace": "", "time_ms": 1663220427443, "event_type": "POINT_IN_TIME", "key": "tracked_stats", "value": {"throughput": 1306.271634821077}, "metadata": {"file": "/lus/grand/projects/datascience/hzheng/mlperf-2022/optimized-hpc/cosmoflow/pytorch/trainer.py", "lineno": 192, "epoch_num": 26, "step": 25, "instance": 0}}
:::MLLOG {"namespace": "", "time_ms": 1663220427444, "event_type": "POINT_IN_TIME", "key": "eval_error", "value": 0.1447373479604721, "metadata": {"file": "/lus/grand/projects/datascience/hzheng/mlperf-2022/optimized-hpc/cosmoflow/pytorch/trainer.py", "lineno": 197, "epoch_num": 26, "instance": 0}}
:::MLLOG {"namespace": "", "time_ms": 1663220427444, "event_type": "INTERVAL_START", "key": "epoch_start", "value": null, "metadata": {"file": "/lus/grand/projects/datascience/hzheng/mlperf-2022/optimized-hpc/cosmoflow/pytorch/trainer.py", "lineno": 172, "epoch_num": 27, "lr": [0.008], "instance": 0}}
:::MLLOG {"namespace": "", "time_ms": 1663220830311, "event_type": "INTERVAL_START", "key": "eval_start", "value": null, "metadata": {"file": "/lus/grand/projects/datascience/hzheng/mlperf-2022/optimized-hpc/cosmoflow/pytorch/trainer.py", "lineno": 179, "epoch_num": 27, "instance": 0}}
:::MLLOG {"namespace": "", "time_ms": 1663220831913, "event_type": "INTERVAL_START", "key": "eval_stop", "value": null, "metadata": {"file": "/lus/grand/projects/datascience/hzheng/mlperf-2022/optimized-hpc/cosmoflow/pytorch/trainer.py", "lineno": 183, "epoch_num": 27, "instance": 0}}
:::MLLOG {"namespace": "", "time_ms": 1663220831914, "event_type": "INTERVAL_END", "key": "epoch_stop", "value": null, "metadata": {"file": "/lus/grand/projects/datascience/hzheng/mlperf-2022/optimized-hpc/cosmoflow/pytorch/utils/utils.py", "lineno": 214, "epoch_num": 27, "training_epoch_latency": 402868.625, "eval_epoch_latency": 1602.2137451171875, "instance": 0}}
:::MLLOG {"namespace": "", "time_ms": 1663220831914, "event_type": "POINT_IN_TIME", "key": "tracked_stats", "value": {"throughput": 1301.3870216376367}, "metadata": {"file": "/lus/grand/projects/datascience/hzheng/mlperf-2022/optimized-hpc/cosmoflow/pytorch/trainer.py", "lineno": 192, "epoch_num": 27, "step": 26, "instance": 0}}
:::MLLOG {"namespace": "", "time_ms": 1663220831914, "event_type": "POINT_IN_TIME", "key": "eval_error", "value": 0.13028942048549652, "metadata": {"file": "/lus/grand/projects/datascience/hzheng/mlperf-2022/optimized-hpc/cosmoflow/pytorch/trainer.py", "lineno": 197, "epoch_num": 27, "instance": 0}}
:::MLLOG {"namespace": "", "time_ms": 1663220831914, "event_type": "INTERVAL_START", "key": "epoch_start", "value": null, "metadata": {"file": "/lus/grand/projects/datascience/hzheng/mlperf-2022/optimized-hpc/cosmoflow/pytorch/trainer.py", "lineno": 172, "epoch_num": 28, "lr": [0.008], "instance": 0}}
:::MLLOG {"namespace": "", "time_ms": 1663221233824, "event_type": "INTERVAL_START", "key": "eval_start", "value": null, "metadata": {"file": "/lus/grand/projects/datascience/hzheng/mlperf-2022/optimized-hpc/cosmoflow/pytorch/trainer.py", "lineno": 179, "epoch_num": 28, "instance": 0}}
:::MLLOG {"namespace": "", "time_ms": 1663221235497, "event_type": "INTERVAL_START", "key": "eval_stop", "value": null, "metadata": {"file": "/lus/grand/projects/datascience/hzheng/mlperf-2022/optimized-hpc/cosmoflow/pytorch/trainer.py", "lineno": 183, "epoch_num": 28, "instance": 0}}
:::MLLOG {"namespace": "", "time_ms": 1663221235498, "event_type": "INTERVAL_END", "key": "epoch_stop", "value": null, "metadata": {"file": "/lus/grand/projects/datascience/hzheng/mlperf-2022/optimized-hpc/cosmoflow/pytorch/utils/utils.py", "lineno": 214, "epoch_num": 28, "training_epoch_latency": 401911.46875, "eval_epoch_latency": 1673.084228515625, "instance": 0}}
:::MLLOG {"namespace": "", "time_ms": 1663221235498, "event_type": "POINT_IN_TIME", "key": "tracked_stats", "value": {"throughput": 1304.486288063906}, "metadata": {"file": "/lus/grand/projects/datascience/hzheng/mlperf-2022/optimized-hpc/cosmoflow/pytorch/trainer.py", "lineno": 192, "epoch_num": 28, "step": 27, "instance": 0}}
:::MLLOG {"namespace": "", "time_ms": 1663221235499, "event_type": "POINT_IN_TIME", "key": "eval_error", "value": 0.12874779105186462, "metadata": {"file": "/lus/grand/projects/datascience/hzheng/mlperf-2022/optimized-hpc/cosmoflow/pytorch/trainer.py", "lineno": 197, "epoch_num": 28, "instance": 0}}
:::MLLOG {"namespace": "", "time_ms": 1663221235499, "event_type": "INTERVAL_START", "key": "epoch_start", "value": null, "metadata": {"file": "/lus/grand/projects/datascience/hzheng/mlperf-2022/optimized-hpc/cosmoflow/pytorch/trainer.py", "lineno": 172, "epoch_num": 29, "lr": [0.008], "instance": 0}}
:::MLLOG {"namespace": "", "time_ms": 1663221641493, "event_type": "INTERVAL_START", "key": "eval_start", "value": null, "metadata": {"file": "/lus/grand/projects/datascience/hzheng/mlperf-2022/optimized-hpc/cosmoflow/pytorch/trainer.py", "lineno": 179, "epoch_num": 29, "instance": 0}}
:::MLLOG {"namespace": "", "time_ms": 1663221643805, "event_type": "INTERVAL_START", "key": "eval_stop", "value": null, "metadata": {"file": "/lus/grand/projects/datascience/hzheng/mlperf-2022/optimized-hpc/cosmoflow/pytorch/trainer.py", "lineno": 183, "epoch_num": 29, "instance": 0}}
:::MLLOG {"namespace": "", "time_ms": 1663221643805, "event_type": "INTERVAL_END", "key": "epoch_stop", "value": null, "metadata": {"file": "/lus/grand/projects/datascience/hzheng/mlperf-2022/optimized-hpc/cosmoflow/pytorch/utils/utils.py", "lineno": 214, "epoch_num": 29, "training_epoch_latency": 405996.28125, "eval_epoch_latency": 2310.738037109375, "instance": 0}}
:::MLLOG {"namespace": "", "time_ms": 1663221643805, "event_type": "POINT_IN_TIME", "key": "tracked_stats", "value": {"throughput": 1291.361581898726}, "metadata": {"file": "/lus/grand/projects/datascience/hzheng/mlperf-2022/optimized-hpc/cosmoflow/pytorch/trainer.py", "lineno": 192, "epoch_num": 29, "step": 28, "instance": 0}}
:::MLLOG {"namespace": "", "time_ms": 1663221643805, "event_type": "POINT_IN_TIME", "key": "eval_error", "value": 0.12633873522281647, "metadata": {"file": "/lus/grand/projects/datascience/hzheng/mlperf-2022/optimized-hpc/cosmoflow/pytorch/trainer.py", "lineno": 197, "epoch_num": 29, "instance": 0}}
:::MLLOG {"namespace": "", "time_ms": 1663221643805, "event_type": "INTERVAL_START", "key": "epoch_start", "value": null, "metadata": {"file": "/lus/grand/projects/datascience/hzheng/mlperf-2022/optimized-hpc/cosmoflow/pytorch/trainer.py", "lineno": 172, "epoch_num": 30, "lr": [0.008], "instance": 0}}
:::MLLOG {"namespace": "", "time_ms": 1663222045738, "event_type": "INTERVAL_START", "key": "eval_start", "value": null, "metadata": {"file": "/lus/grand/projects/datascience/hzheng/mlperf-2022/optimized-hpc/cosmoflow/pytorch/trainer.py", "lineno": 179, "epoch_num": 30, "instance": 0}}
:::MLLOG {"namespace": "", "time_ms": 1663222047570, "event_type": "INTERVAL_START", "key": "eval_stop", "value": null, "metadata": {"file": "/lus/grand/projects/datascience/hzheng/mlperf-2022/optimized-hpc/cosmoflow/pytorch/trainer.py", "lineno": 183, "epoch_num": 30, "instance": 0}}
:::MLLOG {"namespace": "", "time_ms": 1663222047570, "event_type": "INTERVAL_END", "key": "epoch_stop", "value": null, "metadata": {"file": "/lus/grand/projects/datascience/hzheng/mlperf-2022/optimized-hpc/cosmoflow/pytorch/utils/utils.py", "lineno": 214, "epoch_num": 30, "training_epoch_latency": 401934.28125, "eval_epoch_latency": 1829.813232421875, "instance": 0}}
:::MLLOG {"namespace": "", "time_ms": 1663222047571, "event_type": "POINT_IN_TIME", "key": "tracked_stats", "value": {"throughput": 1304.412249608281}, "metadata": {"file": "/lus/grand/projects/datascience/hzheng/mlperf-2022/optimized-hpc/cosmoflow/pytorch/trainer.py", "lineno": 192, "epoch_num": 30, "step": 29, "instance": 0}}
:::MLLOG {"namespace": "", "time_ms": 1663222047571, "event_type": "POINT_IN_TIME", "key": "eval_error", "value": 0.13586688041687012, "metadata": {"file": "/lus/grand/projects/datascience/hzheng/mlperf-2022/optimized-hpc/cosmoflow/pytorch/trainer.py", "lineno": 197, "epoch_num": 30, "instance": 0}}
:::MLLOG {"namespace": "", "time_ms": 1663222047571, "event_type": "INTERVAL_START", "key": "epoch_start", "value": null, "metadata": {"file": "/lus/grand/projects/datascience/hzheng/mlperf-2022/optimized-hpc/cosmoflow/pytorch/trainer.py", "lineno": 172, "epoch_num": 31, "lr": [0.008], "instance": 0}}
:::MLLOG {"namespace": "", "time_ms": 1663222448838, "event_type": "INTERVAL_START", "key": "eval_start", "value": null, "metadata": {"file": "/lus/grand/projects/datascience/hzheng/mlperf-2022/optimized-hpc/cosmoflow/pytorch/trainer.py", "lineno": 179, "epoch_num": 31, "instance": 0}}
:::MLLOG {"namespace": "", "time_ms": 1663222450477, "event_type": "INTERVAL_START", "key": "eval_stop", "value": null, "metadata": {"file": "/lus/grand/projects/datascience/hzheng/mlperf-2022/optimized-hpc/cosmoflow/pytorch/trainer.py", "lineno": 183, "epoch_num": 31, "instance": 0}}
:::MLLOG {"namespace": "", "time_ms": 1663222450478, "event_type": "INTERVAL_END", "key": "epoch_stop", "value": null, "metadata": {"file": "/lus/grand/projects/datascience/hzheng/mlperf-2022/optimized-hpc/cosmoflow/pytorch/utils/utils.py", "lineno": 214, "epoch_num": 31, "training_epoch_latency": 401268.5, "eval_epoch_latency": 1638.64013671875, "instance": 0}}
:::MLLOG {"namespace": "", "time_ms": 1663222450478, "event_type": "POINT_IN_TIME", "key": "tracked_stats", "value": {"throughput": 1306.5765192134443}, "metadata": {"file": "/lus/grand/projects/datascience/hzheng/mlperf-2022/optimized-hpc/cosmoflow/pytorch/trainer.py", "lineno": 192, "epoch_num": 31, "step": 30, "instance": 0}}
:::MLLOG {"namespace": "", "time_ms": 1663222450478, "event_type": "POINT_IN_TIME", "key": "eval_error", "value": 0.12675699591636658, "metadata": {"file": "/lus/grand/projects/datascience/hzheng/mlperf-2022/optimized-hpc/cosmoflow/pytorch/trainer.py", "lineno": 197, "epoch_num": 31, "instance": 0}}
:::MLLOG {"namespace": "", "time_ms": 1663222450478, "event_type": "INTERVAL_START", "key": "epoch_start", "value": null, "metadata": {"file": "/lus/grand/projects/datascience/hzheng/mlperf-2022/optimized-hpc/cosmoflow/pytorch/trainer.py", "lineno": 172, "epoch_num": 32, "lr": [0.008], "instance": 0}}
:::MLLOG {"namespace": "", "time_ms": 1663222852978, "event_type": "INTERVAL_START", "key": "eval_start", "value": null, "metadata": {"file": "/lus/grand/projects/datascience/hzheng/mlperf-2022/optimized-hpc/cosmoflow/pytorch/trainer.py", "lineno": 179, "epoch_num": 32, "instance": 0}}
:::MLLOG {"namespace": "", "time_ms": 1663222854669, "event_type": "INTERVAL_START", "key": "eval_stop", "value": null, "metadata": {"file": "/lus/grand/projects/datascience/hzheng/mlperf-2022/optimized-hpc/cosmoflow/pytorch/trainer.py", "lineno": 183, "epoch_num": 32, "instance": 0}}
:::MLLOG {"namespace": "", "time_ms": 1663222854670, "event_type": "INTERVAL_END", "key": "epoch_stop", "value": null, "metadata": {"file": "/lus/grand/projects/datascience/hzheng/mlperf-2022/optimized-hpc/cosmoflow/pytorch/utils/utils.py", "lineno": 214, "epoch_num": 32, "training_epoch_latency": 402501.53125, "eval_epoch_latency": 1691.0946044921875, "instance": 0}}
:::MLLOG {"namespace": "", "time_ms": 1663222854670, "event_type": "POINT_IN_TIME", "key": "tracked_stats", "value": {"throughput": 1302.5739265432917}, "metadata": {"file": "/lus/grand/projects/datascience/hzheng/mlperf-2022/optimized-hpc/cosmoflow/pytorch/trainer.py", "lineno": 192, "epoch_num": 32, "step": 31, "instance": 0}}
:::MLLOG {"namespace": "", "time_ms": 1663222854670, "event_type": "POINT_IN_TIME", "key": "eval_error", "value": 0.12484347820281982, "metadata": {"file": "/lus/grand/projects/datascience/hzheng/mlperf-2022/optimized-hpc/cosmoflow/pytorch/trainer.py", "lineno": 197, "epoch_num": 32, "instance": 0}}
:::MLLOG {"namespace": "", "time_ms": 1663222854670, "event_type": "INTERVAL_START", "key": "epoch_start", "value": null, "metadata": {"file": "/lus/grand/projects/datascience/hzheng/mlperf-2022/optimized-hpc/cosmoflow/pytorch/trainer.py", "lineno": 172, "epoch_num": 33, "lr": [0.002], "instance": 0}}
:::MLLOG {"namespace": "", "time_ms": 1663223258250, "event_type": "INTERVAL_START", "key": "eval_start", "value": null, "metadata": {"file": "/lus/grand/projects/datascience/hzheng/mlperf-2022/optimized-hpc/cosmoflow/pytorch/trainer.py", "lineno": 179, "epoch_num": 33, "instance": 0}}
:::MLLOG {"namespace": "", "time_ms": 1663223259896, "event_type": "INTERVAL_START", "key": "eval_stop", "value": null, "metadata": {"file": "/lus/grand/projects/datascience/hzheng/mlperf-2022/optimized-hpc/cosmoflow/pytorch/trainer.py", "lineno": 183, "epoch_num": 33, "instance": 0}}
:::MLLOG {"namespace": "", "time_ms": 1663223259896, "event_type": "INTERVAL_END", "key": "epoch_stop", "value": null, "metadata": {"file": "/lus/grand/projects/datascience/hzheng/mlperf-2022/optimized-hpc/cosmoflow/pytorch/utils/utils.py", "lineno": 214, "epoch_num": 33, "training_epoch_latency": 403581.21875, "eval_epoch_latency": 1645.9683837890625, "instance": 0}}
:::MLLOG {"namespace": "", "time_ms": 1663223259897, "event_type": "POINT_IN_TIME", "key": "tracked_stats", "value": {"throughput": 1299.0891935552936}, "metadata": {"file": "/lus/grand/projects/datascience/hzheng/mlperf-2022/optimized-hpc/cosmoflow/pytorch/trainer.py", "lineno": 192, "epoch_num": 33, "step": 32, "instance": 0}}
:::MLLOG {"namespace": "", "time_ms": 1663223259897, "event_type": "POINT_IN_TIME", "key": "eval_error", "value": 0.12134556472301483, "metadata": {"file": "/lus/grand/projects/datascience/hzheng/mlperf-2022/optimized-hpc/cosmoflow/pytorch/trainer.py", "lineno": 197, "epoch_num": 33, "instance": 0}}
:::MLLOG {"namespace": "", "time_ms": 1663223259942, "event_type": "INTERVAL_END", "key": "run_stop", "value": null, "metadata": {"file": "/lus/grand/projects/datascience/hzheng/mlperf-2022/optimized-hpc/cosmoflow/pytorch/utils/utils.py", "lineno": 214, "status": "success", "time": 13396.43399643898, "epoch_num": 33, "instance": 0}}
