DDP: I am worker 0 of 1. My local rank is 0
=> Dummy data is used!
start training
[METRIC] [2024-06-22T06:52:02.646061] Step 0 Rank 0 processed 400 samples in 3.3094 seconds
[METRIC] [2024-06-22T06:52:03.221555] Step 1 Rank 0 processed 400 samples in 0.5754 seconds
[METRIC] [2024-06-22T06:52:03.420530] Step 2 Rank 0 processed 400 samples in 0.1989 seconds
[METRIC] [2024-06-22T06:52:03.860574] Step 3 Rank 0 processed 400 samples in 0.4400 seconds
[METRIC] [2024-06-22T06:52:04.301503] Step 4 Rank 0 processed 400 samples in 0.4409 seconds
[METRIC] [2024-06-22T06:52:04.742249] Step 5 Rank 0 processed 400 samples in 0.4407 seconds
[METRIC] [2024-06-22T06:52:05.183049] Step 6 Rank 0 processed 400 samples in 0.4407 seconds
[METRIC] [2024-06-22T06:52:05.623996] Step 7 Rank 0 processed 400 samples in 0.4409 seconds
[METRIC] [2024-06-22T06:52:06.064788] Step 8 Rank 0 processed 400 samples in 0.4407 seconds
[METRIC] [2024-06-22T06:52:06.505653] Step 9 Rank 0 processed 400 samples in 0.4408 seconds
[METRIC] [2024-06-22T06:52:06.947320] Step 10 Rank 0 processed 400 samples in 0.4416 seconds
[METRIC] [2024-06-22T06:52:07.388066] Step 11 Rank 0 processed 400 samples in 0.4407 seconds
[METRIC] [2024-06-22T06:52:07.828871] Step 12 Rank 0 processed 400 samples in 0.4408 seconds
[METRIC] [2024-06-22T06:52:08.270878] Step 13 Rank 0 processed 400 samples in 0.4420 seconds
[METRIC] [2024-06-22T06:52:08.710445] Step 14 Rank 0 processed 400 samples in 0.4395 seconds
[METRIC] [2024-06-22T06:52:09.156605] Step 15 Rank 0 processed 400 samples in 0.4461 seconds
[METRIC] [2024-06-22T06:52:09.594194] Step 16 Rank 0 processed 400 samples in 0.4375 seconds
[METRIC] [2024-06-22T06:52:10.033799] Step 17 Rank 0 processed 400 samples in 0.4396 seconds
[METRIC] [2024-06-22T06:52:10.474906] Step 18 Rank 0 processed 400 samples in 0.4411 seconds
[METRIC] [2024-06-22T06:52:10.917904] Step 19 Rank 0 processed 400 samples in 0.4429 seconds
[METRIC] [2024-06-22T06:52:11.356763] Step 20 Rank 0 processed 400 samples in 0.4388 seconds
[METRIC] [2024-06-22T06:52:11.798032] Step 21 Rank 0 processed 400 samples in 0.4412 seconds
[METRIC] [2024-06-22T06:52:12.239281] Step 22 Rank 0 processed 400 samples in 0.4412 seconds
[METRIC] [2024-06-22T06:52:12.680356] Step 23 Rank 0 processed 400 samples in 0.4410 seconds
[METRIC] [2024-06-22T06:52:13.121115] Step 24 Rank 0 processed 400 samples in 0.4407 seconds
[METRIC] [2024-06-22T06:52:13.562319] Step 25 Rank 0 processed 400 samples in 0.4412 seconds
[METRIC] [2024-06-22T06:52:14.002892] Step 26 Rank 0 processed 400 samples in 0.4405 seconds
[METRIC] [2024-06-22T06:52:14.445761] Step 27 Rank 0 processed 400 samples in 0.4428 seconds
[METRIC] [2024-06-22T06:52:14.885408] Step 28 Rank 0 processed 400 samples in 0.4396 seconds
[METRIC] [2024-06-22T06:52:15.326321] Step 29 Rank 0 processed 400 samples in 0.4409 seconds
[METRIC] [2024-06-22T06:52:15.768371] Step 30 Rank 0 processed 400 samples in 0.4420 seconds
[METRIC] [2024-06-22T06:52:16.208792] Step 31 Rank 0 processed 400 samples in 0.4404 seconds
[METRIC] [2024-06-22T06:52:16.649077] Step 32 Rank 0 processed 400 samples in 0.4402 seconds
[METRIC] [2024-06-22T06:52:17.092343] Step 33 Rank 0 processed 400 samples in 0.4432 seconds
[METRIC] [2024-06-22T06:52:17.530730] Step 34 Rank 0 processed 400 samples in 0.4383 seconds
[METRIC] [2024-06-22T06:52:17.972958] Step 35 Rank 0 processed 400 samples in 0.4422 seconds
[METRIC] [2024-06-22T06:52:18.414814] Step 36 Rank 0 processed 400 samples in 0.4418 seconds
[METRIC] [2024-06-22T06:52:18.854656] Step 37 Rank 0 processed 400 samples in 0.4398 seconds
[METRIC] [2024-06-22T06:52:19.295169] Step 38 Rank 0 processed 400 samples in 0.4405 seconds
[METRIC] [2024-06-22T06:52:19.736723] Step 39 Rank 0 processed 400 samples in 0.4415 seconds
[METRIC] [2024-06-22T06:52:20.177373] Step 40 Rank 0 processed 400 samples in 0.4406 seconds
[METRIC] [2024-06-22T06:52:20.618461] Step 41 Rank 0 processed 400 samples in 0.4411 seconds
[METRIC] [2024-06-22T06:52:21.058827] Step 42 Rank 0 processed 400 samples in 0.4403 seconds
[METRIC] [2024-06-22T06:52:21.500782] Step 43 Rank 0 processed 400 samples in 0.4419 seconds
[METRIC] [2024-06-22T06:52:21.942219] Step 44 Rank 0 processed 400 samples in 0.4414 seconds
[METRIC] [2024-06-22T06:52:22.382679] Step 45 Rank 0 processed 400 samples in 0.4404 seconds
[METRIC] [2024-06-22T06:52:22.823212] Step 46 Rank 0 processed 400 samples in 0.4405 seconds
[METRIC] [2024-06-22T06:52:23.267020] Step 47 Rank 0 processed 400 samples in 0.4438 seconds
[METRIC] [2024-06-22T06:52:23.705254] Step 48 Rank 0 processed 400 samples in 0.4382 seconds
[METRIC] [2024-06-22T06:52:24.146915] Step 49 Rank 0 processed 400 samples in 0.4416 seconds
[METRIC] [2024-06-22T06:52:24.588757] Step 50 Rank 0 processed 400 samples in 0.4418 seconds
[METRIC] [2024-06-22T06:52:25.029421] Step 51 Rank 0 processed 400 samples in 0.4406 seconds
[METRIC] [2024-06-22T06:52:25.469758] Step 52 Rank 0 processed 400 samples in 0.4403 seconds
[METRIC] [2024-06-22T06:52:25.912923] Step 53 Rank 0 processed 400 samples in 0.4431 seconds
[METRIC] [2024-06-22T06:52:26.351530] Step 54 Rank 0 processed 400 samples in 0.4386 seconds
[METRIC] [2024-06-22T06:52:26.793711] Step 55 Rank 0 processed 400 samples in 0.4421 seconds
[METRIC] [2024-06-22T06:52:27.234489] Step 56 Rank 0 processed 400 samples in 0.4407 seconds
[METRIC] [2024-06-22T06:52:27.675507] Step 57 Rank 0 processed 400 samples in 0.4410 seconds
[METRIC] [2024-06-22T06:52:28.116100] Step 58 Rank 0 processed 400 samples in 0.4405 seconds
[METRIC] [2024-06-22T06:52:28.558097] Step 59 Rank 0 processed 400 samples in 0.4419 seconds
[METRIC] [2024-06-22T06:52:28.998416] Step 60 Rank 0 processed 400 samples in 0.4403 seconds
[METRIC] [2024-06-22T06:52:29.440982] Step 61 Rank 0 processed 400 samples in 0.4425 seconds
[METRIC] [2024-06-22T06:52:29.880371] Step 62 Rank 0 processed 400 samples in 0.4393 seconds
[METRIC] [2024-06-22T06:52:30.322229] Step 63 Rank 0 processed 400 samples in 0.4418 seconds
[METRIC] [2024-06-22T06:52:30.764340] Step 64 Rank 0 processed 400 samples in 0.4421 seconds
[METRIC] [2024-06-22T06:52:31.203945] Step 65 Rank 0 processed 400 samples in 0.4396 seconds
[METRIC] [2024-06-22T06:52:31.644887] Step 66 Rank 0 processed 400 samples in 0.4409 seconds
[METRIC] [2024-06-22T06:52:32.087941] Step 67 Rank 0 processed 400 samples in 0.4430 seconds
[METRIC] [2024-06-22T06:52:32.527414] Step 68 Rank 0 processed 400 samples in 0.4394 seconds
[METRIC] [2024-06-22T06:52:32.968553] Step 69 Rank 0 processed 400 samples in 0.4411 seconds
[METRIC] [2024-06-22T06:52:33.410395] Step 70 Rank 0 processed 400 samples in 0.4418 seconds
[METRIC] [2024-06-22T06:52:33.851042] Step 71 Rank 0 processed 400 samples in 0.4406 seconds
[METRIC] [2024-06-22T06:52:34.291731] Step 72 Rank 0 processed 400 samples in 0.4406 seconds
[METRIC] [2024-06-22T06:52:34.733282] Step 73 Rank 0 processed 400 samples in 0.4415 seconds
[METRIC] [2024-06-22T06:52:35.173305] Step 74 Rank 0 processed 400 samples in 0.4400 seconds
[METRIC] [2024-06-22T06:52:35.615249] Step 75 Rank 0 processed 400 samples in 0.4419 seconds
[METRIC] [2024-06-22T06:52:36.056110] Step 76 Rank 0 processed 400 samples in 0.4408 seconds
[METRIC] [2024-06-22T06:52:36.496906] Step 77 Rank 0 processed 400 samples in 0.4408 seconds
[METRIC] [2024-06-22T06:52:36.937580] Step 78 Rank 0 processed 400 samples in 0.4406 seconds
[METRIC] [2024-06-22T06:52:37.380191] Step 79 Rank 0 processed 400 samples in 0.4426 seconds
[METRIC] [2024-06-22T06:52:37.820554] Step 80 Rank 0 processed 400 samples in 0.4403 seconds
[METRIC] [2024-06-22T06:52:38.263903] Step 81 Rank 0 processed 400 samples in 0.4433 seconds
[METRIC] [2024-06-22T06:52:38.701749] Step 82 Rank 0 processed 400 samples in 0.4378 seconds
[METRIC] [2024-06-22T06:52:39.144079] Step 83 Rank 0 processed 400 samples in 0.4423 seconds
[METRIC] [2024-06-22T06:52:39.586820] Step 84 Rank 0 processed 400 samples in 0.4427 seconds
[METRIC] [2024-06-22T06:52:40.026181] Step 85 Rank 0 processed 400 samples in 0.4393 seconds
[METRIC] [2024-06-22T06:52:40.467089] Step 86 Rank 0 processed 400 samples in 0.4409 seconds
[METRIC] [2024-06-22T06:52:40.910347] Step 87 Rank 0 processed 400 samples in 0.4432 seconds
[METRIC] [2024-06-22T06:52:41.349075] Step 88 Rank 0 processed 400 samples in 0.4387 seconds
[METRIC] [2024-06-22T06:52:41.790144] Step 89 Rank 0 processed 400 samples in 0.4410 seconds
[METRIC] [2024-06-22T06:52:42.230674] Step 90 Rank 0 processed 400 samples in 0.4405 seconds
[METRIC] [2024-06-22T06:52:42.672672] Step 91 Rank 0 processed 400 samples in 0.4419 seconds
[METRIC] [2024-06-22T06:52:43.113372] Step 92 Rank 0 processed 400 samples in 0.4407 seconds
[METRIC] [2024-06-22T06:52:43.554672] Step 93 Rank 0 processed 400 samples in 0.4413 seconds
[METRIC] [2024-06-22T06:52:43.995004] Step 94 Rank 0 processed 400 samples in 0.4403 seconds
[METRIC] [2024-06-22T06:52:44.437061] Step 95 Rank 0 processed 400 samples in 0.4420 seconds
[METRIC] [2024-06-22T06:52:44.877412] Step 96 Rank 0 processed 400 samples in 0.4403 seconds
[METRIC] [2024-06-22T06:52:45.318795] Step 97 Rank 0 processed 400 samples in 0.4413 seconds
[METRIC] [2024-06-22T06:52:45.761309] Step 98 Rank 0 processed 400 samples in 0.4425 seconds
[METRIC] [2024-06-22T06:52:46.201524] Step 99 Rank 0 processed 400 samples in 0.4402 seconds
[METRIC] [2024-06-22T06:52:46.642200] Step 100 Rank 0 processed 400 samples in 0.4406 seconds
Throughput: 900.083 images/s, Batch size: 400, Num of GPUs: 1, Total time: 47.306 s, Average batch time: 0.468 s, First batch time: 3.310 s
[METRIC] [2024-06-22T06:52:46.642373] Finished epoch 0
[METRIC] AU[0] (%): 99.9372
[METRIC] Throughput (samples/second): 909.1831
[METRIC] Compute time per step (s): 0.4397 (0.0278)
start training
[METRIC] [2024-06-22T06:52:48.705582] Step 0 Rank 0 processed 400 samples in 1.2664 seconds
[METRIC] [2024-06-22T06:52:49.138459] Step 1 Rank 0 processed 400 samples in 0.4328 seconds
[METRIC] [2024-06-22T06:52:49.579853] Step 2 Rank 0 processed 400 samples in 0.4413 seconds
[METRIC] [2024-06-22T06:52:50.022433] Step 3 Rank 0 processed 400 samples in 0.4425 seconds
[METRIC] [2024-06-22T06:52:50.462062] Step 4 Rank 0 processed 400 samples in 0.4396 seconds
[METRIC] [2024-06-22T06:52:50.903004] Step 5 Rank 0 processed 400 samples in 0.4409 seconds
[METRIC] [2024-06-22T06:52:51.359213] Step 6 Rank 0 processed 400 samples in 0.4562 seconds
[METRIC] [2024-06-22T06:52:51.798684] Step 7 Rank 0 processed 400 samples in 0.4394 seconds
[METRIC] [2024-06-22T06:52:52.239756] Step 8 Rank 0 processed 400 samples in 0.4410 seconds
[METRIC] [2024-06-22T06:52:52.680491] Step 9 Rank 0 processed 400 samples in 0.4407 seconds
[METRIC] [2024-06-22T06:52:53.122195] Step 10 Rank 0 processed 400 samples in 0.4416 seconds
[METRIC] [2024-06-22T06:52:53.563626] Step 11 Rank 0 processed 400 samples in 0.4414 seconds
[METRIC] [2024-06-22T06:52:54.003653] Step 12 Rank 0 processed 400 samples in 0.4400 seconds
[METRIC] [2024-06-22T06:52:54.445669] Step 13 Rank 0 processed 400 samples in 0.4420 seconds
[METRIC] [2024-06-22T06:52:54.887767] Step 14 Rank 0 processed 400 samples in 0.4420 seconds
[METRIC] [2024-06-22T06:52:55.327644] Step 15 Rank 0 processed 400 samples in 0.4399 seconds
[METRIC] [2024-06-22T06:52:55.767105] Step 16 Rank 0 processed 400 samples in 0.4394 seconds
[METRIC] [2024-06-22T06:52:56.210585] Step 17 Rank 0 processed 400 samples in 0.4434 seconds
[METRIC] [2024-06-22T06:52:56.649470] Step 18 Rank 0 processed 400 samples in 0.4388 seconds
[METRIC] [2024-06-22T06:52:57.090964] Step 19 Rank 0 processed 400 samples in 0.4415 seconds
[METRIC] [2024-06-22T06:52:57.531475] Step 20 Rank 0 processed 400 samples in 0.4405 seconds
[METRIC] [2024-06-22T06:52:57.971331] Step 21 Rank 0 processed 400 samples in 0.4398 seconds
[METRIC] [2024-06-22T06:52:58.413503] Step 22 Rank 0 processed 400 samples in 0.4421 seconds
[METRIC] [2024-06-22T06:52:58.854690] Step 23 Rank 0 processed 400 samples in 0.4411 seconds
[METRIC] [2024-06-22T06:52:59.294286] Step 24 Rank 0 processed 400 samples in 0.4396 seconds
[METRIC] [2024-06-22T06:52:59.736575] Step 25 Rank 0 processed 400 samples in 0.4422 seconds
[METRIC] [2024-06-22T06:53:00.177100] Step 26 Rank 0 processed 400 samples in 0.4405 seconds
[METRIC] [2024-06-22T06:53:00.617928] Step 27 Rank 0 processed 400 samples in 0.4408 seconds
[METRIC] [2024-06-22T06:53:01.057779] Step 28 Rank 0 processed 400 samples in 0.4398 seconds
[METRIC] [2024-06-22T06:53:01.500258] Step 29 Rank 0 processed 400 samples in 0.4424 seconds
[METRIC] [2024-06-22T06:53:01.940842] Step 30 Rank 0 processed 400 samples in 0.4405 seconds
[METRIC] [2024-06-22T06:53:02.383617] Step 31 Rank 0 processed 400 samples in 0.4427 seconds
[METRIC] [2024-06-22T06:53:02.821120] Step 32 Rank 0 processed 400 samples in 0.4375 seconds
[METRIC] [2024-06-22T06:53:03.261665] Step 33 Rank 0 processed 400 samples in 0.4405 seconds
[METRIC] [2024-06-22T06:53:03.705467] Step 34 Rank 0 processed 400 samples in 0.4438 seconds
[METRIC] [2024-06-22T06:53:04.144247] Step 35 Rank 0 processed 400 samples in 0.4387 seconds
[METRIC] [2024-06-22T06:53:04.585820] Step 36 Rank 0 processed 400 samples in 0.4415 seconds
[METRIC] [2024-06-22T06:53:05.035816] Step 37 Rank 0 processed 400 samples in 0.4499 seconds
[METRIC] [2024-06-22T06:53:05.466662] Step 38 Rank 0 processed 400 samples in 0.4308 seconds
[METRIC] [2024-06-22T06:53:05.908249] Step 39 Rank 0 processed 400 samples in 0.4416 seconds
[METRIC] [2024-06-22T06:53:06.347637] Step 40 Rank 0 processed 400 samples in 0.4394 seconds
[METRIC] [2024-06-22T06:53:06.789439] Step 41 Rank 0 processed 400 samples in 0.4418 seconds
[METRIC] [2024-06-22T06:53:07.230853] Step 42 Rank 0 processed 400 samples in 0.4414 seconds
[METRIC] [2024-06-22T06:53:07.671360] Step 43 Rank 0 processed 400 samples in 0.4405 seconds
[METRIC] [2024-06-22T06:53:08.112445] Step 44 Rank 0 processed 400 samples in 0.4410 seconds
[METRIC] [2024-06-22T06:53:08.553211] Step 45 Rank 0 processed 400 samples in 0.4407 seconds
[METRIC] [2024-06-22T06:53:08.994187] Step 46 Rank 0 processed 400 samples in 0.4409 seconds
[METRIC] [2024-06-22T06:53:09.433990] Step 47 Rank 0 processed 400 samples in 0.4398 seconds
[METRIC] [2024-06-22T06:53:09.875968] Step 48 Rank 0 processed 400 samples in 0.4419 seconds
[METRIC] [2024-06-22T06:53:10.316762] Step 49 Rank 0 processed 400 samples in 0.4407 seconds
[METRIC] [2024-06-22T06:53:10.756984] Step 50 Rank 0 processed 400 samples in 0.4402 seconds
[METRIC] [2024-06-22T06:53:11.199450] Step 51 Rank 0 processed 400 samples in 0.4424 seconds
[METRIC] [2024-06-22T06:53:11.638925] Step 52 Rank 0 processed 400 samples in 0.4394 seconds
[METRIC] [2024-06-22T06:53:12.079035] Step 53 Rank 0 processed 400 samples in 0.4401 seconds
[METRIC] [2024-06-22T06:53:12.521504] Step 54 Rank 0 processed 400 samples in 0.4424 seconds
[METRIC] [2024-06-22T06:53:12.960451] Step 55 Rank 0 processed 400 samples in 0.4389 seconds
[METRIC] [2024-06-22T06:53:13.401409] Step 56 Rank 0 processed 400 samples in 0.4409 seconds
[METRIC] [2024-06-22T06:53:13.842228] Step 57 Rank 0 processed 400 samples in 0.4408 seconds
[METRIC] [2024-06-22T06:53:14.283247] Step 58 Rank 0 processed 400 samples in 0.4410 seconds
[METRIC] [2024-06-22T06:53:14.723973] Step 59 Rank 0 processed 400 samples in 0.4407 seconds
[METRIC] [2024-06-22T06:53:15.165256] Step 60 Rank 0 processed 400 samples in 0.4413 seconds
[METRIC] [2024-06-22T06:53:15.605214] Step 61 Rank 0 processed 400 samples in 0.4399 seconds
[METRIC] [2024-06-22T06:53:16.046511] Step 62 Rank 0 processed 400 samples in 0.4413 seconds
[METRIC] [2024-06-22T06:53:16.487231] Step 63 Rank 0 processed 400 samples in 0.4407 seconds
[METRIC] [2024-06-22T06:53:16.927054] Step 64 Rank 0 processed 400 samples in 0.4398 seconds
[METRIC] [2024-06-22T06:53:17.371086] Step 65 Rank 0 processed 400 samples in 0.4440 seconds
[METRIC] [2024-06-22T06:53:17.810487] Step 66 Rank 0 processed 400 samples in 0.4393 seconds
[METRIC] [2024-06-22T06:53:18.250910] Step 67 Rank 0 processed 400 samples in 0.4404 seconds
[METRIC] [2024-06-22T06:53:18.692808] Step 68 Rank 0 processed 400 samples in 0.4419 seconds
[METRIC] [2024-06-22T06:53:19.133362] Step 69 Rank 0 processed 400 samples in 0.4405 seconds
[METRIC] [2024-06-22T06:53:19.573694] Step 70 Rank 0 processed 400 samples in 0.4403 seconds
[METRIC] [2024-06-22T06:53:20.016005] Step 71 Rank 0 processed 400 samples in 0.4423 seconds
[METRIC] [2024-06-22T06:53:20.455708] Step 72 Rank 0 processed 400 samples in 0.4397 seconds
[METRIC] [2024-06-22T06:53:20.895749] Step 73 Rank 0 processed 400 samples in 0.4400 seconds
[METRIC] [2024-06-22T06:53:21.337322] Step 74 Rank 0 processed 400 samples in 0.4415 seconds
[METRIC] [2024-06-22T06:53:21.777332] Step 75 Rank 0 processed 400 samples in 0.4400 seconds
[METRIC] [2024-06-22T06:53:22.219245] Step 76 Rank 0 processed 400 samples in 0.4419 seconds
[METRIC] [2024-06-22T06:53:22.659221] Step 77 Rank 0 processed 400 samples in 0.4399 seconds
[METRIC] [2024-06-22T06:53:23.099896] Step 78 Rank 0 processed 400 samples in 0.4406 seconds
[METRIC] [2024-06-22T06:53:23.540462] Step 79 Rank 0 processed 400 samples in 0.4405 seconds
[METRIC] [2024-06-22T06:53:23.981892] Step 80 Rank 0 processed 400 samples in 0.4414 seconds
[METRIC] [2024-06-22T06:53:24.421759] Step 81 Rank 0 processed 400 samples in 0.4398 seconds
[METRIC] [2024-06-22T06:53:24.864538] Step 82 Rank 0 processed 400 samples in 0.4427 seconds
[METRIC] [2024-06-22T06:53:25.304002] Step 83 Rank 0 processed 400 samples in 0.4394 seconds
[METRIC] [2024-06-22T06:53:25.743706] Step 84 Rank 0 processed 400 samples in 0.4397 seconds
[METRIC] [2024-06-22T06:53:26.187604] Step 85 Rank 0 processed 400 samples in 0.4438 seconds
[METRIC] [2024-06-22T06:53:26.626440] Step 86 Rank 0 processed 400 samples in 0.4388 seconds
[METRIC] [2024-06-22T06:53:27.067188] Step 87 Rank 0 processed 400 samples in 0.4407 seconds
[METRIC] [2024-06-22T06:53:27.510049] Step 88 Rank 0 processed 400 samples in 0.4428 seconds
[METRIC] [2024-06-22T06:53:27.949161] Step 89 Rank 0 processed 400 samples in 0.4391 seconds
[METRIC] [2024-06-22T06:53:28.389915] Step 90 Rank 0 processed 400 samples in 0.4407 seconds
[METRIC] [2024-06-22T06:53:28.830947] Step 91 Rank 0 processed 400 samples in 0.4410 seconds
[METRIC] [2024-06-22T06:53:29.272377] Step 92 Rank 0 processed 400 samples in 0.4414 seconds
[METRIC] [2024-06-22T06:53:29.712179] Step 93 Rank 0 processed 400 samples in 0.4398 seconds
[METRIC] [2024-06-22T06:53:30.153309] Step 94 Rank 0 processed 400 samples in 0.4411 seconds
[METRIC] [2024-06-22T06:53:30.593658] Step 95 Rank 0 processed 400 samples in 0.4403 seconds
[METRIC] [2024-06-22T06:53:31.034994] Step 96 Rank 0 processed 400 samples in 0.4413 seconds
[METRIC] [2024-06-22T06:53:31.475750] Step 97 Rank 0 processed 400 samples in 0.4407 seconds
[METRIC] [2024-06-22T06:53:31.916481] Step 98 Rank 0 processed 400 samples in 0.4407 seconds
[METRIC] [2024-06-22T06:53:32.358142] Step 99 Rank 0 processed 400 samples in 0.4416 seconds
[METRIC] [2024-06-22T06:53:32.797917] Step 100 Rank 0 processed 400 samples in 0.4397 seconds
Throughput: 898.119 images/s, Batch size: 400, Num of GPUs: 1, Total time: 45.359 s, Average batch time: 0.449 s, First batch time: 1.267 s
[METRIC] [2024-06-22T06:53:32.798091] Finished epoch 1
[METRIC] AU[1] (%): 99.9399
[METRIC] Throughput (samples/second): 907.1609
[METRIC] Compute time per step (s): 0.4407 (0.0025)
start training
[METRIC] [2024-06-22T06:53:35.169411] Step 0 Rank 0 processed 400 samples in 1.5405 seconds
[METRIC] [2024-06-22T06:53:35.611559] Step 1 Rank 0 processed 400 samples in 0.4421 seconds
[METRIC] [2024-06-22T06:53:36.048118] Step 2 Rank 0 processed 400 samples in 0.4365 seconds
[METRIC] [2024-06-22T06:53:36.505992] Step 3 Rank 0 processed 400 samples in 0.4578 seconds
[METRIC] [2024-06-22T06:53:36.932278] Step 4 Rank 0 processed 400 samples in 0.4262 seconds
[METRIC] [2024-06-22T06:53:37.371396] Step 5 Rank 0 processed 400 samples in 0.4391 seconds
[METRIC] [2024-06-22T06:53:37.812543] Step 6 Rank 0 processed 400 samples in 0.4411 seconds
[METRIC] [2024-06-22T06:53:38.255098] Step 7 Rank 0 processed 400 samples in 0.4425 seconds
[METRIC] [2024-06-22T06:53:38.694225] Step 8 Rank 0 processed 400 samples in 0.4391 seconds
[METRIC] [2024-06-22T06:53:39.134880] Step 9 Rank 0 processed 400 samples in 0.4406 seconds
[METRIC] [2024-06-22T06:53:39.575924] Step 10 Rank 0 processed 400 samples in 0.4410 seconds
[METRIC] [2024-06-22T06:53:40.016950] Step 11 Rank 0 processed 400 samples in 0.4410 seconds
[METRIC] [2024-06-22T06:53:40.457817] Step 12 Rank 0 processed 400 samples in 0.4408 seconds
[METRIC] [2024-06-22T06:53:40.898299] Step 13 Rank 0 processed 400 samples in 0.4404 seconds
[METRIC] [2024-06-22T06:53:41.339303] Step 14 Rank 0 processed 400 samples in 0.4410 seconds
[METRIC] [2024-06-22T06:53:41.780749] Step 15 Rank 0 processed 400 samples in 0.4414 seconds
[METRIC] [2024-06-22T06:53:42.221145] Step 16 Rank 0 processed 400 samples in 0.4404 seconds
[METRIC] [2024-06-22T06:53:42.661703] Step 17 Rank 0 processed 400 samples in 0.4405 seconds
[METRIC] [2024-06-22T06:53:43.104587] Step 18 Rank 0 processed 400 samples in 0.4429 seconds
[METRIC] [2024-06-22T06:53:43.543382] Step 19 Rank 0 processed 400 samples in 0.4387 seconds
[METRIC] [2024-06-22T06:53:43.985090] Step 20 Rank 0 processed 400 samples in 0.4417 seconds
[METRIC] [2024-06-22T06:53:44.426937] Step 21 Rank 0 processed 400 samples in 0.4418 seconds
[METRIC] [2024-06-22T06:53:44.866020] Step 22 Rank 0 processed 400 samples in 0.4390 seconds
[METRIC] [2024-06-22T06:53:45.311428] Step 23 Rank 0 processed 400 samples in 0.4454 seconds
[METRIC] [2024-06-22T06:53:45.749254] Step 24 Rank 0 processed 400 samples in 0.4378 seconds
[METRIC] [2024-06-22T06:53:46.190089] Step 25 Rank 0 processed 400 samples in 0.4408 seconds
[METRIC] [2024-06-22T06:53:46.630090] Step 26 Rank 0 processed 400 samples in 0.4400 seconds
[METRIC] [2024-06-22T06:53:47.070784] Step 27 Rank 0 processed 400 samples in 0.4406 seconds
[METRIC] [2024-06-22T06:53:47.511094] Step 28 Rank 0 processed 400 samples in 0.4403 seconds
[METRIC] [2024-06-22T06:53:47.951740] Step 29 Rank 0 processed 400 samples in 0.4406 seconds
[METRIC] [2024-06-22T06:53:48.392825] Step 30 Rank 0 processed 400 samples in 0.4410 seconds
[METRIC] [2024-06-22T06:53:48.833484] Step 31 Rank 0 processed 400 samples in 0.4406 seconds
[METRIC] [2024-06-22T06:53:49.274878] Step 32 Rank 0 processed 400 samples in 0.4414 seconds
[METRIC] [2024-06-22T06:53:49.715128] Step 33 Rank 0 processed 400 samples in 0.4402 seconds
[METRIC] [2024-06-22T06:53:50.156048] Step 34 Rank 0 processed 400 samples in 0.4409 seconds
[METRIC] [2024-06-22T06:53:50.597672] Step 35 Rank 0 processed 400 samples in 0.4416 seconds
[METRIC] [2024-06-22T06:53:51.037569] Step 36 Rank 0 processed 400 samples in 0.4399 seconds
[METRIC] [2024-06-22T06:53:51.478329] Step 37 Rank 0 processed 400 samples in 0.4407 seconds
[METRIC] [2024-06-22T06:53:51.921304] Step 38 Rank 0 processed 400 samples in 0.4429 seconds
[METRIC] [2024-06-22T06:53:52.360076] Step 39 Rank 0 processed 400 samples in 0.4387 seconds
[METRIC] [2024-06-22T06:53:52.801104] Step 40 Rank 0 processed 400 samples in 0.4410 seconds
[METRIC] [2024-06-22T06:53:53.243475] Step 41 Rank 0 processed 400 samples in 0.4423 seconds
[METRIC] [2024-06-22T06:53:53.683651] Step 42 Rank 0 processed 400 samples in 0.4401 seconds
[METRIC] [2024-06-22T06:53:54.124446] Step 43 Rank 0 processed 400 samples in 0.4407 seconds
[METRIC] [2024-06-22T06:53:54.565452] Step 44 Rank 0 processed 400 samples in 0.4410 seconds
[METRIC] [2024-06-22T06:53:55.005867] Step 45 Rank 0 processed 400 samples in 0.4404 seconds
[METRIC] [2024-06-22T06:53:55.447084] Step 46 Rank 0 processed 400 samples in 0.4412 seconds
[METRIC] [2024-06-22T06:53:55.887813] Step 47 Rank 0 processed 400 samples in 0.4407 seconds
[METRIC] [2024-06-22T06:53:56.328698] Step 48 Rank 0 processed 400 samples in 0.4409 seconds
[METRIC] [2024-06-22T06:53:56.769869] Step 49 Rank 0 processed 400 samples in 0.4411 seconds
[METRIC] [2024-06-22T06:53:57.210435] Step 50 Rank 0 processed 400 samples in 0.4405 seconds
[METRIC] [2024-06-22T06:53:57.651068] Step 51 Rank 0 processed 400 samples in 0.4406 seconds
[METRIC] [2024-06-22T06:53:58.093598] Step 52 Rank 0 processed 400 samples in 0.4425 seconds
[METRIC] [2024-06-22T06:53:58.532599] Step 53 Rank 0 processed 400 samples in 0.4390 seconds
[METRIC] [2024-06-22T06:53:58.973453] Step 54 Rank 0 processed 400 samples in 0.4408 seconds
[METRIC] [2024-06-22T06:53:59.416141] Step 55 Rank 0 processed 400 samples in 0.4426 seconds
[METRIC] [2024-06-22T06:53:59.855127] Step 56 Rank 0 processed 400 samples in 0.4390 seconds
[METRIC] [2024-06-22T06:54:00.295827] Step 57 Rank 0 processed 400 samples in 0.4407 seconds
[METRIC] [2024-06-22T06:54:00.738844] Step 58 Rank 0 processed 400 samples in 0.4430 seconds
[METRIC] [2024-06-22T06:54:01.177411] Step 59 Rank 0 processed 400 samples in 0.4385 seconds
[METRIC] [2024-06-22T06:54:01.618331] Step 60 Rank 0 processed 400 samples in 0.4409 seconds
[METRIC] [2024-06-22T06:54:02.059367] Step 61 Rank 0 processed 400 samples in 0.4410 seconds
[METRIC] [2024-06-22T06:54:02.500315] Step 62 Rank 0 processed 400 samples in 0.4409 seconds
[METRIC] [2024-06-22T06:54:02.940942] Step 63 Rank 0 processed 400 samples in 0.4406 seconds
[METRIC] [2024-06-22T06:54:03.381887] Step 64 Rank 0 processed 400 samples in 0.4409 seconds
[METRIC] [2024-06-22T06:54:03.822544] Step 65 Rank 0 processed 400 samples in 0.4406 seconds
[METRIC] [2024-06-22T06:54:04.263698] Step 66 Rank 0 processed 400 samples in 0.4411 seconds
[METRIC] [2024-06-22T06:54:04.704983] Step 67 Rank 0 processed 400 samples in 0.4412 seconds
[METRIC] [2024-06-22T06:54:05.145333] Step 68 Rank 0 processed 400 samples in 0.4403 seconds
[METRIC] [2024-06-22T06:54:05.587798] Step 69 Rank 0 processed 400 samples in 0.4424 seconds
[METRIC] [2024-06-22T06:54:06.026960] Step 70 Rank 0 processed 400 samples in 0.4391 seconds
[METRIC] [2024-06-22T06:54:06.468241] Step 71 Rank 0 processed 400 samples in 0.4412 seconds
[METRIC] [2024-06-22T06:54:06.910118] Step 72 Rank 0 processed 400 samples in 0.4418 seconds
[METRIC] [2024-06-22T06:54:07.349255] Step 73 Rank 0 processed 400 samples in 0.4391 seconds
[METRIC] [2024-06-22T06:54:07.790312] Step 74 Rank 0 processed 400 samples in 0.4410 seconds
[METRIC] [2024-06-22T06:54:08.232820] Step 75 Rank 0 processed 400 samples in 0.4425 seconds
[METRIC] [2024-06-22T06:54:08.671949] Step 76 Rank 0 processed 400 samples in 0.4391 seconds
[METRIC] [2024-06-22T06:54:09.112662] Step 77 Rank 0 processed 400 samples in 0.4407 seconds
[METRIC] [2024-06-22T06:54:09.553916] Step 78 Rank 0 processed 400 samples in 0.4412 seconds
[METRIC] [2024-06-22T06:54:09.994166] Step 79 Rank 0 processed 400 samples in 0.4402 seconds
[METRIC] [2024-06-22T06:54:10.435859] Step 80 Rank 0 processed 400 samples in 0.4417 seconds
[METRIC] [2024-06-22T06:54:10.876041] Step 81 Rank 0 processed 400 samples in 0.4401 seconds
[METRIC] [2024-06-22T06:54:11.316955] Step 82 Rank 0 processed 400 samples in 0.4409 seconds
[METRIC] [2024-06-22T06:54:11.758251] Step 83 Rank 0 processed 400 samples in 0.4412 seconds
[METRIC] [2024-06-22T06:54:12.199110] Step 84 Rank 0 processed 400 samples in 0.4408 seconds
[METRIC] [2024-06-22T06:54:12.639239] Step 85 Rank 0 processed 400 samples in 0.4401 seconds
[METRIC] [2024-06-22T06:54:13.082284] Step 86 Rank 0 processed 400 samples in 0.4430 seconds
[METRIC] [2024-06-22T06:54:13.521593] Step 87 Rank 0 processed 400 samples in 0.4392 seconds
[METRIC] [2024-06-22T06:54:13.962506] Step 88 Rank 0 processed 400 samples in 0.4409 seconds
[METRIC] [2024-06-22T06:54:14.403748] Step 89 Rank 0 processed 400 samples in 0.4412 seconds
[METRIC] [2024-06-22T06:54:14.843507] Step 90 Rank 0 processed 400 samples in 0.4397 seconds
[METRIC] [2024-06-22T06:54:15.284271] Step 91 Rank 0 processed 400 samples in 0.4407 seconds
[METRIC] [2024-06-22T06:54:15.726954] Step 92 Rank 0 processed 400 samples in 0.4426 seconds
[METRIC] [2024-06-22T06:54:16.165751] Step 93 Rank 0 processed 400 samples in 0.4388 seconds
[METRIC] [2024-06-22T06:54:16.606788] Step 94 Rank 0 processed 400 samples in 0.4410 seconds
[METRIC] [2024-06-22T06:54:17.047910] Step 95 Rank 0 processed 400 samples in 0.4411 seconds
[METRIC] [2024-06-22T06:54:17.489403] Step 96 Rank 0 processed 400 samples in 0.4414 seconds
[METRIC] [2024-06-22T06:54:17.929623] Step 97 Rank 0 processed 400 samples in 0.4402 seconds
[METRIC] [2024-06-22T06:54:18.370953] Step 98 Rank 0 processed 400 samples in 0.4413 seconds
[METRIC] [2024-06-22T06:54:18.811188] Step 99 Rank 0 processed 400 samples in 0.4402 seconds
[METRIC] [2024-06-22T06:54:19.252641] Step 100 Rank 0 processed 400 samples in 0.4414 seconds
Throughput: 898.304 images/s, Batch size: 400, Num of GPUs: 1, Total time: 45.624 s, Average batch time: 0.452 s, First batch time: 1.541 s
[METRIC] [2024-06-22T06:54:19.252831] Finished epoch 2
[METRIC] AU[2] (%): 99.9304
[METRIC] Throughput (samples/second): 907.3846
[METRIC] Compute time per step (s): 0.4405 (0.0026)
start training
[METRIC] [2024-06-22T06:54:21.540232] Step 0 Rank 0 processed 400 samples in 1.4485 seconds
[METRIC] [2024-06-22T06:54:21.985777] Step 1 Rank 0 processed 400 samples in 0.4455 seconds
[METRIC] [2024-06-22T06:54:22.428211] Step 2 Rank 0 processed 400 samples in 0.4424 seconds
[METRIC] [2024-06-22T06:54:22.867736] Step 3 Rank 0 processed 400 samples in 0.4395 seconds
[METRIC] [2024-06-22T06:54:23.309704] Step 4 Rank 0 processed 400 samples in 0.4419 seconds
[METRIC] [2024-06-22T06:54:23.751678] Step 5 Rank 0 processed 400 samples in 0.4419 seconds
[METRIC] [2024-06-22T06:54:24.190698] Step 6 Rank 0 processed 400 samples in 0.4390 seconds
[METRIC] [2024-06-22T06:54:24.631763] Step 7 Rank 0 processed 400 samples in 0.4410 seconds
[METRIC] [2024-06-22T06:54:25.073371] Step 8 Rank 0 processed 400 samples in 0.4415 seconds
[METRIC] [2024-06-22T06:54:25.512728] Step 9 Rank 0 processed 400 samples in 0.4393 seconds
[METRIC] [2024-06-22T06:54:25.953706] Step 10 Rank 0 processed 400 samples in 0.4409 seconds
[METRIC] [2024-06-22T06:54:26.395119] Step 11 Rank 0 processed 400 samples in 0.4414 seconds
[METRIC] [2024-06-22T06:54:26.834677] Step 12 Rank 0 processed 400 samples in 0.4395 seconds
[METRIC] [2024-06-22T06:54:27.275863] Step 13 Rank 0 processed 400 samples in 0.4412 seconds
[METRIC] [2024-06-22T06:54:27.717364] Step 14 Rank 0 processed 400 samples in 0.4414 seconds
[METRIC] [2024-06-22T06:54:28.158289] Step 15 Rank 0 processed 400 samples in 0.4409 seconds
[METRIC] [2024-06-22T06:54:28.598774] Step 16 Rank 0 processed 400 samples in 0.4404 seconds
[METRIC] [2024-06-22T06:54:29.039552] Step 17 Rank 0 processed 400 samples in 0.4407 seconds
[METRIC] [2024-06-22T06:54:29.480632] Step 18 Rank 0 processed 400 samples in 0.4410 seconds
[METRIC] [2024-06-22T06:54:29.922924] Step 19 Rank 0 processed 400 samples in 0.4422 seconds
[METRIC] [2024-06-22T06:54:30.362258] Step 20 Rank 0 processed 400 samples in 0.4393 seconds
[METRIC] [2024-06-22T06:54:30.802801] Step 21 Rank 0 processed 400 samples in 0.4405 seconds
[METRIC] [2024-06-22T06:54:31.245306] Step 22 Rank 0 processed 400 samples in 0.4424 seconds
[METRIC] [2024-06-22T06:54:31.689942] Step 23 Rank 0 processed 400 samples in 0.4446 seconds
[METRIC] [2024-06-22T06:54:32.125270] Step 24 Rank 0 processed 400 samples in 0.4352 seconds
[METRIC] [2024-06-22T06:54:32.567786] Step 25 Rank 0 processed 400 samples in 0.4425 seconds
[METRIC] [2024-06-22T06:54:33.007362] Step 26 Rank 0 processed 400 samples in 0.4395 seconds
[METRIC] [2024-06-22T06:54:33.448582] Step 27 Rank 0 processed 400 samples in 0.4412 seconds
[METRIC] [2024-06-22T06:54:33.888853] Step 28 Rank 0 processed 400 samples in 0.4402 seconds
[METRIC] [2024-06-22T06:54:34.329868] Step 29 Rank 0 processed 400 samples in 0.4410 seconds
[METRIC] [2024-06-22T06:54:34.770566] Step 30 Rank 0 processed 400 samples in 0.4406 seconds
[METRIC] [2024-06-22T06:54:35.212011] Step 31 Rank 0 processed 400 samples in 0.4414 seconds
[METRIC] [2024-06-22T06:54:35.651716] Step 32 Rank 0 processed 400 samples in 0.4397 seconds
[METRIC] [2024-06-22T06:54:36.092590] Step 33 Rank 0 processed 400 samples in 0.4408 seconds
[METRIC] [2024-06-22T06:54:36.533401] Step 34 Rank 0 processed 400 samples in 0.4408 seconds
[METRIC] [2024-06-22T06:54:36.974172] Step 35 Rank 0 processed 400 samples in 0.4407 seconds
[METRIC] [2024-06-22T06:54:37.415840] Step 36 Rank 0 processed 400 samples in 0.4416 seconds
[METRIC] [2024-06-22T06:54:37.855726] Step 37 Rank 0 processed 400 samples in 0.4399 seconds
[METRIC] [2024-06-22T06:54:38.296352] Step 38 Rank 0 processed 400 samples in 0.4406 seconds
[METRIC] [2024-06-22T06:54:38.738714] Step 39 Rank 0 processed 400 samples in 0.4423 seconds
[METRIC] [2024-06-22T06:54:39.177321] Step 40 Rank 0 processed 400 samples in 0.4385 seconds
[METRIC] [2024-06-22T06:54:39.619039] Step 41 Rank 0 processed 400 samples in 0.4417 seconds
[METRIC] [2024-06-22T06:54:40.060101] Step 42 Rank 0 processed 400 samples in 0.4410 seconds
[METRIC] [2024-06-22T06:54:40.500551] Step 43 Rank 0 processed 400 samples in 0.4404 seconds
[METRIC] [2024-06-22T06:54:40.941049] Step 44 Rank 0 processed 400 samples in 0.4404 seconds
[METRIC] [2024-06-22T06:54:41.381884] Step 45 Rank 0 processed 400 samples in 0.4408 seconds
[METRIC] [2024-06-22T06:54:41.822513] Step 46 Rank 0 processed 400 samples in 0.4406 seconds
[METRIC] [2024-06-22T06:54:42.263748] Step 47 Rank 0 processed 400 samples in 0.4412 seconds
[METRIC] [2024-06-22T06:54:42.704540] Step 48 Rank 0 processed 400 samples in 0.4407 seconds
[METRIC] [2024-06-22T06:54:43.144921] Step 49 Rank 0 processed 400 samples in 0.4403 seconds
[METRIC] [2024-06-22T06:54:43.585577] Step 50 Rank 0 processed 400 samples in 0.4406 seconds
[METRIC] [2024-06-22T06:54:44.027179] Step 51 Rank 0 processed 400 samples in 0.4416 seconds
[METRIC] [2024-06-22T06:54:44.466754] Step 52 Rank 0 processed 400 samples in 0.4395 seconds
[METRIC] [2024-06-22T06:54:44.909513] Step 53 Rank 0 processed 400 samples in 0.4427 seconds
[METRIC] [2024-06-22T06:54:45.348786] Step 54 Rank 0 processed 400 samples in 0.4392 seconds
[METRIC] [2024-06-22T06:54:45.789612] Step 55 Rank 0 processed 400 samples in 0.4408 seconds
[METRIC] [2024-06-22T06:54:46.231261] Step 56 Rank 0 processed 400 samples in 0.4416 seconds
[METRIC] [2024-06-22T06:54:46.670665] Step 57 Rank 0 processed 400 samples in 0.4394 seconds
[METRIC] [2024-06-22T06:54:47.112178] Step 58 Rank 0 processed 400 samples in 0.4415 seconds
[METRIC] [2024-06-22T06:54:47.554454] Step 59 Rank 0 processed 400 samples in 0.4422 seconds
[METRIC] [2024-06-22T06:54:47.992998] Step 60 Rank 0 processed 400 samples in 0.4385 seconds
[METRIC] [2024-06-22T06:54:48.434382] Step 61 Rank 0 processed 400 samples in 0.4413 seconds
[METRIC] [2024-06-22T06:54:48.876651] Step 62 Rank 0 processed 400 samples in 0.4422 seconds
[METRIC] [2024-06-22T06:54:49.317629] Step 63 Rank 0 processed 400 samples in 0.4409 seconds
[METRIC] [2024-06-22T06:54:49.757922] Step 64 Rank 0 processed 400 samples in 0.4402 seconds
[METRIC] [2024-06-22T06:54:50.198746] Step 65 Rank 0 processed 400 samples in 0.4408 seconds
[METRIC] [2024-06-22T06:54:50.639836] Step 66 Rank 0 processed 400 samples in 0.4410 seconds
[METRIC] [2024-06-22T06:54:51.081112] Step 67 Rank 0 processed 400 samples in 0.4412 seconds
[METRIC] [2024-06-22T06:54:51.520774] Step 68 Rank 0 processed 400 samples in 0.4396 seconds
[METRIC] [2024-06-22T06:54:51.961674] Step 69 Rank 0 processed 400 samples in 0.4409 seconds
[METRIC] [2024-06-22T06:54:52.403962] Step 70 Rank 0 processed 400 samples in 0.4422 seconds
[METRIC] [2024-06-22T06:54:52.843934] Step 71 Rank 0 processed 400 samples in 0.4399 seconds
[METRIC] [2024-06-22T06:54:53.283495] Step 72 Rank 0 processed 400 samples in 0.4395 seconds
[METRIC] [2024-06-22T06:54:53.726931] Step 73 Rank 0 processed 400 samples in 0.4434 seconds
[METRIC] [2024-06-22T06:54:54.166192] Step 74 Rank 0 processed 400 samples in 0.4392 seconds
[METRIC] [2024-06-22T06:54:54.607408] Step 75 Rank 0 processed 400 samples in 0.4412 seconds
[METRIC] [2024-06-22T06:54:55.048911] Step 76 Rank 0 processed 400 samples in 0.4414 seconds
[METRIC] [2024-06-22T06:54:55.488241] Step 77 Rank 0 processed 400 samples in 0.4393 seconds
[METRIC] [2024-06-22T06:54:55.929224] Step 78 Rank 0 processed 400 samples in 0.4409 seconds
[METRIC] [2024-06-22T06:54:56.371719] Step 79 Rank 0 processed 400 samples in 0.4425 seconds
[METRIC] [2024-06-22T06:54:56.811564] Step 80 Rank 0 processed 400 samples in 0.4398 seconds
[METRIC] [2024-06-22T06:54:57.252639] Step 81 Rank 0 processed 400 samples in 0.4410 seconds
[METRIC] [2024-06-22T06:54:57.693726] Step 82 Rank 0 processed 400 samples in 0.4410 seconds
[METRIC] [2024-06-22T06:54:58.135279] Step 83 Rank 0 processed 400 samples in 0.4415 seconds
[METRIC] [2024-06-22T06:54:58.575336] Step 84 Rank 0 processed 400 samples in 0.4400 seconds
[METRIC] [2024-06-22T06:54:59.016950] Step 85 Rank 0 processed 400 samples in 0.4416 seconds
[METRIC] [2024-06-22T06:54:59.457241] Step 86 Rank 0 processed 400 samples in 0.4402 seconds
[METRIC] [2024-06-22T06:54:59.899451] Step 87 Rank 0 processed 400 samples in 0.4422 seconds
[METRIC] [2024-06-22T06:55:00.338721] Step 88 Rank 0 processed 400 samples in 0.4392 seconds
[METRIC] [2024-06-22T06:55:00.780236] Step 89 Rank 0 processed 400 samples in 0.4415 seconds
[METRIC] [2024-06-22T06:55:01.221709] Step 90 Rank 0 processed 400 samples in 0.4414 seconds
[METRIC] [2024-06-22T06:55:01.661681] Step 91 Rank 0 processed 400 samples in 0.4399 seconds
[METRIC] [2024-06-22T06:55:02.101723] Step 92 Rank 0 processed 400 samples in 0.4400 seconds
[METRIC] [2024-06-22T06:55:02.544145] Step 93 Rank 0 processed 400 samples in 0.4424 seconds
[METRIC] [2024-06-22T06:55:02.983940] Step 94 Rank 0 processed 400 samples in 0.4397 seconds
[METRIC] [2024-06-22T06:55:03.425121] Step 95 Rank 0 processed 400 samples in 0.4411 seconds
[METRIC] [2024-06-22T06:55:03.866489] Step 96 Rank 0 processed 400 samples in 0.4413 seconds
[METRIC] [2024-06-22T06:55:04.306670] Step 97 Rank 0 processed 400 samples in 0.4401 seconds
[METRIC] [2024-06-22T06:55:04.748170] Step 98 Rank 0 processed 400 samples in 0.4414 seconds
[METRIC] [2024-06-22T06:55:05.189869] Step 99 Rank 0 processed 400 samples in 0.4416 seconds
[METRIC] [2024-06-22T06:55:05.629272] Step 100 Rank 0 processed 400 samples in 0.4393 seconds
Throughput: 898.186 images/s, Batch size: 400, Num of GPUs: 1, Total time: 45.537 s, Average batch time: 0.451 s, First batch time: 1.449 s
[METRIC] [2024-06-22T06:55:05.629451] Finished epoch 3
[METRIC] AU[3] (%): 99.9317
[METRIC] Throughput (samples/second): 907.2215
[METRIC] Compute time per step (s): 0.4406 (0.0013)
start training
[METRIC] [2024-06-22T06:55:07.925150] Step 0 Rank 0 processed 400 samples in 1.4634 seconds
[METRIC] [2024-06-22T06:55:08.363475] Step 1 Rank 0 processed 400 samples in 0.4382 seconds
[METRIC] [2024-06-22T06:55:08.803956] Step 2 Rank 0 processed 400 samples in 0.4404 seconds
[METRIC] [2024-06-22T06:55:09.245261] Step 3 Rank 0 processed 400 samples in 0.4413 seconds
[METRIC] [2024-06-22T06:55:09.685236] Step 4 Rank 0 processed 400 samples in 0.4399 seconds
[METRIC] [2024-06-22T06:55:10.126012] Step 5 Rank 0 processed 400 samples in 0.4407 seconds
[METRIC] [2024-06-22T06:55:10.584699] Step 6 Rank 0 processed 400 samples in 0.4586 seconds
[METRIC] [2024-06-22T06:55:11.008089] Step 7 Rank 0 processed 400 samples in 0.4233 seconds
[METRIC] [2024-06-22T06:55:11.449048] Step 8 Rank 0 processed 400 samples in 0.4409 seconds
[METRIC] [2024-06-22T06:55:11.889832] Step 9 Rank 0 processed 400 samples in 0.4407 seconds
[METRIC] [2024-06-22T06:55:12.328083] Step 10 Rank 0 processed 400 samples in 0.4382 seconds
[METRIC] [2024-06-22T06:55:12.769999] Step 11 Rank 0 processed 400 samples in 0.4419 seconds
[METRIC] [2024-06-22T06:55:13.213408] Step 12 Rank 0 processed 400 samples in 0.4434 seconds
[METRIC] [2024-06-22T06:55:13.651954] Step 13 Rank 0 processed 400 samples in 0.4385 seconds
[METRIC] [2024-06-22T06:55:14.093267] Step 14 Rank 0 processed 400 samples in 0.4413 seconds
[METRIC] [2024-06-22T06:55:14.533939] Step 15 Rank 0 processed 400 samples in 0.4406 seconds
[METRIC] [2024-06-22T06:55:14.974958] Step 16 Rank 0 processed 400 samples in 0.4410 seconds
[METRIC] [2024-06-22T06:55:15.414409] Step 17 Rank 0 processed 400 samples in 0.4394 seconds
[METRIC] [2024-06-22T06:55:15.854015] Step 18 Rank 0 processed 400 samples in 0.4396 seconds
[METRIC] [2024-06-22T06:55:16.296212] Step 19 Rank 0 processed 400 samples in 0.4422 seconds
[METRIC] [2024-06-22T06:55:16.738502] Step 20 Rank 0 processed 400 samples in 0.4422 seconds
[METRIC] [2024-06-22T06:55:17.176993] Step 21 Rank 0 processed 400 samples in 0.4384 seconds
[METRIC] [2024-06-22T06:55:17.616576] Step 22 Rank 0 processed 400 samples in 0.4395 seconds
[METRIC] [2024-06-22T06:55:18.059948] Step 23 Rank 0 processed 400 samples in 0.4433 seconds
[METRIC] [2024-06-22T06:55:18.500619] Step 24 Rank 0 processed 400 samples in 0.4406 seconds
[METRIC] [2024-06-22T06:55:18.940909] Step 25 Rank 0 processed 400 samples in 0.4402 seconds
[METRIC] [2024-06-22T06:55:19.383168] Step 26 Rank 0 processed 400 samples in 0.4422 seconds
[METRIC] [2024-06-22T06:55:19.822880] Step 27 Rank 0 processed 400 samples in 0.4397 seconds
[METRIC] [2024-06-22T06:55:20.263931] Step 28 Rank 0 processed 400 samples in 0.4410 seconds
[METRIC] [2024-06-22T06:55:20.706073] Step 29 Rank 0 processed 400 samples in 0.4421 seconds
[METRIC] [2024-06-22T06:55:21.145611] Step 30 Rank 0 processed 400 samples in 0.4395 seconds
[METRIC] [2024-06-22T06:55:21.586732] Step 31 Rank 0 processed 400 samples in 0.4411 seconds
[METRIC] [2024-06-22T06:55:22.028195] Step 32 Rank 0 processed 400 samples in 0.4414 seconds
[METRIC] [2024-06-22T06:55:22.469081] Step 33 Rank 0 processed 400 samples in 0.4408 seconds
[METRIC] [2024-06-22T06:55:22.909298] Step 34 Rank 0 processed 400 samples in 0.4402 seconds
[METRIC] [2024-06-22T06:55:23.350540] Step 35 Rank 0 processed 400 samples in 0.4412 seconds
[METRIC] [2024-06-22T06:55:23.791593] Step 36 Rank 0 processed 400 samples in 0.4410 seconds
[METRIC] [2024-06-22T06:55:24.232180] Step 37 Rank 0 processed 400 samples in 0.4405 seconds
[METRIC] [2024-06-22T06:55:24.673210] Step 38 Rank 0 processed 400 samples in 0.4410 seconds
[METRIC] [2024-06-22T06:55:25.114584] Step 39 Rank 0 processed 400 samples in 0.4413 seconds
[METRIC] [2024-06-22T06:55:25.556997] Step 40 Rank 0 processed 400 samples in 0.4424 seconds
[METRIC] [2024-06-22T06:55:25.996296] Step 41 Rank 0 processed 400 samples in 0.4392 seconds
[METRIC] [2024-06-22T06:55:26.437184] Step 42 Rank 0 processed 400 samples in 0.4408 seconds
[METRIC] [2024-06-22T06:55:26.879287] Step 43 Rank 0 processed 400 samples in 0.4421 seconds
[METRIC] [2024-06-22T06:55:27.319086] Step 44 Rank 0 processed 400 samples in 0.4398 seconds
[METRIC] [2024-06-22T06:55:27.758436] Step 45 Rank 0 processed 400 samples in 0.4393 seconds
[METRIC] [2024-06-22T06:55:28.199131] Step 46 Rank 0 processed 400 samples in 0.4406 seconds
[METRIC] [2024-06-22T06:55:28.639811] Step 47 Rank 0 processed 400 samples in 0.4406 seconds
[METRIC] [2024-06-22T06:55:29.081612] Step 48 Rank 0 processed 400 samples in 0.4417 seconds
[METRIC] [2024-06-22T06:55:29.520951] Step 49 Rank 0 processed 400 samples in 0.4393 seconds
[METRIC] [2024-06-22T06:55:29.960642] Step 50 Rank 0 processed 400 samples in 0.4396 seconds
[METRIC] [2024-06-22T06:55:30.402772] Step 51 Rank 0 processed 400 samples in 0.4421 seconds
[METRIC] [2024-06-22T06:55:30.844977] Step 52 Rank 0 processed 400 samples in 0.4421 seconds
[METRIC] [2024-06-22T06:55:31.285662] Step 53 Rank 0 processed 400 samples in 0.4406 seconds
[METRIC] [2024-06-22T06:55:31.725795] Step 54 Rank 0 processed 400 samples in 0.4401 seconds
[METRIC] [2024-06-22T06:55:32.167178] Step 55 Rank 0 processed 400 samples in 0.4413 seconds
[METRIC] [2024-06-22T06:55:32.607710] Step 56 Rank 0 processed 400 samples in 0.4405 seconds
[METRIC] [2024-06-22T06:55:33.047709] Step 57 Rank 0 processed 400 samples in 0.4400 seconds
[METRIC] [2024-06-22T06:55:33.486683] Step 58 Rank 0 processed 400 samples in 0.4389 seconds
[METRIC] [2024-06-22T06:55:33.928762] Step 59 Rank 0 processed 400 samples in 0.4420 seconds
[METRIC] [2024-06-22T06:55:34.372207] Step 60 Rank 0 processed 400 samples in 0.4434 seconds
[METRIC] [2024-06-22T06:55:34.811374] Step 61 Rank 0 processed 400 samples in 0.4391 seconds
[METRIC] [2024-06-22T06:55:35.252368] Step 62 Rank 0 processed 400 samples in 0.4409 seconds
[METRIC] [2024-06-22T06:55:35.694743] Step 63 Rank 0 processed 400 samples in 0.4423 seconds
[METRIC] [2024-06-22T06:55:36.134640] Step 64 Rank 0 processed 400 samples in 0.4399 seconds
[METRIC] [2024-06-22T06:55:36.575238] Step 65 Rank 0 processed 400 samples in 0.4405 seconds
[METRIC] [2024-06-22T06:55:37.016505] Step 66 Rank 0 processed 400 samples in 0.4412 seconds
[METRIC] [2024-06-22T06:55:37.457120] Step 67 Rank 0 processed 400 samples in 0.4406 seconds
[METRIC] [2024-06-22T06:55:37.897735] Step 68 Rank 0 processed 400 samples in 0.4406 seconds
[METRIC] [2024-06-22T06:55:38.337301] Step 69 Rank 0 processed 400 samples in 0.4395 seconds
[METRIC] [2024-06-22T06:55:38.776675] Step 70 Rank 0 processed 400 samples in 0.4393 seconds
[METRIC] [2024-06-22T06:55:39.218455] Step 71 Rank 0 processed 400 samples in 0.4417 seconds
[METRIC] [2024-06-22T06:55:39.660518] Step 72 Rank 0 processed 400 samples in 0.4420 seconds
[METRIC] [2024-06-22T06:55:40.099505] Step 73 Rank 0 processed 400 samples in 0.4389 seconds
[METRIC] [2024-06-22T06:55:40.540269] Step 74 Rank 0 processed 400 samples in 0.4407 seconds
[METRIC] [2024-06-22T06:55:40.980849] Step 75 Rank 0 processed 400 samples in 0.4405 seconds
[METRIC] [2024-06-22T06:55:41.422707] Step 76 Rank 0 processed 400 samples in 0.4418 seconds
[METRIC] [2024-06-22T06:55:41.864860] Step 77 Rank 0 processed 400 samples in 0.4421 seconds
[METRIC] [2024-06-22T06:55:42.303432] Step 78 Rank 0 processed 400 samples in 0.4385 seconds
[METRIC] [2024-06-22T06:55:42.744949] Step 79 Rank 0 processed 400 samples in 0.4415 seconds
[METRIC] [2024-06-22T06:55:43.187083] Step 80 Rank 0 processed 400 samples in 0.4421 seconds
[METRIC] [2024-06-22T06:55:43.626740] Step 81 Rank 0 processed 400 samples in 0.4396 seconds
[METRIC] [2024-06-22T06:55:44.067646] Step 82 Rank 0 processed 400 samples in 0.4408 seconds
[METRIC] [2024-06-22T06:55:44.508473] Step 83 Rank 0 processed 400 samples in 0.4408 seconds
[METRIC] [2024-06-22T06:55:44.950026] Step 84 Rank 0 processed 400 samples in 0.4415 seconds
[METRIC] [2024-06-22T06:55:45.390458] Step 85 Rank 0 processed 400 samples in 0.4404 seconds
[METRIC] [2024-06-22T06:55:45.830882] Step 86 Rank 0 processed 400 samples in 0.4403 seconds
[METRIC] [2024-06-22T06:55:46.271785] Step 87 Rank 0 processed 400 samples in 0.4408 seconds
[METRIC] [2024-06-22T06:55:46.713078] Step 88 Rank 0 processed 400 samples in 0.4413 seconds
[METRIC] [2024-06-22T06:55:47.152257] Step 89 Rank 0 processed 400 samples in 0.4391 seconds
[METRIC] [2024-06-22T06:55:47.592195] Step 90 Rank 0 processed 400 samples in 0.4399 seconds
[METRIC] [2024-06-22T06:55:48.035568] Step 91 Rank 0 processed 400 samples in 0.4433 seconds
[METRIC] [2024-06-22T06:55:48.475695] Step 92 Rank 0 processed 400 samples in 0.4401 seconds
[METRIC] [2024-06-22T06:55:48.917252] Step 93 Rank 0 processed 400 samples in 0.4415 seconds
[METRIC] [2024-06-22T06:55:49.358885] Step 94 Rank 0 processed 400 samples in 0.4416 seconds
[METRIC] [2024-06-22T06:55:49.799200] Step 95 Rank 0 processed 400 samples in 0.4403 seconds
[METRIC] [2024-06-22T06:55:50.240138] Step 96 Rank 0 processed 400 samples in 0.4409 seconds
[METRIC] [2024-06-22T06:55:50.682163] Step 97 Rank 0 processed 400 samples in 0.4420 seconds
[METRIC] [2024-06-22T06:55:51.121402] Step 98 Rank 0 processed 400 samples in 0.4392 seconds
[METRIC] [2024-06-22T06:55:51.562647] Step 99 Rank 0 processed 400 samples in 0.4412 seconds
[METRIC] [2024-06-22T06:55:52.004628] Step 100 Rank 0 processed 400 samples in 0.4419 seconds
Throughput: 898.381 images/s, Batch size: 400, Num of GPUs: 1, Total time: 45.543 s, Average batch time: 0.451 s, First batch time: 1.464 s
[METRIC] [2024-06-22T06:55:52.004814] Finished epoch 4
[METRIC] AU[4] (%): 99.9376
[METRIC] Throughput (samples/second): 907.4737
[METRIC] Compute time per step (s): 0.4405 (0.0028)
Total time: 233.50598406791687

Test set: Average loss: -0.0006, Accuracy: 47/50000 (0%)

[METRIC] ============================================================
[METRIC] AU (%): 99.9354 (0.0036)
[METRIC] Throughput (samples/second): 907.6847 (0.7575)
[METRIC] Compute time per step (s): 0.4381 (0.0244)
